A	C	G	T	N	IUPAC	Other	GC	GC_stdev
0.3844	0.1155	0.1228	0.3773	0.0010	0.0000	0.0000	0.2383	0.1131

Main genome scaffold total:         	95
Main genome contig total:           	102
Main genome scaffold sequence total:	960789
Main genome contig sequence total:  	959818  	0.101% gap
Main genome scaffold N/L50:         	8/48046
Main genome contig N/L50:           	8/48046
Main genome scaffold N/L90:         	25/8136
Main genome contig N/L90:           	25/8136
Max scaffold length:                	94512
Max contig length:                  	94512
Number of scaffolds > 50 KB:        	6
% main genome in scaffolds > 50 KB: 	42.41%


Minimum 	Number        	Number        	Total         	Total         	Scaffold
Scaffold	of            	of            	Scaffold      	Contig        	Contig  
Length  	Scaffolds     	Contigs       	Length        	Length        	Coverage
--------	--------------	--------------	--------------	--------------	--------
    All 	            95	           102	        960789	        959818	  99.90%
    100 	            95	           102	        960789	        959818	  99.90%
    250 	            81	            88	        957671	        956700	  99.90%
    500 	            56	            63	        948988	        948017	  99.90%
   1000 	            49	            54	        944148	        943486	  99.93%
   2500 	            36	            38	        922273	        921995	  99.97%
   5000 	            30	            32	        900166	        899890	  99.97%
  10000 	            22	            24	        843243	        842972	  99.97%
  25000 	            13	            15	        675932	        675661	  99.96%
  50000 	             6	             7	        407494	        407420	  99.98%

