#                                                                            --- full sequence --- -------------- this domain -------------   hmm coord   ali coord   env coord
# target name        accession   tlen query name           accession   qlen   E-value  score  bias   #  of  c-Evalue  i-Evalue  score  bias  from    to  from    to  from    to  acc description of target
#------------------- ---------- ----- -------------------- ---------- ----- --------- ------ ----- --- --- --------- --------- ------ ----- ----- ----- ----- ----- ----- ----- ---- ---------------------
FR668087.1_133       -            475 1529at2085           -            392  3.2e-159  525.9  12.0   1   2  1.8e-159    4e-157  518.9   7.1     2   353     3   384     2   388 0.91 # 161694 # 163118 # 1 # ID=1_133;partial=00;start_type=ATG;rbs_motif=None;rbs_spacer=None;gc_cont=0.245
FR668087.1_133       -            475 1529at2085           -            392  3.2e-159  525.9  12.0   2   2   8.7e-05      0.02    9.7   0.6   316   385   368   446   366   451 0.74 # 161694 # 163118 # 1 # ID=1_133;partial=00;start_type=ATG;rbs_motif=None;rbs_spacer=None;gc_cont=0.245
FR668087.1_803       -            423 1529at2085           -            392   3.6e-10   35.1   0.4   1   2       1.1   2.6e+02   -3.9   0.3   358   373    33    48    10    71 0.52 # 926654 # 927922 # -1 # ID=1_803;partial=00;start_type=ATG;rbs_motif=AGGAG;rbs_spacer=5-10bp;gc_cont=0.258
FR668087.1_803       -            423 1529at2085           -            392   3.6e-10   35.1   0.4   2   2   2.7e-12   6.1e-10   34.4   0.0    84   273   216   412   166   416 0.73 # 926654 # 927922 # -1 # ID=1_803;partial=00;start_type=ATG;rbs_motif=AGGAG;rbs_spacer=5-10bp;gc_cont=0.258
FR668087.1_310       -            457 1529at2085           -            392   1.3e-08   30.0   1.5   1   2   1.4e-05    0.0032   12.2   0.4    76   161   137   224   107   246 0.83 # 375768 # 377138 # -1 # ID=1_310;partial=00;start_type=ATG;rbs_motif=AGGAG;rbs_spacer=5-10bp;gc_cont=0.244
FR668087.1_310       -            457 1529at2085           -            392   1.3e-08   30.0   1.5   2   2   6.4e-07   0.00014   16.7   0.0   268   338   358   440   323   456 0.72 # 375768 # 377138 # -1 # ID=1_310;partial=00;start_type=ATG;rbs_motif=AGGAG;rbs_spacer=5-10bp;gc_cont=0.244
FR668087.1_457       -            640 1529at2085           -            392   1.7e-07   26.3   2.7   1   3     0.049        11    0.6   0.1   318   344   219   245   210   250 0.89 # 557025 # 558944 # 1 # ID=1_457;partial=00;start_type=ATG;rbs_motif=AGGAG;rbs_spacer=3-4bp;gc_cont=0.240
FR668087.1_457       -            640 1529at2085           -            392   1.7e-07   26.3   2.7   2   3   0.00095      0.21    6.2   0.0    39   139   261   363   254   369 0.82 # 557025 # 558944 # 1 # ID=1_457;partial=00;start_type=ATG;rbs_motif=AGGAG;rbs_spacer=3-4bp;gc_cont=0.240
FR668087.1_457       -            640 1529at2085           -            392   1.7e-07   26.3   2.7   3   3     8e-07   0.00018   16.4   0.4   283   331   565   613   492   635 0.75 # 557025 # 558944 # 1 # ID=1_457;partial=00;start_type=ATG;rbs_motif=AGGAG;rbs_spacer=3-4bp;gc_cont=0.240
#
# Program:         hmmsearch
# Version:         3.1b2 (February 2015)
# Pipeline mode:   SEARCH
# Query file:      /root/busco_downloads/lineages/mycoplasmatales_odb10/hmms/1529at2085.hmm
# Target file:     /disk3/default/V2/admin/core/data/myco_out/outBusco/M.leachii_990146/prodigal_output/predicted_genes/predicted.faa
# Option settings: hmmsearch --domtblout /disk3/default/V2/admin/core/data/myco_out/outBusco/M.leachii_990146/run_mycoplasmatales_odb10/hmmer_output/1529at2085.out --cpu 1 /root/busco_downloads/lineages/mycoplasmatales_odb10/hmms/1529at2085.hmm /disk3/default/V2/admin/core/data/myco_out/outBusco/M.leachii_990146/prodigal_output/predicted_genes/predicted.faa 
# Current dir:     /root
# Date:            Mon Aug  1 00:28:26 2022
# [ok]
