#                                                                            --- full sequence --- -------------- this domain -------------   hmm coord   ali coord   env coord
# target name        accession   tlen query name           accession   qlen   E-value  score  bias   #  of  c-Evalue  i-Evalue  score  bias  from    to  from    to  from    to  acc description of target
#------------------- ---------- ----- -------------------- ---------- ----- --------- ------ ----- --- --- --------- --------- ------ ----- ----- ----- ----- ----- ----- ----- ---- ---------------------
FR668087.1_616       -            805 462at2085            -            610  4.1e-231  764.4  33.3   1   4  1.5e-128  2.7e-126  418.2   6.2     1   275     3   287     3   306 0.92 # 728476 # 730890 # -1 # ID=1_616;partial=00;start_type=ATG;rbs_motif=AGGAG;rbs_spacer=5-10bp;gc_cont=0.265
FR668087.1_616       -            805 462at2085            -            610  4.1e-231  764.4  33.3   2   4    0.0057         1    3.5   0.0   264   295   314   351   305   364 0.76 # 728476 # 730890 # -1 # ID=1_616;partial=00;start_type=ATG;rbs_motif=AGGAG;rbs_spacer=5-10bp;gc_cont=0.265
FR668087.1_616       -            805 462at2085            -            610  4.1e-231  764.4  33.3   3   4   8.5e-98   1.5e-95  316.6   0.5   265   519   363   639   355   648 0.85 # 728476 # 730890 # -1 # ID=1_616;partial=00;start_type=ATG;rbs_motif=AGGAG;rbs_spacer=5-10bp;gc_cont=0.265
FR668087.1_616       -            805 462at2085            -            610  4.1e-231  764.4  33.3   4   4   9.3e-11   1.7e-08   29.2  13.0   506   609   658   803   643   804 0.71 # 728476 # 730890 # -1 # ID=1_616;partial=00;start_type=ATG;rbs_motif=AGGAG;rbs_spacer=5-10bp;gc_cont=0.265
FR668087.1_203       -            909 462at2085            -            610   3.7e-40  133.7  20.1   1   3   2.6e-26   4.6e-24   80.6   1.5     4   168    27   203    24   212 0.88 # 255023 # 257749 # 1 # ID=1_203;partial=00;start_type=ATG;rbs_motif=AGGA;rbs_spacer=5-10bp;gc_cont=0.247
FR668087.1_203       -            909 462at2085            -            610   3.7e-40  133.7  20.1   2   3   3.3e-21     6e-19   63.7   3.3   313   508   454   642   375   658 0.76 # 255023 # 257749 # 1 # ID=1_203;partial=00;start_type=ATG;rbs_motif=AGGA;rbs_spacer=5-10bp;gc_cont=0.247
FR668087.1_203       -            909 462at2085            -            610   3.7e-40  133.7  20.1   3   3      0.33        60   -2.4   0.1   529   606   746   821   726   830 0.63 # 255023 # 257749 # 1 # ID=1_203;partial=00;start_type=ATG;rbs_motif=AGGA;rbs_spacer=5-10bp;gc_cont=0.247
FR668087.1_496       -            873 462at2085            -            610   8.1e-37  122.7  41.3   1   4   2.5e-21   4.5e-19   64.1   7.5     1   174     9   200     9   214 0.81 # 603856 # 606474 # -1 # ID=1_496;partial=00;start_type=ATG;rbs_motif=AGGAG;rbs_spacer=5-10bp;gc_cont=0.229
FR668087.1_496       -            873 462at2085            -            610   8.1e-37  122.7  41.3   2   4      0.17        31   -1.4   0.0   226   278   210   265   198   291 0.73 # 603856 # 606474 # -1 # ID=1_496;partial=00;start_type=ATG;rbs_motif=AGGAG;rbs_spacer=5-10bp;gc_cont=0.229
FR668087.1_496       -            873 462at2085            -            610   8.1e-37  122.7  41.3   3   4   2.2e-23     4e-21   70.8   6.9   273   517   362   580   312   592 0.82 # 603856 # 606474 # -1 # ID=1_496;partial=00;start_type=ATG;rbs_motif=AGGAG;rbs_spacer=5-10bp;gc_cont=0.229
FR668087.1_496       -            873 462at2085            -            610   8.1e-37  122.7  41.3   4   4    0.0017      0.31    5.2   2.5   514   565   657   709   631   752 0.74 # 603856 # 606474 # -1 # ID=1_496;partial=00;start_type=ATG;rbs_motif=AGGAG;rbs_spacer=5-10bp;gc_cont=0.229
FR668087.1_40        -            510 462at2085            -            610   4.9e-35  116.8  12.6   1   3   1.3e-27   2.3e-25   84.9   2.4    25   199     2   176     1   203 0.90 # 45904 # 47433 # 1 # ID=1_40;partial=00;start_type=ATG;rbs_motif=GGA/GAG/AGG;rbs_spacer=5-10bp;gc_cont=0.235
FR668087.1_40        -            510 462at2085            -            610   4.9e-35  116.8  12.6   2   3     7e-13   1.3e-10   36.2   0.0   428   499   273   339   228   355 0.74 # 45904 # 47433 # 1 # ID=1_40;partial=00;start_type=ATG;rbs_motif=GGA/GAG/AGG;rbs_spacer=5-10bp;gc_cont=0.235
FR668087.1_40        -            510 462at2085            -            610   4.9e-35  116.8  12.6   3   3     0.043       7.8    0.5   0.7   496   544   383   431   357   455 0.74 # 45904 # 47433 # 1 # ID=1_40;partial=00;start_type=ATG;rbs_motif=GGA/GAG/AGG;rbs_spacer=5-10bp;gc_cont=0.235
FR668087.1_118       -            442 462at2085            -            610   1.3e-07   26.2   2.2   1   4      0.12        21   -0.9   0.0    41    65    31    55     8    63 0.85 # 137312 # 138637 # 1 # ID=1_118;partial=00;start_type=ATG;rbs_motif=AGGAG;rbs_spacer=5-10bp;gc_cont=0.200
FR668087.1_118       -            442 462at2085            -            610   1.3e-07   26.2   2.2   2   4      0.18        33   -1.5   0.3   185   213    82   113    52   160 0.63 # 137312 # 138637 # 1 # ID=1_118;partial=00;start_type=ATG;rbs_motif=AGGAG;rbs_spacer=5-10bp;gc_cont=0.200
FR668087.1_118       -            442 462at2085            -            610   1.3e-07   26.2   2.2   3   4   7.3e-10   1.3e-07   26.2   2.2   450   522   253   323   215   373 0.82 # 137312 # 138637 # 1 # ID=1_118;partial=00;start_type=ATG;rbs_motif=AGGAG;rbs_spacer=5-10bp;gc_cont=0.200
FR668087.1_118       -            442 462at2085            -            610   1.3e-07   26.2   2.2   4   4      0.22        39   -1.8   0.2    99   140   385   427   365   436 0.62 # 137312 # 138637 # 1 # ID=1_118;partial=00;start_type=ATG;rbs_motif=AGGAG;rbs_spacer=5-10bp;gc_cont=0.200
#
# Program:         hmmsearch
# Version:         3.1b2 (February 2015)
# Pipeline mode:   SEARCH
# Query file:      /root/busco_downloads/lineages/mycoplasmatales_odb10/hmms/462at2085.hmm
# Target file:     /disk3/default/V2/admin/core/data/myco_out/outBusco/M.leachii_990146/prodigal_output/predicted_genes/predicted.faa
# Option settings: hmmsearch --domtblout /disk3/default/V2/admin/core/data/myco_out/outBusco/M.leachii_990146/run_mycoplasmatales_odb10/hmmer_output/462at2085.out --cpu 1 /root/busco_downloads/lineages/mycoplasmatales_odb10/hmms/462at2085.hmm /disk3/default/V2/admin/core/data/myco_out/outBusco/M.leachii_990146/prodigal_output/predicted_genes/predicted.faa 
# Current dir:     /root
# Date:            Mon Aug  1 00:28:31 2022
# [ok]
