#                                                                            --- full sequence --- -------------- this domain -------------   hmm coord   ali coord   env coord
# target name        accession   tlen query name           accession   qlen   E-value  score  bias   #  of  c-Evalue  i-Evalue  score  bias  from    to  from    to  from    to  acc description of target
#------------------- ---------- ----- -------------------- ---------- ----- --------- ------ ----- --- --- --------- --------- ------ ----- ----- ----- ----- ----- ----- ----- ---- ---------------------
FR668087.1_885       -            630 533at2085            -            515  1.5e-226  748.8  12.9   1   2  5.7e-200  1.7e-197  652.9   4.3     1   415     5   467     5   496 0.88 # 1002212 # 1004101 # -1 # ID=1_885;partial=00;start_type=ATG;rbs_motif=GGA/GAG/AGG;rbs_spacer=5-10bp;gc_cont=0.292
FR668087.1_885       -            630 533at2085            -            515  1.5e-226  748.8  12.9   2   2   5.8e-30   1.7e-27   92.0   2.1   427   515   526   618   474   618 0.80 # 1002212 # 1004101 # -1 # ID=1_885;partial=00;start_type=ATG;rbs_motif=GGA/GAG/AGG;rbs_spacer=5-10bp;gc_cont=0.292
FR668087.1_281       -            417 533at2085            -            515     1e-18   63.1   4.5   1   2    0.0001      0.03    8.7   0.8     3    31     5    34     3   225 0.77 # 339572 # 340822 # -1 # ID=1_281;partial=00;start_type=ATG;rbs_motif=GGA/GAG/AGG;rbs_spacer=5-10bp;gc_cont=0.254
FR668087.1_281       -            417 533at2085            -            515     1e-18   63.1   4.5   2   2   3.5e-18   1.1e-15   53.1   0.2   256   363   274   381   262   392 0.83 # 339572 # 340822 # -1 # ID=1_281;partial=00;start_type=ATG;rbs_motif=GGA/GAG/AGG;rbs_spacer=5-10bp;gc_cont=0.254
FR668087.1_563       -            427 533at2085            -            515     8e-17   56.8   5.6   1   3     0.018       5.4    1.3   0.0     4    22     8    26     5    43 0.76 # 667674 # 668954 # -1 # ID=1_563;partial=00;start_type=ATG;rbs_motif=None;rbs_spacer=None;gc_cont=0.199
FR668087.1_563       -            427 533at2085            -            515     8e-17   56.8   5.6   2   3     0.095        29   -1.1   0.1   463   493   216   247   150   262 0.73 # 667674 # 668954 # -1 # ID=1_563;partial=00;start_type=ATG;rbs_motif=None;rbs_spacer=None;gc_cont=0.199
FR668087.1_563       -            427 533at2085            -            515     8e-17   56.8   5.6   3   3   4.6e-19   1.4e-16   56.1   0.4   257   368   268   379   259   415 0.88 # 667674 # 668954 # -1 # ID=1_563;partial=00;start_type=ATG;rbs_motif=None;rbs_spacer=None;gc_cont=0.199
#
# Program:         hmmsearch
# Version:         3.1b2 (February 2015)
# Pipeline mode:   SEARCH
# Query file:      /root/busco_downloads/lineages/mycoplasmatales_odb10/hmms/533at2085.hmm
# Target file:     /disk3/default/V2/admin/core/data/myco_out/outBusco/M.leachii_990146/prodigal_output/predicted_genes/predicted.faa
# Option settings: hmmsearch --domtblout /disk3/default/V2/admin/core/data/myco_out/outBusco/M.leachii_990146/run_mycoplasmatales_odb10/hmmer_output/533at2085.out --cpu 1 /root/busco_downloads/lineages/mycoplasmatales_odb10/hmms/533at2085.hmm /disk3/default/V2/admin/core/data/myco_out/outBusco/M.leachii_990146/prodigal_output/predicted_genes/predicted.faa 
# Current dir:     /root
# Date:            Mon Aug  1 00:28:31 2022
# [ok]
