#                                                                            --- full sequence --- -------------- this domain -------------   hmm coord   ali coord   env coord
# target name        accession   tlen query name           accession   qlen   E-value  score  bias   #  of  c-Evalue  i-Evalue  score  bias  from    to  from    to  from    to  acc description of target
#------------------- ---------- ----- -------------------- ---------- ----- --------- ------ ----- --- --- --------- --------- ------ ----- ----- ----- ----- ----- ----- ----- ---- ---------------------
FR668087.1_138       -            576 908at2085            -            403  1.2e-153  507.2  21.6   1   3   6.6e-81   1.2e-78  260.2  10.3     3   197    18   240    15   255 0.87 # 167326 # 169053 # -1 # ID=1_138;partial=00;start_type=ATG;rbs_motif=AGGAG;rbs_spacer=3-4bp;gc_cont=0.248
FR668087.1_138       -            576 908at2085            -            403  1.2e-153  507.2  21.6   2   3     1e-12   1.8e-10   35.7   0.2   194   250   258   316   252   332 0.79 # 167326 # 169053 # -1 # ID=1_138;partial=00;start_type=ATG;rbs_motif=AGGAG;rbs_spacer=3-4bp;gc_cont=0.248
FR668087.1_138       -            576 908at2085            -            403  1.2e-153  507.2  21.6   3   3   3.3e-66     6e-64  211.8   0.3   243   402   390   572   358   573 0.82 # 167326 # 169053 # -1 # ID=1_138;partial=00;start_type=ATG;rbs_motif=AGGAG;rbs_spacer=3-4bp;gc_cont=0.248
FR668087.1_800       -            501 908at2085            -            403   3.5e-29   97.3   1.7   1   2   6.1e-18   1.1e-15   52.9   0.2    47   198   125   284    59   298 0.77 # 923762 # 925264 # -1 # ID=1_800;partial=00;start_type=ATG;rbs_motif=GGA/GAG/AGG;rbs_spacer=5-10bp;gc_cont=0.280
FR668087.1_800       -            501 908at2085            -            403   3.5e-29   97.3   1.7   2   2   9.1e-15   1.6e-12   42.4   0.1   189   378   306   495   299   499 0.71 # 923762 # 925264 # -1 # ID=1_800;partial=00;start_type=ATG;rbs_motif=GGA/GAG/AGG;rbs_spacer=5-10bp;gc_cont=0.280
FR668087.1_791       -            455 908at2085            -            403   6.9e-21   70.0   6.3   1   2   3.7e-12   6.7e-10   33.8   5.7    33   233    61   281    16   320 0.71 # 908270 # 909634 # 1 # ID=1_791;partial=00;start_type=ATG;rbs_motif=AGGAG;rbs_spacer=5-10bp;gc_cont=0.282
FR668087.1_791       -            455 908at2085            -            403   6.9e-21   70.0   6.3   2   2   2.4e-12   4.2e-10   34.5   0.0   293   382   365   451   327   453 0.84 # 908270 # 909634 # 1 # ID=1_791;partial=00;start_type=ATG;rbs_motif=AGGAG;rbs_spacer=5-10bp;gc_cont=0.282
FR668087.1_507       -             91 908at2085            -            403   5.1e-18   60.6   0.7   1   1   1.4e-18   2.5e-16   55.0   0.7   255   308     4    72     2    90 0.76 # 615901 # 616173 # 1 # ID=1_507;partial=00;start_type=ATG;rbs_motif=None;rbs_spacer=None;gc_cont=0.282
FR668087.1_508       -             46 908at2085            -            403   9.8e-13   43.2   0.1   1   1   5.7e-15     1e-12   43.1   0.1   362   402     1    43     1    44 0.93 # 616275 # 616412 # 1 # ID=1_508;partial=00;start_type=ATG;rbs_motif=4Base/6BMM;rbs_spacer=13-15bp;gc_cont=0.275
#
# Program:         hmmsearch
# Version:         3.1b2 (February 2015)
# Pipeline mode:   SEARCH
# Query file:      /root/busco_downloads/lineages/mycoplasmatales_odb10/hmms/908at2085.hmm
# Target file:     /disk3/default/V2/admin/core/data/myco_out/outBusco/M.leachii_990146/prodigal_output/predicted_genes/predicted.faa
# Option settings: hmmsearch --domtblout /disk3/default/V2/admin/core/data/myco_out/outBusco/M.leachii_990146/run_mycoplasmatales_odb10/hmmer_output/908at2085.out --cpu 1 /root/busco_downloads/lineages/mycoplasmatales_odb10/hmms/908at2085.hmm /disk3/default/V2/admin/core/data/myco_out/outBusco/M.leachii_990146/prodigal_output/predicted_genes/predicted.faa 
# Current dir:     /root
# Date:            Mon Aug  1 00:28:33 2022
# [ok]
