#                                                                            --- full sequence --- -------------- this domain -------------   hmm coord   ali coord   env coord
# target name        accession   tlen query name           accession   qlen   E-value  score  bias   #  of  c-Evalue  i-Evalue  score  bias  from    to  from    to  from    to  acc description of target
#------------------- ---------- ----- -------------------- ---------- ----- --------- ------ ----- --- --- --------- --------- ------ ----- ----- ----- ----- ----- ----- ----- ---- ---------------------
JFDO01000017.1_36    -            595 1371at2085           -            438   2.4e-48  160.5 161.8   1   4   7.4e-24   5.9e-22   73.5  15.7     1   102     3   113     3   115 0.90 # 40949 # 42733 # -1 # ID=17_36;partial=00;start_type=ATG;rbs_motif=None;rbs_spacer=None;gc_cont=0.149
JFDO01000017.1_36    -            595 1371at2085           -            438   2.4e-48  160.5 161.8   2   4   1.8e-20   1.4e-18   62.4  64.6    86   302   115   341   113   349 0.89 # 40949 # 42733 # -1 # ID=17_36;partial=00;start_type=ATG;rbs_motif=None;rbs_spacer=None;gc_cont=0.149
JFDO01000017.1_36    -            595 1371at2085           -            438   2.4e-48  160.5 161.8   3   4     5e-05     0.004   11.5  37.4   264   371   353   485   347   491 0.78 # 40949 # 42733 # -1 # ID=17_36;partial=00;start_type=ATG;rbs_motif=None;rbs_spacer=None;gc_cont=0.149
JFDO01000017.1_36    -            595 1371at2085           -            438   2.4e-48  160.5 161.8   4   4   9.4e-11   7.5e-09   30.4  21.5   345   436   492   586   486   588 0.77 # 40949 # 42733 # -1 # ID=17_36;partial=00;start_type=ATG;rbs_motif=None;rbs_spacer=None;gc_cont=0.149
JFDO01000004.1_143   -            513 1371at2085           -            438   2.5e-11   38.5  13.8   1   4       0.4        32   -1.4   0.1   334   344    41    51    40    53 0.89 # 175461 # 176999 # -1 # ID=4_143;partial=00;start_type=ATG;rbs_motif=AGGAGG;rbs_spacer=3-4bp;gc_cont=0.261
JFDO01000004.1_143   -            513 1371at2085           -            438   2.5e-11   38.5  13.8   2   4   2.4e-10   1.9e-08   29.1   1.9   372   438   153   218   146   218 0.85 # 175461 # 176999 # -1 # ID=4_143;partial=00;start_type=ATG;rbs_motif=AGGAGG;rbs_spacer=3-4bp;gc_cont=0.261
JFDO01000004.1_143   -            513 1371at2085           -            438   2.5e-11   38.5  13.8   3   4       1.3     1e+02   -3.0   0.1   333   344   358   369   351   371 0.82 # 175461 # 176999 # -1 # ID=4_143;partial=00;start_type=ATG;rbs_motif=AGGAGG;rbs_spacer=3-4bp;gc_cont=0.261
JFDO01000004.1_143   -            513 1371at2085           -            438   2.5e-11   38.5  13.8   4   4     1e-06   8.4e-05   17.0   0.1   370   435   429   493   426   496 0.83 # 175461 # 176999 # -1 # ID=4_143;partial=00;start_type=ATG;rbs_motif=AGGAGG;rbs_spacer=3-4bp;gc_cont=0.261
JFDO01000035.1_4     -            235 1371at2085           -            438   2.2e-10   35.4  12.4   1   2   0.00013     0.011   10.1   0.4   334   368    43    83    40    94 0.83 # 3251 # 3955 # -1 # ID=35_4;partial=00;start_type=ATG;rbs_motif=AGGA/GGAG/GAGG;rbs_spacer=11-12bp;gc_cont=0.221
JFDO01000035.1_4     -            235 1371at2085           -            438   2.2e-10   35.4  12.4   2   2   2.5e-10     2e-08   29.0   6.2   366   435   122   194   105   196 0.83 # 3251 # 3955 # -1 # ID=35_4;partial=00;start_type=ATG;rbs_motif=AGGA/GGAG/GAGG;rbs_spacer=11-12bp;gc_cont=0.221
JFDO01000004.1_70    -            352 1371at2085           -            438   3.1e-09   31.6   1.1   1   2     0.035       2.8    2.1   0.1   333   364    42    79    40    92 0.78 # 77766 # 78821 # 1 # ID=4_70;partial=00;start_type=ATG;rbs_motif=AGGAG;rbs_spacer=3-4bp;gc_cont=0.267
JFDO01000004.1_70    -            352 1371at2085           -            438   3.1e-09   31.6   1.1   2   2   5.5e-10   4.4e-08   27.8   0.1   374   436   131   196   102   197 0.90 # 77766 # 78821 # 1 # ID=4_70;partial=00;start_type=ATG;rbs_motif=AGGAG;rbs_spacer=3-4bp;gc_cont=0.267
JFDO01000017.1_65    -            624 1371at2085           -            438   6.9e-09   30.5   0.0   1   4   0.00074     0.059    7.6  28.9   101   243    57   212    52   234 0.75 # 79989 # 81860 # -1 # ID=17_65;partial=00;start_type=ATG;rbs_motif=AGGAG;rbs_spacer=5-10bp;gc_cont=0.240
JFDO01000017.1_65    -            624 1371at2085           -            438   6.9e-09   30.5   0.0   2   4       1.8   1.4e+02   -3.5   8.1   187   221   266   300   222   325 0.63 # 79989 # 81860 # -1 # ID=17_65;partial=00;start_type=ATG;rbs_motif=AGGAG;rbs_spacer=5-10bp;gc_cont=0.240
JFDO01000017.1_65    -            624 1371at2085           -            438   6.9e-09   30.5   0.0   3   4      0.17        13   -0.1   0.3   333   357   417   448   357   465 0.78 # 79989 # 81860 # -1 # ID=17_65;partial=00;start_type=ATG;rbs_motif=AGGAG;rbs_spacer=5-10bp;gc_cont=0.240
JFDO01000017.1_65    -            624 1371at2085           -            438   6.9e-09   30.5   0.0   4   4   8.6e-11   6.9e-09   30.5   0.0   369   435   508   575   489   578 0.85 # 79989 # 81860 # -1 # ID=17_65;partial=00;start_type=ATG;rbs_motif=AGGAG;rbs_spacer=5-10bp;gc_cont=0.240
JFDO01000027.1_40    -            250 1371at2085           -            438   1.5e-08   29.3   6.7   1   4      0.13        10    0.3   5.2   333   356    43    65     8    89 0.83 # 42615 # 43364 # -1 # ID=27_40;partial=00;start_type=ATG;rbs_motif=None;rbs_spacer=None;gc_cont=0.225
JFDO01000027.1_40    -            250 1371at2085           -            438   1.5e-08   29.3   6.7   2   4      0.37        30   -1.3  10.3   250   326    70   147    63   149 0.79 # 42615 # 43364 # -1 # ID=27_40;partial=00;start_type=ATG;rbs_motif=None;rbs_spacer=None;gc_cont=0.225
JFDO01000027.1_40    -            250 1371at2085           -            438   1.5e-08   29.3   6.7   3   4   1.9e-10   1.5e-08   29.3   6.7   358   432   129   204   126   211 0.85 # 42615 # 43364 # -1 # ID=27_40;partial=00;start_type=ATG;rbs_motif=None;rbs_spacer=None;gc_cont=0.225
JFDO01000027.1_40    -            250 1371at2085           -            438   1.5e-08   29.3   6.7   4   4     0.075         6    1.0   0.3   344   378   199   234   198   245 0.75 # 42615 # 43364 # -1 # ID=27_40;partial=00;start_type=ATG;rbs_motif=None;rbs_spacer=None;gc_cont=0.225
JFDO01000004.1_83    -            362 1371at2085           -            438   2.7e-08   28.6   4.6   1   2     0.035       2.8    2.1   0.1   333   357    41    71     9    92 0.72 # 96045 # 97130 # -1 # ID=4_83;partial=00;start_type=ATG;rbs_motif=AGGAG/GGAGG;rbs_spacer=11-12bp;gc_cont=0.260
JFDO01000004.1_83    -            362 1371at2085           -            438   2.7e-08   28.6   4.6   2   2   9.6e-10   7.7e-08   27.0   0.0   356   415   112   171    96   196 0.81 # 96045 # 97130 # -1 # ID=4_83;partial=00;start_type=ATG;rbs_motif=AGGAG/GGAGG;rbs_spacer=11-12bp;gc_cont=0.260
JFDO01000017.1_64    -            618 1371at2085           -            438   4.2e-08   27.9   0.0   1   3     0.063         5    1.3   3.1   222   324   279   382   266   391 0.51 # 78118 # 79971 # -1 # ID=17_64;partial=00;start_type=ATG;rbs_motif=AGGAGG;rbs_spacer=5-10bp;gc_cont=0.255
JFDO01000017.1_64    -            618 1371at2085           -            438   4.2e-08   27.9   0.0   2   3     0.077       6.2    1.0   0.0   333   359   413   446   411   464 0.70 # 78118 # 79971 # -1 # ID=17_64;partial=00;start_type=ATG;rbs_motif=AGGAGG;rbs_spacer=5-10bp;gc_cont=0.255
JFDO01000017.1_64    -            618 1371at2085           -            438   4.2e-08   27.9   0.0   3   3   5.3e-10   4.2e-08   27.9   0.0   371   435   506   571   485   574 0.83 # 78118 # 79971 # -1 # ID=17_64;partial=00;start_type=ATG;rbs_motif=AGGAGG;rbs_spacer=5-10bp;gc_cont=0.255
JFDO01000017.1_11    -            270 1371at2085           -            438   1.6e-06   22.7   3.4   1   2     0.056       4.5    1.5   2.8   333   355    59    81    18    99 0.76 # 9227 # 10036 # -1 # ID=17_11;partial=00;start_type=ATG;rbs_motif=GGA/GAG/AGG;rbs_spacer=5-10bp;gc_cont=0.259
JFDO01000017.1_11    -            270 1371at2085           -            438   1.6e-06   22.7   3.4   2   2   1.9e-07   1.5e-05   19.5   0.0   370   436   157   224   141   226 0.88 # 9227 # 10036 # -1 # ID=17_11;partial=00;start_type=ATG;rbs_motif=GGA/GAG/AGG;rbs_spacer=5-10bp;gc_cont=0.259
JFDO01000007.1_3     -            536 1371at2085           -            438     7e-06   20.6   3.6   1   2       1.3     1e+02   -3.0   0.0   334   344    50    60    49    76 0.81 # 3578 # 5185 # -1 # ID=7_3;partial=00;start_type=ATG;rbs_motif=AGGAG;rbs_spacer=5-10bp;gc_cont=0.281
JFDO01000007.1_3     -            536 1371at2085           -            438     7e-06   20.6   3.6   2   2   8.8e-08     7e-06   20.6   3.6   374   435   145   208    80   210 0.82 # 3578 # 5185 # -1 # ID=7_3;partial=00;start_type=ATG;rbs_motif=AGGAG;rbs_spacer=5-10bp;gc_cont=0.281
JFDO01000036.1_14    -            251 1371at2085           -            438     4e-05   18.1   2.9   1   2     0.096       7.7    0.7   1.2   333   346    39    52    18    75 0.83 # 12108 # 12860 # 1 # ID=36_14;partial=00;start_type=ATG;rbs_motif=None;rbs_spacer=None;gc_cont=0.260
JFDO01000036.1_14    -            251 1371at2085           -            438     4e-05   18.1   2.9   2   2     5e-07     4e-05   18.1   2.9   349   427   117   201    82   213 0.73 # 12108 # 12860 # 1 # ID=36_14;partial=00;start_type=ATG;rbs_motif=None;rbs_spacer=None;gc_cont=0.260
#
# Program:         hmmsearch
# Version:         3.1b2 (February 2015)
# Pipeline mode:   SEARCH
# Query file:      /root/busco_downloads/lineages/mycoplasmatales_odb10/hmms/1371at2085.hmm
# Target file:     /disk3/default/V2/admin/core/data/myco_out/outBusco/Mcc_14232/prodigal_output/predicted_genes/predicted.faa
# Option settings: hmmsearch --domtblout /disk3/default/V2/admin/core/data/myco_out/outBusco/Mcc_14232/run_mycoplasmatales_odb10/hmmer_output/1371at2085.out --cpu 1 /root/busco_downloads/lineages/mycoplasmatales_odb10/hmms/1371at2085.hmm /disk3/default/V2/admin/core/data/myco_out/outBusco/Mcc_14232/prodigal_output/predicted_genes/predicted.faa 
# Current dir:     /root
# Date:            Mon Aug  1 00:26:18 2022
# [ok]
