#                                                                            --- full sequence --- -------------- this domain -------------   hmm coord   ali coord   env coord
# target name        accession   tlen query name           accession   qlen   E-value  score  bias   #  of  c-Evalue  i-Evalue  score  bias  from    to  from    to  from    to  acc description of target
#------------------- ---------- ----- -------------------- ---------- ----- --------- ------ ----- --- --- --------- --------- ------ ----- ----- ----- ----- ----- ----- ----- ---- ---------------------
JFDO01000017.1_34    -            302 2656at2085           -            232   8.7e-71  233.6  27.3   1   2   1.2e-43   1.2e-41  138.2  10.4     1   140     9   155     9   161 0.87 # 39542 # 40447 # -1 # ID=17_34;partial=00;start_type=ATG;rbs_motif=None;rbs_spacer=None;gc_cont=0.222
JFDO01000017.1_34    -            302 2656at2085           -            232   8.7e-71  233.6  27.3   2   2   1.5e-32   1.5e-30  101.9  11.6   102   232   147   296   135   296 0.81 # 39542 # 40447 # -1 # ID=17_34;partial=00;start_type=ATG;rbs_motif=None;rbs_spacer=None;gc_cont=0.222
JFDO01000017.1_84    -            436 2656at2085           -            232   1.5e-42  141.1  24.9   1   3     8e-23   7.8e-21   70.1   3.9     1   114     6   124     6   136 0.84 # 96087 # 97394 # -1 # ID=17_84;partial=00;start_type=ATG;rbs_motif=None;rbs_spacer=None;gc_cont=0.226
JFDO01000017.1_84    -            436 2656at2085           -            232   1.5e-42  141.1  24.9   2   3   4.6e-25   4.5e-23   77.4   5.4     1   127   177   311   177   321 0.81 # 96087 # 97394 # -1 # ID=17_84;partial=00;start_type=ATG;rbs_motif=None;rbs_spacer=None;gc_cont=0.226
JFDO01000017.1_84    -            436 2656at2085           -            232   1.5e-42  141.1  24.9   3   3    0.0069      0.68    4.9   0.7   103   135   322   355   315   365 0.83 # 96087 # 97394 # -1 # ID=17_84;partial=00;start_type=ATG;rbs_motif=None;rbs_spacer=None;gc_cont=0.226
JFDO01000036.1_7     -            453 2656at2085           -            232     7e-19   63.7  15.5   1   1   2.1e-20   2.1e-18   62.2  15.4     2   120   221   342   220   408 0.80 # 4240 # 5598 # -1 # ID=36_7;partial=00;start_type=ATG;rbs_motif=GGA/GAG/AGG;rbs_spacer=5-10bp;gc_cont=0.234
JFDO01000017.1_60    -            434 2656at2085           -            232   3.5e-14   48.3   2.2   1   2   8.3e-16   8.1e-14   47.1   0.7     1   128   162   303   162   332 0.73 # 73861 # 75162 # -1 # ID=17_60;partial=00;start_type=ATG;rbs_motif=AGxAGG/AGGxGG;rbs_spacer=5-10bp;gc_cont=0.262
JFDO01000017.1_60    -            434 2656at2085           -            232   3.5e-14   48.3   2.2   2   2      0.47        46   -1.1   0.3    74   110   318   355   306   383 0.63 # 73861 # 75162 # -1 # ID=17_60;partial=00;start_type=ATG;rbs_motif=AGxAGG/AGGxGG;rbs_spacer=5-10bp;gc_cont=0.262
JFDO01000004.1_24    -            197 2656at2085           -            232   2.5e-11   39.0   3.8   1   1   3.3e-13   3.3e-11   38.6   3.8     1   136    25   170    25   191 0.72 # 22344 # 22934 # 1 # ID=4_24;partial=00;start_type=ATG;rbs_motif=AGGA;rbs_spacer=5-10bp;gc_cont=0.223
JFDO01000017.1_69    -            317 2656at2085           -            232   6.9e-10   34.3   1.2   1   4     0.012       1.2    4.0   0.3    67   119    17    70     9    75 0.83 # 84564 # 85514 # -1 # ID=17_69;partial=00;start_type=ATG;rbs_motif=AGxAG;rbs_spacer=5-10bp;gc_cont=0.240
JFDO01000017.1_69    -            317 2656at2085           -            232   6.9e-10   34.3   1.2   2   4     0.035       3.4    2.6   2.1    87   134    67   115    64   124 0.67 # 84564 # 85514 # -1 # ID=17_69;partial=00;start_type=ATG;rbs_motif=AGxAG;rbs_spacer=5-10bp;gc_cont=0.240
JFDO01000017.1_69    -            317 2656at2085           -            232   6.9e-10   34.3   1.2   3   4     7e-12   6.9e-10   34.3   1.2     3   126   128   245   126   265 0.77 # 84564 # 85514 # -1 # ID=17_69;partial=00;start_type=ATG;rbs_motif=AGxAG;rbs_spacer=5-10bp;gc_cont=0.240
JFDO01000017.1_69    -            317 2656at2085           -            232   6.9e-10   34.3   1.2   4   4       2.6   2.5e+02   -3.6   0.1   115   139   286   311   280   313 0.65 # 84564 # 85514 # -1 # ID=17_69;partial=00;start_type=ATG;rbs_motif=AGxAG;rbs_spacer=5-10bp;gc_cont=0.240
JFDO01000035.1_12    -            365 2656at2085           -            232   7.9e-07   24.3   4.5   1   2     2e-08   1.9e-06   23.0   0.9     1    25     5    29     5   153 0.63 # 13111 # 14205 # -1 # ID=35_12;partial=00;start_type=ATG;rbs_motif=AGGA;rbs_spacer=5-10bp;gc_cont=0.273
JFDO01000035.1_12    -            365 2656at2085           -            232   7.9e-07   24.3   4.5   2   2       0.5        49   -1.2   0.1    87   104   212   229   177   264 0.61 # 13111 # 14205 # -1 # ID=35_12;partial=00;start_type=ATG;rbs_motif=AGGA;rbs_spacer=5-10bp;gc_cont=0.273
JFDO01000003.1_44    -            621 2656at2085           -            232   1.7e-06   23.2   0.9   1   2   1.7e-08   1.7e-06   23.2   0.9     1   113   124   233   124   249 0.68 # 65381 # 67243 # 1 # ID=3_44;partial=00;start_type=ATG;rbs_motif=GGAG/GAGG;rbs_spacer=5-10bp;gc_cont=0.278
JFDO01000003.1_44    -            621 2656at2085           -            232   1.7e-06   23.2   0.9   2   2       2.1   2.1e+02   -3.3   0.1   186   209   327   350   313   352 0.76 # 65381 # 67243 # 1 # ID=3_44;partial=00;start_type=ATG;rbs_motif=GGAG/GAGG;rbs_spacer=5-10bp;gc_cont=0.278
JFDO01000026.1_34    -            234 2656at2085           -            232   0.00059   14.9   0.9   1   1   8.2e-06   0.00081   14.4   0.9   165   219    53   106    19   116 0.76 # 28165 # 28866 # -1 # ID=26_34;partial=00;start_type=ATG;rbs_motif=AGGA;rbs_spacer=5-10bp;gc_cont=0.285
#
# Program:         hmmsearch
# Version:         3.1b2 (February 2015)
# Pipeline mode:   SEARCH
# Query file:      /root/busco_downloads/lineages/mycoplasmatales_odb10/hmms/2656at2085.hmm
# Target file:     /disk3/default/V2/admin/core/data/myco_out/outBusco/Mcc_14232/prodigal_output/predicted_genes/predicted.faa
# Option settings: hmmsearch --domtblout /disk3/default/V2/admin/core/data/myco_out/outBusco/Mcc_14232/run_mycoplasmatales_odb10/hmmer_output/2656at2085.out --cpu 1 /root/busco_downloads/lineages/mycoplasmatales_odb10/hmms/2656at2085.hmm /disk3/default/V2/admin/core/data/myco_out/outBusco/Mcc_14232/prodigal_output/predicted_genes/predicted.faa 
# Current dir:     /root
# Date:            Mon Aug  1 00:26:21 2022
# [ok]
