#                                                                            --- full sequence --- -------------- this domain -------------   hmm coord   ali coord   env coord
# target name        accession   tlen query name           accession   qlen   E-value  score  bias   #  of  c-Evalue  i-Evalue  score  bias  from    to  from    to  from    to  acc description of target
#------------------- ---------- ----- -------------------- ---------- ----- --------- ------ ----- --- --- --------- --------- ------ ----- ----- ----- ----- ----- ----- ----- ---- ---------------------
JFDO01000033.1_22    -            311 3146at2085           -            235   5.7e-84  276.8   2.2   1   2   7.5e-27   8.2e-25   83.1   0.1     1    63     9    74     9    81 0.95 # 24990 # 25922 # 1 # ID=33_22;partial=00;start_type=ATG;rbs_motif=GGA/GAG/AGG;rbs_spacer=5-10bp;gc_cont=0.308
JFDO01000033.1_22    -            311 3146at2085           -            235   5.7e-84  276.8   2.2   2   2   1.6e-60   1.8e-58  193.3   0.3    62   234   107   301    88   302 0.87 # 24990 # 25922 # 1 # ID=33_22;partial=00;start_type=ATG;rbs_motif=GGA/GAG/AGG;rbs_spacer=5-10bp;gc_cont=0.308
JFDO01000016.1_43    -            454 3146at2085           -            235   1.7e-20   69.0   5.7   1   2   6.1e-08   6.7e-06   21.2   0.0     1    44     4    47     4    92 0.90 # 43642 # 45003 # -1 # ID=16_43;partial=00;start_type=ATG;rbs_motif=GGAG/GAGG;rbs_spacer=5-10bp;gc_cont=0.241
JFDO01000016.1_43    -            454 3146at2085           -            235   1.7e-20   69.0   5.7   2   2     3e-16   3.2e-14   48.5   3.1    65   235   131   320    97   320 0.81 # 43642 # 45003 # -1 # ID=16_43;partial=00;start_type=ATG;rbs_motif=GGAG/GAGG;rbs_spacer=5-10bp;gc_cont=0.241
JFDO01000004.1_41    -            630 3146at2085           -            235     2e-11   39.3   9.6   1   3   6.3e-07   6.9e-05   17.9   0.1     1    40   164   203   164   250 0.89 # 46816 # 48705 # -1 # ID=4_41;partial=00;start_type=ATG;rbs_motif=GGA/GAG/AGG;rbs_spacer=5-10bp;gc_cont=0.310
JFDO01000004.1_41    -            630 3146at2085           -            235     2e-11   39.3   9.6   2   3   1.1e-08   1.2e-06   23.6   1.7   103   233   337   488   332   490 0.68 # 46816 # 48705 # -1 # ID=4_41;partial=00;start_type=ATG;rbs_motif=GGA/GAG/AGG;rbs_spacer=5-10bp;gc_cont=0.310
JFDO01000004.1_41    -            630 3146at2085           -            235     2e-11   39.3   9.6   3   3      0.11        12    0.8   0.2   151   225   519   590   489   601 0.58 # 46816 # 48705 # -1 # ID=4_41;partial=00;start_type=ATG;rbs_motif=GGA/GAG/AGG;rbs_spacer=5-10bp;gc_cont=0.310
JFDO01000004.1_46    -            455 3146at2085           -            235   7.1e-06   21.2   1.4   1   1   1.5e-07   1.7e-05   19.9   1.4    66   218   106   287    92   314 0.65 # 53221 # 54585 # -1 # ID=4_46;partial=00;start_type=ATG;rbs_motif=GGA/GAG/AGG;rbs_spacer=5-10bp;gc_cont=0.301
JFDO01000011.1_28    -            448 3146at2085           -            235   1.4e-05   20.2   5.0   1   3      0.12        13    0.7   0.1     3    32     3    34     1    39 0.71 # 31209 # 32552 # 1 # ID=11_28;partial=00;start_type=ATG;rbs_motif=GGA/GAG/AGG;rbs_spacer=5-10bp;gc_cont=0.263
JFDO01000011.1_28    -            448 3146at2085           -            235   1.4e-05   20.2   5.0   2   3   1.7e-07   1.9e-05   19.8   1.2   102   222   148   291   143   303 0.66 # 31209 # 32552 # 1 # ID=11_28;partial=00;start_type=ATG;rbs_motif=GGA/GAG/AGG;rbs_spacer=5-10bp;gc_cont=0.263
JFDO01000011.1_28    -            448 3146at2085           -            235   1.4e-05   20.2   5.0   3   3       1.6   1.8e+02   -3.1   0.0    68    87   337   356   327   358 0.81 # 31209 # 32552 # 1 # ID=11_28;partial=00;start_type=ATG;rbs_motif=GGA/GAG/AGG;rbs_spacer=5-10bp;gc_cont=0.263
JFDO01000011.1_30    -            630 3146at2085           -            235   7.2e-05   17.9   0.2   1   2   3.1e-06   0.00034   15.6   0.1     1    30     5    34     5    40 0.94 # 34286 # 36175 # 1 # ID=11_30;partial=00;start_type=ATG;rbs_motif=GGA/GAG/AGG;rbs_spacer=5-10bp;gc_cont=0.286
JFDO01000011.1_30    -            630 3146at2085           -            235   7.2e-05   17.9   0.2   2   2      0.47        52   -1.3   0.0    51    74   135   157   125   172 0.65 # 34286 # 36175 # 1 # ID=11_30;partial=00;start_type=ATG;rbs_motif=GGA/GAG/AGG;rbs_spacer=5-10bp;gc_cont=0.286
JFDO01000017.1_4     -            439 3146at2085           -            235   0.00026   16.1   0.5   1   3   0.00014     0.016   10.2   0.0     3    33     5    35     3    55 0.84 # 2762 # 4078 # -1 # ID=17_4;partial=00;start_type=ATG;rbs_motif=GGA/GAG/AGG;rbs_spacer=5-10bp;gc_cont=0.249
JFDO01000017.1_4     -            439 3146at2085           -            235   0.00026   16.1   0.5   2   3     0.023       2.5    3.0   0.0   138   169   102   133    87   139 0.83 # 2762 # 4078 # -1 # ID=17_4;partial=00;start_type=ATG;rbs_motif=GGA/GAG/AGG;rbs_spacer=5-10bp;gc_cont=0.249
JFDO01000017.1_4     -            439 3146at2085           -            235   0.00026   16.1   0.5   3   3       1.2   1.3e+02   -2.6   0.0   194   194   258   258   199   292 0.48 # 2762 # 4078 # -1 # ID=17_4;partial=00;start_type=ATG;rbs_motif=GGA/GAG/AGG;rbs_spacer=5-10bp;gc_cont=0.249
JFDO01000017.1_67    -            422 3146at2085           -            235     0.019   10.0   8.2   1   2   1.3e-05    0.0014   13.7   2.4   125   216    49   144    38   153 0.74 # 82661 # 83926 # 1 # ID=17_67;partial=00;start_type=GTG;rbs_motif=None;rbs_spacer=None;gc_cont=0.215
JFDO01000017.1_67    -            422 3146at2085           -            235     0.019   10.0   8.2   2   2      0.67        74   -1.8   0.2   158   179   244   264   207   332 0.62 # 82661 # 83926 # 1 # ID=17_67;partial=00;start_type=GTG;rbs_motif=None;rbs_spacer=None;gc_cont=0.215
#
# Program:         hmmsearch
# Version:         3.1b2 (February 2015)
# Pipeline mode:   SEARCH
# Query file:      /root/busco_downloads/lineages/mycoplasmatales_odb10/hmms/3146at2085.hmm
# Target file:     /disk3/default/V2/admin/core/data/myco_out/outBusco/Mcc_14232/prodigal_output/predicted_genes/predicted.faa
# Option settings: hmmsearch --domtblout /disk3/default/V2/admin/core/data/myco_out/outBusco/Mcc_14232/run_mycoplasmatales_odb10/hmmer_output/3146at2085.out --cpu 1 /root/busco_downloads/lineages/mycoplasmatales_odb10/hmms/3146at2085.hmm /disk3/default/V2/admin/core/data/myco_out/outBusco/Mcc_14232/prodigal_output/predicted_genes/predicted.faa 
# Current dir:     /root
# Date:            Mon Aug  1 00:26:21 2022
# [ok]
