#                                                                            --- full sequence --- -------------- this domain -------------   hmm coord   ali coord   env coord
# target name        accession   tlen query name           accession   qlen   E-value  score  bias   #  of  c-Evalue  i-Evalue  score  bias  from    to  from    to  from    to  acc description of target
#------------------- ---------- ----- -------------------- ---------- ----- --------- ------ ----- --- --- --------- --------- ------ ----- ----- ----- ----- ----- ----- ----- ---- ---------------------
JFDO01000004.1_7     -            301 3843at2085           -            213   3.3e-62  205.4  19.7   1   2   1.9e-30   1.9e-28   95.1   1.4     5    92    24   120    18   126 0.85 # 5333 # 6235 # 1 # ID=4_7;partial=00;start_type=ATG;rbs_motif=GGA/GAG/AGG;rbs_spacer=5-10bp;gc_cont=0.212
JFDO01000004.1_7     -            301 3843at2085           -            213   3.3e-62  205.4  19.7   2   2   1.6e-36   1.6e-34  115.0  11.3    80   212   124   291   122   292 0.83 # 5333 # 6235 # 1 # ID=4_7;partial=00;start_type=ATG;rbs_motif=GGA/GAG/AGG;rbs_spacer=5-10bp;gc_cont=0.212
JFDO01000004.1_24    -            197 3843at2085           -            213   2.5e-07   26.1   5.6   1   2   1.2e-08   1.1e-06   23.9   0.1    98   176    10    94     2   105 0.61 # 22344 # 22934 # 1 # ID=4_24;partial=00;start_type=ATG;rbs_motif=AGGA;rbs_spacer=5-10bp;gc_cont=0.223
JFDO01000004.1_24    -            197 3843at2085           -            213   2.5e-07   26.1   5.6   2   2     0.013       1.3    4.1   2.7    55   105   118   162    82   191 0.64 # 22344 # 22934 # 1 # ID=4_24;partial=00;start_type=ATG;rbs_motif=AGGA;rbs_spacer=5-10bp;gc_cont=0.223
JFDO01000017.1_84    -            436 3843at2085           -            213   7.2e-05   18.0  19.0   1   4   3.9e-05    0.0038   12.4   0.3   106   164     1    63     1    79 0.69 # 96087 # 97394 # -1 # ID=17_84;partial=00;start_type=ATG;rbs_motif=None;rbs_spacer=None;gc_cont=0.226
JFDO01000017.1_84    -            436 3843at2085           -            213   7.2e-05   18.0  19.0   2   4      0.37        37   -0.6   0.2    62    86    98   123    39   146 0.55 # 96087 # 97394 # -1 # ID=17_84;partial=00;start_type=ATG;rbs_motif=None;rbs_spacer=None;gc_cont=0.226
JFDO01000017.1_84    -            436 3843at2085           -            213   7.2e-05   18.0  19.0   3   4   0.00069     0.067    8.3   0.2    97   139   163   205   153   248 0.80 # 96087 # 97394 # -1 # ID=17_84;partial=00;start_type=ATG;rbs_motif=None;rbs_spacer=None;gc_cont=0.226
JFDO01000017.1_84    -            436 3843at2085           -            213   7.2e-05   18.0  19.0   4   4    0.0017      0.16    7.1   3.9    40   139   253   349   231   412 0.73 # 96087 # 97394 # -1 # ID=17_84;partial=00;start_type=ATG;rbs_motif=None;rbs_spacer=None;gc_cont=0.226
JFDO01000026.1_11    -            303 3843at2085           -            213   0.00014   17.1   1.0   1   1   3.4e-06   0.00034   15.9   1.0    92   127    35    69     2    99 0.76 # 15225 # 16133 # -1 # ID=26_11;partial=00;start_type=ATG;rbs_motif=3Base/5BMM;rbs_spacer=13-15bp;gc_cont=0.263
JFDO01000033.1_17    -            947 3843at2085           -            213   0.00016   16.9   0.5   1   2    0.0037      0.36    5.9   0.0   104   124    22    42    11    50 0.80 # 17749 # 20589 # 1 # ID=33_17;partial=00;start_type=ATG;rbs_motif=AGGAG;rbs_spacer=5-10bp;gc_cont=0.259
JFDO01000033.1_17    -            947 3843at2085           -            213   0.00016   16.9   0.5   2   2   0.00063     0.062    8.5   0.2   105   131   634   660   615   679 0.73 # 17749 # 20589 # 1 # ID=33_17;partial=00;start_type=ATG;rbs_motif=AGGAG;rbs_spacer=5-10bp;gc_cont=0.259
JFDO01000036.1_14    -            251 3843at2085           -            213   0.00039   15.6   4.8   1   2   6.8e-05    0.0066   11.6   0.5   104   136    24    55    10    59 0.80 # 12108 # 12860 # 1 # ID=36_14;partial=00;start_type=ATG;rbs_motif=None;rbs_spacer=None;gc_cont=0.260
JFDO01000036.1_14    -            251 3843at2085           -            213   0.00039   15.6   4.8   2   2    0.0066      0.65    5.1   0.0    52   102   180   230   172   235 0.86 # 12108 # 12860 # 1 # ID=36_14;partial=00;start_type=ATG;rbs_motif=None;rbs_spacer=None;gc_cont=0.260
JFDO01000003.1_11    -            714 3843at2085           -            213   0.00042   15.5   2.5   1   3    0.0028      0.28    6.3   0.0   108   131    51    74    36    78 0.75 # 10399 # 12540 # -1 # ID=3_11;partial=00;start_type=GTG;rbs_motif=AGGAG;rbs_spacer=5-10bp;gc_cont=0.271
JFDO01000003.1_11    -            714 3843at2085           -            213   0.00042   15.5   2.5   2   3      0.12        12    1.0   0.0   112   128   454   470   449   476 0.85 # 10399 # 12540 # -1 # ID=3_11;partial=00;start_type=GTG;rbs_motif=AGGAG;rbs_spacer=5-10bp;gc_cont=0.271
JFDO01000003.1_11    -            714 3843at2085           -            213   0.00042   15.5   2.5   3   3    0.0041       0.4    5.8   0.4     4    58   565   621   562   648 0.73 # 10399 # 12540 # -1 # ID=3_11;partial=00;start_type=GTG;rbs_motif=AGGAG;rbs_spacer=5-10bp;gc_cont=0.271
JFDO01000004.1_143   -            513 3843at2085           -            213   0.00056   15.1   3.4   1   3   0.00069     0.067    8.3   0.1   103   132    24    53     4    55 0.76 # 175461 # 176999 # -1 # ID=4_143;partial=00;start_type=ATG;rbs_motif=AGGAGG;rbs_spacer=3-4bp;gc_cont=0.261
JFDO01000004.1_143   -            513 3843at2085           -            213   0.00056   15.1   3.4   2   3       2.4   2.3e+02   -3.2   0.1    88   103   220   235   190   244 0.55 # 175461 # 176999 # -1 # ID=4_143;partial=00;start_type=ATG;rbs_motif=AGGAGG;rbs_spacer=3-4bp;gc_cont=0.261
JFDO01000004.1_143   -            513 3843at2085           -            213   0.00056   15.1   3.4   3   3    0.0018      0.18    6.9   0.1   105   135   344   374   303   384 0.80 # 175461 # 176999 # -1 # ID=4_143;partial=00;start_type=ATG;rbs_motif=AGGAGG;rbs_spacer=3-4bp;gc_cont=0.261
JFDO01000017.1_11    -            270 3843at2085           -            213   0.00059   15.0   0.2   1   1   1.1e-05     0.001   14.3   0.2   104   131    44    71    18    83 0.81 # 9227 # 10036 # -1 # ID=17_11;partial=00;start_type=ATG;rbs_motif=GGA/GAG/AGG;rbs_spacer=5-10bp;gc_cont=0.259
#
# Program:         hmmsearch
# Version:         3.1b2 (February 2015)
# Pipeline mode:   SEARCH
# Query file:      /root/busco_downloads/lineages/mycoplasmatales_odb10/hmms/3843at2085.hmm
# Target file:     /disk3/default/V2/admin/core/data/myco_out/outBusco/Mcc_14232/prodigal_output/predicted_genes/predicted.faa
# Option settings: hmmsearch --domtblout /disk3/default/V2/admin/core/data/myco_out/outBusco/Mcc_14232/run_mycoplasmatales_odb10/hmmer_output/3843at2085.out --cpu 1 /root/busco_downloads/lineages/mycoplasmatales_odb10/hmms/3843at2085.hmm /disk3/default/V2/admin/core/data/myco_out/outBusco/Mcc_14232/prodigal_output/predicted_genes/predicted.faa 
# Current dir:     /root
# Date:            Mon Aug  1 00:26:22 2022
# [ok]
