#                                                                            --- full sequence --- -------------- this domain -------------   hmm coord   ali coord   env coord
# target name        accession   tlen query name           accession   qlen   E-value  score  bias   #  of  c-Evalue  i-Evalue  score  bias  from    to  from    to  from    to  acc description of target
#------------------- ---------- ----- -------------------- ---------- ----- --------- ------ ----- --- --- --------- --------- ------ ----- ----- ----- ----- ----- ----- ----- ---- ---------------------
JFDO01000026.1_4     -            805 462at2085            -            610  1.5e-231  765.8  33.3   1   4  1.8e-128  3.2e-126  417.9   6.4     1   274     3   286     3   302 0.91 # 2520 # 4934 # -1 # ID=26_4;partial=00;start_type=ATG;rbs_motif=AGGAG;rbs_spacer=5-10bp;gc_cont=0.263
JFDO01000026.1_4     -            805 462at2085            -            610  1.5e-231  765.8  33.3   2   4     0.005      0.87    3.6   0.0   264   295   314   351   305   368 0.76 # 2520 # 4934 # -1 # ID=26_4;partial=00;start_type=ATG;rbs_motif=AGGAG;rbs_spacer=5-10bp;gc_cont=0.263
JFDO01000026.1_4     -            805 462at2085            -            610  1.5e-231  765.8  33.3   3   4   6.6e-98   1.2e-95  317.0   0.5   266   520   364   640   353   654 0.85 # 2520 # 4934 # -1 # ID=26_4;partial=00;start_type=ATG;rbs_motif=AGGAG;rbs_spacer=5-10bp;gc_cont=0.263
JFDO01000026.1_4     -            805 462at2085            -            610  1.5e-231  765.8  33.3   4   4   5.3e-11   9.4e-09   30.0  13.0   507   609   659   803   644   804 0.72 # 2520 # 4934 # -1 # ID=26_4;partial=00;start_type=ATG;rbs_motif=AGGAG;rbs_spacer=5-10bp;gc_cont=0.263
JFDO01000016.1_13    -            909 462at2085            -            610   1.3e-41  138.5  15.2   1   2     1e-26   1.8e-24   81.9   1.1     4   169    27   204    24   213 0.88 # 15331 # 18057 # 1 # ID=16_13;partial=00;start_type=ATG;rbs_motif=AGGA;rbs_spacer=5-10bp;gc_cont=0.253
JFDO01000016.1_13    -            909 462at2085            -            610   1.3e-41  138.5  15.2   2   2   2.7e-21   4.8e-19   64.0   2.8   310   509   452   643   374   662 0.76 # 15331 # 18057 # 1 # ID=16_13;partial=00;start_type=ATG;rbs_motif=AGGA;rbs_spacer=5-10bp;gc_cont=0.253
JFDO01000004.1_10    -            873 462at2085            -            610   1.3e-37  125.3  40.1   1   4   1.8e-21   3.1e-19   64.6   7.5     1   174     9   200     9   214 0.81 # 7615 # 10233 # 1 # ID=4_10;partial=00;start_type=ATG;rbs_motif=AGGAG;rbs_spacer=5-10bp;gc_cont=0.230
JFDO01000004.1_10    -            873 462at2085            -            610   1.3e-37  125.3  40.1   2   4      0.17        30   -1.5   0.1   226   278   210   265   198   291 0.73 # 7615 # 10233 # 1 # ID=4_10;partial=00;start_type=ATG;rbs_motif=AGGAG;rbs_spacer=5-10bp;gc_cont=0.230
JFDO01000004.1_10    -            873 462at2085            -            610   1.3e-37  125.3  40.1   3   4   1.7e-23     3e-21   71.2   6.7   275   517   364   580   313   588 0.82 # 7615 # 10233 # 1 # ID=4_10;partial=00;start_type=ATG;rbs_motif=AGGAG;rbs_spacer=5-10bp;gc_cont=0.230
JFDO01000004.1_10    -            873 462at2085            -            610   1.3e-37  125.3  40.1   4   4    0.0014      0.24    5.5   3.0   514   597   657   741   638   754 0.71 # 7615 # 10233 # 1 # ID=4_10;partial=00;start_type=ATG;rbs_motif=AGGAG;rbs_spacer=5-10bp;gc_cont=0.230
JFDO01000007.1_5     -            510 462at2085            -            610   7.7e-36  119.4  12.0   1   3   8.1e-28   1.4e-25   85.5   3.0    25   199     2   176     1   203 0.90 # 7038 # 8567 # -1 # ID=7_5;partial=00;start_type=ATG;rbs_motif=GGA/GAG/AGG;rbs_spacer=5-10bp;gc_cont=0.233
JFDO01000007.1_5     -            510 462at2085            -            610   7.7e-36  119.4  12.0   2   3     3e-13   5.3e-11   37.4   0.1   428   500   273   340   228   372 0.75 # 7038 # 8567 # -1 # ID=7_5;partial=00;start_type=ATG;rbs_motif=GGA/GAG/AGG;rbs_spacer=5-10bp;gc_cont=0.233
JFDO01000007.1_5     -            510 462at2085            -            610   7.7e-36  119.4  12.0   3   3     0.023       4.1    1.4   0.4   494   544   381   431   349   456 0.76 # 7038 # 8567 # -1 # ID=7_5;partial=00;start_type=ATG;rbs_motif=GGA/GAG/AGG;rbs_spacer=5-10bp;gc_cont=0.233
JFDO01000004.1_156   -            442 462at2085            -            610   3.1e-07   24.9   1.0   1   3     0.043       7.6    0.5   0.0    41    65    31    55     6    59 0.84 # 194453 # 195778 # -1 # ID=4_156;partial=00;start_type=ATG;rbs_motif=AGGAG;rbs_spacer=5-10bp;gc_cont=0.206
JFDO01000004.1_156   -            442 462at2085            -            610   3.1e-07   24.9   1.0   2   3       0.2        35   -1.6   0.1   185   212    82   112    51   142 0.66 # 194453 # 195778 # -1 # ID=4_156;partial=00;start_type=ATG;rbs_motif=AGGAG;rbs_spacer=5-10bp;gc_cont=0.206
JFDO01000004.1_156   -            442 462at2085            -            610   3.1e-07   24.9   1.0   3   3   1.8e-09   3.1e-07   24.9   1.0   453   521   256   322   217   358 0.85 # 194453 # 195778 # -1 # ID=4_156;partial=00;start_type=ATG;rbs_motif=AGGAG;rbs_spacer=5-10bp;gc_cont=0.206
#
# Program:         hmmsearch
# Version:         3.1b2 (February 2015)
# Pipeline mode:   SEARCH
# Query file:      /root/busco_downloads/lineages/mycoplasmatales_odb10/hmms/462at2085.hmm
# Target file:     /disk3/default/V2/admin/core/data/myco_out/outBusco/Mcc_14232/prodigal_output/predicted_genes/predicted.faa
# Option settings: hmmsearch --domtblout /disk3/default/V2/admin/core/data/myco_out/outBusco/Mcc_14232/run_mycoplasmatales_odb10/hmmer_output/462at2085.out --cpu 1 /root/busco_downloads/lineages/mycoplasmatales_odb10/hmms/462at2085.hmm /disk3/default/V2/admin/core/data/myco_out/outBusco/Mcc_14232/prodigal_output/predicted_genes/predicted.faa 
# Current dir:     /root
# Date:            Mon Aug  1 00:26:23 2022
# [ok]
