#                                                                            --- full sequence --- -------------- this domain -------------   hmm coord   ali coord   env coord
# target name        accession   tlen query name           accession   qlen   E-value  score  bias   #  of  c-Evalue  i-Evalue  score  bias  from    to  from    to  from    to  acc description of target
#------------------- ---------- ----- -------------------- ---------- ----- --------- ------ ----- --- --- --------- --------- ------ ----- ----- ----- ----- ----- ----- ----- ---- ---------------------
JFDO01000025.1_8     -            987 543at2085            -            552  6.9e-166  548.6  71.4   1   4   4.7e-17   2.1e-14   48.6   1.5     3    73     6    86     4    97 0.85 # 8524 # 11484 # -1 # ID=25_8;partial=00;start_type=ATG;rbs_motif=AGGAG;rbs_spacer=5-10bp;gc_cont=0.196
JFDO01000025.1_8     -            987 543at2085            -            552  6.9e-166  548.6  71.4   2   4   1.6e-64   6.8e-62  205.3  10.2    17   225   171   382   156   394 0.77 # 8524 # 11484 # -1 # ID=25_8;partial=00;start_type=ATG;rbs_motif=AGGAG;rbs_spacer=5-10bp;gc_cont=0.196
JFDO01000025.1_8     -            987 543at2085            -            552  6.9e-166  548.6  71.4   3   4   1.9e-96   8.6e-94  310.6  35.9   228   541   436   819   428   830 0.83 # 8524 # 11484 # -1 # ID=25_8;partial=00;start_type=ATG;rbs_motif=AGGAG;rbs_spacer=5-10bp;gc_cont=0.196
JFDO01000025.1_8     -            987 543at2085            -            552  6.9e-166  548.6  71.4   4   4      0.44   1.9e+02   -4.1   1.3   524   542   918   936   864   983 0.54 # 8524 # 11484 # -1 # ID=25_8;partial=00;start_type=ATG;rbs_motif=AGGAG;rbs_spacer=5-10bp;gc_cont=0.196
JFDO01000003.1_38    -           1480 543at2085            -            552   4.8e-16   54.0  38.4   1   7      0.16        72   -2.7   0.4    79   114    49    85    35   113 0.55 # 57419 # 61858 # 1 # ID=3_38;partial=00;start_type=ATG;rbs_motif=AGGAGG;rbs_spacer=3-4bp;gc_cont=0.241
JFDO01000003.1_38    -           1480 543at2085            -            552   4.8e-16   54.0  38.4   2   7      0.17        76   -2.8   1.2    47    99   127   181    83   194 0.59 # 57419 # 61858 # 1 # ID=3_38;partial=00;start_type=ATG;rbs_motif=AGGAGG;rbs_spacer=3-4bp;gc_cont=0.241
JFDO01000003.1_38    -           1480 543at2085            -            552   4.8e-16   54.0  38.4   3   7    0.0015      0.64    4.0   0.1     2    55   338   391   337   459 0.76 # 57419 # 61858 # 1 # ID=3_38;partial=00;start_type=ATG;rbs_motif=AGGAGG;rbs_spacer=3-4bp;gc_cont=0.241
JFDO01000003.1_38    -           1480 543at2085            -            552   4.8e-16   54.0  38.4   4   7      0.24   1.1e+02   -3.3   0.1    68    98   626   656   618   662 0.82 # 57419 # 61858 # 1 # ID=3_38;partial=00;start_type=ATG;rbs_motif=AGGAGG;rbs_spacer=3-4bp;gc_cont=0.241
JFDO01000003.1_38    -           1480 543at2085            -            552   4.8e-16   54.0  38.4   5   7   2.9e-09   1.3e-06   22.8   0.2    85   170   850   936   795   947 0.76 # 57419 # 61858 # 1 # ID=3_38;partial=00;start_type=ATG;rbs_motif=AGGAGG;rbs_spacer=3-4bp;gc_cont=0.241
JFDO01000003.1_38    -           1480 543at2085            -            552   4.8e-16   54.0  38.4   6   7   4.7e-13   2.1e-10   35.4   5.6   172   470   979  1331   977  1341 0.66 # 57419 # 61858 # 1 # ID=3_38;partial=00;start_type=ATG;rbs_motif=AGGAGG;rbs_spacer=3-4bp;gc_cont=0.241
JFDO01000003.1_38    -           1480 543at2085            -            552   4.8e-16   54.0  38.4   7   7    0.0014      0.61    4.1   0.7   478   541  1396  1461  1374  1472 0.73 # 57419 # 61858 # 1 # ID=3_38;partial=00;start_type=ATG;rbs_motif=AGGAGG;rbs_spacer=3-4bp;gc_cont=0.241
#
# Program:         hmmsearch
# Version:         3.1b2 (February 2015)
# Pipeline mode:   SEARCH
# Query file:      /root/busco_downloads/lineages/mycoplasmatales_odb10/hmms/543at2085.hmm
# Target file:     /disk3/default/V2/admin/core/data/myco_out/outBusco/Mcc_14232/prodigal_output/predicted_genes/predicted.faa
# Option settings: hmmsearch --domtblout /disk3/default/V2/admin/core/data/myco_out/outBusco/Mcc_14232/run_mycoplasmatales_odb10/hmmer_output/543at2085.out --cpu 1 /root/busco_downloads/lineages/mycoplasmatales_odb10/hmms/543at2085.hmm /disk3/default/V2/admin/core/data/myco_out/outBusco/Mcc_14232/prodigal_output/predicted_genes/predicted.faa 
# Current dir:     /root
# Date:            Mon Aug  1 00:26:25 2022
# [ok]
