#                                                                            --- full sequence --- -------------- this domain -------------   hmm coord   ali coord   env coord
# target name        accession   tlen query name           accession   qlen   E-value  score  bias   #  of  c-Evalue  i-Evalue  score  bias  from    to  from    to  from    to  acc description of target
#------------------- ---------- ----- -------------------- ---------- ----- --------- ------ ----- --- --- --------- --------- ------ ----- ----- ----- ----- ----- ----- ----- ---- ---------------------
JFDO01000011.1_10    -            670 584at2085            -            308  1.6e-104  345.4  21.3   1   3  1.1e-106  1.6e-104  345.4  21.3     1   285     7   325     7   345 0.84 # 8097 # 10106 # -1 # ID=11_10;partial=00;start_type=ATG;rbs_motif=GGAGG;rbs_spacer=5-10bp;gc_cont=0.212
JFDO01000011.1_10    -            670 584at2085            -            308  1.6e-104  345.4  21.3   2   3         6   8.8e+02   -5.3   6.2   212   248   363   397   340   468 0.48 # 8097 # 10106 # -1 # ID=11_10;partial=00;start_type=ATG;rbs_motif=GGAGG;rbs_spacer=5-10bp;gc_cont=0.212
JFDO01000011.1_10    -            670 584at2085            -            308  1.6e-104  345.4  21.3   3   3       5.3   7.8e+02   -5.1   9.4   161   284   502   624   487   647 0.69 # 8097 # 10106 # -1 # ID=11_10;partial=00;start_type=ATG;rbs_motif=GGAGG;rbs_spacer=5-10bp;gc_cont=0.212
JFDO01000017.1_42    -            413 584at2085            -            308   3.4e-16   55.2  11.1   1   2   5.6e-10   8.2e-08   27.7   0.1     7    59    10    64     7    81 0.84 # 55955 # 57193 # -1 # ID=17_42;partial=00;start_type=ATG;rbs_motif=GGAG/GAGG;rbs_spacer=5-10bp;gc_cont=0.240
JFDO01000017.1_42    -            413 584at2085            -            308   3.4e-16   55.2  11.1   2   2   2.7e-10   3.9e-08   28.8   7.7    96   247    82   241    71   265 0.74 # 55955 # 57193 # -1 # ID=17_42;partial=00;start_type=ATG;rbs_motif=GGAG/GAGG;rbs_spacer=5-10bp;gc_cont=0.240
JFDO01000016.1_44    -            308 584at2085            -            308   1.1e-13   47.0   8.9   1   1   4.4e-15   6.4e-13   44.5   8.8     6   228     2   236     1   260 0.73 # 45110 # 46033 # -1 # ID=16_44;partial=00;start_type=ATG;rbs_motif=AGxAGG/AGGxGG;rbs_spacer=5-10bp;gc_cont=0.208
JFDO01000011.1_7     -            248 584at2085            -            308   4.3e-12   41.8  10.1   1   1     3e-14   4.3e-12   41.8  10.1    63   163    56   158     2   184 0.77 # 6140 # 6883 # -1 # ID=11_7;partial=00;start_type=ATG;rbs_motif=None;rbs_spacer=None;gc_cont=0.180
JFDO01000003.1_11    -            714 584at2085            -            308   2.4e-06   22.9   5.7   1   5    0.0033      0.49    5.5   0.0     9    56    27    73    20    81 0.81 # 10399 # 12540 # -1 # ID=3_11;partial=00;start_type=GTG;rbs_motif=AGGAG;rbs_spacer=5-10bp;gc_cont=0.271
JFDO01000003.1_11    -            714 584at2085            -            308   2.4e-06   22.9   5.7   2   5      0.98   1.4e+02   -2.6   0.4   209   243   312   344   279   408 0.57 # 10399 # 12540 # -1 # ID=3_11;partial=00;start_type=GTG;rbs_motif=AGGAG;rbs_spacer=5-10bp;gc_cont=0.271
JFDO01000003.1_11    -            714 584at2085            -            308   2.4e-06   22.9   5.7   3   5   9.7e-07   0.00014   17.1   0.0    14    58   422   474   418   551 0.67 # 10399 # 12540 # -1 # ID=3_11;partial=00;start_type=GTG;rbs_motif=AGGAG;rbs_spacer=5-10bp;gc_cont=0.271
JFDO01000003.1_11    -            714 584at2085            -            308   2.4e-06   22.9   5.7   4   5      0.25        37   -0.7   1.0   224   269   580   625   521   658 0.57 # 10399 # 12540 # -1 # ID=3_11;partial=00;start_type=GTG;rbs_motif=AGGAG;rbs_spacer=5-10bp;gc_cont=0.271
JFDO01000003.1_11    -            714 584at2085            -            308   2.4e-06   22.9   5.7   5   5      0.18        27   -0.2   0.4   225   279   601   656   558   686 0.58 # 10399 # 12540 # -1 # ID=3_11;partial=00;start_type=GTG;rbs_motif=AGGAG;rbs_spacer=5-10bp;gc_cont=0.271
JFDO01000004.1_129   -            354 584at2085            -            308    0.0002   16.6   5.9   1   1   1.4e-05     0.002   13.3   5.9    21    60    91   130    80   338 0.85 # 158566 # 159627 # -1 # ID=4_129;partial=00;start_type=ATG;rbs_motif=GGA/GAG/AGG;rbs_spacer=5-10bp;gc_cont=0.246
#
# Program:         hmmsearch
# Version:         3.1b2 (February 2015)
# Pipeline mode:   SEARCH
# Query file:      /root/busco_downloads/lineages/mycoplasmatales_odb10/hmms/584at2085.hmm
# Target file:     /disk3/default/V2/admin/core/data/myco_out/outBusco/Mcc_14232/prodigal_output/predicted_genes/predicted.faa
# Option settings: hmmsearch --domtblout /disk3/default/V2/admin/core/data/myco_out/outBusco/Mcc_14232/run_mycoplasmatales_odb10/hmmer_output/584at2085.out --cpu 1 /root/busco_downloads/lineages/mycoplasmatales_odb10/hmms/584at2085.hmm /disk3/default/V2/admin/core/data/myco_out/outBusco/Mcc_14232/prodigal_output/predicted_genes/predicted.faa 
# Current dir:     /root
# Date:            Mon Aug  1 00:26:25 2022
# [ok]
