#                                                                            --- full sequence --- -------------- this domain -------------   hmm coord   ali coord   env coord
# target name        accession   tlen query name           accession   qlen   E-value  score  bias   #  of  c-Evalue  i-Evalue  score  bias  from    to  from    to  from    to  acc description of target
#------------------- ---------- ----- -------------------- ---------- ----- --------- ------ ----- --- --- --------- --------- ------ ----- ----- ----- ----- ----- ----- ----- ---- ---------------------
JFDO01000007.1_5     -            510 913at2085            -            397  2.5e-142  470.3  23.6   1   2  1.2e-130  2.7e-128  424.1  14.3     2   320     3   375     2   396 0.87 # 7038 # 8567 # -1 # ID=7_5;partial=00;start_type=ATG;rbs_motif=GGA/GAG/AGG;rbs_spacer=5-10bp;gc_cont=0.233
JFDO01000007.1_5     -            510 913at2085            -            397  2.5e-142  470.3  23.6   2   2   3.6e-16     8e-14   47.2   2.6   310   386   396   479   377   493 0.83 # 7038 # 8567 # -1 # ID=7_5;partial=00;start_type=ATG;rbs_motif=GGA/GAG/AGG;rbs_spacer=5-10bp;gc_cont=0.233
JFDO01000026.1_4     -            805 913at2085            -            397   4.9e-18   61.0   2.8   1   2   1.5e-14   3.4e-12   41.8   0.1     2   168    30   207    29   224 0.82 # 2520 # 4934 # -1 # ID=26_4;partial=00;start_type=ATG;rbs_motif=AGGAG;rbs_spacer=5-10bp;gc_cont=0.263
JFDO01000026.1_4     -            805 913at2085            -            397   4.9e-18   61.0   2.8   2   2   1.7e-07   3.7e-05   18.6   0.3   226   360   548   686   530   721 0.67 # 2520 # 4934 # -1 # ID=26_4;partial=00;start_type=ATG;rbs_motif=AGGAG;rbs_spacer=5-10bp;gc_cont=0.263
JFDO01000016.1_13    -            909 913at2085            -            397   2.1e-16   55.6  13.5   1   4   1.9e-13   4.2e-11   38.2   0.2    12   129    60   197    49   208 0.71 # 15331 # 18057 # 1 # ID=16_13;partial=00;start_type=ATG;rbs_motif=AGGA;rbs_spacer=5-10bp;gc_cont=0.253
JFDO01000016.1_13    -            909 913at2085            -            397   2.1e-16   55.6  13.5   2   4     0.024       5.4    1.6   0.1   267   320   242   293   235   311 0.77 # 15331 # 18057 # 1 # ID=16_13;partial=00;start_type=ATG;rbs_motif=AGGA;rbs_spacer=5-10bp;gc_cont=0.253
JFDO01000016.1_13    -            909 913at2085            -            397   2.1e-16   55.6  13.5   3   4   1.4e-06   0.00032   15.6   0.3   239   292   580   638   573   711 0.73 # 15331 # 18057 # 1 # ID=16_13;partial=00;start_type=ATG;rbs_motif=AGGA;rbs_spacer=5-10bp;gc_cont=0.253
JFDO01000016.1_13    -            909 913at2085            -            397   2.1e-16   55.6  13.5   4   4     0.014         3    2.5   3.7   337   384   725   772   629   783 0.56 # 15331 # 18057 # 1 # ID=16_13;partial=00;start_type=ATG;rbs_motif=AGGA;rbs_spacer=5-10bp;gc_cont=0.253
JFDO01000004.1_10    -            873 913at2085            -            397   1.1e-12   43.4  14.5   1   6   4.1e-12   8.9e-10   33.8   8.8    13   148    48   205    36   227 0.71 # 7615 # 10233 # 1 # ID=4_10;partial=00;start_type=ATG;rbs_motif=AGGAG;rbs_spacer=5-10bp;gc_cont=0.230
JFDO01000004.1_10    -            873 913at2085            -            397   1.1e-12   43.4  14.5   2   6      0.17        38   -1.2   0.1   108   160   321   377   286   399 0.62 # 7615 # 10233 # 1 # ID=4_10;partial=00;start_type=ATG;rbs_motif=AGGAG;rbs_spacer=5-10bp;gc_cont=0.230
JFDO01000004.1_10    -            873 913at2085            -            397   1.1e-12   43.4  14.5   3   6   1.8e-08   3.8e-06   21.9   0.3   238   303   507   579   469   607 0.75 # 7615 # 10233 # 1 # ID=4_10;partial=00;start_type=ATG;rbs_motif=AGGAG;rbs_spacer=5-10bp;gc_cont=0.230
JFDO01000004.1_10    -            873 913at2085            -            397   1.1e-12   43.4  14.5   4   6     0.078        17   -0.0   4.3   254   381   561   696   554   711 0.66 # 7615 # 10233 # 1 # ID=4_10;partial=00;start_type=ATG;rbs_motif=AGGAG;rbs_spacer=5-10bp;gc_cont=0.230
JFDO01000004.1_10    -            873 913at2085            -            397   1.1e-12   43.4  14.5   5   6      0.11        25   -0.6   1.9   302   341   716   755   697   777 0.76 # 7615 # 10233 # 1 # ID=4_10;partial=00;start_type=ATG;rbs_motif=AGGAG;rbs_spacer=5-10bp;gc_cont=0.230
JFDO01000004.1_10    -            873 913at2085            -            397   1.1e-12   43.4  14.5   6   6      0.34        75   -2.1   0.4   274   341   792   860   774   870 0.55 # 7615 # 10233 # 1 # ID=4_10;partial=00;start_type=ATG;rbs_motif=AGGAG;rbs_spacer=5-10bp;gc_cont=0.230
#
# Program:         hmmsearch
# Version:         3.1b2 (February 2015)
# Pipeline mode:   SEARCH
# Query file:      /root/busco_downloads/lineages/mycoplasmatales_odb10/hmms/913at2085.hmm
# Target file:     /disk3/default/V2/admin/core/data/myco_out/outBusco/Mcc_14232/prodigal_output/predicted_genes/predicted.faa
# Option settings: hmmsearch --domtblout /disk3/default/V2/admin/core/data/myco_out/outBusco/Mcc_14232/run_mycoplasmatales_odb10/hmmer_output/913at2085.out --cpu 1 /root/busco_downloads/lineages/mycoplasmatales_odb10/hmms/913at2085.hmm /disk3/default/V2/admin/core/data/myco_out/outBusco/Mcc_14232/prodigal_output/predicted_genes/predicted.faa 
# Current dir:     /root
# Date:            Mon Aug  1 00:26:26 2022
# [ok]
