#                                                                            --- full sequence --- -------------- this domain -------------   hmm coord   ali coord   env coord
# target name        accession   tlen query name           accession   qlen   E-value  score  bias   #  of  c-Evalue  i-Evalue  score  bias  from    to  from    to  from    to  acc description of target
#------------------- ---------- ----- -------------------- ---------- ----- --------- ------ ----- --- --- --------- --------- ------ ----- ----- ----- ----- ----- ----- ----- ---- ---------------------
FR668087.1_431       -            352 1064at2085           -            350  6.5e-118  389.4  18.2   1   2   7.3e-49     3e-47  157.0   0.4     1   106     5   110     5   112 0.99 # 532264 # 533319 # -1 # ID=1_431;partial=00;start_type=ATG;rbs_motif=AGGAG;rbs_spacer=3-4bp;gc_cont=0.274
FR668087.1_431       -            352 1064at2085           -            350  6.5e-118  389.4  18.2   2   2   3.8e-71   1.5e-69  230.3  12.6   152   349   109   349   107   350 0.79 # 532264 # 533319 # -1 # ID=1_431;partial=00;start_type=ATG;rbs_motif=AGGAG;rbs_spacer=3-4bp;gc_cont=0.274
FR668087.1_417       -            362 1064at2085           -            350     2e-77  256.2   3.2   1   2   4.3e-37   1.7e-35  118.3   0.2     2   108     3   111     2   115 0.95 # 514004 # 515089 # 1 # ID=1_417;partial=00;start_type=ATG;rbs_motif=AGGAG/GGAGG;rbs_spacer=11-12bp;gc_cont=0.265
FR668087.1_417       -            362 1064at2085           -            350     2e-77  256.2   3.2   2   2   5.8e-44   2.4e-42  140.9   0.6   152   310   108   269   106   302 0.89 # 514004 # 515089 # 1 # ID=1_417;partial=00;start_type=ATG;rbs_motif=AGGAG/GGAGG;rbs_spacer=11-12bp;gc_cont=0.265
FR668087.1_258       -            407 1064at2085           -            350   1.3e-52  174.7  16.1   1   1   8.6e-53   3.5e-51  169.9  16.1     2   321    13   348    12   374 0.69 # 308803 # 310023 # -1 # ID=1_258;partial=00;start_type=ATG;rbs_motif=None;rbs_spacer=None;gc_cont=0.197
FR668087.1_25        -            346 1064at2085           -            350   9.7e-43  142.2  12.3   1   3       2.9   1.2e+02   -2.8   0.8    81   109    57    85    16   104 0.48 # 30852 # 31889 # 1 # ID=1_25;partial=00;start_type=ATG;rbs_motif=GGAG/GAGG;rbs_spacer=5-10bp;gc_cont=0.275
FR668087.1_25        -            346 1064at2085           -            350   9.7e-43  142.2  12.3   2   3   5.1e-23   2.1e-21   72.0   0.8     1   102   112   223   112   229 0.82 # 30852 # 31889 # 1 # ID=1_25;partial=00;start_type=ATG;rbs_motif=GGAG/GAGG;rbs_spacer=5-10bp;gc_cont=0.275
FR668087.1_25        -            346 1064at2085           -            350   9.7e-43  142.2  12.3   3   3   2.6e-25   1.1e-23   79.6   0.2   152   262   223   332   219   341 0.92 # 30852 # 31889 # 1 # ID=1_25;partial=00;start_type=ATG;rbs_motif=GGAG/GAGG;rbs_spacer=5-10bp;gc_cont=0.275
FR668087.1_42        -            536 1064at2085           -            350   1.2e-38  128.7  23.5   1   4   4.4e-15   1.8e-13   45.9   1.6     2   102    11   116    10   120 0.88 # 49281 # 50888 # 1 # ID=1_42;partial=00;start_type=ATG;rbs_motif=GGAG/GAGG;rbs_spacer=5-10bp;gc_cont=0.282
FR668087.1_42        -            536 1064at2085           -            350   1.2e-38  128.7  23.5   2   4   2.2e-13   8.8e-12   40.4   3.6   150   256   121   226   114   261 0.92 # 49281 # 50888 # 1 # ID=1_42;partial=00;start_type=ATG;rbs_motif=GGAG/GAGG;rbs_spacer=5-10bp;gc_cont=0.282
FR668087.1_42        -            536 1064at2085           -            350   1.2e-38  128.7  23.5   3   4   2.7e-07   1.1e-05   20.3   0.2     7    73   274   341   266   349 0.87 # 49281 # 50888 # 1 # ID=1_42;partial=00;start_type=ATG;rbs_motif=GGAG/GAGG;rbs_spacer=5-10bp;gc_cont=0.282
FR668087.1_42        -            536 1064at2085           -            350   1.2e-38  128.7  23.5   4   4   8.1e-12   3.3e-10   35.2   0.3   150   257   384   492   360   500 0.86 # 49281 # 50888 # 1 # ID=1_42;partial=00;start_type=ATG;rbs_motif=GGAG/GAGG;rbs_spacer=5-10bp;gc_cont=0.282
FR668087.1_402       -            616 1064at2085           -            350   2.7e-37  124.3  16.8   1   3     2e-08   8.2e-07   24.0   6.9    13   190    25   209     9   248 0.64 # 490058 # 491905 # 1 # ID=1_402;partial=00;start_type=ATG;rbs_motif=GGA/GAG/AGG;rbs_spacer=11-12bp;gc_cont=0.248
FR668087.1_402       -            616 1064at2085           -            350   2.7e-37  124.3  16.8   2   3       1.5        63   -1.9   0.1   108   167   275   334   261   347 0.62 # 490058 # 491905 # 1 # ID=1_402;partial=00;start_type=ATG;rbs_motif=GGA/GAG/AGG;rbs_spacer=11-12bp;gc_cont=0.248
FR668087.1_402       -            616 1064at2085           -            350   2.7e-37  124.3  16.8   3   3   2.3e-32   9.5e-31  102.7   0.5    66   270   354   545   336   550 0.74 # 490058 # 491905 # 1 # ID=1_402;partial=00;start_type=ATG;rbs_motif=GGA/GAG/AGG;rbs_spacer=11-12bp;gc_cont=0.248
FR668087.1_288       -            269 1064at2085           -            350   2.4e-36  121.1   3.2   1   2     3e-16   1.2e-14   49.7   1.3     2   108    21   137    20   158 0.76 # 345971 # 346777 # -1 # ID=1_288;partial=00;start_type=ATG;rbs_motif=GGA/GAG/AGG;rbs_spacer=5-10bp;gc_cont=0.253
FR668087.1_288       -            269 1064at2085           -            350   2.4e-36  121.1   3.2   2   2   7.3e-23     3e-21   71.5   0.0   178   275   165   260   154   266 0.93 # 345971 # 346777 # -1 # ID=1_288;partial=00;start_type=ATG;rbs_motif=GGA/GAG/AGG;rbs_spacer=5-10bp;gc_cont=0.253
FR668087.1_624       -            409 1064at2085           -            350     6e-35  116.5   6.1   1   3       1.6        67   -2.0   2.7   278   301    45    68     7   121 0.50 # 742078 # 743304 # -1 # ID=1_624;partial=00;start_type=ATG;rbs_motif=None;rbs_spacer=None;gc_cont=0.250
FR668087.1_624       -            409 1064at2085           -            350     6e-35  116.5   6.1   2   3   4.7e-18   1.9e-16   55.7   0.5     2   107   140   250   139   254 0.85 # 742078 # 743304 # -1 # ID=1_624;partial=00;start_type=ATG;rbs_motif=None;rbs_spacer=None;gc_cont=0.250
FR668087.1_624       -            409 1064at2085           -            350     6e-35  116.5   6.1   3   3     7e-23   2.9e-21   71.6   0.8   153   268   249   363   244   368 0.93 # 742078 # 743304 # -1 # ID=1_624;partial=00;start_type=ATG;rbs_motif=None;rbs_spacer=None;gc_cont=0.250
FR668087.1_354       -            443 1064at2085           -            350   4.7e-34  113.6   9.4   1   2   1.9e-09   7.8e-08   27.4   2.4    13    65    52   104    36   201 0.82 # 428976 # 430304 # 1 # ID=1_354;partial=00;start_type=ATG;rbs_motif=GGAG/GAGG;rbs_spacer=5-10bp;gc_cont=0.256
FR668087.1_354       -            443 1064at2085           -            350   4.7e-34  113.6   9.4   2   2   1.6e-28   6.6e-27   90.1   0.8   124   268   223   370   197   376 0.82 # 428976 # 430304 # 1 # ID=1_354;partial=00;start_type=ATG;rbs_motif=GGAG/GAGG;rbs_spacer=5-10bp;gc_cont=0.256
FR668087.1_623       -            303 1064at2085           -            350   3.2e-33  110.9   3.5   1   2   4.6e-11   1.9e-09   32.7   1.3    13    97    36   128    20   134 0.79 # 741182 # 742090 # -1 # ID=1_623;partial=00;start_type=ATG;rbs_motif=3Base/5BMM;rbs_spacer=13-15bp;gc_cont=0.265
FR668087.1_623       -            303 1064at2085           -            350   3.2e-33  110.9   3.5   2   2   6.3e-25   2.6e-23   78.3   0.0   151   268   135   253   130   258 0.96 # 741182 # 742090 # -1 # ID=1_623;partial=00;start_type=ATG;rbs_motif=3Base/5BMM;rbs_spacer=13-15bp;gc_cont=0.265
FR668087.1_793       -            251 1064at2085           -            350   3.6e-32  107.4   7.7   1   2   9.9e-15   4.1e-13   44.7   2.8     2    67     2    68     1   108 0.82 # 911324 # 912076 # 1 # ID=1_793;partial=00;start_type=ATG;rbs_motif=None;rbs_spacer=None;gc_cont=0.260
FR668087.1_793       -            251 1064at2085           -            350   3.6e-32  107.4   7.7   2   2   6.6e-21   2.7e-19   65.1   0.9   162   266   135   239    70   247 0.86 # 911324 # 912076 # 1 # ID=1_793;partial=00;start_type=ATG;rbs_motif=None;rbs_spacer=None;gc_cont=0.260
FR668087.1_401       -            567 1064at2085           -            350   5.7e-32  106.7   9.6   1   3   8.7e-09   3.6e-07   25.2   7.6     3   172     7   183     5   193 0.82 # 488356 # 490056 # 1 # ID=1_401;partial=00;start_type=ATG;rbs_motif=AGGA;rbs_spacer=5-10bp;gc_cont=0.252
FR668087.1_401       -            567 1064at2085           -            350   5.7e-32  106.7   9.6   2   3       3.2   1.3e+02   -3.0   6.7    71   183   193   311   184   317 0.63 # 488356 # 490056 # 1 # ID=1_401;partial=00;start_type=ATG;rbs_motif=AGGA;rbs_spacer=5-10bp;gc_cont=0.252
FR668087.1_401       -            567 1064at2085           -            350   5.7e-32  106.7   9.6   3   3     2e-28   8.3e-27   89.8   0.0   147   267   340   463   329   474 0.90 # 488356 # 490056 # 1 # ID=1_401;partial=00;start_type=ATG;rbs_motif=AGGA;rbs_spacer=5-10bp;gc_cont=0.252
FR668087.1_357       -            513 1064at2085           -            350   4.3e-31  103.9   7.6   1   4   1.3e-12   5.3e-11   37.8   0.0     2    61     4    63     3    77 0.92 # 431654 # 433192 # 1 # ID=1_357;partial=00;start_type=ATG;rbs_motif=AGGAGG;rbs_spacer=3-4bp;gc_cont=0.259
FR668087.1_357       -            513 1064at2085           -            350   4.3e-31  103.9   7.6   2   4   4.6e-13   1.9e-11   39.3   0.5   119   260    99   237    79   246 0.81 # 431654 # 433192 # 1 # ID=1_357;partial=00;start_type=ATG;rbs_motif=AGGAGG;rbs_spacer=3-4bp;gc_cont=0.259
FR668087.1_357       -            513 1064at2085           -            350   4.3e-31  103.9   7.6   3   4     0.054       2.2    2.9   0.1    20    58   340   378   327   386 0.83 # 431654 # 433192 # 1 # ID=1_357;partial=00;start_type=ATG;rbs_motif=AGGAGG;rbs_spacer=3-4bp;gc_cont=0.259
FR668087.1_357       -            513 1064at2085           -            350   4.3e-31  103.9   7.6   4   4   9.3e-09   3.8e-07   25.1   0.0   152   249   410   504   383   509 0.73 # 431654 # 433192 # 1 # ID=1_357;partial=00;start_type=ATG;rbs_motif=AGGAGG;rbs_spacer=3-4bp;gc_cont=0.259
FR668087.1_610       -            296 1064at2085           -            350   7.7e-29   96.4   2.7   1   2   9.6e-14   3.9e-12   41.5   0.1     1    65     5    69     5    81 0.94 # 723104 # 723991 # 1 # ID=1_610;partial=00;start_type=ATG;rbs_motif=AGGA;rbs_spacer=5-10bp;gc_cont=0.220
FR668087.1_610       -            296 1064at2085           -            350   7.7e-29   96.4   2.7   2   2   5.7e-18   2.3e-16   55.4   0.3   149   289   104   241    86   251 0.83 # 723104 # 723991 # 1 # ID=1_610;partial=00;start_type=ATG;rbs_motif=AGGA;rbs_spacer=5-10bp;gc_cont=0.220
FR668087.1_762       -            235 1064at2085           -            350   7.9e-29   96.4   5.3   1   2   5.1e-13   2.1e-11   39.1   1.4     1    70     4    74     4    99 0.88 # 876949 # 877653 # -1 # ID=1_762;partial=00;start_type=ATG;rbs_motif=AGGA/GGAG/GAGG;rbs_spacer=11-12bp;gc_cont=0.230
FR668087.1_762       -            235 1064at2085           -            350   7.9e-29   96.4   5.3   2   2   3.3e-19   1.3e-17   59.5   0.1   149   259   105   215    92   231 0.94 # 876949 # 877653 # -1 # ID=1_762;partial=00;start_type=ATG;rbs_motif=AGGA/GGAG/GAGG;rbs_spacer=11-12bp;gc_cont=0.230
FR668087.1_353       -            482 1064at2085           -            350   4.2e-28   94.0   6.6   1   3   1.7e-09   6.9e-08   27.5   0.1    12   117   106   227    95   236 0.74 # 427538 # 428983 # 1 # ID=1_353;partial=00;start_type=ATG;rbs_motif=GGA/GAG/AGG;rbs_spacer=5-10bp;gc_cont=0.259
FR668087.1_353       -            482 1064at2085           -            350   4.2e-28   94.0   6.6   2   3   1.8e-22   7.2e-21   70.2   0.3   171   271   237   337   225   343 0.93 # 427538 # 428983 # 1 # ID=1_353;partial=00;start_type=ATG;rbs_motif=GGA/GAG/AGG;rbs_spacer=5-10bp;gc_cont=0.259
FR668087.1_353       -            482 1064at2085           -            350   4.2e-28   94.0   6.6   3   3       5.8   2.4e+02   -3.8   0.2    89   110   454   475   438   478 0.56 # 427538 # 428983 # 1 # ID=1_353;partial=00;start_type=ATG;rbs_motif=GGA/GAG/AGG;rbs_spacer=5-10bp;gc_cont=0.259
FR668087.1_723       -            235 1064at2085           -            350   2.4e-27   91.5   5.4   1   2   2.9e-12   1.2e-10   36.7   0.9     1    71     4    75     4    92 0.86 # 834842 # 835546 # -1 # ID=1_723;partial=00;start_type=ATG;rbs_motif=AGGA/GGAG/GAGG;rbs_spacer=11-12bp;gc_cont=0.221
FR668087.1_723       -            235 1064at2085           -            350   2.4e-27   91.5   5.4   2   2   1.6e-18   6.4e-17   57.2   0.2   138   258    94   214    90   225 0.93 # 834842 # 835546 # -1 # ID=1_723;partial=00;start_type=ATG;rbs_motif=AGGA/GGAG/GAGG;rbs_spacer=11-12bp;gc_cont=0.221
FR668087.1_693       -            250 1064at2085           -            350   1.2e-25   85.9  15.2   1   2     3e-16   1.2e-14   49.7   4.5     1    94     4   100     4   135 0.76 # 801398 # 802147 # -1 # ID=1_693;partial=00;start_type=ATG;rbs_motif=None;rbs_spacer=None;gc_cont=0.212
FR668087.1_693       -            250 1064at2085           -            350   1.2e-25   85.9  15.2   2   2   2.2e-13     9e-12   40.3   5.1   161   266   132   236   108   246 0.82 # 801398 # 802147 # -1 # ID=1_693;partial=00;start_type=ATG;rbs_motif=None;rbs_spacer=None;gc_cont=0.212
FR668087.1_345       -            624 1064at2085           -            350   3.9e-23   77.7   0.6   1   2   1.8e-09   7.4e-08   27.4   0.0     5    68   381   448   378   499 0.82 # 416967 # 418838 # -1 # ID=1_345;partial=00;start_type=ATG;rbs_motif=AGGAG;rbs_spacer=5-10bp;gc_cont=0.239
FR668087.1_345       -            624 1064at2085           -            350   3.9e-23   77.7   0.6   2   2   8.3e-16   3.4e-14   48.3   0.2   179   272   518   609   512   614 0.87 # 416967 # 418838 # -1 # ID=1_345;partial=00;start_type=ATG;rbs_motif=AGGAG;rbs_spacer=5-10bp;gc_cont=0.239
FR668087.1_733       -            947 1064at2085           -            350   8.2e-21   70.1   7.6   1   4    0.0041      0.17    6.6   0.1    15    42    14    41     5    47 0.90 # 847519 # 850359 # 1 # ID=1_733;partial=00;start_type=ATG;rbs_motif=AGGAG;rbs_spacer=5-10bp;gc_cont=0.259
FR668087.1_733       -            947 1064at2085           -            350   8.2e-21   70.1   7.6   2   4   2.8e-09   1.1e-07   26.8   0.1   160   250   473   564   450   573 0.80 # 847519 # 850359 # 1 # ID=1_733;partial=00;start_type=ATG;rbs_motif=AGGAG;rbs_spacer=5-10bp;gc_cont=0.259
FR668087.1_733       -            947 1064at2085           -            350   8.2e-21   70.1   7.6   3   4   1.7e-06   6.9e-05   17.7   0.2    15    45   625   655   616   676 0.90 # 847519 # 850359 # 1 # ID=1_733;partial=00;start_type=ATG;rbs_motif=AGGAG;rbs_spacer=5-10bp;gc_cont=0.259
FR668087.1_733       -            947 1064at2085           -            350   8.2e-21   70.1   7.6   4   4   3.7e-07   1.5e-05   19.8   0.0   156   279   810   940   798   946 0.80 # 847519 # 850359 # 1 # ID=1_733;partial=00;start_type=ATG;rbs_motif=AGGAG;rbs_spacer=5-10bp;gc_cont=0.259
FR668087.1_344       -            618 1064at2085           -            350   1.6e-18   62.5   1.4   1   2   6.6e-08   2.7e-06   22.3   0.1    14    63   389   438   374   499 0.78 # 415096 # 416949 # -1 # ID=1_344;partial=00;start_type=ATG;rbs_motif=AGGAGG;rbs_spacer=5-10bp;gc_cont=0.252
FR668087.1_344       -            618 1064at2085           -            350   1.6e-18   62.5   1.4   2   2   5.6e-13   2.3e-11   39.0   0.2   179   259   514   599   508   612 0.69 # 415096 # 416949 # -1 # ID=1_344;partial=00;start_type=ATG;rbs_motif=AGGAGG;rbs_spacer=5-10bp;gc_cont=0.252
FR668087.1_543       -            172 1064at2085           -            350   8.3e-10   33.9   3.0   1   2   1.6e-09   6.7e-08   27.6   0.6     4    70    24    89    21    98 0.87 # 648952 # 649467 # -1 # ID=1_543;partial=00;start_type=ATG;rbs_motif=GGA/GAG/AGG;rbs_spacer=5-10bp;gc_cont=0.248
FR668087.1_543       -            172 1064at2085           -            350   8.3e-10   33.9   3.0   2   2    0.0023     0.093    7.4   0.1   124   189    98   163    84   167 0.88 # 648952 # 649467 # -1 # ID=1_543;partial=00;start_type=ATG;rbs_motif=GGA/GAG/AGG;rbs_spacer=5-10bp;gc_cont=0.248
#
# Program:         hmmsearch
# Version:         3.1b2 (February 2015)
# Pipeline mode:   SEARCH
# Query file:      /root/busco_downloads/lineages/mycoplasmatales_odb10/hmms/1064at2085.hmm
# Target file:     /disk3/default/V2/admin/core/data/myco/outBusco/M.leachii_990146/prodigal_output/predicted_genes/predicted.faa
# Option settings: hmmsearch --domtblout /disk3/default/V2/admin/core/data/myco/outBusco/M.leachii_990146/run_mycoplasmatales_odb10/hmmer_output/1064at2085.out --cpu 1 /root/busco_downloads/lineages/mycoplasmatales_odb10/hmms/1064at2085.hmm /disk3/default/V2/admin/core/data/myco/outBusco/M.leachii_990146/prodigal_output/predicted_genes/predicted.faa 
# Current dir:     /root
# Date:            Sun Jul 31 23:55:25 2022
# [ok]
