#                                                                            --- full sequence --- -------------- this domain -------------   hmm coord   ali coord   env coord
# target name        accession   tlen query name           accession   qlen   E-value  score  bias   #  of  c-Evalue  i-Evalue  score  bias  from    to  from    to  from    to  acc description of target
#------------------- ---------- ----- -------------------- ---------- ----- --------- ------ ----- --- --- --------- --------- ------ ----- ----- ----- ----- ----- ----- ----- ---- ---------------------
FR668087.1_733       -            947 111at2085            -            770         0 1159.1  30.6   1   4   3.1e-90   2.5e-88  292.7   2.2     1   196     6   226     6   236 0.89 # 847519 # 850359 # 1 # ID=1_733;partial=00;start_type=ATG;rbs_motif=AGGAG;rbs_spacer=5-10bp;gc_cont=0.259
FR668087.1_733       -            947 111at2085            -            770         0 1159.1  30.6   2   4   2.3e-28   1.9e-26   88.1   0.0   187   279   256   360   249   366 0.87 # 847519 # 850359 # 1 # ID=1_733;partial=00;start_type=ATG;rbs_motif=AGGAG;rbs_spacer=5-10bp;gc_cont=0.259
FR668087.1_733       -            947 111at2085            -            770         0 1159.1  30.6   3   4   3.5e-11   2.9e-09   31.3   1.0   258   344   360   454   358   458 0.85 # 847519 # 850359 # 1 # ID=1_733;partial=00;start_type=ATG;rbs_motif=AGGAG;rbs_spacer=5-10bp;gc_cont=0.259
FR668087.1_733       -            947 111at2085            -            770         0 1159.1  30.6   4   4  2.1e-228  1.7e-226  749.6  14.1   321   769   458   942   452   943 0.94 # 847519 # 850359 # 1 # ID=1_733;partial=00;start_type=ATG;rbs_motif=AGGAG;rbs_spacer=5-10bp;gc_cont=0.259
FR668087.1_623       -            303 111at2085            -            770   2.1e-12   41.6   1.2   1   2   8.8e-05    0.0072   10.1   0.2   483   512    39    68    31    85 0.82 # 741182 # 742090 # -1 # ID=1_623;partial=00;start_type=ATG;rbs_motif=3Base/5BMM;rbs_spacer=13-15bp;gc_cont=0.265
FR668087.1_623       -            303 111at2085            -            770   2.1e-12   41.6   1.2   2   2   5.8e-11   4.7e-09   30.6   0.1   644   760   146   253   130   261 0.80 # 741182 # 742090 # -1 # ID=1_623;partial=00;start_type=ATG;rbs_motif=3Base/5BMM;rbs_spacer=13-15bp;gc_cont=0.265
FR668087.1_357       -            513 111at2085            -            770   3.7e-12   40.8   3.6   1   3    0.0062       0.5    4.0   0.0   484   515    19    50     5    65 0.83 # 431654 # 433192 # 1 # ID=1_357;partial=00;start_type=ATG;rbs_motif=AGGAGG;rbs_spacer=3-4bp;gc_cont=0.259
FR668087.1_357       -            513 111at2085            -            770   3.7e-12   40.8   3.6   2   3   2.1e-09   1.8e-07   25.4   1.1   612   736   106   226    81   231 0.84 # 431654 # 433192 # 1 # ID=1_357;partial=00;start_type=ATG;rbs_motif=AGGAGG;rbs_spacer=3-4bp;gc_cont=0.259
FR668087.1_357       -            513 111at2085            -            770   3.7e-12   40.8   3.6   3   3   8.9e-05    0.0073   10.1   0.0   661   728   435   496   417   508 0.74 # 431654 # 433192 # 1 # ID=1_357;partial=00;start_type=ATG;rbs_motif=AGGAGG;rbs_spacer=3-4bp;gc_cont=0.259
FR668087.1_25        -            346 111at2085            -            770   7.8e-12   39.8   4.1   1   2   3.1e-05    0.0025   11.6   0.2   475   512   123   160    92   167 0.72 # 30852 # 31889 # 1 # ID=1_25;partial=00;start_type=ATG;rbs_motif=GGAG/GAGG;rbs_spacer=5-10bp;gc_cont=0.275
FR668087.1_25        -            346 111at2085            -            770   7.8e-12   39.8   4.1   2   2   1.3e-10   1.1e-08   29.4   0.1   657   738   243   322   191   328 0.89 # 30852 # 31889 # 1 # ID=1_25;partial=00;start_type=ATG;rbs_motif=GGAG/GAGG;rbs_spacer=5-10bp;gc_cont=0.275
FR668087.1_693       -            250 111at2085            -            770   3.2e-11   37.7  11.0   1   2   1.9e-05    0.0015   12.3   0.8   481   531    19    70     3    88 0.72 # 801398 # 802147 # -1 # ID=1_693;partial=00;start_type=ATG;rbs_motif=None;rbs_spacer=None;gc_cont=0.212
FR668087.1_693       -            250 111at2085            -            770   3.2e-11   37.7  11.0   2   2   7.1e-11   5.8e-09   30.3   3.6   633   737   114   221    86   226 0.72 # 801398 # 802147 # -1 # ID=1_693;partial=00;start_type=ATG;rbs_motif=None;rbs_spacer=None;gc_cont=0.212
FR668087.1_793       -            251 111at2085            -            770   6.1e-11   36.8   7.1   1   2   6.4e-07   5.2e-05   17.2   0.9   482   514    16    48     5    66 0.77 # 911324 # 912076 # 1 # ID=1_793;partial=00;start_type=ATG;rbs_motif=None;rbs_spacer=None;gc_cont=0.260
FR668087.1_793       -            251 111at2085            -            770   6.1e-11   36.8   7.1   2   2   8.5e-09   6.9e-07   23.4   0.9   630   738   116   225    56   245 0.80 # 911324 # 912076 # 1 # ID=1_793;partial=00;start_type=ATG;rbs_motif=None;rbs_spacer=None;gc_cont=0.260
FR668087.1_42        -            536 111at2085            -            770   9.5e-11   36.2  18.4   1   4     0.096       7.9    0.1   0.2   485   512    29    56     8    86 0.81 # 49281 # 50888 # 1 # ID=1_42;partial=00;start_type=ATG;rbs_motif=GGAG/GAGG;rbs_spacer=5-10bp;gc_cont=0.282
FR668087.1_42        -            536 111at2085            -            770   9.5e-11   36.2  18.4   2   4   1.2e-12   9.6e-11   36.1   2.1   643   734   130   217    90   243 0.85 # 49281 # 50888 # 1 # ID=1_42;partial=00;start_type=ATG;rbs_motif=GGAG/GAGG;rbs_spacer=5-10bp;gc_cont=0.282
FR668087.1_42        -            536 111at2085            -            770   9.5e-11   36.2  18.4   3   4     0.004      0.32    4.6   0.3   483   530   284   337   268   343 0.75 # 49281 # 50888 # 1 # ID=1_42;partial=00;start_type=ATG;rbs_motif=GGAG/GAGG;rbs_spacer=5-10bp;gc_cont=0.282
FR668087.1_42        -            536 111at2085            -            770   9.5e-11   36.2  18.4   4   4    0.0025       0.2    5.3   0.3   662   738   413   487   402   519 0.78 # 49281 # 50888 # 1 # ID=1_42;partial=00;start_type=ATG;rbs_motif=GGAG/GAGG;rbs_spacer=5-10bp;gc_cont=0.282
FR668087.1_344       -            618 111at2085            -            770   4.7e-09   30.5   0.2   1   1   9.9e-11   8.1e-09   29.8   0.2   655   763   505   605   469   611 0.83 # 415096 # 416949 # -1 # ID=1_344;partial=00;start_type=ATG;rbs_motif=AGGAGG;rbs_spacer=5-10bp;gc_cont=0.252
FR668087.1_431       -            352 111at2085            -            770   4.9e-09   30.5   3.2   1   2     0.019       1.5    2.4   0.1   484   512    21    49    10    53 0.86 # 532264 # 533319 # -1 # ID=1_431;partial=00;start_type=ATG;rbs_motif=AGGAG;rbs_spacer=3-4bp;gc_cont=0.274
FR668087.1_431       -            352 111at2085            -            770   4.9e-09   30.5   3.2   2   2   2.3e-10   1.9e-08   28.5   0.4   330   430   109   210    92   225 0.81 # 532264 # 533319 # -1 # ID=1_431;partial=00;start_type=ATG;rbs_motif=AGGAG;rbs_spacer=3-4bp;gc_cont=0.274
FR668087.1_417       -            362 111at2085            -            770   4.1e-07   24.1   2.0   1   2   0.00025      0.02    8.6   0.0    10   511    19    47     7    58 0.62 # 514004 # 515089 # 1 # ID=1_417;partial=00;start_type=ATG;rbs_motif=AGGAG/GGAGG;rbs_spacer=11-12bp;gc_cont=0.265
FR668087.1_417       -            362 111at2085            -            770   4.1e-07   24.1   2.0   2   2   3.8e-06   0.00031   14.6   0.1   350   431   129   210   102   220 0.80 # 514004 # 515089 # 1 # ID=1_417;partial=00;start_type=ATG;rbs_motif=AGGAG/GGAGG;rbs_spacer=11-12bp;gc_cont=0.265
FR668087.1_288       -            269 111at2085            -            770   1.4e-05   19.1   0.4   1   2    0.0014      0.12    6.1   0.1   478   521    32    76    19    91 0.79 # 345971 # 346777 # -1 # ID=1_288;partial=00;start_type=ATG;rbs_motif=GGA/GAG/AGG;rbs_spacer=5-10bp;gc_cont=0.253
FR668087.1_288       -            269 111at2085            -            770   1.4e-05   19.1   0.4   2   2     4e-05    0.0033   11.2   0.0   657   734   159   233   145   237 0.78 # 345971 # 346777 # -1 # ID=1_288;partial=00;start_type=ATG;rbs_motif=GGA/GAG/AGG;rbs_spacer=5-10bp;gc_cont=0.253
#
# Program:         hmmsearch
# Version:         3.1b2 (February 2015)
# Pipeline mode:   SEARCH
# Query file:      /root/busco_downloads/lineages/mycoplasmatales_odb10/hmms/111at2085.hmm
# Target file:     /disk3/default/V2/admin/core/data/myco/outBusco/M.leachii_990146/prodigal_output/predicted_genes/predicted.faa
# Option settings: hmmsearch --domtblout /disk3/default/V2/admin/core/data/myco/outBusco/M.leachii_990146/run_mycoplasmatales_odb10/hmmer_output/111at2085.out --cpu 1 /root/busco_downloads/lineages/mycoplasmatales_odb10/hmms/111at2085.hmm /disk3/default/V2/admin/core/data/myco/outBusco/M.leachii_990146/prodigal_output/predicted_genes/predicted.faa 
# Current dir:     /root
# Date:            Sun Jul 31 23:55:25 2022
# [ok]
