#                                                                            --- full sequence --- -------------- this domain -------------   hmm coord   ali coord   env coord
# target name        accession   tlen query name           accession   qlen   E-value  score  bias   #  of  c-Evalue  i-Evalue  score  bias  from    to  from    to  from    to  acc description of target
#------------------- ---------- ----- -------------------- ---------- ----- --------- ------ ----- --- --- --------- --------- ------ ----- ----- ----- ----- ----- ----- ----- ---- ---------------------
FR668087.1_528       -            436 1140at2085           -            348  6.5e-118  389.2  24.9   1   1  1.2e-119  1.6e-117  388.0  24.9     1   347     6   434     6   435 0.82 # 633083 # 634390 # -1 # ID=1_528;partial=00;start_type=ATG;rbs_motif=None;rbs_spacer=None;gc_cont=0.230
FR668087.1_786       -            453 1140at2085           -            348     6e-22   73.6  13.2   1   2      0.64        82   -2.5   0.3   104   129   140   165   121   174 0.74 # 903400 # 904758 # -1 # ID=1_786;partial=00;start_type=ATG;rbs_motif=GGA/GAG/AGG;rbs_spacer=5-10bp;gc_cont=0.244
FR668087.1_786       -            453 1140at2085           -            348     6e-22   73.6  13.2   2   2   4.7e-24     6e-22   73.6  13.2   129   287   217   383   199   422 0.70 # 903400 # 904758 # -1 # ID=1_786;partial=00;start_type=ATG;rbs_motif=GGA/GAG/AGG;rbs_spacer=5-10bp;gc_cont=0.244
FR668087.1_312       -            302 1140at2085           -            348   7.2e-16   53.6  13.5   1   2   6.5e-18   8.4e-16   53.4   1.7     1    77     9    94     9   114 0.81 # 377951 # 378856 # -1 # ID=1_312;partial=00;start_type=ATG;rbs_motif=None;rbs_spacer=None;gc_cont=0.221
FR668087.1_312       -            302 1140at2085           -            348   7.2e-16   53.6  13.5   2   2   0.00081       0.1    7.1   2.5   222   279   118   174   101   220 0.86 # 377951 # 378856 # -1 # ID=1_312;partial=00;start_type=ATG;rbs_motif=None;rbs_spacer=None;gc_cont=0.221
FR668087.1_482       -            197 1140at2085           -            348   1.8e-13   45.8   4.0   1   1   2.7e-15   3.5e-13   44.8   4.0   131   275    24   191     6   196 0.77 # 591158 # 591748 # -1 # ID=1_482;partial=00;start_type=ATG;rbs_motif=AGGA;rbs_spacer=5-10bp;gc_cont=0.223
FR668087.1_511       -            317 1140at2085           -            348   1.2e-09   33.2   0.2   1   3      0.19        24   -0.7   0.9   215   234    48    68    15   116 0.64 # 618696 # 619646 # -1 # ID=1_511;partial=00;start_type=ATG;rbs_motif=AGxAG;rbs_spacer=5-10bp;gc_cont=0.241
FR668087.1_511       -            317 1140at2085           -            348   1.2e-09   33.2   0.2   2   3   9.5e-12   1.2e-09   33.2   0.2     2    68   127   196   126   230 0.82 # 618696 # 619646 # -1 # ID=1_511;partial=00;start_type=ATG;rbs_motif=AGxAG;rbs_spacer=5-10bp;gc_cont=0.241
FR668087.1_511       -            317 1140at2085           -            348   1.2e-09   33.2   0.2   3   3      0.21        27   -0.9   0.0   169   188   243   262   238   280 0.85 # 618696 # 619646 # -1 # ID=1_511;partial=00;start_type=ATG;rbs_motif=AGxAG;rbs_spacer=5-10bp;gc_cont=0.241
FR668087.1_772       -            365 1140at2085           -            348   2.2e-06   22.4   4.5   1   3   6.6e-07   8.4e-05   17.2   0.0     1    23     5    27     5    34 0.88 # 886723 # 887817 # -1 # ID=1_772;partial=00;start_type=ATG;rbs_motif=GGA/GAG/AGG;rbs_spacer=5-10bp;gc_cont=0.278
FR668087.1_772       -            365 1140at2085           -            348   2.2e-06   22.4   4.5   2   3       0.2        26   -0.8   0.2    75   104    90   121    88   148 0.83 # 886723 # 887817 # -1 # ID=1_772;partial=00;start_type=ATG;rbs_motif=GGA/GAG/AGG;rbs_spacer=5-10bp;gc_cont=0.278
FR668087.1_772       -            365 1140at2085           -            348   2.2e-06   22.4   4.5   3   3    0.0021      0.27    5.7   0.1   215   283   195   262   187   275 0.86 # 886723 # 887817 # -1 # ID=1_772;partial=00;start_type=ATG;rbs_motif=GGA/GAG/AGG;rbs_spacer=5-10bp;gc_cont=0.278
FR668087.1_340       -            434 1140at2085           -            348   4.7e-06   21.4   3.5   1   1     3e-05    0.0038   11.8   3.5   133   278   163   332   155   360 0.59 # 410835 # 412136 # -1 # ID=1_340;partial=00;start_type=ATG;rbs_motif=AGxAGG/AGGxGG;rbs_spacer=5-10bp;gc_cont=0.265
#
# Program:         hmmsearch
# Version:         3.1b2 (February 2015)
# Pipeline mode:   SEARCH
# Query file:      /root/busco_downloads/lineages/mycoplasmatales_odb10/hmms/1140at2085.hmm
# Target file:     /disk3/default/V2/admin/core/data/myco/outBusco/M.leachii_990146/prodigal_output/predicted_genes/predicted.faa
# Option settings: hmmsearch --domtblout /disk3/default/V2/admin/core/data/myco/outBusco/M.leachii_990146/run_mycoplasmatales_odb10/hmmer_output/1140at2085.out --cpu 1 /root/busco_downloads/lineages/mycoplasmatales_odb10/hmms/1140at2085.hmm /disk3/default/V2/admin/core/data/myco/outBusco/M.leachii_990146/prodigal_output/predicted_genes/predicted.faa 
# Current dir:     /root
# Date:            Sun Jul 31 23:55:25 2022
# [ok]
