#                                                                            --- full sequence --- -------------- this domain -------------   hmm coord   ali coord   env coord
# target name        accession   tlen query name           accession   qlen   E-value  score  bias   #  of  c-Evalue  i-Evalue  score  bias  from    to  from    to  from    to  acc description of target
#------------------- ---------- ----- -------------------- ---------- ----- --------- ------ ----- --- --- --------- --------- ------ ----- ----- ----- ----- ----- ----- ----- ---- ---------------------
FR668087.1_738       -            311 3146at2085           -            235   3.9e-84  277.3   2.1   1   2   2.2e-27   2.8e-25   84.7   0.1     1    63     9    74     9    95 0.94 # 854759 # 855691 # 1 # ID=1_738;partial=00;start_type=ATG;rbs_motif=AGGA;rbs_spacer=5-10bp;gc_cont=0.304
FR668087.1_738       -            311 3146at2085           -            235   3.9e-84  277.3   2.1   2   2   2.8e-60   3.6e-58  192.3   0.2    62   234   107   301    96   302 0.87 # 854759 # 855691 # 1 # ID=1_738;partial=00;start_type=ATG;rbs_motif=AGGA;rbs_spacer=5-10bp;gc_cont=0.304
FR668087.1_234       -            455 3146at2085           -            235   1.3e-17   59.7   9.9   1   2   6.3e-08     8e-06   21.0   0.2     1    44     4    47     4    84 0.89 # 284814 # 286178 # -1 # ID=1_234;partial=00;start_type=ATG;rbs_motif=GGAG/GAGG;rbs_spacer=5-10bp;gc_cont=0.240
FR668087.1_234       -            455 3146at2085           -            235   1.3e-17   59.7   9.9   2   2   3.3e-14   4.2e-12   41.6   4.2    66   235   132   321   117   321 0.78 # 284814 # 286178 # -1 # ID=1_234;partial=00;start_type=ATG;rbs_motif=GGAG/GAGG;rbs_spacer=5-10bp;gc_cont=0.240
FR668087.1_463       -            596 3146at2085           -            235   1.1e-10   36.9  14.9   1   3   7.9e-07    0.0001   17.4   0.6     1    40   130   169   130   211 0.91 # 565485 # 567272 # 1 # ID=1_463;partial=00;start_type=ATG;rbs_motif=GGA/GAG/AGG;rbs_spacer=5-10bp;gc_cont=0.303
FR668087.1_463       -            596 3146at2085           -            235   1.1e-10   36.9  14.9   2   3   1.2e-09   1.5e-07   26.7   3.1   103   233   303   454   299   456 0.68 # 565485 # 567272 # 1 # ID=1_463;partial=00;start_type=ATG;rbs_motif=GGA/GAG/AGG;rbs_spacer=5-10bp;gc_cont=0.303
FR668087.1_463       -            596 3146at2085           -            235   1.1e-10   36.9  14.9   3   3      0.54        69   -1.7   0.1   162   213   496   544   466   566 0.61 # 565485 # 567272 # 1 # ID=1_463;partial=00;start_type=ATG;rbs_motif=GGA/GAG/AGG;rbs_spacer=5-10bp;gc_cont=0.303
FR668087.1_887       -            448 3146at2085           -            235   1.3e-05   20.4   4.3   1   2     0.088        11    0.9   0.1     3   130     3    29     1    41 0.58 # 1005827 # 1007170 # -1 # ID=1_887;partial=00;start_type=ATG;rbs_motif=GGA/GAG/AGG;rbs_spacer=5-10bp;gc_cont=0.258
FR668087.1_887       -            448 3146at2085           -            235   1.3e-05   20.4   4.3   2   2   1.6e-07   2.1e-05   19.6   0.8   102   223   148   292   143   304 0.67 # 1005827 # 1007170 # -1 # ID=1_887;partial=00;start_type=ATG;rbs_motif=GGA/GAG/AGG;rbs_spacer=5-10bp;gc_cont=0.258
FR668087.1_458       -            455 3146at2085           -            235   2.2e-05   19.6   1.3   1   1   4.2e-07   5.4e-05   18.3   1.3    66   218   106   287    96   314 0.62 # 559602 # 560966 # 1 # ID=1_458;partial=00;start_type=ATG;rbs_motif=GGA/GAG/AGG;rbs_spacer=5-10bp;gc_cont=0.308
FR668087.1_885       -            630 3146at2085           -            235   9.6e-05   17.5   0.2   1   2   2.7e-06   0.00035   15.6   0.1     1    30     5    34     5    40 0.94 # 1002212 # 1004101 # -1 # ID=1_885;partial=00;start_type=ATG;rbs_motif=GGA/GAG/AGG;rbs_spacer=5-10bp;gc_cont=0.292
FR668087.1_885       -            630 3146at2085           -            235   9.6e-05   17.5   0.2   2   2      0.79     1e+02   -2.2   0.0    62    74   145   157   129   171 0.65 # 1002212 # 1004101 # -1 # ID=1_885;partial=00;start_type=ATG;rbs_motif=GGA/GAG/AGG;rbs_spacer=5-10bp;gc_cont=0.292
FR668087.1_281       -            417 3146at2085           -            235   0.00015   16.8   0.1   1   2   0.00012     0.015   10.3   0.0     3    33     5    35     3    55 0.84 # 339572 # 340822 # -1 # ID=1_281;partial=00;start_type=ATG;rbs_motif=GGA/GAG/AGG;rbs_spacer=5-10bp;gc_cont=0.254
FR668087.1_281       -            417 3146at2085           -            235   0.00015   16.8   0.1   2   2     0.013       1.7    3.6   0.0   139   170   103   134    90   140 0.83 # 339572 # 340822 # -1 # ID=1_281;partial=00;start_type=ATG;rbs_motif=GGA/GAG/AGG;rbs_spacer=5-10bp;gc_cont=0.254
#
# Program:         hmmsearch
# Version:         3.1b2 (February 2015)
# Pipeline mode:   SEARCH
# Query file:      /root/busco_downloads/lineages/mycoplasmatales_odb10/hmms/3146at2085.hmm
# Target file:     /disk3/default/V2/admin/core/data/myco/outBusco/M.leachii_990146/prodigal_output/predicted_genes/predicted.faa
# Option settings: hmmsearch --domtblout /disk3/default/V2/admin/core/data/myco/outBusco/M.leachii_990146/run_mycoplasmatales_odb10/hmmer_output/3146at2085.out --cpu 1 /root/busco_downloads/lineages/mycoplasmatales_odb10/hmms/3146at2085.hmm /disk3/default/V2/admin/core/data/myco/outBusco/M.leachii_990146/prodigal_output/predicted_genes/predicted.faa 
# Current dir:     /root
# Date:            Sun Jul 31 23:55:30 2022
# [ok]
