#                                                                            --- full sequence --- -------------- this domain -------------   hmm coord   ali coord   env coord
# target name        accession   tlen query name           accession   qlen   E-value  score  bias   #  of  c-Evalue  i-Evalue  score  bias  from    to  from    to  from    to  acc description of target
#------------------- ---------- ----- -------------------- ---------- ----- --------- ------ ----- --- --- --------- --------- ------ ----- ----- ----- ----- ----- ----- ----- ---- ---------------------
FR668087.1_153       -           1481 56at2085             -           1080         0 1388.2  39.0   1   2      0.22        98   -3.8   1.5    54   134    14    94     7   169 0.73 # 183019 # 187461 # -1 # ID=1_153;partial=00;start_type=ATG;rbs_motif=AGGAGG;rbs_spacer=3-4bp;gc_cont=0.239
FR668087.1_153       -           1481 56at2085             -           1080         0 1388.2  39.0   2   2         0         0 1388.2  39.0    39  1078   322  1477   289  1478 0.88 # 183019 # 187461 # -1 # ID=1_153;partial=00;start_type=ATG;rbs_motif=AGGAGG;rbs_spacer=3-4bp;gc_cont=0.239
FR668087.1_596       -            988 56at2085             -           1080   9.9e-19   62.4  45.9   1   5   8.1e-05     0.036    7.5   0.9    56   123     7    75     3    81 0.87 # 707618 # 710581 # -1 # ID=1_596;partial=00;start_type=ATG;rbs_motif=AGGAG;rbs_spacer=5-10bp;gc_cont=0.193
FR668087.1_596       -            988 56at2085             -           1080   9.9e-19   62.4  45.9   2   5     2e-09     9e-07   22.8   7.0   404   566   163   328   119   331 0.74 # 707618 # 710581 # -1 # ID=1_596;partial=00;start_type=ATG;rbs_motif=AGGAG;rbs_spacer=5-10bp;gc_cont=0.193
FR668087.1_596       -            988 56at2085             -           1080   9.9e-19   62.4  45.9   3   5   5.7e-07   0.00026   14.6   0.0   606   670   331   395   329   412 0.86 # 707618 # 710581 # -1 # ID=1_596;partial=00;start_type=ATG;rbs_motif=AGGAG;rbs_spacer=5-10bp;gc_cont=0.193
FR668087.1_596       -            988 56at2085             -           1080   9.9e-19   62.4  45.9   4   5   5.1e-07   0.00023   14.8   0.9   674   782   436   547   422   556 0.79 # 707618 # 710581 # -1 # ID=1_596;partial=00;start_type=ATG;rbs_motif=AGGAG;rbs_spacer=5-10bp;gc_cont=0.193
FR668087.1_596       -            988 56at2085             -           1080   9.9e-19   62.4  45.9   5   5   4.4e-08     2e-05   18.3  13.6   906  1048   684   835   593   864 0.76 # 707618 # 710581 # -1 # ID=1_596;partial=00;start_type=ATG;rbs_motif=AGGAG;rbs_spacer=5-10bp;gc_cont=0.193
#
# Program:         hmmsearch
# Version:         3.1b2 (February 2015)
# Pipeline mode:   SEARCH
# Query file:      /root/busco_downloads/lineages/mycoplasmatales_odb10/hmms/56at2085.hmm
# Target file:     /disk3/default/V2/admin/core/data/myco/outBusco/M.leachii_990146/prodigal_output/predicted_genes/predicted.faa
# Option settings: hmmsearch --domtblout /disk3/default/V2/admin/core/data/myco/outBusco/M.leachii_990146/run_mycoplasmatales_odb10/hmmer_output/56at2085.out --cpu 1 /root/busco_downloads/lineages/mycoplasmatales_odb10/hmms/56at2085.hmm /disk3/default/V2/admin/core/data/myco/outBusco/M.leachii_990146/prodigal_output/predicted_genes/predicted.faa 
# Current dir:     /root
# Date:            Sun Jul 31 23:55:33 2022
# [ok]
