#                                                                            --- full sequence --- -------------- this domain -------------   hmm coord   ali coord   env coord
# target name        accession   tlen query name           accession   qlen   E-value  score  bias   #  of  c-Evalue  i-Evalue  score  bias  from    to  from    to  from    to  acc description of target
#------------------- ---------- ----- -------------------- ---------- ----- --------- ------ ----- --- --- --------- --------- ------ ----- ----- ----- ----- ----- ----- ----- ---- ---------------------
FR668087.1_392       -            396 705at2085            -            342  6.1e-179  590.0   4.4   1   1  3.9e-181    7e-179  589.8   4.4     1   342     1   388     1   388 0.93 # 474000 # 475187 # 1 # ID=1_392;partial=00;start_type=ATG;rbs_motif=AGGAG;rbs_spacer=5-10bp;gc_cont=0.359
FR668087.1_136       -            601 705at2085            -            342   7.4e-22   73.5   1.6   1   1   5.5e-24   9.8e-22   73.1   1.6    14   223     8   232     1   280 0.77 # 164666 # 166468 # 1 # ID=1_136;partial=00;start_type=ATG;rbs_motif=GGA/GAG/AGG;rbs_spacer=5-10bp;gc_cont=0.276
FR668087.1_147       -            621 705at2085            -            342   1.1e-20   69.6   3.2   1   1   1.2e-22   2.2e-20   68.7   3.2    15   258   124   371   112   404 0.71 # 177634 # 179496 # -1 # ID=1_147;partial=00;start_type=ATG;rbs_motif=GGAG/GAGG;rbs_spacer=5-10bp;gc_cont=0.281
FR668087.1_442       -            610 705at2085            -            342   1.8e-18   62.4   0.9   1   1   2.4e-20   4.3e-18   61.1   0.9    10   145     4   151     1   267 0.68 # 540207 # 542036 # -1 # ID=1_442;partial=00;start_type=ATG;rbs_motif=GGAG/GAGG;rbs_spacer=5-10bp;gc_cont=0.274
FR668087.1_391       -            690 705at2085            -            342     3e-14   48.5   0.6   1   3   8.6e-16   1.5e-13   46.1   0.3    13   134    11   142     4   183 0.77 # 471799 # 473868 # 1 # ID=1_391;partial=00;start_type=ATG;rbs_motif=AGGA;rbs_spacer=5-10bp;gc_cont=0.316
FR668087.1_391       -            690 705at2085            -            342     3e-14   48.5   0.6   2   3      0.25        46   -1.5   0.0    29    64   173   208   167   226 0.76 # 471799 # 473868 # 1 # ID=1_391;partial=00;start_type=ATG;rbs_motif=AGGA;rbs_spacer=5-10bp;gc_cont=0.316
FR668087.1_391       -            690 705at2085            -            342     3e-14   48.5   0.6   3   3      0.31        55   -1.7   0.0   149   175   250   275   225   283 0.78 # 471799 # 473868 # 1 # ID=1_391;partial=00;start_type=ATG;rbs_motif=AGGA;rbs_spacer=5-10bp;gc_cont=0.316
#
# Program:         hmmsearch
# Version:         3.1b2 (February 2015)
# Pipeline mode:   SEARCH
# Query file:      /root/busco_downloads/lineages/mycoplasmatales_odb10/hmms/705at2085.hmm
# Target file:     /disk3/default/V2/admin/core/data/myco/outBusco/M.leachii_990146/prodigal_output/predicted_genes/predicted.faa
# Option settings: hmmsearch --domtblout /disk3/default/V2/admin/core/data/myco/outBusco/M.leachii_990146/run_mycoplasmatales_odb10/hmmer_output/705at2085.out --cpu 1 /root/busco_downloads/lineages/mycoplasmatales_odb10/hmms/705at2085.hmm /disk3/default/V2/admin/core/data/myco/outBusco/M.leachii_990146/prodigal_output/predicted_genes/predicted.faa 
# Current dir:     /root
# Date:            Sun Jul 31 23:55:33 2022
# [ok]
