#                                                                            --- full sequence --- -------------- this domain -------------   hmm coord   ali coord   env coord
# target name        accession   tlen query name           accession   qlen   E-value  score  bias   #  of  c-Evalue  i-Evalue  score  bias  from    to  from    to  from    to  acc description of target
#------------------- ---------- ----- -------------------- ---------- ----- --------- ------ ----- --- --- --------- --------- ------ ----- ----- ----- ----- ----- ----- ----- ---- ---------------------
FR668087.1_147       -            621 801at2085            -            486  5.8e-174  575.0  25.3   1   2  6.2e-145  1.1e-142  471.8  12.2     2   331    21   388    20   413 0.90 # 177634 # 179496 # -1 # ID=1_147;partial=00;start_type=ATG;rbs_motif=GGAG/GAGG;rbs_spacer=5-10bp;gc_cont=0.281
FR668087.1_147       -            621 801at2085            -            486  5.8e-174  575.0  25.3   2   2   9.5e-35   1.7e-32  108.4   6.0   329   484   416   615   400   617 0.79 # 177634 # 179496 # -1 # ID=1_147;partial=00;start_type=ATG;rbs_motif=GGAG/GAGG;rbs_spacer=5-10bp;gc_cont=0.281
FR668087.1_392       -            396 801at2085            -            486   1.7e-20   68.8   3.8   1   1   1.4e-21   2.6e-19   65.0   3.8    85   280    15   241     3   257 0.75 # 474000 # 475187 # 1 # ID=1_392;partial=00;start_type=ATG;rbs_motif=AGGAG;rbs_spacer=5-10bp;gc_cont=0.359
FR668087.1_136       -            601 801at2085            -            486     1e-19   66.3   3.7   1   2   0.00013     0.024    9.0   0.0    86   109    10    34     3    41 0.78 # 164666 # 166468 # 1 # ID=1_136;partial=00;start_type=ATG;rbs_motif=GGA/GAG/AGG;rbs_spacer=5-10bp;gc_cont=0.276
FR668087.1_136       -            601 801at2085            -            486     1e-19   66.3   3.7   2   2     3e-19   5.4e-17   57.3   1.3   124   287    74   231    65   277 0.87 # 164666 # 166468 # 1 # ID=1_136;partial=00;start_type=ATG;rbs_motif=GGA/GAG/AGG;rbs_spacer=5-10bp;gc_cont=0.276
FR668087.1_442       -            610 801at2085            -            486   9.5e-16   53.2   4.8   1   2   2.7e-17   4.9e-15   50.8   1.3    85   225     9   173     2   194 0.71 # 540207 # 542036 # -1 # ID=1_442;partial=00;start_type=ATG;rbs_motif=GGAG/GAGG;rbs_spacer=5-10bp;gc_cont=0.274
FR668087.1_442       -            610 801at2085            -            486   9.5e-16   53.2   4.8   2   2      0.75   1.4e+02   -3.4   0.1   438   456   239   257   220   291 0.61 # 540207 # 542036 # -1 # ID=1_442;partial=00;start_type=ATG;rbs_motif=GGAG/GAGG;rbs_spacer=5-10bp;gc_cont=0.274
FR668087.1_391       -            690 801at2085            -            486   3.7e-14   48.0   2.9   1   2   1.9e-14   3.5e-12   41.4   2.4   110   192    56   144     6   151 0.67 # 471799 # 473868 # 1 # ID=1_391;partial=00;start_type=ATG;rbs_motif=AGGA;rbs_spacer=5-10bp;gc_cont=0.316
FR668087.1_391       -            690 801at2085            -            486   3.7e-14   48.0   2.9   2   2     0.035       6.3    1.0   0.0   214   234   255   275   226   283 0.83 # 471799 # 473868 # 1 # ID=1_391;partial=00;start_type=ATG;rbs_motif=AGGA;rbs_spacer=5-10bp;gc_cont=0.316
#
# Program:         hmmsearch
# Version:         3.1b2 (February 2015)
# Pipeline mode:   SEARCH
# Query file:      /root/busco_downloads/lineages/mycoplasmatales_odb10/hmms/801at2085.hmm
# Target file:     /disk3/default/V2/admin/core/data/myco/outBusco/M.leachii_990146/prodigal_output/predicted_genes/predicted.faa
# Option settings: hmmsearch --domtblout /disk3/default/V2/admin/core/data/myco/outBusco/M.leachii_990146/run_mycoplasmatales_odb10/hmmer_output/801at2085.out --cpu 1 /root/busco_downloads/lineages/mycoplasmatales_odb10/hmms/801at2085.hmm /disk3/default/V2/admin/core/data/myco/outBusco/M.leachii_990146/prodigal_output/predicted_genes/predicted.faa 
# Current dir:     /root
# Date:            Sun Jul 31 23:55:34 2022
# [ok]
