#                                                                            --- full sequence --- -------------- this domain -------------   hmm coord   ali coord   env coord
# target name        accession   tlen query name           accession   qlen   E-value  score  bias   #  of  c-Evalue  i-Evalue  score  bias  from    to  from    to  from    to  acc description of target
#------------------- ---------- ----- -------------------- ---------- ----- --------- ------ ----- --- --- --------- --------- ------ ----- ----- ----- ----- ----- ----- ----- ---- ---------------------
FR668087.1_314       -            595 1371at2085           -            438   1.1e-47  158.4 162.2   1   4   3.7e-24   2.8e-22   74.7  14.7     1   102     3   113     3   115 0.90 # 379359 # 381143 # -1 # ID=1_314;partial=00;start_type=ATG;rbs_motif=None;rbs_spacer=None;gc_cont=0.149
FR668087.1_314       -            595 1371at2085           -            438   1.1e-47  158.4 162.2   2   4   4.3e-20   3.3e-18   61.3  68.2    86   304   115   342   113   351 0.89 # 379359 # 381143 # -1 # ID=1_314;partial=00;start_type=ATG;rbs_motif=None;rbs_spacer=None;gc_cont=0.149
FR668087.1_314       -            595 1371at2085           -            438   1.1e-47  158.4 162.2   3   4    0.0002     0.015    9.7  36.0   264   371   353   485   346   490 0.77 # 379359 # 381143 # -1 # ID=1_314;partial=00;start_type=ATG;rbs_motif=None;rbs_spacer=None;gc_cont=0.149
FR668087.1_314       -            595 1371at2085           -            438   1.1e-47  158.4 162.2   4   4   2.5e-10   1.9e-08   29.1  20.9   345   435   492   585   486   588 0.77 # 379359 # 381143 # -1 # ID=1_314;partial=00;start_type=ATG;rbs_motif=None;rbs_spacer=None;gc_cont=0.149
FR668087.1_357       -            513 1371at2085           -            438   2.7e-11   38.5  12.7   1   4       0.4        30   -1.2   0.1   334   344    41    51    39    54 0.89 # 431654 # 433192 # 1 # ID=1_357;partial=00;start_type=ATG;rbs_motif=AGGAGG;rbs_spacer=3-4bp;gc_cont=0.259
FR668087.1_357       -            513 1371at2085           -            438   2.7e-11   38.5  12.7   2   4   1.7e-10   1.2e-08   29.7   1.4   372   438   153   218   144   218 0.85 # 431654 # 433192 # 1 # ID=1_357;partial=00;start_type=ATG;rbs_motif=AGGAGG;rbs_spacer=3-4bp;gc_cont=0.259
FR668087.1_357       -            513 1371at2085           -            438   2.7e-11   38.5  12.7   3   4      0.82        62   -2.3   0.1   333   345   358   370   351   376 0.80 # 431654 # 433192 # 1 # ID=1_357;partial=00;start_type=ATG;rbs_motif=AGGAGG;rbs_spacer=3-4bp;gc_cont=0.259
FR668087.1_357       -            513 1371at2085           -            438   2.7e-11   38.5  12.7   4   4   3.6e-06   0.00027   15.4   0.0   370   435   429   493   426   496 0.83 # 431654 # 433192 # 1 # ID=1_357;partial=00;start_type=ATG;rbs_motif=AGGAGG;rbs_spacer=3-4bp;gc_cont=0.259
FR668087.1_762       -            235 1371at2085           -            438   6.4e-11   37.2  12.5   1   2   0.00014      0.01   10.2   0.3   334   368    43    83    39    94 0.83 # 876949 # 877653 # -1 # ID=1_762;partial=00;start_type=ATG;rbs_motif=AGGA/GGAG/GAGG;rbs_spacer=11-12bp;gc_cont=0.230
FR668087.1_762       -            235 1371at2085           -            438   6.4e-11   37.2  12.5   2   2   9.2e-11   6.9e-09   30.5   6.6   357   435   113   194   101   196 0.82 # 876949 # 877653 # -1 # ID=1_762;partial=00;start_type=ATG;rbs_motif=AGGA/GGAG/GAGG;rbs_spacer=11-12bp;gc_cont=0.230
FR668087.1_723       -            235 1371at2085           -            438   1.9e-09   32.4  13.6   1   2    0.0003     0.023    9.1   1.0   334   368    43    83    40    95 0.79 # 834842 # 835546 # -1 # ID=1_723;partial=00;start_type=ATG;rbs_motif=AGGA/GGAG/GAGG;rbs_spacer=11-12bp;gc_cont=0.221
FR668087.1_723       -            235 1371at2085           -            438   1.9e-09   32.4  13.6   2   2   6.9e-10   5.2e-08   27.6   5.8   367   433   123   191    89   195 0.78 # 834842 # 835546 # -1 # ID=1_723;partial=00;start_type=ATG;rbs_motif=AGGA/GGAG/GAGG;rbs_spacer=11-12bp;gc_cont=0.221
FR668087.1_431       -            352 1371at2085           -            438   3.2e-09   31.6   1.1   1   2     0.038       2.8    2.1   0.1   333   364    42    79    40    92 0.78 # 532264 # 533319 # -1 # ID=1_431;partial=00;start_type=ATG;rbs_motif=AGGAG;rbs_spacer=3-4bp;gc_cont=0.274
FR668087.1_431       -            352 1371at2085           -            438   3.2e-09   31.6   1.1   2   2     6e-10   4.5e-08   27.8   0.1   374   436   131   196   102   197 0.90 # 532264 # 533319 # -1 # ID=1_431;partial=00;start_type=ATG;rbs_motif=AGGAG;rbs_spacer=3-4bp;gc_cont=0.274
FR668087.1_345       -            624 1371at2085           -            438     7e-09   30.5   0.0   1   3    0.0034      0.26    5.6  30.0   100   243    56   212    37   235 0.78 # 416967 # 418838 # -1 # ID=1_345;partial=00;start_type=ATG;rbs_motif=AGGAG;rbs_spacer=5-10bp;gc_cont=0.239
FR668087.1_345       -            624 1371at2085           -            438     7e-09   30.5   0.0   2   3      0.23        18   -0.5   0.1   333   357   417   448   415   465 0.70 # 416967 # 418838 # -1 # ID=1_345;partial=00;start_type=ATG;rbs_motif=AGGAG;rbs_spacer=5-10bp;gc_cont=0.239
FR668087.1_345       -            624 1371at2085           -            438     7e-09   30.5   0.0   3   3   9.4e-11     7e-09   30.5   0.0   369   435   508   575   489   578 0.85 # 416967 # 418838 # -1 # ID=1_345;partial=00;start_type=ATG;rbs_motif=AGGAG;rbs_spacer=5-10bp;gc_cont=0.239
FR668087.1_693       -            250 1371at2085           -            438   1.5e-08   29.4   6.7   1   1     2e-10   1.5e-08   29.4   6.7   366   432   137   204   126   211 0.85 # 801398 # 802147 # -1 # ID=1_693;partial=00;start_type=ATG;rbs_motif=None;rbs_spacer=None;gc_cont=0.212
FR668087.1_344       -            618 1371at2085           -            438   2.5e-08   28.7   0.0   1   4      0.69        52   -2.0   0.1   138   177    45    84    30    91 0.65 # 415096 # 416949 # -1 # ID=1_344;partial=00;start_type=ATG;rbs_motif=AGGAGG;rbs_spacer=5-10bp;gc_cont=0.252
FR668087.1_344       -            618 1371at2085           -            438   2.5e-08   28.7   0.0   2   4       1.4     1e+02   -3.0   6.6   222   324   279   382   265   391 0.47 # 415096 # 416949 # -1 # ID=1_344;partial=00;start_type=ATG;rbs_motif=AGGAGG;rbs_spacer=5-10bp;gc_cont=0.252
FR668087.1_344       -            618 1371at2085           -            438   2.5e-08   28.7   0.0   3   4     0.084       6.3    1.0   0.1   333   359   413   446   411   464 0.70 # 415096 # 416949 # -1 # ID=1_344;partial=00;start_type=ATG;rbs_motif=AGGAGG;rbs_spacer=5-10bp;gc_cont=0.252
FR668087.1_344       -            618 1371at2085           -            438   2.5e-08   28.7   0.0   4   4   3.4e-10   2.5e-08   28.7   0.0   371   435   506   571   485   574 0.82 # 415096 # 416949 # -1 # ID=1_344;partial=00;start_type=ATG;rbs_motif=AGGAGG;rbs_spacer=5-10bp;gc_cont=0.252
FR668087.1_417       -            362 1371at2085           -            438   6.7e-08   27.3   0.0   1   4     0.041       3.1    2.0   0.2   333   357    41    71    10    94 0.72 # 514004 # 515089 # 1 # ID=1_417;partial=00;start_type=ATG;rbs_motif=AGGAG/GGAGG;rbs_spacer=11-12bp;gc_cont=0.265
FR668087.1_417       -            362 1371at2085           -            438   6.7e-08   27.3   0.0   2   4   8.9e-10   6.7e-08   27.3   0.0   353   415   109   171    92   196 0.81 # 514004 # 515089 # 1 # ID=1_417;partial=00;start_type=ATG;rbs_motif=AGGAG/GGAGG;rbs_spacer=11-12bp;gc_cont=0.265
FR668087.1_417       -            362 1371at2085           -            438   6.7e-08   27.3   0.0   3   4      0.94        70   -2.5   0.3   164   177   248   261   227   294 0.57 # 514004 # 515089 # 1 # ID=1_417;partial=00;start_type=ATG;rbs_motif=AGGAG/GGAGG;rbs_spacer=11-12bp;gc_cont=0.265
FR668087.1_417       -            362 1371at2085           -            438   6.7e-08   27.3   0.0   4   4       1.4   1.1e+02   -3.1   0.1   425   437   323   335   295   341 0.72 # 514004 # 515089 # 1 # ID=1_417;partial=00;start_type=ATG;rbs_motif=AGGAG/GGAGG;rbs_spacer=11-12bp;gc_cont=0.265
FR668087.1_288       -            269 1371at2085           -            438   1.7e-06   22.6   2.8   1   2     0.052       3.9    1.7   2.4   333   354    59    80    17    98 0.77 # 345971 # 346777 # -1 # ID=1_288;partial=00;start_type=ATG;rbs_motif=GGA/GAG/AGG;rbs_spacer=5-10bp;gc_cont=0.253
FR668087.1_288       -            269 1371at2085           -            438   1.7e-06   22.6   2.8   2   2   2.8e-07   2.1e-05   19.1   0.0   373   436   160   224   141   226 0.88 # 345971 # 346777 # -1 # ID=1_288;partial=00;start_type=ATG;rbs_motif=GGA/GAG/AGG;rbs_spacer=5-10bp;gc_cont=0.253
FR668087.1_42        -            536 1371at2085           -            438   4.5e-06   21.3   2.7   1   1     6e-08   4.5e-06   21.3   2.7   375   435   146   208    82   210 0.84 # 49281 # 50888 # 1 # ID=1_42;partial=00;start_type=ATG;rbs_motif=GGAG/GAGG;rbs_spacer=5-10bp;gc_cont=0.282
FR668087.1_793       -            251 1371at2085           -            438   3.3e-05   18.4   0.8   1   2     0.097       7.2    0.8   0.9   333   345    39    51    19    69 0.84 # 911324 # 912076 # 1 # ID=1_793;partial=00;start_type=ATG;rbs_motif=None;rbs_spacer=None;gc_cont=0.260
FR668087.1_793       -            251 1371at2085           -            438   3.3e-05   18.4   0.8   2   2   4.4e-07   3.3e-05   18.4   0.8   367   427   140   201    96   213 0.77 # 911324 # 912076 # 1 # ID=1_793;partial=00;start_type=ATG;rbs_motif=None;rbs_spacer=None;gc_cont=0.260
#
# Program:         hmmsearch
# Version:         3.1b2 (February 2015)
# Pipeline mode:   SEARCH
# Query file:      /root/busco_downloads/lineages/mycoplasmatales_odb10/hmms/1371at2085.hmm
# Target file:     /disk3/default/V2/admin/core/data/myco/outBusco/M.leachii_990146/prodigal_output/predicted_genes/predicted.faa
# Option settings: hmmsearch --domtblout /disk3/default/V2/admin/core/data/myco/outBusco/M.leachii_990146/run_mycoplasmatales_odb10/hmmer_output/1371at2085.out --cpu 1 /root/busco_downloads/lineages/mycoplasmatales_odb10/hmms/1371at2085.hmm /disk3/default/V2/admin/core/data/myco/outBusco/M.leachii_990146/prodigal_output/predicted_genes/predicted.faa 
# Current dir:     /root
# Date:            Sun Jul 31 23:55:26 2022
# [ok]
