#                                                                            --- full sequence --- -------------- this domain -------------   hmm coord   ali coord   env coord
# target name        accession   tlen query name           accession   qlen   E-value  score  bias   #  of  c-Evalue  i-Evalue  score  bias  from    to  from    to  from    to  acc description of target
#------------------- ---------- ----- -------------------- ---------- ----- --------- ------ ----- --- --- --------- --------- ------ ----- ----- ----- ----- ----- ----- ----- ---- ---------------------
FR668087.1_312       -            302 2656at2085           -            232   6.5e-71  234.0  26.7   1   2   8.9e-44   8.9e-42  138.7  11.5     1   147     9   162     9   171 0.88 # 377951 # 378856 # -1 # ID=1_312;partial=00;start_type=ATG;rbs_motif=None;rbs_spacer=None;gc_cont=0.221
FR668087.1_312       -            302 2656at2085           -            232   6.5e-71  234.0  26.7   2   2   2.6e-32   2.6e-30  101.1  11.8   104   232   149   296   143   296 0.81 # 377951 # 378856 # -1 # ID=1_312;partial=00;start_type=ATG;rbs_motif=None;rbs_spacer=None;gc_cont=0.221
FR668087.1_528       -            436 2656at2085           -            232     9e-43  141.9  20.9   1   3   2.1e-23   2.1e-21   72.0   3.6     1   114     6   124     6   136 0.85 # 633083 # 634390 # -1 # ID=1_528;partial=00;start_type=ATG;rbs_motif=None;rbs_spacer=None;gc_cont=0.230
FR668087.1_528       -            436 2656at2085           -            232     9e-43  141.9  20.9   2   3   7.5e-25   7.5e-23   76.7   6.5     1   128   177   312   177   327 0.81 # 633083 # 634390 # -1 # ID=1_528;partial=00;start_type=ATG;rbs_motif=None;rbs_spacer=None;gc_cont=0.230
FR668087.1_528       -            436 2656at2085           -            232     9e-43  141.9  20.9   3   3      0.23        23   -0.1   0.1   103   134   322   354   316   363 0.78 # 633083 # 634390 # -1 # ID=1_528;partial=00;start_type=ATG;rbs_motif=None;rbs_spacer=None;gc_cont=0.230
FR668087.1_786       -            453 2656at2085           -            232   5.2e-19   64.2  15.0   1   1   6.2e-21   6.2e-19   63.9  13.3     2   120   221   342   220   380 0.81 # 903400 # 904758 # -1 # ID=1_786;partial=00;start_type=ATG;rbs_motif=GGA/GAG/AGG;rbs_spacer=5-10bp;gc_cont=0.244
FR668087.1_340       -            434 2656at2085           -            232   9.8e-14   46.9   2.5   1   2   2.4e-15   2.4e-13   45.6   0.8     1   119   162   281   162   334 0.73 # 410835 # 412136 # -1 # ID=1_340;partial=00;start_type=ATG;rbs_motif=AGxAGG/AGGxGG;rbs_spacer=5-10bp;gc_cont=0.265
FR668087.1_340       -            434 2656at2085           -            232   9.8e-14   46.9   2.5   2   2      0.32        32   -0.6   0.5    74   117   318   362   306   372 0.74 # 410835 # 412136 # -1 # ID=1_340;partial=00;start_type=ATG;rbs_motif=AGxAGG/AGGxGG;rbs_spacer=5-10bp;gc_cont=0.265
FR668087.1_482       -            197 2656at2085           -            232   4.9e-11   38.1   3.8   1   1   6.5e-13   6.5e-11   37.7   3.8     1   137    25   171    25   191 0.72 # 591158 # 591748 # -1 # ID=1_482;partial=00;start_type=ATG;rbs_motif=AGGA;rbs_spacer=5-10bp;gc_cont=0.223
FR668087.1_511       -            317 2656at2085           -            232   6.3e-10   34.4   1.2   1   3     0.012       1.2    4.0   0.6    67   120    17    71     9    80 0.83 # 618696 # 619646 # -1 # ID=1_511;partial=00;start_type=ATG;rbs_motif=AGxAG;rbs_spacer=5-10bp;gc_cont=0.241
FR668087.1_511       -            317 2656at2085           -            232   6.3e-10   34.4   1.2   2   3     0.042       4.2    2.3   2.1    88   134    68   115    65   124 0.67 # 618696 # 619646 # -1 # ID=1_511;partial=00;start_type=ATG;rbs_motif=AGxAG;rbs_spacer=5-10bp;gc_cont=0.241
FR668087.1_511       -            317 2656at2085           -            232   6.3e-10   34.4   1.2   3   3   6.3e-12   6.3e-10   34.4   1.2     3   126   128   245   126   266 0.76 # 618696 # 619646 # -1 # ID=1_511;partial=00;start_type=ATG;rbs_motif=AGxAG;rbs_spacer=5-10bp;gc_cont=0.241
FR668087.1_147       -            621 2656at2085           -            232   9.6e-07   24.0   1.0   1   2       3.2   3.2e+02   -3.9   0.1    28    51    11    34     7    41 0.69 # 177634 # 179496 # -1 # ID=1_147;partial=00;start_type=ATG;rbs_motif=GGAG/GAGG;rbs_spacer=5-10bp;gc_cont=0.281
FR668087.1_147       -            621 2656at2085           -            232   9.6e-07   24.0   1.0   2   2   9.6e-09   9.6e-07   24.0   1.0     1   113   124   233   124   249 0.69 # 177634 # 179496 # -1 # ID=1_147;partial=00;start_type=ATG;rbs_motif=GGAG/GAGG;rbs_spacer=5-10bp;gc_cont=0.281
FR668087.1_772       -            365 2656at2085           -            232   2.1e-06   22.9   3.1   1   2   6.2e-08   6.2e-06   21.4   0.4     1    23     5    27     5   156 0.82 # 886723 # 887817 # -1 # ID=1_772;partial=00;start_type=ATG;rbs_motif=GGA/GAG/AGG;rbs_spacer=5-10bp;gc_cont=0.278
FR668087.1_772       -            365 2656at2085           -            232   2.1e-06   22.9   3.1   2   2      0.43        43   -1.0   0.1    60    66   225   231   172   269 0.53 # 886723 # 887817 # -1 # ID=1_772;partial=00;start_type=ATG;rbs_motif=GGA/GAG/AGG;rbs_spacer=5-10bp;gc_cont=0.278
FR668087.1_646       -            234 2656at2085           -            232   0.00061   14.9   0.9   1   1   8.2e-06   0.00082   14.4   0.9   165   219    53   106    19   116 0.76 # 754121 # 754822 # -1 # ID=1_646;partial=00;start_type=ATG;rbs_motif=AGGA;rbs_spacer=5-10bp;gc_cont=0.291
#
# Program:         hmmsearch
# Version:         3.1b2 (February 2015)
# Pipeline mode:   SEARCH
# Query file:      /root/busco_downloads/lineages/mycoplasmatales_odb10/hmms/2656at2085.hmm
# Target file:     /disk3/default/V2/admin/core/data/myco/outBusco/M.leachii_990146/prodigal_output/predicted_genes/predicted.faa
# Option settings: hmmsearch --domtblout /disk3/default/V2/admin/core/data/myco/outBusco/M.leachii_990146/run_mycoplasmatales_odb10/hmmer_output/2656at2085.out --cpu 1 /root/busco_downloads/lineages/mycoplasmatales_odb10/hmms/2656at2085.hmm /disk3/default/V2/admin/core/data/myco/outBusco/M.leachii_990146/prodigal_output/predicted_genes/predicted.faa 
# Current dir:     /root
# Date:            Sun Jul 31 23:55:29 2022
# [ok]
