#                                                                            --- full sequence --- -------------- this domain -------------   hmm coord   ali coord   env coord
# target name        accession   tlen query name           accession   qlen   E-value  score  bias   #  of  c-Evalue  i-Evalue  score  bias  from    to  from    to  from    to  acc description of target
#------------------- ---------- ----- -------------------- ---------- ----- --------- ------ ----- --- --- --------- --------- ------ ----- ----- ----- ----- ----- ----- ----- ---- ---------------------
FR668087.1_407       -            294 2666at2085           -            250   1.7e-70  232.7  13.0   1   1   3.1e-70     4e-68  225.0  13.0     2   246     8   292     7   293 0.84 # 497293 # 498174 # 1 # ID=1_407;partial=00;start_type=ATG;rbs_motif=GGAG/GAGG;rbs_spacer=5-10bp;gc_cont=0.226
FR668087.1_695       -            288 2666at2085           -            250   1.3e-27   92.3   7.2   1   1   1.4e-27   1.8e-25   85.3   7.2     5   245     4   277     2   282 0.74 # 803847 # 804710 # -1 # ID=1_695;partial=00;start_type=ATG;rbs_motif=GGA/GAG/AGG;rbs_spacer=5-10bp;gc_cont=0.250
FR668087.1_178       -            289 2666at2085           -            250   1.2e-26   89.1  19.4   1   2   2.4e-17   3.1e-15   51.7   8.0     6   179     7   177     2   185 0.83 # 221175 # 222041 # 1 # ID=1_178;partial=00;start_type=ATG;rbs_motif=AGGA/GGAG/GAGG;rbs_spacer=11-12bp;gc_cont=0.216
FR668087.1_178       -            289 2666at2085           -            250   1.2e-26   89.1  19.4   2   2   1.1e-14   1.4e-12   43.0   4.0   164   247   197   286   178   288 0.87 # 221175 # 222041 # 1 # ID=1_178;partial=00;start_type=ATG;rbs_motif=AGGA/GGAG/GAGG;rbs_spacer=11-12bp;gc_cont=0.216
FR668087.1_790       -            280 2666at2085           -            250   1.5e-23   78.9   5.4   1   2   3.5e-09   4.5e-07   25.0   0.0     4    52     6    54     3    65 0.80 # 907422 # 908261 # 1 # ID=1_790;partial=00;start_type=ATG;rbs_motif=AGGAG;rbs_spacer=5-10bp;gc_cont=0.245
FR668087.1_790       -            280 2666at2085           -            250   1.5e-23   78.9   5.4   2   2   2.1e-18   2.8e-16   55.2   1.9   160   242   189   277   154   279 0.82 # 907422 # 908261 # 1 # ID=1_790;partial=00;start_type=ATG;rbs_motif=AGGAG;rbs_spacer=5-10bp;gc_cont=0.245
FR668087.1_798       -            281 2666at2085           -            250   2.9e-23   78.0   5.1   1   2   3.3e-12   4.2e-10   34.9   0.2     2    85     4    91     3   116 0.81 # 922486 # 923328 # 1 # ID=1_798;partial=00;start_type=ATG;rbs_motif=AGGA;rbs_spacer=5-10bp;gc_cont=0.255
FR668087.1_798       -            281 2666at2085           -            250   2.9e-23   78.0   5.1   2   2   2.4e-15     3e-13   45.2   0.9   160   240   185   274   139   280 0.77 # 922486 # 923328 # 1 # ID=1_798;partial=00;start_type=ATG;rbs_motif=AGGA;rbs_spacer=5-10bp;gc_cont=0.255
FR668087.1_705       -            279 2666at2085           -            250   1.5e-21   72.4  10.7   1   2   2.1e-09   2.7e-07   25.7   0.3     5   126     8   130     5   143 0.75 # 814886 # 815722 # 1 # ID=1_705;partial=00;start_type=ATG;rbs_motif=3Base/5BMM;rbs_spacer=13-15bp;gc_cont=0.232
FR668087.1_705       -            279 2666at2085           -            250   1.5e-21   72.4  10.7   2   2   5.9e-17   7.5e-15   50.5   4.7   161   241   187   274   167   278 0.80 # 814886 # 815722 # 1 # ID=1_705;partial=00;start_type=ATG;rbs_motif=3Base/5BMM;rbs_spacer=13-15bp;gc_cont=0.232
FR668087.1_897       -            266 2666at2085           -            250   4.7e-13   44.6  11.1   1   1   1.6e-13   2.1e-11   39.2  11.1     3   211     3   234     1   259 0.69 # 1014383 # 1015180 # -1 # ID=1_897;partial=00;start_type=ATG;rbs_motif=GGA/GAG/AGG;rbs_spacer=5-10bp;gc_cont=0.199
#
# Program:         hmmsearch
# Version:         3.1b2 (February 2015)
# Pipeline mode:   SEARCH
# Query file:      /root/busco_downloads/lineages/mycoplasmatales_odb10/hmms/2666at2085.hmm
# Target file:     /disk3/default/V2/admin/core/data/myco/outBusco/M.leachii_990146/prodigal_output/predicted_genes/predicted.faa
# Option settings: hmmsearch --domtblout /disk3/default/V2/admin/core/data/myco/outBusco/M.leachii_990146/run_mycoplasmatales_odb10/hmmer_output/2666at2085.out --cpu 1 /root/busco_downloads/lineages/mycoplasmatales_odb10/hmms/2666at2085.hmm /disk3/default/V2/admin/core/data/myco/outBusco/M.leachii_990146/prodigal_output/predicted_genes/predicted.faa 
# Current dir:     /root
# Date:            Sun Jul 31 23:55:29 2022
# [ok]
