#                                                                            --- full sequence --- -------------- this domain -------------   hmm coord   ali coord   env coord
# target name        accession   tlen query name           accession   qlen   E-value  score  bias   #  of  c-Evalue  i-Evalue  score  bias  from    to  from    to  from    to  acc description of target
#------------------- ---------- ----- -------------------- ---------- ----- --------- ------ ----- --- --- --------- --------- ------ ----- ----- ----- ----- ----- ----- ----- ---- ---------------------
FR668087.1_499       -            301 3843at2085           -            213   3.5e-62  205.4  19.8   1   2   2.1e-30   2.1e-28   95.0   1.7     5    93    24   121    18   127 0.85 # 607854 # 608756 # -1 # ID=1_499;partial=00;start_type=ATG;rbs_motif=GGA/GAG/AGG;rbs_spacer=5-10bp;gc_cont=0.214
FR668087.1_499       -            301 3843at2085           -            213   3.5e-62  205.4  19.8   2   2   1.6e-36   1.6e-34  115.0  11.3    80   212   124   291   122   292 0.83 # 607854 # 608756 # -1 # ID=1_499;partial=00;start_type=ATG;rbs_motif=GGA/GAG/AGG;rbs_spacer=5-10bp;gc_cont=0.214
FR668087.1_482       -            197 3843at2085           -            213   3.2e-07   25.8   5.4   1   2     1e-08     1e-06   24.1   0.1    98   176    10    94     2   105 0.61 # 591158 # 591748 # -1 # ID=1_482;partial=00;start_type=ATG;rbs_motif=AGGA;rbs_spacer=5-10bp;gc_cont=0.223
FR668087.1_482       -            197 3843at2085           -            213   3.2e-07   25.8   5.4   2   2      0.02         2    3.5   2.5    55   106   118   163    82   191 0.63 # 591158 # 591748 # -1 # ID=1_482;partial=00;start_type=ATG;rbs_motif=AGGA;rbs_spacer=5-10bp;gc_cont=0.223
FR668087.1_623       -            303 3843at2085           -            213   0.00015   17.0   1.0   1   1   3.4e-06   0.00034   15.9   1.0    92   127    35    69     2    99 0.76 # 741182 # 742090 # -1 # ID=1_623;partial=00;start_type=ATG;rbs_motif=3Base/5BMM;rbs_spacer=13-15bp;gc_cont=0.265
FR668087.1_733       -            947 3843at2085           -            213   0.00016   16.9   0.5   1   2    0.0037      0.37    5.9   0.0   104   124    22    42    11    50 0.80 # 847519 # 850359 # 1 # ID=1_733;partial=00;start_type=ATG;rbs_motif=AGGAG;rbs_spacer=5-10bp;gc_cont=0.259
FR668087.1_733       -            947 3843at2085           -            213   0.00016   16.9   0.5   2   2   0.00063     0.063    8.5   0.2   105   131   634   660   615   679 0.73 # 847519 # 850359 # 1 # ID=1_733;partial=00;start_type=ATG;rbs_motif=AGGAG;rbs_spacer=5-10bp;gc_cont=0.259
FR668087.1_357       -            513 3843at2085           -            213   0.00033   15.9   2.6   1   3   0.00081     0.081    8.1   0.1   104   132    25    53     6    56 0.79 # 431654 # 433192 # 1 # ID=1_357;partial=00;start_type=ATG;rbs_motif=AGGAGG;rbs_spacer=3-4bp;gc_cont=0.259
FR668087.1_357       -            513 3843at2085           -            213   0.00033   15.9   2.6   2   3       2.4   2.4e+02   -3.2   0.1    88   103   220   235   190   244 0.55 # 431654 # 433192 # 1 # ID=1_357;partial=00;start_type=ATG;rbs_motif=AGGAGG;rbs_spacer=3-4bp;gc_cont=0.259
FR668087.1_357       -            513 3843at2085           -            213   0.00033   15.9   2.6   3   3    0.0016      0.16    7.2   0.0   105   135   344   374   299   384 0.81 # 431654 # 433192 # 1 # ID=1_357;partial=00;start_type=ATG;rbs_motif=AGGAGG;rbs_spacer=3-4bp;gc_cont=0.259
FR668087.1_793       -            251 3843at2085           -            213   0.00044   15.5   5.0   1   2   6.5e-05    0.0065   11.7   0.7   104   136    24    55    10    74 0.83 # 911324 # 912076 # 1 # ID=1_793;partial=00;start_type=ATG;rbs_motif=None;rbs_spacer=None;gc_cont=0.260
FR668087.1_793       -            251 3843at2085           -            213   0.00044   15.5   5.0   2   2     0.006       0.6    5.3   0.1    52   102   180   230   172   240 0.86 # 911324 # 912076 # 1 # ID=1_793;partial=00;start_type=ATG;rbs_motif=None;rbs_spacer=None;gc_cont=0.260
FR668087.1_288       -            269 3843at2085           -            213   0.00047   15.4   0.1   1   1   7.9e-06   0.00079   14.7   0.1   104   133    44    73    19    95 0.79 # 345971 # 346777 # -1 # ID=1_288;partial=00;start_type=ATG;rbs_motif=GGA/GAG/AGG;rbs_spacer=5-10bp;gc_cont=0.253
FR668087.1_723       -            235 3843at2085           -            213    0.0005   15.3   0.7   1   2     5e-06    0.0005   15.3   0.7    73   128     2    51     1    62 0.85 # 834842 # 835546 # -1 # ID=1_723;partial=00;start_type=ATG;rbs_motif=AGGA/GGAG/GAGG;rbs_spacer=11-12bp;gc_cont=0.221
FR668087.1_723       -            235 3843at2085           -            213    0.0005   15.3   0.7   2   2         1     1e+02   -2.0   0.3    62    80   172   190   139   231 0.64 # 834842 # 835546 # -1 # ID=1_723;partial=00;start_type=ATG;rbs_motif=AGGA/GGAG/GAGG;rbs_spacer=11-12bp;gc_cont=0.221
FR668087.1_528       -            436 3843at2085           -            213   0.00083   14.6  17.1   1   4   0.00011     0.011   11.0   0.2   106   169     1    67     1    80 0.68 # 633083 # 634390 # -1 # ID=1_528;partial=00;start_type=ATG;rbs_motif=None;rbs_spacer=None;gc_cont=0.230
FR668087.1_528       -            436 3843at2085           -            213   0.00083   14.6  17.1   2   4      0.29        29   -0.2   0.4     5    86    42   123    38   146 0.52 # 633083 # 634390 # -1 # ID=1_528;partial=00;start_type=ATG;rbs_motif=None;rbs_spacer=None;gc_cont=0.230
FR668087.1_528       -            436 3843at2085           -            213   0.00083   14.6  17.1   3   4    0.0015      0.15    7.2   0.1   107   139   173   205   153   234 0.75 # 633083 # 634390 # -1 # ID=1_528;partial=00;start_type=ATG;rbs_motif=None;rbs_spacer=None;gc_cont=0.230
FR668087.1_528       -            436 3843at2085           -            213   0.00083   14.6  17.1   4   4    0.0057      0.57    5.3   2.6    40   106   253   316   214   354 0.75 # 633083 # 634390 # -1 # ID=1_528;partial=00;start_type=ATG;rbs_motif=None;rbs_spacer=None;gc_cont=0.230
#
# Program:         hmmsearch
# Version:         3.1b2 (February 2015)
# Pipeline mode:   SEARCH
# Query file:      /root/busco_downloads/lineages/mycoplasmatales_odb10/hmms/3843at2085.hmm
# Target file:     /disk3/default/V2/admin/core/data/myco/outBusco/M.leachii_990146/prodigal_output/predicted_genes/predicted.faa
# Option settings: hmmsearch --domtblout /disk3/default/V2/admin/core/data/myco/outBusco/M.leachii_990146/run_mycoplasmatales_odb10/hmmer_output/3843at2085.out --cpu 1 /root/busco_downloads/lineages/mycoplasmatales_odb10/hmms/3843at2085.hmm /disk3/default/V2/admin/core/data/myco/outBusco/M.leachii_990146/prodigal_output/predicted_genes/predicted.faa 
# Current dir:     /root
# Date:            Sun Jul 31 23:55:31 2022
# [ok]
