#                                                                            --- full sequence --- -------------- this domain -------------   hmm coord   ali coord   env coord
# target name        accession   tlen query name           accession   qlen   E-value  score  bias   #  of  c-Evalue  i-Evalue  score  bias  from    to  from    to  from    to  acc description of target
#------------------- ---------- ----- -------------------- ---------- ----- --------- ------ ----- --- --- --------- --------- ------ ----- ----- ----- ----- ----- ----- ----- ---- ---------------------
CP000123.1_748       -            947 111at2085            -            770         0 1160.4  30.7   1   4   2.8e-90   1.8e-88  293.1   2.4     1   196     6   226     6   236 0.89 # 892149 # 894989 # 1 # ID=1_748;partial=00;start_type=ATG;rbs_motif=AGGAG;rbs_spacer=5-10bp;gc_cont=0.258
CP000123.1_748       -            947 111at2085            -            770         0 1160.4  30.7   2   4     7e-29   4.6e-27   90.0   0.0   187   279   256   360   249   366 0.87 # 892149 # 894989 # 1 # ID=1_748;partial=00;start_type=ATG;rbs_motif=AGGAG;rbs_spacer=5-10bp;gc_cont=0.258
CP000123.1_748       -            947 111at2085            -            770         0 1160.4  30.7   3   4   3.7e-11   2.4e-09   31.4   1.1   258   344   360   454   358   458 0.85 # 892149 # 894989 # 1 # ID=1_748;partial=00;start_type=ATG;rbs_motif=AGGAG;rbs_spacer=5-10bp;gc_cont=0.258
CP000123.1_748       -            947 111at2085            -            770         0 1160.4  30.7   4   4  4.4e-228  2.9e-226  748.7  13.5   321   769   458   942   452   943 0.94 # 892149 # 894989 # 1 # ID=1_748;partial=00;start_type=ATG;rbs_motif=AGGAG;rbs_spacer=5-10bp;gc_cont=0.258
CP000123.1_19        -            346 111at2085            -            770   1.5e-12   42.0   1.5   1   2   3.2e-05    0.0021   11.8   0.1   475   512   123   160    80   167 0.74 # 26497 # 27534 # 1 # ID=1_19;partial=00;start_type=ATG;rbs_motif=GGAG/GAGG;rbs_spacer=5-10bp;gc_cont=0.274
CP000123.1_19        -            346 111at2085            -            770   1.5e-12   42.0   1.5   2   2   1.5e-10   9.8e-09   29.4   0.1   657   738   243   322   191   328 0.89 # 26497 # 27534 # 1 # ID=1_19;partial=00;start_type=ATG;rbs_motif=GGAG/GAGG;rbs_spacer=5-10bp;gc_cont=0.274
CP000123.1_657       -            303 111at2085            -            770     2e-12   41.6   1.2   1   2    0.0001    0.0067   10.1   0.2   483   512    39    68    31    85 0.82 # 796925 # 797833 # -1 # ID=1_657;partial=00;start_type=ATG;rbs_motif=3Base/5BMM;rbs_spacer=13-15bp;gc_cont=0.261
CP000123.1_657       -            303 111at2085            -            770     2e-12   41.6   1.2   2   2   6.8e-11   4.4e-09   30.6   0.1   644   760   146   253   130   261 0.80 # 796925 # 797833 # -1 # ID=1_657;partial=00;start_type=ATG;rbs_motif=3Base/5BMM;rbs_spacer=13-15bp;gc_cont=0.261
CP000123.1_121       -            513 111at2085            -            770     2e-12   41.6   3.5   1   3    0.0047      0.31    4.6   0.0   484   515    19    50     5    68 0.81 # 147705 # 149243 # 1 # ID=1_121;partial=00;start_type=ATG;rbs_motif=AGGAGG;rbs_spacer=3-4bp;gc_cont=0.259
CP000123.1_121       -            513 111at2085            -            770     2e-12   41.6   3.5   2   3   3.3e-09   2.1e-07   25.0   0.8   612   736   106   226    84   231 0.85 # 147705 # 149243 # 1 # ID=1_121;partial=00;start_type=ATG;rbs_motif=AGGAGG;rbs_spacer=3-4bp;gc_cont=0.259
CP000123.1_121       -            513 111at2085            -            770     2e-12   41.6   3.5   3   3     6e-05    0.0039   10.9   0.0   662   736   436   505   418   509 0.74 # 147705 # 149243 # 1 # ID=1_121;partial=00;start_type=ATG;rbs_motif=AGGAGG;rbs_spacer=3-4bp;gc_cont=0.259
CP000123.1_716       -            250 111at2085            -            770   1.8e-11   38.5  10.1   1   2   2.1e-05    0.0014   12.4   0.6   483   532    21    71     8    87 0.73 # 850877 # 851626 # -1 # ID=1_716;partial=00;start_type=ATG;rbs_motif=None;rbs_spacer=None;gc_cont=0.224
CP000123.1_716       -            250 111at2085            -            770   1.8e-11   38.5  10.1   2   2   7.3e-11   4.8e-09   30.4   3.2   633   737   114   221    86   226 0.73 # 850877 # 851626 # -1 # ID=1_716;partial=00;start_type=ATG;rbs_motif=None;rbs_spacer=None;gc_cont=0.224
CP000123.1_800       -            251 111at2085            -            770   9.5e-11   36.1   6.6   1   2   1.5e-06   9.4e-05   16.2   0.8   482   514    16    48     5    65 0.78 # 954106 # 954858 # 1 # ID=1_800;partial=00;start_type=ATG;rbs_motif=None;rbs_spacer=None;gc_cont=0.266
CP000123.1_800       -            251 111at2085            -            770   9.5e-11   36.1   6.6   2   2   1.2e-08   7.5e-07   23.2   0.5   630   738   116   225    90   242 0.78 # 954106 # 954858 # 1 # ID=1_800;partial=00;start_type=ATG;rbs_motif=None;rbs_spacer=None;gc_cont=0.266
CP000123.1_36        -            536 111at2085            -            770   2.7e-10   34.6  18.1   1   4      0.11         7    0.1   0.1   485   512    29    56     7    85 0.81 # 43614 # 45221 # 1 # ID=1_36;partial=00;start_type=ATG;rbs_motif=AGGAG;rbs_spacer=5-10bp;gc_cont=0.281
CP000123.1_36        -            536 111at2085            -            770   2.7e-10   34.6  18.1   2   4   7.6e-12   4.9e-10   33.7   2.2   646   734   132   217    95   230 0.82 # 43614 # 45221 # 1 # ID=1_36;partial=00;start_type=ATG;rbs_motif=AGGAG;rbs_spacer=5-10bp;gc_cont=0.281
CP000123.1_36        -            536 111at2085            -            770   2.7e-10   34.6  18.1   3   4    0.0036      0.23    5.0   0.6   482   531   283   338   225   343 0.80 # 43614 # 45221 # 1 # ID=1_36;partial=00;start_type=ATG;rbs_motif=AGGAG;rbs_spacer=5-10bp;gc_cont=0.281
CP000123.1_36        -            536 111at2085            -            770   2.7e-10   34.6  18.1   4   4    0.0033      0.21    5.1   0.2   661   738   412   487   400   525 0.79 # 43614 # 45221 # 1 # ID=1_36;partial=00;start_type=ATG;rbs_motif=AGGAG;rbs_spacer=5-10bp;gc_cont=0.281
CP000123.1_204       -            352 111at2085            -            770   4.5e-09   30.5   3.2   1   2     0.022       1.4    2.4   0.1   484   512    21    49    10    53 0.86 # 247015 # 248070 # -1 # ID=1_204;partial=00;start_type=ATG;rbs_motif=AGGAG;rbs_spacer=3-4bp;gc_cont=0.268
CP000123.1_204       -            352 111at2085            -            770   4.5e-09   30.5   3.2   2   2   2.8e-10   1.8e-08   28.5   0.4   330   430   109   210    92   225 0.81 # 247015 # 248070 # -1 # ID=1_204;partial=00;start_type=ATG;rbs_motif=AGGAG;rbs_spacer=3-4bp;gc_cont=0.268
CP000123.1_532       -            618 111at2085            -            770   8.2e-09   29.7   0.1   1   1   2.2e-10   1.4e-08   28.9   0.1   656   762   506   604   472   611 0.85 # 644285 # 646138 # -1 # ID=1_532;partial=00;start_type=ATG;rbs_motif=AGGAGG;rbs_spacer=5-10bp;gc_cont=0.253
CP000123.1_118       -            443 111at2085            -            770   1.5e-07   25.5   1.0   1   2    0.0037      0.24    5.0   0.0   483   511    55    83    43   107 0.76 # 145029 # 146357 # 1 # ID=1_118;partial=00;start_type=ATG;rbs_motif=GGA/GAG/AGG;rbs_spacer=5-10bp;gc_cont=0.251
CP000123.1_118       -            443 111at2085            -            770   1.5e-07   25.5   1.0   2   2   2.1e-07   1.3e-05   19.0   0.2   644   731   261   346   237   367 0.82 # 145029 # 146357 # 1 # ID=1_118;partial=00;start_type=ATG;rbs_motif=GGA/GAG/AGG;rbs_spacer=5-10bp;gc_cont=0.251
CP000123.1_191       -            362 111at2085            -            770   1.8e-07   25.2   0.5   1   2   0.00029     0.019    8.6   0.0    10   511    19    47     7    58 0.62 # 228765 # 229850 # 1 # ID=1_191;partial=00;start_type=ATG;rbs_motif=AGGAG/GGAGG;rbs_spacer=11-12bp;gc_cont=0.260
CP000123.1_191       -            362 111at2085            -            770   1.8e-07   25.2   0.5   2   2     3e-06    0.0002   15.2   0.1   350   432   129   211   101   307 0.87 # 228765 # 229850 # 1 # ID=1_191;partial=00;start_type=ATG;rbs_motif=AGGAG/GGAGG;rbs_spacer=11-12bp;gc_cont=0.260
CP000123.1_480       -            270 111at2085            -            770   1.2e-05   19.2   0.3   1   2    0.0016       0.1    6.2   0.1   478   521    32    76    20    95 0.79 # 575385 # 576194 # -1 # ID=1_480;partial=00;start_type=ATG;rbs_motif=GGA/GAG/AGG;rbs_spacer=5-10bp;gc_cont=0.264
CP000123.1_480       -            270 111at2085            -            770   1.2e-05   19.2   0.3   2   2   5.1e-05    0.0033   11.1   0.0   657   734   159   233   146   237 0.77 # 575385 # 576194 # -1 # ID=1_480;partial=00;start_type=ATG;rbs_motif=GGA/GAG/AGG;rbs_spacer=5-10bp;gc_cont=0.264
CP000123.1_163       -            567 111at2085            -            770   1.6e-05   18.8  10.0   1   3    0.0016      0.11    6.1   0.1   483   512    24    53    13    70 0.80 # 198146 # 199846 # 1 # ID=1_163;partial=00;start_type=ATG;rbs_motif=AGGA;rbs_spacer=5-10bp;gc_cont=0.255
CP000123.1_163       -            567 111at2085            -            770   1.6e-05   18.8  10.0   2   3      0.19        12   -0.7   0.4   291   341    99   150    87   164 0.77 # 198146 # 199846 # 1 # ID=1_163;partial=00;start_type=ATG;rbs_motif=AGGA;rbs_spacer=5-10bp;gc_cont=0.255
CP000123.1_163       -            567 111at2085            -            770   1.6e-05   18.8  10.0   3   3   6.7e-07   4.3e-05   17.3   0.0   661   758   372   462   329   472 0.77 # 198146 # 199846 # 1 # ID=1_163;partial=00;start_type=ATG;rbs_motif=AGGA;rbs_spacer=5-10bp;gc_cont=0.255
#
# Program:         hmmsearch
# Version:         3.1b2 (February 2015)
# Pipeline mode:   SEARCH
# Query file:      /root/busco_downloads/lineages/mycoplasmatales_odb10/hmms/111at2085.hmm
# Target file:     /disk3/default/V2/admin/core/data/myco_out/outBusco/Mcc_ATCC27343/prodigal_output/predicted_genes/predicted.faa
# Option settings: hmmsearch --domtblout /disk3/default/V2/admin/core/data/myco_out/outBusco/Mcc_ATCC27343/run_mycoplasmatales_odb10/hmmer_output/111at2085.out --cpu 1 /root/busco_downloads/lineages/mycoplasmatales_odb10/hmms/111at2085.hmm /disk3/default/V2/admin/core/data/myco_out/outBusco/Mcc_ATCC27343/prodigal_output/predicted_genes/predicted.faa 
# Current dir:     /root
# Date:            Mon Aug  1 00:27:08 2022
# [ok]
