#                                                                            --- full sequence --- -------------- this domain -------------   hmm coord   ali coord   env coord
# target name        accession   tlen query name           accession   qlen   E-value  score  bias   #  of  c-Evalue  i-Evalue  score  bias  from    to  from    to  from    to  acc description of target
#------------------- ---------- ----- -------------------- ---------- ----- --------- ------ ----- --- --- --------- --------- ------ ----- ----- ----- ----- ----- ----- ----- ---- ---------------------
CP000123.1_650       -            805 462at2085            -            610  2.8e-231  764.9  32.2   1   4    2e-128  3.3e-126  417.8   6.5     1   274     3   286     3   308 0.91 # 784221 # 786635 # -1 # ID=1_650;partial=00;start_type=ATG;rbs_motif=AGGAG;rbs_spacer=5-10bp;gc_cont=0.265
CP000123.1_650       -            805 462at2085            -            610  2.8e-231  764.9  32.2   2   4    0.0046      0.78    3.7   0.0   264   295   314   351   300   368 0.77 # 784221 # 786635 # -1 # ID=1_650;partial=00;start_type=ATG;rbs_motif=AGGAG;rbs_spacer=5-10bp;gc_cont=0.265
CP000123.1_650       -            805 462at2085            -            610  2.8e-231  764.9  32.2   3   4   1.2e-97   1.9e-95  316.2   0.4   266   520   364   640   353   654 0.85 # 784221 # 786635 # -1 # ID=1_650;partial=00;start_type=ATG;rbs_motif=AGGAG;rbs_spacer=5-10bp;gc_cont=0.265
CP000123.1_650       -            805 462at2085            -            610  2.8e-231  764.9  32.2   4   4   5.6e-11   9.5e-09   29.9  12.1   507   609   659   803   644   804 0.73 # 784221 # 786635 # -1 # ID=1_650;partial=00;start_type=ATG;rbs_motif=AGGAG;rbs_spacer=5-10bp;gc_cont=0.265
CP000123.1_393       -            909 462at2085            -            610   2.3e-41  137.6  16.5   1   2   8.7e-27   1.5e-24   82.1   1.0     4   169    27   204    24   218 0.88 # 484559 # 487285 # 1 # ID=1_393;partial=00;start_type=ATG;rbs_motif=AGGA;rbs_spacer=5-10bp;gc_cont=0.250
CP000123.1_393       -            909 462at2085            -            610   2.3e-41  137.6  16.5   2   2   3.2e-21   5.4e-19   63.7   3.0   309   509   451   643   374   659 0.75 # 484559 # 487285 # 1 # ID=1_393;partial=00;start_type=ATG;rbs_motif=AGGA;rbs_spacer=5-10bp;gc_cont=0.250
CP000123.1_262       -            873 462at2085            -            610   8.9e-37  122.5  44.2   1   4   3.2e-21   5.4e-19   63.7   7.9     1   174     9   200     9   216 0.81 # 313797 # 316415 # -1 # ID=1_262;partial=00;start_type=ATG;rbs_motif=AGGAG;rbs_spacer=5-10bp;gc_cont=0.228
CP000123.1_262       -            873 462at2085            -            610   8.9e-37  122.5  44.2   2   4      0.14        24   -1.1   0.1   226   278   210   265   195   292 0.73 # 313797 # 316415 # -1 # ID=1_262;partial=00;start_type=ATG;rbs_motif=AGGAG;rbs_spacer=5-10bp;gc_cont=0.228
CP000123.1_262       -            873 462at2085            -            610   8.9e-37  122.5  44.2   3   4   6.4e-24   1.1e-21   72.6   7.0   272   517   361   580   312   588 0.83 # 313797 # 316415 # -1 # ID=1_262;partial=00;start_type=ATG;rbs_motif=AGGAG;rbs_spacer=5-10bp;gc_cont=0.228
CP000123.1_262       -            873 462at2085            -            610   8.9e-37  122.5  44.2   4   4    0.0023      0.39    4.7   3.3   514   572   657   716   638   754 0.71 # 313797 # 316415 # -1 # ID=1_262;partial=00;start_type=ATG;rbs_motif=AGGAG;rbs_spacer=5-10bp;gc_cont=0.228
CP000123.1_33        -            510 462at2085            -            610   1.2e-35  118.8  12.8   1   3   6.6e-28   1.1e-25   85.8   2.9    25   199     2   176     1   203 0.90 # 40240 # 41769 # 1 # ID=1_33;partial=00;start_type=ATG;rbs_motif=GGA/GAG/AGG;rbs_spacer=5-10bp;gc_cont=0.234
CP000123.1_33        -            510 462at2085            -            610   1.2e-35  118.8  12.8   2   3   3.2e-13   5.4e-11   37.3   0.1   428   500   273   340   229   372 0.76 # 40240 # 41769 # 1 # ID=1_33;partial=00;start_type=ATG;rbs_motif=GGA/GAG/AGG;rbs_spacer=5-10bp;gc_cont=0.234
CP000123.1_33        -            510 462at2085            -            610   1.2e-35  118.8  12.8   3   3      0.03       5.1    1.1   0.6   494   543   381   430   347   456 0.74 # 40240 # 41769 # 1 # ID=1_33;partial=00;start_type=ATG;rbs_motif=GGA/GAG/AGG;rbs_spacer=5-10bp;gc_cont=0.234
CP000123.1_108       -            442 462at2085            -            610   3.8e-07   24.6   1.7   1   3     0.043       7.2    0.5   0.0    41    65    31    55     6    59 0.84 # 128925 # 130250 # 1 # ID=1_108;partial=00;start_type=ATG;rbs_motif=AGGAG;rbs_spacer=5-10bp;gc_cont=0.203
CP000123.1_108       -            442 462at2085            -            610   3.8e-07   24.6   1.7   2   3       0.2        33   -1.6   0.1   185   212    82   112    51   142 0.66 # 128925 # 130250 # 1 # ID=1_108;partial=00;start_type=ATG;rbs_motif=AGGAG;rbs_spacer=5-10bp;gc_cont=0.203
CP000123.1_108       -            442 462at2085            -            610   3.8e-07   24.6   1.7   3   3   2.3e-09   3.8e-07   24.6   1.7   453   522   256   323   236   373 0.82 # 128925 # 130250 # 1 # ID=1_108;partial=00;start_type=ATG;rbs_motif=AGGAG;rbs_spacer=5-10bp;gc_cont=0.203
#
# Program:         hmmsearch
# Version:         3.1b2 (February 2015)
# Pipeline mode:   SEARCH
# Query file:      /root/busco_downloads/lineages/mycoplasmatales_odb10/hmms/462at2085.hmm
# Target file:     /disk3/default/V2/admin/core/data/myco_out/outBusco/Mcc_ATCC27343/prodigal_output/predicted_genes/predicted.faa
# Option settings: hmmsearch --domtblout /disk3/default/V2/admin/core/data/myco_out/outBusco/Mcc_ATCC27343/run_mycoplasmatales_odb10/hmmer_output/462at2085.out --cpu 1 /root/busco_downloads/lineages/mycoplasmatales_odb10/hmms/462at2085.hmm /disk3/default/V2/admin/core/data/myco_out/outBusco/Mcc_ATCC27343/prodigal_output/predicted_genes/predicted.faa 
# Current dir:     /root
# Date:            Mon Aug  1 00:27:14 2022
# [ok]
