#                                                                            --- full sequence --- -------------- this domain -------------   hmm coord   ali coord   env coord
# target name        accession   tlen query name           accession   qlen   E-value  score  bias   #  of  c-Evalue  i-Evalue  score  bias  from    to  from    to  from    to  acc description of target
#------------------- ---------- ----- -------------------- ---------- ----- --------- ------ ----- --- --- --------- --------- ------ ----- ----- ----- ----- ----- ----- ----- ---- ---------------------
CP000123.1_827       -            630 533at2085            -            515    7e-226  746.5  12.9   1   2  1.2e-199  3.5e-197  651.8   3.7     1   427     5   481     5   510 0.88 # 989799 # 991688 # -1 # ID=1_827;partial=00;start_type=ATG;rbs_motif=GGA/GAG/AGG;rbs_spacer=5-10bp;gc_cont=0.286
CP000123.1_827       -            630 533at2085            -            515    7e-226  746.5  12.9   2   2   4.6e-30   1.3e-27   92.3   2.0   418   515   517   618   480   618 0.82 # 989799 # 991688 # -1 # ID=1_827;partial=00;start_type=ATG;rbs_motif=GGA/GAG/AGG;rbs_spacer=5-10bp;gc_cont=0.286
CP000123.1_473       -            439 533at2085            -            515     2e-18   62.0   4.0   1   2   0.00012     0.034    8.5   0.7     3    31     5    34     3   224 0.70 # 568919 # 570235 # -1 # ID=1_473;partial=00;start_type=ATG;rbs_motif=GGA/GAG/AGG;rbs_spacer=5-10bp;gc_cont=0.253
CP000123.1_473       -            439 533at2085            -            515     2e-18   62.0   4.0   2   2     5e-18   1.4e-15   52.6   0.1   256   363   274   381   262   394 0.82 # 568919 # 570235 # -1 # ID=1_473;partial=00;start_type=ATG;rbs_motif=GGA/GAG/AGG;rbs_spacer=5-10bp;gc_cont=0.253
CP000123.1_607       -            424 533at2085            -            515     3e-17   58.1   7.2   1   4     0.011       3.2    2.0   0.0     4    28     5    30     2    41 0.72 # 727710 # 728981 # -1 # ID=1_607;partial=00;start_type=ATG;rbs_motif=None;rbs_spacer=None;gc_cont=0.198
CP000123.1_607       -            424 533at2085            -            515     3e-17   58.1   7.2   2   4     0.035       9.8    0.4   0.1   186   250    99   163    77   202 0.78 # 727710 # 728981 # -1 # ID=1_607;partial=00;start_type=ATG;rbs_motif=None;rbs_spacer=None;gc_cont=0.198
CP000123.1_607       -            424 533at2085            -            515     3e-17   58.1   7.2   3   4      0.17        47   -1.9   0.1   462   493   213   244   144   260 0.67 # 727710 # 728981 # -1 # ID=1_607;partial=00;start_type=ATG;rbs_motif=None;rbs_spacer=None;gc_cont=0.198
CP000123.1_607       -            424 533at2085            -            515     3e-17   58.1   7.2   4   4   1.8e-19   4.9e-17   57.4   0.8   257   368   265   376   256   388 0.86 # 727710 # 728981 # -1 # ID=1_607;partial=00;start_type=ATG;rbs_motif=None;rbs_spacer=None;gc_cont=0.198
#
# Program:         hmmsearch
# Version:         3.1b2 (February 2015)
# Pipeline mode:   SEARCH
# Query file:      /root/busco_downloads/lineages/mycoplasmatales_odb10/hmms/533at2085.hmm
# Target file:     /disk3/default/V2/admin/core/data/myco_out/outBusco/Mcc_ATCC27343/prodigal_output/predicted_genes/predicted.faa
# Option settings: hmmsearch --domtblout /disk3/default/V2/admin/core/data/myco_out/outBusco/Mcc_ATCC27343/run_mycoplasmatales_odb10/hmmer_output/533at2085.out --cpu 1 /root/busco_downloads/lineages/mycoplasmatales_odb10/hmms/533at2085.hmm /disk3/default/V2/admin/core/data/myco_out/outBusco/Mcc_ATCC27343/prodigal_output/predicted_genes/predicted.faa 
# Current dir:     /root
# Date:            Mon Aug  1 00:27:15 2022
# [ok]
