#                                                                            --- full sequence --- -------------- this domain -------------   hmm coord   ali coord   env coord
# target name        accession   tlen query name           accession   qlen   E-value  score  bias   #  of  c-Evalue  i-Evalue  score  bias  from    to  from    to  from    to  acc description of target
#------------------- ---------- ----- -------------------- ---------- ----- --------- ------ ----- --- --- --------- --------- ------ ----- ----- ----- ----- ----- ----- ----- ---- ---------------------
LBMF01000007.1_127   -            947 111at2085            -            770         0 1160.6  30.4   1   5   2.8e-90   1.7e-88  293.1   2.4     1   196     6   226     6   236 0.89 # 141859 # 144699 # 1 # ID=7_127;partial=00;start_type=ATG;rbs_motif=AGGAG;rbs_spacer=5-10bp;gc_cont=0.259
LBMF01000007.1_127   -            947 111at2085            -            770         0 1160.6  30.4   2   5     7e-29   4.2e-27   90.0   0.0   187   279   256   360   249   366 0.87 # 141859 # 144699 # 1 # ID=7_127;partial=00;start_type=ATG;rbs_motif=AGGAG;rbs_spacer=5-10bp;gc_cont=0.259
LBMF01000007.1_127   -            947 111at2085            -            770         0 1160.6  30.4   3   5   3.7e-11   2.2e-09   31.4   1.1   258   344   360   454   358   458 0.85 # 141859 # 144699 # 1 # ID=7_127;partial=00;start_type=ATG;rbs_motif=AGGAG;rbs_spacer=5-10bp;gc_cont=0.259
LBMF01000007.1_127   -            947 111at2085            -            770         0 1160.6  30.4   4   5     7e-99   4.2e-97  321.5   5.0   317   533   454   675   450   680 0.94 # 141859 # 144699 # 1 # ID=7_127;partial=00;start_type=ATG;rbs_motif=AGGAG;rbs_spacer=5-10bp;gc_cont=0.259
LBMF01000007.1_127   -            947 111at2085            -            770         0 1160.6  30.4   5   5  5.3e-135  3.2e-133  441.0   1.5   517   769   682   942   674   943 0.96 # 141859 # 144699 # 1 # ID=7_127;partial=00;start_type=ATG;rbs_motif=AGGAG;rbs_spacer=5-10bp;gc_cont=0.259
LBMF01000001.1_58    -            346 111at2085            -            770   1.4e-12   42.0   1.5   1   2   3.2e-05    0.0019   11.8   0.1   475   512   123   160    80   167 0.74 # 79586 # 80623 # 1 # ID=1_58;partial=00;start_type=ATG;rbs_motif=GGAG/GAGG;rbs_spacer=5-10bp;gc_cont=0.273
LBMF01000001.1_58    -            346 111at2085            -            770   1.4e-12   42.0   1.5   2   2   1.5e-10   9.1e-09   29.4   0.1   657   738   243   322   191   328 0.89 # 79586 # 80623 # 1 # ID=1_58;partial=00;start_type=ATG;rbs_motif=GGAG/GAGG;rbs_spacer=5-10bp;gc_cont=0.273
LBMF01000007.1_34    -            303 111at2085            -            770   1.8e-12   41.6   1.2   1   2    0.0001    0.0062   10.1   0.2   483   512    39    68    31    85 0.82 # 43501 # 44409 # -1 # ID=7_34;partial=00;start_type=ATG;rbs_motif=3Base/5BMM;rbs_spacer=13-15bp;gc_cont=0.259
LBMF01000007.1_34    -            303 111at2085            -            770   1.8e-12   41.6   1.2   2   2   6.8e-11   4.1e-09   30.6   0.1   644   760   146   253   130   261 0.80 # 43501 # 44409 # -1 # ID=7_34;partial=00;start_type=ATG;rbs_motif=3Base/5BMM;rbs_spacer=13-15bp;gc_cont=0.259
LBMF01000002.1_76    -            513 111at2085            -            770   1.9e-12   41.5   3.5   1   3    0.0047      0.28    4.6   0.0   484   515    19    50     5    68 0.81 # 93253 # 94791 # 1 # ID=2_76;partial=00;start_type=ATG;rbs_motif=AGGAGG;rbs_spacer=3-4bp;gc_cont=0.263
LBMF01000002.1_76    -            513 111at2085            -            770   1.9e-12   41.5   3.5   2   3   3.3e-09     2e-07   25.0   0.8   612   736   106   226    84   231 0.85 # 93253 # 94791 # 1 # ID=2_76;partial=00;start_type=ATG;rbs_motif=AGGAGG;rbs_spacer=3-4bp;gc_cont=0.263
LBMF01000002.1_76    -            513 111at2085            -            770   1.9e-12   41.5   3.5   3   3   6.1e-05    0.0036   10.9   0.0   662   736   436   505   418   509 0.75 # 93253 # 94791 # 1 # ID=2_76;partial=00;start_type=ATG;rbs_motif=AGGAGG;rbs_spacer=3-4bp;gc_cont=0.263
LBMF01000007.1_92    -            250 111at2085            -            770   2.1e-11   38.1  10.0   1   2   1.3e-05   0.00081   13.0   1.0   483   539    21    81     8   115 0.71 # 97460 # 98209 # -1 # ID=7_92;partial=00;start_type=ATG;rbs_motif=None;rbs_spacer=None;gc_cont=0.231
LBMF01000007.1_92    -            250 111at2085            -            770   2.1e-11   38.1  10.0   2   2   1.4e-10   8.3e-09   29.5   3.2   637   737   118   221    86   226 0.70 # 97460 # 98209 # -1 # ID=7_92;partial=00;start_type=ATG;rbs_motif=None;rbs_spacer=None;gc_cont=0.231
LBMF01000007.1_177   -            251 111at2085            -            770   3.7e-11   37.3   6.4   1   2   6.4e-07   3.8e-05   17.4   0.7   482   514    16    48     5    67 0.77 # 202856 # 203608 # 1 # ID=7_177;partial=00;start_type=ATG;rbs_motif=GGA/GAG/AGG;rbs_spacer=11-12bp;gc_cont=0.264
LBMF01000007.1_177   -            251 111at2085            -            770   3.7e-11   37.3   6.4   2   2     1e-08   6.1e-07   23.4   0.6   630   738   116   225    71   244 0.80 # 202856 # 203608 # 1 # ID=7_177;partial=00;start_type=ATG;rbs_motif=GGA/GAG/AGG;rbs_spacer=11-12bp;gc_cont=0.264
LBMF01000001.1_75    -            536 111at2085            -            770   5.2e-10   33.5   2.5   1   4      0.12       7.4   -0.1   0.1   485   512    29    56    13    81 0.81 # 98417 # 100024 # 1 # ID=1_75;partial=00;start_type=ATG;rbs_motif=AGGAG;rbs_spacer=5-10bp;gc_cont=0.282
LBMF01000001.1_75    -            536 111at2085            -            770   5.2e-10   33.5   2.5   2   4   8.6e-12   5.2e-10   33.5   2.5   645   734   131   217    83   229 0.81 # 98417 # 100024 # 1 # ID=1_75;partial=00;start_type=ATG;rbs_motif=AGGAG;rbs_spacer=5-10bp;gc_cont=0.282
LBMF01000001.1_75    -            536 111at2085            -            770   5.2e-10   33.5   2.5   3   4    0.0049      0.29    4.6   0.4   483   530   284   337   256   343 0.77 # 98417 # 100024 # 1 # ID=1_75;partial=00;start_type=ATG;rbs_motif=AGGAG;rbs_spacer=5-10bp;gc_cont=0.282
LBMF01000001.1_75    -            536 111at2085            -            770   5.2e-10   33.5   2.5   4   4     0.003      0.18    5.3   0.4   661   738   412   487   401   534 0.69 # 98417 # 100024 # 1 # ID=1_75;partial=00;start_type=ATG;rbs_motif=AGGAG;rbs_spacer=5-10bp;gc_cont=0.282
LBMF01000002.1_145   -            352 111at2085            -            770     4e-09   30.6   3.1   1   2     0.022       1.3    2.4   0.1   484   512    21    49    10    53 0.86 # 187805 # 188860 # -1 # ID=2_145;partial=00;start_type=ATG;rbs_motif=AGGAG;rbs_spacer=3-4bp;gc_cont=0.266
LBMF01000002.1_145   -            352 111at2085            -            770     4e-09   30.6   3.1   2   2   2.9e-10   1.7e-08   28.5   0.4   330   430   109   210    92   224 0.81 # 187805 # 188860 # -1 # ID=2_145;partial=00;start_type=ATG;rbs_motif=AGGAG;rbs_spacer=3-4bp;gc_cont=0.266
LBMF01000004.1_149   -            618 111at2085            -            770   5.1e-09   30.2   0.2   1   1   1.5e-10   8.8e-09   29.4   0.2   655   762   505   604   469   611 0.83 # 172552 # 174405 # -1 # ID=4_149;partial=00;start_type=ATG;rbs_motif=AGGAGG;rbs_spacer=5-10bp;gc_cont=0.252
LBMF01000002.1_73    -            443 111at2085            -            770   1.4e-07   25.5   1.0   1   2    0.0037      0.22    5.0   0.0   483   511    55    83    43   107 0.76 # 90578 # 91906 # 1 # ID=2_73;partial=00;start_type=ATG;rbs_motif=GGA/GAG/AGG;rbs_spacer=5-10bp;gc_cont=0.249
LBMF01000002.1_73    -            443 111at2085            -            770   1.4e-07   25.5   1.0   2   2   2.1e-07   1.2e-05   19.0   0.2   644   731   261   346   237   367 0.82 # 90578 # 91906 # 1 # ID=2_73;partial=00;start_type=ATG;rbs_motif=GGA/GAG/AGG;rbs_spacer=5-10bp;gc_cont=0.249
LBMF01000002.1_132   -            362 111at2085            -            770   7.2e-07   23.1   0.4   1   2   0.00025     0.015    8.9   0.1   483   511    19    47     7    58 0.63 # 169555 # 170640 # 1 # ID=2_132;partial=00;start_type=ATG;rbs_motif=AGGA;rbs_spacer=5-10bp;gc_cont=0.271
LBMF01000002.1_132   -            362 111at2085            -            770   7.2e-07   23.1   0.4   2   2   2.7e-05    0.0016   12.0   0.0   660   736   131   206   111   219 0.60 # 169555 # 170640 # 1 # ID=2_132;partial=00;start_type=ATG;rbs_motif=AGGA;rbs_spacer=5-10bp;gc_cont=0.271
LBMF01000002.1_117   -            567 111at2085            -            770     1e-05   19.3   9.5   1   3    0.0017       0.1    6.1   0.1   483   512    24    53    14    67 0.80 # 143743 # 145443 # 1 # ID=2_117;partial=00;start_type=ATG;rbs_motif=AGGA;rbs_spacer=5-10bp;gc_cont=0.255
LBMF01000002.1_117   -            567 111at2085            -            770     1e-05   19.3   9.5   2   3       0.2        12   -0.7   0.3   291   341    99   150    88   160 0.77 # 143743 # 145443 # 1 # ID=2_117;partial=00;start_type=ATG;rbs_motif=AGGA;rbs_spacer=5-10bp;gc_cont=0.255
LBMF01000002.1_117   -            567 111at2085            -            770     1e-05   19.3   9.5   3   3   7.3e-07   4.4e-05   17.2   0.0   661   758   372   462   330   472 0.78 # 143743 # 145443 # 1 # ID=2_117;partial=00;start_type=ATG;rbs_motif=AGGA;rbs_spacer=5-10bp;gc_cont=0.255
LBMF01000004.1_96    -            270 111at2085            -            770   1.1e-05   19.2   0.3   1   2    0.0016     0.096    6.2   0.1   478   521    32    76    20    95 0.79 # 103397 # 104206 # -1 # ID=4_96;partial=00;start_type=ATG;rbs_motif=GGA/GAG/AGG;rbs_spacer=5-10bp;gc_cont=0.256
LBMF01000004.1_96    -            270 111at2085            -            770   1.1e-05   19.2   0.3   2   2     5e-05     0.003   11.1   0.0   657   734   159   233   145   237 0.78 # 103397 # 104206 # -1 # ID=4_96;partial=00;start_type=ATG;rbs_motif=GGA/GAG/AGG;rbs_spacer=5-10bp;gc_cont=0.256
#
# Program:         hmmsearch
# Version:         3.1b2 (February 2015)
# Pipeline mode:   SEARCH
# Query file:      /root/busco_downloads/lineages/mycoplasmatales_odb10/hmms/111at2085.hmm
# Target file:     /disk3/default/V2/admin/core/data/myco_out/outBusco/Mcc_14DL0024/prodigal_output/predicted_genes/predicted.faa
# Option settings: hmmsearch --domtblout /disk3/default/V2/admin/core/data/myco_out/outBusco/Mcc_14DL0024/run_mycoplasmatales_odb10/hmmer_output/111at2085.out --cpu 1 /root/busco_downloads/lineages/mycoplasmatales_odb10/hmms/111at2085.hmm /disk3/default/V2/admin/core/data/myco_out/outBusco/Mcc_14DL0024/prodigal_output/predicted_genes/predicted.faa 
# Current dir:     /root
# Date:            Mon Aug  1 00:26:43 2022
# [ok]
