#                                                                            --- full sequence --- -------------- this domain -------------   hmm coord   ali coord   env coord
# target name        accession   tlen query name           accession   qlen   E-value  score  bias   #  of  c-Evalue  i-Evalue  score  bias  from    to  from    to  from    to  acc description of target
#------------------- ---------- ----- -------------------- ---------- ----- --------- ------ ----- --- --- --------- --------- ------ ----- ----- ----- ----- ----- ----- ----- ---- ---------------------
LBMF01000007.1_170   -            453 1338at2085           -            333  2.1e-102  338.1  38.0   1   2   5.5e-95   5.3e-93  307.3  34.9     1   309     5   358     5   401 0.83 # 194964 # 196322 # -1 # ID=7_170;partial=00;start_type=ATG;rbs_motif=GGA/GAG/AGG;rbs_spacer=5-10bp;gc_cont=0.235
LBMF01000007.1_170   -            453 1338at2085           -            333  2.1e-102  338.1  38.0   2   2   3.8e-09   3.7e-07   25.1   1.0   282   333   397   452   366   452 0.68 # 194964 # 196322 # -1 # ID=7_170;partial=00;start_type=ATG;rbs_motif=GGA/GAG/AGG;rbs_spacer=5-10bp;gc_cont=0.235
LBMF01000004.1_170   -            436 1338at2085           -            333   3.7e-42  140.1  24.5   1   2   1.4e-21   1.4e-19   65.9   3.5   179   278     6   103     2   136 0.77 # 192192 # 193499 # -1 # ID=4_170;partial=00;start_type=ATG;rbs_motif=None;rbs_spacer=None;gc_cont=0.223
LBMF01000004.1_170   -            436 1338at2085           -            333   3.7e-42  140.1  24.5   2   2   3.4e-25   3.3e-23   77.8  12.9   162   269   160   271   151   349 0.86 # 192192 # 193499 # -1 # ID=4_170;partial=00;start_type=ATG;rbs_motif=None;rbs_spacer=None;gc_cont=0.223
LBMF01000004.1_119   -            302 1338at2085           -            333     1e-18   63.0   5.0   1   1   1.1e-20     1e-18   63.0   5.0   179   298     9   124     2   150 0.86 # 133721 # 134626 # -1 # ID=4_119;partial=00;start_type=ATG;rbs_motif=None;rbs_spacer=None;gc_cont=0.224
LBMF01000003.1_26    -            197 1338at2085           -            333     2e-09   32.5   1.2   1   2     2e-11     2e-09   32.5   1.2   165   233    11    79     3   168 0.78 # 36772 # 37362 # -1 # ID=3_26;partial=00;start_type=ATG;rbs_motif=AGGA;rbs_spacer=5-10bp;gc_cont=0.227
LBMF01000003.1_26    -            197 1338at2085           -            333     2e-09   32.5   1.2   2   2      0.17        16   -0.1   0.8   153   197   150   193   137   196 0.63 # 36772 # 37362 # -1 # ID=3_26;partial=00;start_type=ATG;rbs_motif=AGGA;rbs_spacer=5-10bp;gc_cont=0.227
LBMF01000004.1_155   -            317 1338at2085           -            333   7.9e-08   27.3   8.9   1   1   8.9e-10   8.7e-08   27.2   8.2   148   279    85   225    47   280 0.67 # 180653 # 181603 # -1 # ID=4_155;partial=00;start_type=ATG;rbs_motif=AGxAG;rbs_spacer=5-10bp;gc_cont=0.238
LBMF01000007.1_156   -            365 1338at2085           -            333   5.7e-05   17.9   8.3   1   3   1.8e-06   0.00018   16.3   0.2   176   199     2    25     1    31 0.91 # 178263 # 179357 # -1 # ID=7_156;partial=00;start_type=ATG;rbs_motif=AGGA;rbs_spacer=5-10bp;gc_cont=0.275
LBMF01000007.1_156   -            365 1338at2085           -            333   5.7e-05   17.9   8.3   2   3    0.0019      0.19    6.3   0.4   224   325    67   168    57   175 0.83 # 178263 # 179357 # -1 # ID=7_156;partial=00;start_type=ATG;rbs_motif=AGGA;rbs_spacer=5-10bp;gc_cont=0.275
LBMF01000007.1_156   -            365 1338at2085           -            333   5.7e-05   17.9   8.3   3   3      0.67        65   -2.0   0.1   264   291   231   258   195   272 0.65 # 178263 # 179357 # -1 # ID=7_156;partial=00;start_type=ATG;rbs_motif=AGGA;rbs_spacer=5-10bp;gc_cont=0.275
LBMF01000004.1_145   -            434 1338at2085           -            333   6.8e-05   17.6   1.2   1   1   1.9e-06   0.00018   16.2   0.2   178   301   161   288   151   311 0.74 # 168295 # 169596 # -1 # ID=4_145;partial=00;start_type=ATG;rbs_motif=AGxAGG/AGGxGG;rbs_spacer=5-10bp;gc_cont=0.260
LBMF01000002.1_76    -            513 1338at2085           -            333   0.00029   15.6   2.5   1   2   3.2e-06   0.00032   15.4   0.1   164   199    17    52     7    59 0.87 # 93253 # 94791 # 1 # ID=2_76;partial=00;start_type=ATG;rbs_motif=AGGAGG;rbs_spacer=3-4bp;gc_cont=0.263
LBMF01000002.1_76    -            513 1338at2085           -            333   0.00029   15.6   2.5   2   2      0.33        32   -1.0   0.4   245   285   212   252   162   300 0.49 # 93253 # 94791 # 1 # ID=2_76;partial=00;start_type=ATG;rbs_motif=AGGAGG;rbs_spacer=3-4bp;gc_cont=0.263
#
# Program:         hmmsearch
# Version:         3.1b2 (February 2015)
# Pipeline mode:   SEARCH
# Query file:      /root/busco_downloads/lineages/mycoplasmatales_odb10/hmms/1338at2085.hmm
# Target file:     /disk3/default/V2/admin/core/data/myco_out/outBusco/Mcc_14DL0024/prodigal_output/predicted_genes/predicted.faa
# Option settings: hmmsearch --domtblout /disk3/default/V2/admin/core/data/myco_out/outBusco/Mcc_14DL0024/run_mycoplasmatales_odb10/hmmer_output/1338at2085.out --cpu 1 /root/busco_downloads/lineages/mycoplasmatales_odb10/hmms/1338at2085.hmm /disk3/default/V2/admin/core/data/myco_out/outBusco/Mcc_14DL0024/prodigal_output/predicted_genes/predicted.faa 
# Current dir:     /root
# Date:            Mon Aug  1 00:26:43 2022
# [ok]
