#                                                                            --- full sequence --- -------------- this domain -------------   hmm coord   ali coord   env coord
# target name        accession   tlen query name           accession   qlen   E-value  score  bias   #  of  c-Evalue  i-Evalue  score  bias  from    to  from    to  from    to  acc description of target
#------------------- ---------- ----- -------------------- ---------- ----- --------- ------ ----- --- --- --------- --------- ------ ----- ----- ----- ----- ----- ----- ----- ---- ---------------------
LBMF01000004.1_145   -            434 1851at2085           -            347  9.7e-126  414.9  17.1   1   2  1.4e-114  2.7e-112  370.6  12.0     1   312     1   343     1   370 0.88 # 168295 # 169596 # -1 # ID=4_145;partial=00;start_type=ATG;rbs_motif=AGxAGG/AGGxGG;rbs_spacer=5-10bp;gc_cont=0.260
LBMF01000004.1_145   -            434 1851at2085           -            347  9.7e-126  414.9  17.1   2   2   3.6e-16     7e-14   47.0   0.6   293   347   371   431   345   431 0.85 # 168295 # 169596 # -1 # ID=4_145;partial=00;start_type=ATG;rbs_motif=AGxAGG/AGGxGG;rbs_spacer=5-10bp;gc_cont=0.260
LBMF01000007.1_156   -            365 1851at2085           -            347   6.5e-18   60.3   3.1   1   2   1.1e-18   2.1e-16   55.3   0.4   153   256     4   127     2   161 0.78 # 178263 # 179357 # -1 # ID=7_156;partial=00;start_type=ATG;rbs_motif=AGGA;rbs_spacer=5-10bp;gc_cont=0.275
LBMF01000007.1_156   -            365 1851at2085           -            347   6.5e-18   60.3   3.1   2   2      0.23        44   -1.7   0.1   250   271   190   211   181   260 0.76 # 178263 # 179357 # -1 # ID=7_156;partial=00;start_type=ATG;rbs_motif=AGGA;rbs_spacer=5-10bp;gc_cont=0.275
LBMF01000004.1_170   -            436 1851at2085           -            347   6.2e-10   34.0  13.0   1   2   2.4e-06   0.00047   14.7   1.8   153   278     5   130     2   146 0.79 # 192192 # 193499 # -1 # ID=4_170;partial=00;start_type=ATG;rbs_motif=None;rbs_spacer=None;gc_cont=0.223
LBMF01000004.1_170   -            436 1851at2085           -            347   6.2e-10   34.0  13.0   2   2     3e-09   5.9e-07   24.2   3.8   151   278   174   304   164   382 0.82 # 192192 # 193499 # -1 # ID=4_170;partial=00;start_type=ATG;rbs_motif=None;rbs_spacer=None;gc_cont=0.223
LBMF01000003.1_26    -            197 1851at2085           -            347   0.00013   16.5   4.0   1   1   2.2e-06   0.00043   14.8   4.0   150   287    21   163    11   196 0.74 # 36772 # 37362 # -1 # ID=3_26;partial=00;start_type=ATG;rbs_motif=AGGA;rbs_spacer=5-10bp;gc_cont=0.227
#
# Program:         hmmsearch
# Version:         3.1b2 (February 2015)
# Pipeline mode:   SEARCH
# Query file:      /root/busco_downloads/lineages/mycoplasmatales_odb10/hmms/1851at2085.hmm
# Target file:     /disk3/default/V2/admin/core/data/myco_out/outBusco/Mcc_14DL0024/prodigal_output/predicted_genes/predicted.faa
# Option settings: hmmsearch --domtblout /disk3/default/V2/admin/core/data/myco_out/outBusco/Mcc_14DL0024/run_mycoplasmatales_odb10/hmmer_output/1851at2085.out --cpu 1 /root/busco_downloads/lineages/mycoplasmatales_odb10/hmms/1851at2085.hmm /disk3/default/V2/admin/core/data/myco_out/outBusco/Mcc_14DL0024/prodigal_output/predicted_genes/predicted.faa 
# Current dir:     /root
# Date:            Mon Aug  1 00:26:45 2022
# [ok]
