#                                                                            --- full sequence --- -------------- this domain -------------   hmm coord   ali coord   env coord
# target name        accession   tlen query name           accession   qlen   E-value  score  bias   #  of  c-Evalue  i-Evalue  score  bias  from    to  from    to  from    to  acc description of target
#------------------- ---------- ----- -------------------- ---------- ----- --------- ------ ----- --- --- --------- --------- ------ ----- ----- ----- ----- ----- ----- ----- ---- ---------------------
LBMF01000007.1_132   -            311 3146at2085           -            235   1.2e-83  275.5   2.4   1   2   8.4e-27   7.3e-25   83.1   0.1     1    63     9    74     9    81 0.95 # 149100 # 150032 # 1 # ID=7_132;partial=00;start_type=ATG;rbs_motif=GGA/GAG/AGG;rbs_spacer=5-10bp;gc_cont=0.307
LBMF01000007.1_132   -            311 3146at2085           -            235   1.2e-83  275.5   2.4   2   2     4e-60   3.4e-58  192.2   0.3    62   234   107   301    87   302 0.86 # 149100 # 150032 # 1 # ID=7_132;partial=00;start_type=ATG;rbs_motif=GGA/GAG/AGG;rbs_spacer=5-10bp;gc_cont=0.307
LBMF01000004.1_43    -            281 3146at2085           -            235   2.1e-11   39.1   1.3   1   1   3.7e-13   3.2e-11   38.5   1.3   105   235     2   147     1   147 0.80 # 44204 # 45046 # -1 # ID=4_43;partial=00;start_type=ATG;rbs_motif=None;rbs_spacer=None;gc_cont=0.238
LBMF01000003.1_7     -            630 3146at2085           -            235   2.2e-11   39.0   9.8   1   3     7e-07   6.1e-05   17.9   0.1     1    40   164   203   164   250 0.89 # 8583 # 10472 # 1 # ID=3_7;partial=00;start_type=ATG;rbs_motif=GGA/GAG/AGG;rbs_spacer=5-10bp;gc_cont=0.311
LBMF01000003.1_7     -            630 3146at2085           -            235   2.2e-11   39.0   9.8   2   3   1.5e-08   1.3e-06   23.4   2.0   103   233   337   488   333   490 0.68 # 8583 # 10472 # 1 # ID=3_7;partial=00;start_type=ATG;rbs_motif=GGA/GAG/AGG;rbs_spacer=5-10bp;gc_cont=0.311
LBMF01000003.1_7     -            630 3146at2085           -            235   2.2e-11   39.0   9.8   3   3      0.12        10    0.8   0.2   149   225   517   590   488   601 0.58 # 8583 # 10472 # 1 # ID=3_7;partial=00;start_type=ATG;rbs_motif=GGA/GAG/AGG;rbs_spacer=5-10bp;gc_cont=0.311
LBMF01000004.1_44    -            190 3146at2085           -            235   4.1e-07   25.1   1.2   1   2     2e-08   1.8e-06   23.0   0.2     1    44     4    47     4    84 0.90 # 44994 # 45563 # -1 # ID=4_44;partial=00;start_type=ATG;rbs_motif=GGAG/GAGG;rbs_spacer=5-10bp;gc_cont=0.256
LBMF01000004.1_44    -            190 3146at2085           -            235   4.1e-07   25.1   1.2   2   2      0.16        14    0.4   0.0    66    83   132   149   118   153 0.81 # 44994 # 45563 # -1 # ID=4_44;partial=00;start_type=ATG;rbs_motif=GGAG/GAGG;rbs_spacer=5-10bp;gc_cont=0.256
LBMF01000002.1_169   -            455 3146at2085           -            235   6.3e-06   21.2   1.4   1   1   1.7e-07   1.5e-05   19.9   1.4    66   218   106   287    92   314 0.65 # 212053 # 213417 # 1 # ID=2_169;partial=00;start_type=ATG;rbs_motif=GGA/GAG/AGG;rbs_spacer=5-10bp;gc_cont=0.300
LBMF01000003.1_2     -            455 3146at2085           -            235   6.3e-06   21.2   1.4   1   1   1.7e-07   1.5e-05   19.9   1.4    66   218   106   287    92   314 0.65 # 2712 # 4076 # 1 # ID=3_2;partial=00;start_type=ATG;rbs_motif=GGA/GAG/AGG;rbs_spacer=5-10bp;gc_cont=0.300
LBMF01000001.1_27    -            448 3146at2085           -            235     1e-05   20.5   5.3   1   3      0.13        11    0.7   0.1     3    32     3    34     1    39 0.71 # 33228 # 34571 # -1 # ID=1_27;partial=00;start_type=ATG;rbs_motif=GGA/GAG/AGG;rbs_spacer=5-10bp;gc_cont=0.264
LBMF01000001.1_27    -            448 3146at2085           -            235     1e-05   20.5   5.3   2   3   1.8e-07   1.5e-05   19.9   1.1   102   222   148   291   143   304 0.66 # 33228 # 34571 # -1 # ID=1_27;partial=00;start_type=ATG;rbs_motif=GGA/GAG/AGG;rbs_spacer=5-10bp;gc_cont=0.264
LBMF01000001.1_27    -            448 3146at2085           -            235     1e-05   20.5   5.3   3   3      0.56        48   -1.4   0.0    67    88   336   357   324   359 0.83 # 33228 # 34571 # -1 # ID=1_27;partial=00;start_type=ATG;rbs_motif=GGA/GAG/AGG;rbs_spacer=5-10bp;gc_cont=0.264
LBMF01000001.1_25    -            630 3146at2085           -            235   6.2e-05   17.9   0.2   1   2   3.5e-06    0.0003   15.6   0.1     1    30     5    34     5    40 0.94 # 29606 # 31495 # -1 # ID=1_25;partial=00;start_type=ATG;rbs_motif=GGA/GAG/AGG;rbs_spacer=5-10bp;gc_cont=0.288
LBMF01000001.1_25    -            630 3146at2085           -            235   6.2e-05   17.9   0.2   2   2      0.53        46   -1.3   0.0    51    74   135   157   125   172 0.65 # 29606 # 31495 # -1 # ID=1_25;partial=00;start_type=ATG;rbs_motif=GGA/GAG/AGG;rbs_spacer=5-10bp;gc_cont=0.288
LBMF01000004.1_89    -            439 3146at2085           -            235   0.00024   16.0   0.5   1   3   0.00016     0.014   10.2   0.0     3    33     5    35     3    55 0.84 # 96931 # 98247 # -1 # ID=4_89;partial=00;start_type=ATG;rbs_motif=GGA/GAG/AGG;rbs_spacer=5-10bp;gc_cont=0.252
LBMF01000004.1_89    -            439 3146at2085           -            235   0.00024   16.0   0.5   2   3     0.025       2.2    3.0   0.0   138   170   102   134    87   140 0.83 # 96931 # 98247 # -1 # ID=4_89;partial=00;start_type=ATG;rbs_motif=GGA/GAG/AGG;rbs_spacer=5-10bp;gc_cont=0.252
LBMF01000004.1_89    -            439 3146at2085           -            235   0.00024   16.0   0.5   3   3       1.5   1.3e+02   -2.8   0.0   198   198   262   262   199   292 0.50 # 96931 # 98247 # -1 # ID=4_89;partial=00;start_type=ATG;rbs_motif=GGA/GAG/AGG;rbs_spacer=5-10bp;gc_cont=0.252
#
# Program:         hmmsearch
# Version:         3.1b2 (February 2015)
# Pipeline mode:   SEARCH
# Query file:      /root/busco_downloads/lineages/mycoplasmatales_odb10/hmms/3146at2085.hmm
# Target file:     /disk3/default/V2/admin/core/data/myco_out/outBusco/Mcc_14DL0024/prodigal_output/predicted_genes/predicted.faa
# Option settings: hmmsearch --domtblout /disk3/default/V2/admin/core/data/myco_out/outBusco/Mcc_14DL0024/run_mycoplasmatales_odb10/hmmer_output/3146at2085.out --cpu 1 /root/busco_downloads/lineages/mycoplasmatales_odb10/hmms/3146at2085.hmm /disk3/default/V2/admin/core/data/myco_out/outBusco/Mcc_14DL0024/prodigal_output/predicted_genes/predicted.faa 
# Current dir:     /root
# Date:            Mon Aug  1 00:26:47 2022
# [ok]
