#                                                                            --- full sequence --- -------------- this domain -------------   hmm coord   ali coord   env coord
# target name        accession   tlen query name           accession   qlen   E-value  score  bias   #  of  c-Evalue  i-Evalue  score  bias  from    to  from    to  from    to  acc description of target
#------------------- ---------- ----- -------------------- ---------- ----- --------- ------ ----- --- --- --------- --------- ------ ----- ----- ----- ----- ----- ----- ----- ---- ---------------------
LBMF01000003.1_43    -            301 3843at2085           -            213   3.1e-62  205.3  19.8   1   2   2.1e-30   1.8e-28   95.0   1.7     5    93    24   121    18   127 0.85 # 53466 # 54368 # -1 # ID=3_43;partial=00;start_type=ATG;rbs_motif=GGA/GAG/AGG;rbs_spacer=5-10bp;gc_cont=0.214
LBMF01000003.1_43    -            301 3843at2085           -            213   3.1e-62  205.3  19.8   2   2   1.6e-36   1.4e-34  115.0  11.3    80   212   124   291   122   292 0.83 # 53466 # 54368 # -1 # ID=3_43;partial=00;start_type=ATG;rbs_motif=GGA/GAG/AGG;rbs_spacer=5-10bp;gc_cont=0.214
LBMF01000003.1_26    -            197 3843at2085           -            213   4.2e-07   25.2   6.3   1   2   1.7e-08   1.5e-06   23.4   0.1    98   174    10    92     2   107 0.62 # 36772 # 37362 # -1 # ID=3_26;partial=00;start_type=ATG;rbs_motif=AGGA;rbs_spacer=5-10bp;gc_cont=0.227
LBMF01000003.1_26    -            197 3843at2085           -            213   4.2e-07   25.2   6.3   2   2     0.016       1.4    3.8   3.4    43   105   105   162    82   191 0.62 # 36772 # 37362 # -1 # ID=3_26;partial=00;start_type=ATG;rbs_motif=AGGA;rbs_spacer=5-10bp;gc_cont=0.227
LBMF01000004.1_170   -            436 3843at2085           -            213   7.6e-05   17.8  17.7   1   4   9.2e-05     0.008   11.2   0.2   106   164     1    63     1    82 0.69 # 192192 # 193499 # -1 # ID=4_170;partial=00;start_type=ATG;rbs_motif=None;rbs_spacer=None;gc_cont=0.223
LBMF01000004.1_170   -            436 3843at2085           -            213   7.6e-05   17.8  17.7   2   4      0.34        30   -0.5   0.2    61    94    97   133    38   147 0.54 # 192192 # 193499 # -1 # ID=4_170;partial=00;start_type=ATG;rbs_motif=None;rbs_spacer=None;gc_cont=0.223
LBMF01000004.1_170   -            436 3843at2085           -            213   7.6e-05   17.8  17.7   3   4   0.00082     0.071    8.1   0.2    97   139   163   205   153   234 0.79 # 192192 # 193499 # -1 # ID=4_170;partial=00;start_type=ATG;rbs_motif=None;rbs_spacer=None;gc_cont=0.223
LBMF01000004.1_170   -            436 3843at2085           -            213   7.6e-05   17.8  17.7   4   4    0.0013      0.12    7.4   3.2    40   127   253   338   237   391 0.71 # 192192 # 193499 # -1 # ID=4_170;partial=00;start_type=ATG;rbs_motif=None;rbs_spacer=None;gc_cont=0.223
LBMF01000007.1_34    -            303 3843at2085           -            213   0.00013   17.0   1.0   1   1   3.4e-06    0.0003   15.9   1.0    92   127    35    69     2    99 0.76 # 43501 # 44409 # -1 # ID=7_34;partial=00;start_type=ATG;rbs_motif=3Base/5BMM;rbs_spacer=13-15bp;gc_cont=0.259
LBMF01000007.1_127   -            947 3843at2085           -            213   0.00014   16.9   0.5   1   2    0.0037      0.32    5.9   0.0   104   124    22    42    11    50 0.80 # 141859 # 144699 # 1 # ID=7_127;partial=00;start_type=ATG;rbs_motif=AGGAG;rbs_spacer=5-10bp;gc_cont=0.259
LBMF01000007.1_127   -            947 3843at2085           -            213   0.00014   16.9   0.5   2   2   0.00063     0.055    8.5   0.2   105   131   634   660   615   679 0.73 # 141859 # 144699 # 1 # ID=7_127;partial=00;start_type=ATG;rbs_motif=AGGAG;rbs_spacer=5-10bp;gc_cont=0.259
LBMF01000003.1_103   -            714 3843at2085           -            213   0.00037   15.5   2.5   1   3    0.0028      0.24    6.3   0.0   108   131    51    74    36    78 0.75 # 143865 # 146006 # 1 # ID=3_103;partial=00;start_type=GTG;rbs_motif=AGGAG;rbs_spacer=5-10bp;gc_cont=0.272
LBMF01000003.1_103   -            714 3843at2085           -            213   0.00037   15.5   2.5   2   3      0.12        11    1.0   0.0   112   128   454   470   449   476 0.85 # 143865 # 146006 # 1 # ID=3_103;partial=00;start_type=GTG;rbs_motif=AGGAG;rbs_spacer=5-10bp;gc_cont=0.272
LBMF01000003.1_103   -            714 3843at2085           -            213   0.00037   15.5   2.5   3   3    0.0041      0.36    5.8   0.4     4    58   565   621   562   648 0.73 # 143865 # 146006 # 1 # ID=3_103;partial=00;start_type=GTG;rbs_motif=AGGAG;rbs_spacer=5-10bp;gc_cont=0.272
LBMF01000007.1_177   -            251 3843at2085           -            213   0.00041   15.4   5.1   1   3   6.8e-05    0.0059   11.6   0.5   104   136    24    55    10    60 0.81 # 202856 # 203608 # 1 # ID=7_177;partial=00;start_type=ATG;rbs_motif=GGA/GAG/AGG;rbs_spacer=11-12bp;gc_cont=0.264
LBMF01000007.1_177   -            251 3843at2085           -            213   0.00041   15.4   5.1   2   3       0.9        78   -1.9   0.0    91   110    69    87    59   125 0.57 # 202856 # 203608 # 1 # ID=7_177;partial=00;start_type=ATG;rbs_motif=GGA/GAG/AGG;rbs_spacer=11-12bp;gc_cont=0.264
LBMF01000007.1_177   -            251 3843at2085           -            213   0.00041   15.4   5.1   3   3    0.0063      0.55    5.2   0.1    52   102   180   230   172   238 0.86 # 202856 # 203608 # 1 # ID=7_177;partial=00;start_type=ATG;rbs_motif=GGA/GAG/AGG;rbs_spacer=11-12bp;gc_cont=0.264
LBMF01000002.1_76    -            513 3843at2085           -            213    0.0005   15.1   3.4   1   3   0.00069      0.06    8.3   0.1   103   132    24    53     4    55 0.76 # 93253 # 94791 # 1 # ID=2_76;partial=00;start_type=ATG;rbs_motif=AGGAGG;rbs_spacer=3-4bp;gc_cont=0.263
LBMF01000002.1_76    -            513 3843at2085           -            213    0.0005   15.1   3.4   2   3       2.4   2.1e+02   -3.2   0.1    88   103   220   235   190   244 0.55 # 93253 # 94791 # 1 # ID=2_76;partial=00;start_type=ATG;rbs_motif=AGGAGG;rbs_spacer=3-4bp;gc_cont=0.263
LBMF01000002.1_76    -            513 3843at2085           -            213    0.0005   15.1   3.4   3   3    0.0018      0.16    6.9   0.1   105   135   344   374   303   384 0.80 # 93253 # 94791 # 1 # ID=2_76;partial=00;start_type=ATG;rbs_motif=AGGAGG;rbs_spacer=3-4bp;gc_cont=0.263
LBMF01000004.1_96    -            270 3843at2085           -            213   0.00052   15.0   0.2   1   1   1.1e-05   0.00092   14.3   0.2   104   131    44    71    18    83 0.81 # 103397 # 104206 # -1 # ID=4_96;partial=00;start_type=ATG;rbs_motif=GGA/GAG/AGG;rbs_spacer=5-10bp;gc_cont=0.256
#
# Program:         hmmsearch
# Version:         3.1b2 (February 2015)
# Pipeline mode:   SEARCH
# Query file:      /root/busco_downloads/lineages/mycoplasmatales_odb10/hmms/3843at2085.hmm
# Target file:     /disk3/default/V2/admin/core/data/myco_out/outBusco/Mcc_14DL0024/prodigal_output/predicted_genes/predicted.faa
# Option settings: hmmsearch --domtblout /disk3/default/V2/admin/core/data/myco_out/outBusco/Mcc_14DL0024/run_mycoplasmatales_odb10/hmmer_output/3843at2085.out --cpu 1 /root/busco_downloads/lineages/mycoplasmatales_odb10/hmms/3843at2085.hmm /disk3/default/V2/admin/core/data/myco_out/outBusco/Mcc_14DL0024/prodigal_output/predicted_genes/predicted.faa 
# Current dir:     /root
# Date:            Mon Aug  1 00:26:48 2022
# [ok]
