#                                                                            --- full sequence --- -------------- this domain -------------   hmm coord   ali coord   env coord
# target name        accession   tlen query name           accession   qlen   E-value  score  bias   #  of  c-Evalue  i-Evalue  score  bias  from    to  from    to  from    to  acc description of target
#------------------- ---------- ----- -------------------- ---------- ----- --------- ------ ----- --- --- --------- --------- ------ ----- ----- ----- ----- ----- ----- ----- ---- ---------------------
LBMF01000003.1_26    -            197 4324at2085           -            135   1.8e-37  123.9   5.3   1   1     5e-39   4.3e-37  122.6   5.3     4   124    17   159     7   183 0.86 # 36772 # 37362 # -1 # ID=3_26;partial=00;start_type=ATG;rbs_motif=AGGA;rbs_spacer=5-10bp;gc_cont=0.227
LBMF01000004.1_170   -            436 4324at2085           -            135   8.5e-15   50.5  16.0   1   2   1.2e-08   1.1e-06   24.2   3.4    11   103     5   107     2   151 0.64 # 192192 # 193499 # -1 # ID=4_170;partial=00;start_type=ATG;rbs_motif=None;rbs_spacer=None;gc_cont=0.223
LBMF01000004.1_170   -            436 4324at2085           -            135   8.5e-15   50.5  16.0   2   2   4.5e-10   3.9e-08   28.9   4.7     8   122   173   308   168   318 0.70 # 192192 # 193499 # -1 # ID=4_170;partial=00;start_type=ATG;rbs_motif=None;rbs_spacer=None;gc_cont=0.223
LBMF01000007.1_170   -            453 4324at2085           -            135   4.9e-10   35.0   5.2   1   1   4.8e-11   4.2e-09   32.0   5.2     4   123   212   347   209   361 0.68 # 194964 # 196322 # -1 # ID=7_170;partial=00;start_type=ATG;rbs_motif=GGA/GAG/AGG;rbs_spacer=5-10bp;gc_cont=0.235
LBMF01000004.1_119   -            302 4324at2085           -            135   1.2e-08   30.5   4.5   1   3   1.4e-10   1.2e-08   30.5   4.5    12   122     9   138     2   161 0.74 # 133721 # 134626 # -1 # ID=4_119;partial=00;start_type=ATG;rbs_motif=None;rbs_spacer=None;gc_cont=0.224
LBMF01000004.1_119   -            302 4324at2085           -            135   1.2e-08   30.5   4.5   2   3      0.56        48   -0.5   0.1    65   109   159   203   152   231 0.69 # 133721 # 134626 # -1 # ID=4_119;partial=00;start_type=ATG;rbs_motif=None;rbs_spacer=None;gc_cont=0.224
LBMF01000004.1_119   -            302 4324at2085           -            135   1.2e-08   30.5   4.5   3   3       1.8   1.6e+02   -2.2   0.0   101   116   242   257   211   275 0.58 # 133721 # 134626 # -1 # ID=4_119;partial=00;start_type=ATG;rbs_motif=None;rbs_spacer=None;gc_cont=0.224
LBMF01000004.1_155   -            317 4324at2085           -            135   3.1e-08   29.2   0.3   1   2      0.29        25    0.4   0.6    70   113    70   117    46   128 0.63 # 180653 # 181603 # -1 # ID=4_155;partial=00;start_type=ATG;rbs_motif=AGxAG;rbs_spacer=5-10bp;gc_cont=0.238
LBMF01000004.1_155   -            317 4324at2085           -            135   3.1e-08   29.2   0.3   2   2   3.6e-10   3.1e-08   29.2   0.3     5    72   119   190   115   231 0.84 # 180653 # 181603 # -1 # ID=4_155;partial=00;start_type=ATG;rbs_motif=AGxAG;rbs_spacer=5-10bp;gc_cont=0.238
LBMF01000004.1_40    -            368 4324at2085           -            135     1e-06   24.3  11.1   1   2     0.012       1.1    4.8   2.9    67   121    61   115    40   134 0.77 # 41237 # 42340 # -1 # ID=4_40;partial=00;start_type=ATG;rbs_motif=AGGAG;rbs_spacer=5-10bp;gc_cont=0.192
LBMF01000004.1_40    -            368 4324at2085           -            135     1e-06   24.3  11.1   2   2   1.6e-08   1.4e-06   23.9   1.2     3    31   150   178   148   241 0.88 # 41237 # 42340 # -1 # ID=4_40;partial=00;start_type=ATG;rbs_motif=AGGAG;rbs_spacer=5-10bp;gc_cont=0.192
LBMF01000007.1_156   -            365 4324at2085           -            135   0.00027   16.5   0.0   1   1   8.8e-06   0.00076   15.0   0.0    12    36     5    29     3    64 0.83 # 178263 # 179357 # -1 # ID=7_156;partial=00;start_type=ATG;rbs_motif=AGGA;rbs_spacer=5-10bp;gc_cont=0.275
LBMF01000004.1_145   -            434 4324at2085           -            135   0.00054   15.5   1.0   1   3   7.8e-05    0.0068   11.9   0.0    11   107   161   265   156   284 0.65 # 168295 # 169596 # -1 # ID=4_145;partial=00;start_type=ATG;rbs_motif=AGxAGG/AGGxGG;rbs_spacer=5-10bp;gc_cont=0.260
LBMF01000004.1_145   -            434 4324at2085           -            135   0.00054   15.5   1.0   2   3      0.18        16    1.0   0.5    91   124   268   301   250   321 0.56 # 168295 # 169596 # -1 # ID=4_145;partial=00;start_type=ATG;rbs_motif=AGxAGG/AGGxGG;rbs_spacer=5-10bp;gc_cont=0.260
LBMF01000004.1_145   -            434 4324at2085           -            135   0.00054   15.5   1.0   3   3      0.33        28    0.2   0.1    45    59   299   314   295   334 0.63 # 168295 # 169596 # -1 # ID=4_145;partial=00;start_type=ATG;rbs_motif=AGxAGG/AGGxGG;rbs_spacer=5-10bp;gc_cont=0.260
LBMF01000003.1_70    -            621 4324at2085           -            135    0.0013   14.3   0.0   1   1   6.2e-05    0.0054   12.2   0.0     3   120   115   242   113   251 0.73 # 89132 # 90994 # -1 # ID=3_70;partial=00;start_type=ATG;rbs_motif=GGAG/GAGG;rbs_spacer=5-10bp;gc_cont=0.277
#
# Program:         hmmsearch
# Version:         3.1b2 (February 2015)
# Pipeline mode:   SEARCH
# Query file:      /root/busco_downloads/lineages/mycoplasmatales_odb10/hmms/4324at2085.hmm
# Target file:     /disk3/default/V2/admin/core/data/myco_out/outBusco/Mcc_14DL0024/prodigal_output/predicted_genes/predicted.faa
# Option settings: hmmsearch --domtblout /disk3/default/V2/admin/core/data/myco_out/outBusco/Mcc_14DL0024/run_mycoplasmatales_odb10/hmmer_output/4324at2085.out --cpu 1 /root/busco_downloads/lineages/mycoplasmatales_odb10/hmms/4324at2085.hmm /disk3/default/V2/admin/core/data/myco_out/outBusco/Mcc_14DL0024/prodigal_output/predicted_genes/predicted.faa 
# Current dir:     /root
# Date:            Mon Aug  1 00:26:48 2022
# [ok]
