#                                                                            --- full sequence --- -------------- this domain -------------   hmm coord   ali coord   env coord
# target name        accession   tlen query name           accession   qlen   E-value  score  bias   #  of  c-Evalue  i-Evalue  score  bias  from    to  from    to  from    to  acc description of target
#------------------- ---------- ----- -------------------- ---------- ----- --------- ------ ----- --- --- --------- --------- ------ ----- ----- ----- ----- ----- ----- ----- ---- ---------------------
LBMF01000002.1_145   -            352 1064at2085           -            350  9.1e-118  388.7  18.1   1   2     4e-49   1.5e-47  157.8   0.4     1   107     5   111     5   115 0.98 # 187805 # 188860 # -1 # ID=2_145;partial=00;start_type=ATG;rbs_motif=AGGAG;rbs_spacer=3-4bp;gc_cont=0.266
LBMF01000002.1_145   -            352 1064at2085           -            350  9.1e-118  388.7  18.1   2   2   7.1e-71   2.6e-69  229.3  12.4   152   349   109   349   108   350 0.79 # 187805 # 188860 # -1 # ID=2_145;partial=00;start_type=ATG;rbs_motif=AGGAG;rbs_spacer=3-4bp;gc_cont=0.266
LBMF01000002.1_132   -            362 1064at2085           -            350   2.1e-75  249.4   3.3   1   2   5.4e-36     2e-34  114.6   0.1     2   106     3   109     2   113 0.95 # 169555 # 170640 # 1 # ID=2_132;partial=00;start_type=ATG;rbs_motif=AGGA;rbs_spacer=5-10bp;gc_cont=0.271
LBMF01000002.1_132   -            362 1064at2085           -            350   2.1e-75  249.4   3.3   2   2   7.9e-43   2.9e-41  137.1   0.5   152   310   108   269   105   306 0.87 # 169555 # 170640 # 1 # ID=2_132;partial=00;start_type=ATG;rbs_motif=AGGA;rbs_spacer=5-10bp;gc_cont=0.271
LBMF01000004.1_67    -            404 1064at2085           -            350     4e-51  169.5  19.5   1   1   7.7e-52   2.9e-50  166.7  19.2     2   283    10   315     9   369 0.72 # 67992 # 69203 # -1 # ID=4_67;partial=00;start_type=ATG;rbs_motif=None;rbs_spacer=None;gc_cont=0.194
LBMF01000001.1_58    -            346 1064at2085           -            350     1e-42  141.9  10.9   1   3       3.3   1.2e+02   -3.1   0.4    81   111    57    87    18   103 0.52 # 79586 # 80623 # 1 # ID=1_58;partial=00;start_type=ATG;rbs_motif=GGAG/GAGG;rbs_spacer=5-10bp;gc_cont=0.273
LBMF01000001.1_58    -            346 1064at2085           -            350     1e-42  141.9  10.9   2   3   4.8e-23   1.8e-21   72.0   0.8     1   102   112   223   112   229 0.82 # 79586 # 80623 # 1 # ID=1_58;partial=00;start_type=ATG;rbs_motif=GGAG/GAGG;rbs_spacer=5-10bp;gc_cont=0.273
LBMF01000001.1_58    -            346 1064at2085           -            350     1e-42  141.9  10.9   3   3   6.5e-25   2.4e-23   78.2   0.2   152   262   223   332   219   341 0.92 # 79586 # 80623 # 1 # ID=1_58;partial=00;start_type=ATG;rbs_motif=GGAG/GAGG;rbs_spacer=5-10bp;gc_cont=0.273
LBMF01000001.1_75    -            536 1064at2085           -            350     2e-37  124.5  22.7   1   4   6.6e-15   2.4e-13   45.3   1.9     2   102    11   116    10   120 0.88 # 98417 # 100024 # 1 # ID=1_75;partial=00;start_type=ATG;rbs_motif=AGGAG;rbs_spacer=5-10bp;gc_cont=0.282
LBMF01000001.1_75    -            536 1064at2085           -            350     2e-37  124.5  22.7   2   4   4.2e-12   1.6e-10   36.0   4.3   150   256   121   226   113   260 0.91 # 98417 # 100024 # 1 # ID=1_75;partial=00;start_type=ATG;rbs_motif=AGGAG;rbs_spacer=5-10bp;gc_cont=0.282
LBMF01000001.1_75    -            536 1064at2085           -            350     2e-37  124.5  22.7   3   4   2.2e-07   8.2e-06   20.5   0.1     7    73   274   341   266   354 0.87 # 98417 # 100024 # 1 # ID=1_75;partial=00;start_type=ATG;rbs_motif=AGGAG;rbs_spacer=5-10bp;gc_cont=0.282
LBMF01000001.1_75    -            536 1064at2085           -            350     2e-37  124.5  22.7   4   4   1.5e-11   5.6e-10   34.2   0.2   150   257   384   492   355   499 0.86 # 98417 # 100024 # 1 # ID=1_75;partial=00;start_type=ATG;rbs_motif=AGGAG;rbs_spacer=5-10bp;gc_cont=0.282
LBMF01000002.1_118   -            626 1064at2085           -            350   3.4e-36  120.4  17.7   1   3   2.5e-08   9.3e-07   23.6   7.0    13   189    25   208     9   248 0.63 # 145445 # 147322 # 1 # ID=2_118;partial=00;start_type=ATG;rbs_motif=GGA/GAG/AGG;rbs_spacer=11-12bp;gc_cont=0.253
LBMF01000002.1_118   -            626 1064at2085           -            350   3.4e-36  120.4  17.7   2   3      0.78        29   -1.0   0.3    99   167   265   334   260   347 0.68 # 145445 # 147322 # 1 # ID=2_118;partial=00;start_type=ATG;rbs_motif=GGA/GAG/AGG;rbs_spacer=11-12bp;gc_cont=0.253
LBMF01000002.1_118   -            626 1064at2085           -            350   3.4e-36  120.4  17.7   3   3   1.2e-31   4.3e-30  100.4   0.2   122   270   392   545   338   551 0.80 # 145445 # 147322 # 1 # ID=2_118;partial=00;start_type=ATG;rbs_motif=GGA/GAG/AGG;rbs_spacer=11-12bp;gc_cont=0.253
LBMF01000002.1_73    -            443 1064at2085           -            350   7.1e-36  119.4   7.4   1   2   9.3e-10   3.5e-08   28.3   0.7    13    65    52   104    36   159 0.87 # 90578 # 91906 # 1 # ID=2_73;partial=00;start_type=ATG;rbs_motif=GGA/GAG/AGG;rbs_spacer=5-10bp;gc_cont=0.249
LBMF01000002.1_73    -            443 1064at2085           -            350   7.1e-36  119.4   7.4   2   2   6.2e-30   2.3e-28   94.7   0.7   109   268   208   370   192   375 0.87 # 90578 # 91906 # 1 # ID=2_73;partial=00;start_type=ATG;rbs_motif=GGA/GAG/AGG;rbs_spacer=5-10bp;gc_cont=0.249
LBMF01000007.1_35    -            409 1064at2085           -            350   5.2e-35  116.5   6.1   1   3       1.3        48   -1.8   2.4   277   301    44    68     7   121 0.51 # 44397 # 45623 # -1 # ID=7_35;partial=00;start_type=ATG;rbs_motif=None;rbs_spacer=None;gc_cont=0.249
LBMF01000007.1_35    -            409 1064at2085           -            350   5.2e-35  116.5   6.1   2   3   4.5e-18   1.7e-16   55.7   0.5     2   107   140   250   139   254 0.85 # 44397 # 45623 # -1 # ID=7_35;partial=00;start_type=ATG;rbs_motif=None;rbs_spacer=None;gc_cont=0.249
LBMF01000007.1_35    -            409 1064at2085           -            350   5.2e-35  116.5   6.1   3   3   6.7e-23   2.5e-21   71.6   0.8   153   268   249   363   244   368 0.93 # 44397 # 45623 # -1 # ID=7_35;partial=00;start_type=ATG;rbs_motif=None;rbs_spacer=None;gc_cont=0.249
LBMF01000004.1_96    -            270 1064at2085           -            350   1.2e-34  115.4   3.6   1   2   3.8e-16   1.4e-14   49.3   1.2     2   108    21   137    20   161 0.76 # 103397 # 104206 # -1 # ID=4_96;partial=00;start_type=ATG;rbs_motif=GGA/GAG/AGG;rbs_spacer=5-10bp;gc_cont=0.256
LBMF01000004.1_96    -            270 1064at2085           -            350   1.2e-34  115.4   3.6   2   2   1.9e-21     7e-20   66.8   0.1   178   271   165   256   153   265 0.93 # 103397 # 104206 # -1 # ID=4_96;partial=00;start_type=ATG;rbs_motif=GGA/GAG/AGG;rbs_spacer=5-10bp;gc_cont=0.256
LBMF01000007.1_34    -            303 1064at2085           -            350   2.8e-33  110.9   3.5   1   2   4.4e-11   1.6e-09   32.7   1.3    13    97    36   128    20   134 0.79 # 43501 # 44409 # -1 # ID=7_34;partial=00;start_type=ATG;rbs_motif=3Base/5BMM;rbs_spacer=13-15bp;gc_cont=0.259
LBMF01000007.1_34    -            303 1064at2085           -            350   2.8e-33  110.9   3.5   2   2     6e-25   2.2e-23   78.3   0.0   151   268   135   253   130   258 0.96 # 43501 # 44409 # -1 # ID=7_34;partial=00;start_type=ATG;rbs_motif=3Base/5BMM;rbs_spacer=13-15bp;gc_cont=0.259
LBMF01000002.1_117   -            567 1064at2085           -            350   1.7e-32  108.3  20.3   1   3     1e-08   3.7e-07   24.9   9.9     3   173     7   184     5   193 0.82 # 143743 # 145443 # 1 # ID=2_117;partial=00;start_type=ATG;rbs_motif=AGGA;rbs_spacer=5-10bp;gc_cont=0.255
LBMF01000002.1_117   -            567 1064at2085           -            350   1.7e-32  108.3  20.3   2   3      0.46        17   -0.3   2.4   103   157   180   235   174   260 0.77 # 143743 # 145443 # 1 # ID=2_117;partial=00;start_type=ATG;rbs_motif=AGGA;rbs_spacer=5-10bp;gc_cont=0.255
LBMF01000002.1_117   -            567 1064at2085           -            350   1.7e-32  108.3  20.3   3   3   3.5e-28   1.3e-26   88.9   0.0   147   267   340   463   324   474 0.90 # 143743 # 145443 # 1 # ID=2_117;partial=00;start_type=ATG;rbs_motif=AGGA;rbs_spacer=5-10bp;gc_cont=0.255
LBMF01000007.1_177   -            251 1064at2085           -            350     3e-32  107.4   7.4   1   2   8.3e-15   3.1e-13   44.9   2.5     2    67     2    68     1   108 0.84 # 202856 # 203608 # 1 # ID=7_177;partial=00;start_type=ATG;rbs_motif=GGA/GAG/AGG;rbs_spacer=11-12bp;gc_cont=0.264
LBMF01000007.1_177   -            251 1064at2085           -            350     3e-32  107.4   7.4   2   2   7.2e-21   2.7e-19   64.9   0.8   163   266   136   239    73   247 0.88 # 202856 # 203608 # 1 # ID=7_177;partial=00;start_type=ATG;rbs_motif=GGA/GAG/AGG;rbs_spacer=11-12bp;gc_cont=0.264
LBMF01000002.1_76    -            513 1064at2085           -            350   1.1e-31  105.6   7.8   1   4   4.6e-13   1.7e-11   39.2   0.0     1    62     3    64     3    81 0.91 # 93253 # 94791 # 1 # ID=2_76;partial=00;start_type=ATG;rbs_motif=AGGAGG;rbs_spacer=3-4bp;gc_cont=0.263
LBMF01000002.1_76    -            513 1064at2085           -            350   1.1e-31  105.6   7.8   2   4   3.4e-13   1.3e-11   39.6   0.4   119   261    99   238    78   249 0.81 # 93253 # 94791 # 1 # ID=2_76;partial=00;start_type=ATG;rbs_motif=AGGAGG;rbs_spacer=3-4bp;gc_cont=0.263
LBMF01000002.1_76    -            513 1064at2085           -            350   1.1e-31  105.6   7.8   3   4     0.043       1.6    3.1   0.1    20    58   340   378   326   388 0.83 # 93253 # 94791 # 1 # ID=2_76;partial=00;start_type=ATG;rbs_motif=AGGAGG;rbs_spacer=3-4bp;gc_cont=0.263
LBMF01000002.1_76    -            513 1064at2085           -            350   1.1e-31  105.6   7.8   4   4   6.9e-09   2.6e-07   25.5   0.0   152   249   410   504   383   509 0.73 # 93253 # 94791 # 1 # ID=2_76;partial=00;start_type=ATG;rbs_motif=AGGAGG;rbs_spacer=3-4bp;gc_cont=0.263
LBMF01000002.1_72    -            481 1064at2085           -            350   1.2e-29   98.9   1.7   1   2     1e-09   3.8e-08   28.2   0.1    12   118   106   228    95   238 0.73 # 89135 # 90577 # 1 # ID=2_72;partial=00;start_type=ATG;rbs_motif=GGA/GAG/AGG;rbs_spacer=5-10bp;gc_cont=0.263
LBMF01000002.1_72    -            481 1064at2085           -            350   1.2e-29   98.9   1.7   2   2   2.2e-22   8.1e-21   69.9   0.3   172   271   238   337   226   343 0.94 # 89135 # 90577 # 1 # ID=2_72;partial=00;start_type=ATG;rbs_motif=GGA/GAG/AGG;rbs_spacer=5-10bp;gc_cont=0.263
LBMF01000007.1_23    -            296 1064at2085           -            350   6.8e-29   96.4   2.6   1   2   8.9e-14   3.3e-12   41.5   0.1     1    65     5    69     5    81 0.94 # 26916 # 27803 # 1 # ID=7_23;partial=00;start_type=ATG;rbs_motif=AGGA;rbs_spacer=5-10bp;gc_cont=0.222
LBMF01000007.1_23    -            296 1064at2085           -            350   6.8e-29   96.4   2.6   2   2     6e-18   2.2e-16   55.3   0.3   149   289   104   241    86   251 0.83 # 26916 # 27803 # 1 # ID=7_23;partial=00;start_type=ATG;rbs_motif=AGGA;rbs_spacer=5-10bp;gc_cont=0.222
LBMF01000007.1_148   -            235 1064at2085           -            350   7.5e-29   96.3   5.8   1   2   2.4e-13     9e-12   40.1   1.3     1    70     4    74     4    99 0.88 # 168399 # 169103 # -1 # ID=7_148;partial=00;start_type=ATG;rbs_motif=AGGA/GGAG/GAGG;rbs_spacer=11-12bp;gc_cont=0.221
LBMF01000007.1_148   -            235 1064at2085           -            350   7.5e-29   96.3   5.8   2   2   4.6e-19   1.7e-17   58.9   0.2   149   259   105   215    92   231 0.94 # 168399 # 169103 # -1 # ID=7_148;partial=00;start_type=ATG;rbs_motif=AGGA/GGAG/GAGG;rbs_spacer=11-12bp;gc_cont=0.221
LBMF01000007.1_92    -            250 1064at2085           -            350   5.2e-26   86.9  13.4   1   2   1.8e-16   6.7e-15   50.4   3.5     1    76     4    81     4   135 0.81 # 97460 # 98209 # -1 # ID=7_92;partial=00;start_type=ATG;rbs_motif=None;rbs_spacer=None;gc_cont=0.231
LBMF01000007.1_92    -            250 1064at2085           -            350   5.2e-26   86.9  13.4   2   2   1.6e-13     6e-12   40.7   4.2   158   266   129   236   105   242 0.82 # 97460 # 98209 # -1 # ID=7_92;partial=00;start_type=ATG;rbs_motif=None;rbs_spacer=None;gc_cont=0.231
LBMF01000007.1_127   -            947 1064at2085           -            350   1.9e-23   78.5   7.3   1   4    0.0039      0.14    6.6   0.1    15    42    14    41     5    47 0.90 # 141859 # 144699 # 1 # ID=7_127;partial=00;start_type=ATG;rbs_motif=AGGAG;rbs_spacer=5-10bp;gc_cont=0.259
LBMF01000007.1_127   -            947 1064at2085           -            350   1.9e-23   78.5   7.3   2   4   2.6e-09   9.8e-08   26.8   0.1   160   250   473   564   451   573 0.80 # 141859 # 144699 # 1 # ID=7_127;partial=00;start_type=ATG;rbs_motif=AGGAG;rbs_spacer=5-10bp;gc_cont=0.259
LBMF01000007.1_127   -            947 1064at2085           -            350   1.9e-23   78.5   7.3   3   4   1.6e-06   5.9e-05   17.7   0.2    15    45   625   655   616   676 0.90 # 141859 # 144699 # 1 # ID=7_127;partial=00;start_type=ATG;rbs_motif=AGGAG;rbs_spacer=5-10bp;gc_cont=0.259
LBMF01000007.1_127   -            947 1064at2085           -            350   1.9e-23   78.5   7.3   4   4   1.2e-09   4.6e-08   27.9   0.0   156   280   810   941   798   946 0.81 # 141859 # 144699 # 1 # ID=7_127;partial=00;start_type=ATG;rbs_motif=AGGAG;rbs_spacer=5-10bp;gc_cont=0.259
LBMF01000004.1_150   -            624 1064at2085           -            350   9.4e-23   76.2   0.6   1   2     2e-09   7.4e-08   27.2   0.0     4    68   380   448   377   499 0.82 # 174423 # 176294 # -1 # ID=4_150;partial=00;start_type=ATG;rbs_motif=AGGAG;rbs_spacer=5-10bp;gc_cont=0.239
LBMF01000004.1_150   -            624 1064at2085           -            350   9.4e-23   76.2   0.6   2   2   1.8e-15   6.8e-14   47.1   0.1   179   272   518   609   512   614 0.86 # 174423 # 176294 # -1 # ID=4_150;partial=00;start_type=ATG;rbs_motif=AGGAG;rbs_spacer=5-10bp;gc_cont=0.239
LBMF01000005.1_3     -            608 1064at2085           -            350   3.3e-21   71.1   2.5   1   4   5.3e-08     2e-06   22.6   0.4     4    67    22    84    19    98 0.86 # 2209 # 4032 # -1 # ID=5_3;partial=00;start_type=ATG;rbs_motif=GGA/GAG/AGG;rbs_spacer=5-10bp;gc_cont=0.214
LBMF01000005.1_3     -            608 1064at2085           -            350   3.3e-21   71.1   2.5   2   4   1.8e-18   6.6e-17   57.0   0.1   110   266    82   238    77   265 0.90 # 2209 # 4032 # -1 # ID=5_3;partial=00;start_type=ATG;rbs_motif=GGA/GAG/AGG;rbs_spacer=5-10bp;gc_cont=0.214
LBMF01000005.1_3     -            608 1064at2085           -            350   3.3e-21   71.1   2.5   3   4       3.5   1.3e+02   -3.2   0.1   127   157   407   437   368   456 0.56 # 2209 # 4032 # -1 # ID=5_3;partial=00;start_type=ATG;rbs_motif=GGA/GAG/AGG;rbs_spacer=5-10bp;gc_cont=0.214
LBMF01000005.1_3     -            608 1064at2085           -            350   3.3e-21   71.1   2.5   4   4       8.5   3.2e+02   -4.4   4.7   133   157   543   567   502   602 0.44 # 2209 # 4032 # -1 # ID=5_3;partial=00;start_type=ATG;rbs_motif=GGA/GAG/AGG;rbs_spacer=5-10bp;gc_cont=0.214
LBMF01000004.1_149   -            618 1064at2085           -            350     2e-18   62.0   1.4   1   2   7.1e-08   2.6e-06   22.1   0.1    14    63   389   438   375   494 0.81 # 172552 # 174405 # -1 # ID=4_149;partial=00;start_type=ATG;rbs_motif=AGGAGG;rbs_spacer=5-10bp;gc_cont=0.252
LBMF01000004.1_149   -            618 1064at2085           -            350     2e-18   62.0   1.4   2   2   7.5e-13   2.8e-11   38.5   0.2   179   260   514   600   508   612 0.71 # 172552 # 174405 # -1 # ID=4_149;partial=00;start_type=ATG;rbs_motif=AGGAGG;rbs_spacer=5-10bp;gc_cont=0.252
#
# Program:         hmmsearch
# Version:         3.1b2 (February 2015)
# Pipeline mode:   SEARCH
# Query file:      /root/busco_downloads/lineages/mycoplasmatales_odb10/hmms/1064at2085.hmm
# Target file:     /disk3/default/V2/admin/core/data/myco_out/outBusco/Mcc_14DL0024/prodigal_output/predicted_genes/predicted.faa
# Option settings: hmmsearch --domtblout /disk3/default/V2/admin/core/data/myco_out/outBusco/Mcc_14DL0024/run_mycoplasmatales_odb10/hmmer_output/1064at2085.out --cpu 1 /root/busco_downloads/lineages/mycoplasmatales_odb10/hmms/1064at2085.hmm /disk3/default/V2/admin/core/data/myco_out/outBusco/Mcc_14DL0024/prodigal_output/predicted_genes/predicted.faa 
# Current dir:     /root
# Date:            Mon Aug  1 00:26:42 2022
# [ok]
