#                                                                            --- full sequence --- -------------- this domain -------------   hmm coord   ali coord   env coord
# target name        accession   tlen query name           accession   qlen   E-value  score  bias   #  of  c-Evalue  i-Evalue  score  bias  from    to  from    to  from    to  acc description of target
#------------------- ---------- ----- -------------------- ---------- ----- --------- ------ ----- --- --- --------- --------- ------ ----- ----- ----- ----- ----- ----- ----- ---- ---------------------
LBMF01000003.1_113   -            555 1307at2085           -            408  4.3e-118  390.0  38.3   1   2   2.7e-39   6.9e-37  122.6   9.4    30   149    70   216    32   220 0.75 # 154663 # 156327 # 1 # ID=3_113;partial=00;start_type=ATG;rbs_motif=None;rbs_spacer=None;gc_cont=0.235
LBMF01000003.1_113   -            555 1307at2085           -            408  4.3e-118  390.0  38.3   2   2   9.2e-83   2.4e-80  265.7  21.3   128   408   217   549   213   549 0.83 # 154663 # 156327 # 1 # ID=3_113;partial=00;start_type=ATG;rbs_motif=None;rbs_spacer=None;gc_cont=0.235
LBMF01000002.1_83    -            484 1307at2085           -            408   6.3e-06   20.6   2.0   1   3   0.00037     0.096    6.9   0.1    66    82    11    27     8    41 0.85 # 102486 # 103937 # 1 # ID=2_83;partial=00;start_type=ATG;rbs_motif=AGGAG;rbs_spacer=5-10bp;gc_cont=0.236
LBMF01000002.1_83    -            484 1307at2085           -            408   6.3e-06   20.6   2.0   2   3   2.4e-08   6.3e-06   20.6   2.0   123   279   113   266    90   276 0.81 # 102486 # 103937 # 1 # ID=2_83;partial=00;start_type=ATG;rbs_motif=AGGAG;rbs_spacer=5-10bp;gc_cont=0.236
LBMF01000002.1_83    -            484 1307at2085           -            408   6.3e-06   20.6   2.0   3   3      0.58   1.5e+02   -3.7   2.8   145   202   359   421   319   440 0.58 # 102486 # 103937 # 1 # ID=2_83;partial=00;start_type=ATG;rbs_motif=AGGAG;rbs_spacer=5-10bp;gc_cont=0.236
LBMF01000001.1_73    -            510 1307at2085           -            408   1.5e-05   19.4   6.7   1   3   0.00034     0.088    7.0   0.1    66    93    14    41    11    58 0.92 # 95036 # 96565 # 1 # ID=1_73;partial=00;start_type=ATG;rbs_motif=GGA/GAG/AGG;rbs_spacer=5-10bp;gc_cont=0.231
LBMF01000001.1_73    -            510 1307at2085           -            408   1.5e-05   19.4   6.7   2   3      0.23        60   -2.4   0.0   151   186    75   110    49   118 0.71 # 95036 # 96565 # 1 # ID=1_73;partial=00;start_type=ATG;rbs_motif=GGA/GAG/AGG;rbs_spacer=5-10bp;gc_cont=0.231
LBMF01000001.1_73    -            510 1307at2085           -            408   1.5e-05   19.4   6.7   3   3   2.4e-06   0.00063   14.0   2.0   262   379   296   425   275   456 0.73 # 95036 # 96565 # 1 # ID=1_73;partial=00;start_type=ATG;rbs_motif=GGA/GAG/AGG;rbs_spacer=5-10bp;gc_cont=0.231
#
# Program:         hmmsearch
# Version:         3.1b2 (February 2015)
# Pipeline mode:   SEARCH
# Query file:      /root/busco_downloads/lineages/mycoplasmatales_odb10/hmms/1307at2085.hmm
# Target file:     /disk3/default/V2/admin/core/data/myco_out/outBusco/Mcc_14DL0024/prodigal_output/predicted_genes/predicted.faa
# Option settings: hmmsearch --domtblout /disk3/default/V2/admin/core/data/myco_out/outBusco/Mcc_14DL0024/run_mycoplasmatales_odb10/hmmer_output/1307at2085.out --cpu 1 /root/busco_downloads/lineages/mycoplasmatales_odb10/hmms/1307at2085.hmm /disk3/default/V2/admin/core/data/myco_out/outBusco/Mcc_14DL0024/prodigal_output/predicted_genes/predicted.faa 
# Current dir:     /root
# Date:            Mon Aug  1 00:26:43 2022
# [ok]
