#                                                                            --- full sequence --- -------------- this domain -------------   hmm coord   ali coord   env coord
# target name        accession   tlen query name           accession   qlen   E-value  score  bias   #  of  c-Evalue  i-Evalue  score  bias  from    to  from    to  from    to  acc description of target
#------------------- ---------- ----- -------------------- ---------- ----- --------- ------ ----- --- --- --------- --------- ------ ----- ----- ----- ----- ----- ----- ----- ---- ---------------------
LBMF01000004.1_171   -            223 2571at2085           -            187   2.3e-59  195.8  11.7   1   2   2.5e-19   2.8e-17   58.6   0.2     2    47     3    48     2    66 0.87 # 193499 # 194167 # -1 # ID=4_171;partial=00;start_type=ATG;rbs_motif=AGGAG;rbs_spacer=5-10bp;gc_cont=0.223
LBMF01000004.1_171   -            223 2571at2085           -            187   2.3e-59  195.8  11.7   2   2     2e-44   2.2e-42  140.4   6.6    51   184    77   215    61   218 0.89 # 193499 # 194167 # -1 # ID=4_171;partial=00;start_type=ATG;rbs_motif=AGGAG;rbs_spacer=5-10bp;gc_cont=0.223
LBMF01000006.1_6     -            206 2571at2085           -            187   6.1e-07   24.9   0.7   1   2   1.3e-08   1.4e-06   23.7   0.2     3    32     1    30     1    75 0.77 # 6647 # 7264 # -1 # ID=6_6;partial=00;start_type=ATG;rbs_motif=AGGAG;rbs_spacer=5-10bp;gc_cont=0.228
LBMF01000006.1_6     -            206 2571at2085           -            187   6.1e-07   24.9   0.7   2   2      0.48        53   -1.0   0.0   135   177    86   129    75   139 0.71 # 6647 # 7264 # -1 # ID=6_6;partial=00;start_type=ATG;rbs_motif=AGGAG;rbs_spacer=5-10bp;gc_cont=0.228
LBMF01000007.1_43    -            214 2571at2085           -            187   7.5e-06   21.3   0.1   1   2   3.9e-06   0.00044   15.6   0.0     4    39     2    37     1    83 0.87 # 49062 # 49703 # -1 # ID=7_43;partial=00;start_type=ATG;rbs_motif=AGGA;rbs_spacer=5-10bp;gc_cont=0.234
LBMF01000007.1_43    -            214 2571at2085           -            187   7.5e-06   21.3   0.1   2   2     0.019       2.2    3.5   0.0   154   181   181   208   152   212 0.83 # 49062 # 49703 # -1 # ID=7_43;partial=00;start_type=ATG;rbs_motif=AGGA;rbs_spacer=5-10bp;gc_cont=0.234
LBMF01000004.1_38    -            208 2571at2085           -            187   0.00017   16.9   2.8   1   1   1.5e-05    0.0017   13.7   2.8     4   139     7   159     3   171 0.59 # 39247 # 39870 # 1 # ID=4_38;partial=00;start_type=ATG;rbs_motif=AGGAG;rbs_spacer=3-4bp;gc_cont=0.244
LBMF01000002.1_117   -            567 2571at2085           -            187   0.00053   15.3   0.5   1   1   1.2e-05    0.0013   14.0   0.3     4    59    37    90    35   126 0.73 # 143743 # 145443 # 1 # ID=2_117;partial=00;start_type=ATG;rbs_motif=AGGA;rbs_spacer=5-10bp;gc_cont=0.255
LBMF01000004.1_45    -            308 2571at2085           -            187   0.00056   15.2   0.5   1   1   3.9e-05    0.0043   12.3   0.5     5   104    37   127    33   144 0.70 # 45670 # 46593 # -1 # ID=4_45;partial=00;start_type=ATG;rbs_motif=AGxAGG/AGGxGG;rbs_spacer=5-10bp;gc_cont=0.208
LBMF01000004.1_140   -            215 2571at2085           -            187   0.00083   14.7   0.0   1   2   2.7e-05    0.0031   12.8   0.0     4    36     2    36     1    62 0.79 # 164845 # 165489 # -1 # ID=4_140;partial=00;start_type=ATG;rbs_motif=None;rbs_spacer=None;gc_cont=0.223
LBMF01000004.1_140   -            215 2571at2085           -            187   0.00083   14.7   0.0   2   2       1.1   1.2e+02   -2.2   0.0   109   129   134   153   132   163 0.68 # 164845 # 165489 # -1 # ID=4_140;partial=00;start_type=ATG;rbs_motif=None;rbs_spacer=None;gc_cont=0.223
#
# Program:         hmmsearch
# Version:         3.1b2 (February 2015)
# Pipeline mode:   SEARCH
# Query file:      /root/busco_downloads/lineages/mycoplasmatales_odb10/hmms/2571at2085.hmm
# Target file:     /disk3/default/V2/admin/core/data/myco_out/outBusco/Mcc_14DL0024/prodigal_output/predicted_genes/predicted.faa
# Option settings: hmmsearch --domtblout /disk3/default/V2/admin/core/data/myco_out/outBusco/Mcc_14DL0024/run_mycoplasmatales_odb10/hmmer_output/2571at2085.out --cpu 1 /root/busco_downloads/lineages/mycoplasmatales_odb10/hmms/2571at2085.hmm /disk3/default/V2/admin/core/data/myco_out/outBusco/Mcc_14DL0024/prodigal_output/predicted_genes/predicted.faa 
# Current dir:     /root
# Date:            Mon Aug  1 00:26:46 2022
# [ok]
