#                                                                            --- full sequence --- -------------- this domain -------------   hmm coord   ali coord   env coord
# target name        accession   tlen query name           accession   qlen   E-value  score  bias   #  of  c-Evalue  i-Evalue  score  bias  from    to  from    to  from    to  acc description of target
#------------------- ---------- ----- -------------------- ---------- ----- --------- ------ ----- --- --- --------- --------- ------ ----- ----- ----- ----- ----- ----- ----- ---- ---------------------
LBMF01000002.1_122   -            294 2666at2085           -            250   3.8e-70  231.4  12.4   1   2   2.3e-44   2.6e-42  140.2   3.2     2   134     8   147     7   154 0.89 # 153531 # 154412 # 1 # ID=2_122;partial=00;start_type=ATG;rbs_motif=GGAG/GAGG;rbs_spacer=5-10bp;gc_cont=0.232
LBMF01000002.1_122   -            294 2666at2085           -            250   3.8e-70  231.4  12.4   2   2   4.3e-31   4.8e-29   96.8   1.8   126   246   157   292   149   293 0.81 # 153531 # 154412 # 1 # ID=2_122;partial=00;start_type=ATG;rbs_motif=GGAG/GAGG;rbs_spacer=5-10bp;gc_cont=0.232
LBMF01000007.1_94    -            288 2666at2085           -            250   1.6e-26   88.4   7.5   1   1   7.8e-27   8.7e-25   82.8   7.5     5   245     4   277     2   282 0.74 # 99902 # 100765 # -1 # ID=7_94;partial=00;start_type=ATG;rbs_motif=GGA/GAG/AGG;rbs_spacer=5-10bp;gc_cont=0.242
LBMF01000003.1_102   -            289 2666at2085           -            250   7.8e-26   86.2  19.0   1   2   1.4e-16   1.5e-14   49.2   8.3     6   178     7   176     2   185 0.82 # 142833 # 143699 # 1 # ID=3_102;partial=00;start_type=ATG;rbs_motif=AGGA/GGAG/GAGG;rbs_spacer=11-12bp;gc_cont=0.209
LBMF01000003.1_102   -            289 2666at2085           -            250   7.8e-26   86.2  19.0   2   2   1.5e-14   1.7e-12   42.5   3.4   164   247   197   286   176   288 0.86 # 142833 # 143699 # 1 # ID=3_102;partial=00;start_type=ATG;rbs_motif=AGGA/GGAG/GAGG;rbs_spacer=11-12bp;gc_cont=0.209
LBMF01000001.1_2     -            281 2666at2085           -            250   1.1e-23   79.2   5.2   1   2   1.4e-12   1.5e-10   36.1   0.2     2    85     4    91     3   116 0.81 # 5067 # 5909 # 1 # ID=1_2;partial=00;start_type=ATG;rbs_motif=AGGA;rbs_spacer=5-10bp;gc_cont=0.255
LBMF01000001.1_2     -            281 2666at2085           -            250   1.1e-23   79.2   5.2   2   2   2.4e-15   2.6e-13   45.2   0.9   160   240   185   274   139   280 0.77 # 5067 # 5909 # 1 # ID=1_2;partial=00;start_type=ATG;rbs_motif=AGGA;rbs_spacer=5-10bp;gc_cont=0.255
LBMF01000007.1_174   -            280 2666at2085           -            250   1.3e-22   75.7  11.5   1   2   9.8e-10   1.1e-07   26.8   0.6     4    97     6    99     3   111 0.66 # 198983 # 199822 # 1 # ID=7_174;partial=00;start_type=ATG;rbs_motif=AGGAG;rbs_spacer=5-10bp;gc_cont=0.249
LBMF01000007.1_174   -            280 2666at2085           -            250   1.3e-22   75.7  11.5   2   2   8.1e-18     9e-16   53.3   4.4   151   242   179   277   150   279 0.76 # 198983 # 199822 # 1 # ID=7_174;partial=00;start_type=ATG;rbs_motif=AGGAG;rbs_spacer=5-10bp;gc_cont=0.249
LBMF01000007.1_105   -            279 2666at2085           -            250     3e-22   74.5  13.0   1   1   2.7e-22     3e-20   68.0  13.0     5   241     8   274     5   278 0.71 # 113745 # 114581 # 1 # ID=7_105;partial=00;start_type=ATG;rbs_motif=3Base/5BMM;rbs_spacer=13-15bp;gc_cont=0.231
LBMF01000001.1_35    -            266 2666at2085           -            250   1.8e-12   42.4  12.8   1   1   2.5e-13   2.7e-11   38.6  12.8     3   212     3   235     1   261 0.68 # 46960 # 47757 # -1 # ID=1_35;partial=00;start_type=ATG;rbs_motif=GGA/GAG/AGG;rbs_spacer=5-10bp;gc_cont=0.198
#
# Program:         hmmsearch
# Version:         3.1b2 (February 2015)
# Pipeline mode:   SEARCH
# Query file:      /root/busco_downloads/lineages/mycoplasmatales_odb10/hmms/2666at2085.hmm
# Target file:     /disk3/default/V2/admin/core/data/myco_out/outBusco/Mcc_14DL0024/prodigal_output/predicted_genes/predicted.faa
# Option settings: hmmsearch --domtblout /disk3/default/V2/admin/core/data/myco_out/outBusco/Mcc_14DL0024/run_mycoplasmatales_odb10/hmmer_output/2666at2085.out --cpu 1 /root/busco_downloads/lineages/mycoplasmatales_odb10/hmms/2666at2085.hmm /disk3/default/V2/admin/core/data/myco_out/outBusco/Mcc_14DL0024/prodigal_output/predicted_genes/predicted.faa 
# Current dir:     /root
# Date:            Mon Aug  1 00:26:46 2022
# [ok]
