#                                                                                                                                                                                                                            --- full sequence --- -------------- this domain -------------   hmm coord   ali coord   env coord
# target name                                                                                                                                                        accession   tlen query name           accession   qlen   E-value  score  bias   #  of  c-Evalue  i-Evalue  score  bias  from    to  from    to  from    to  acc description of target
#                                                                                                                                                ------------------- ---------- ----- -------------------- ---------- ----- --------- ------ ----- --- --- --------- --------- ------ ----- ----- ----- ----- ----- ----- ----- ---- ---------------------
NG-25720_PPCC_MCI_lib436635_7080_3_1_(paired)_trimmed_(paired)_mapping_-_Extracted_nucleotide_sequences_[NG-25720_PPCC_MCI_lib436635_7080_3_1]_(single)_contig_8_33  -            436 1140at2085           -            348  1.9e-118  390.9  27.2   1   1  3.7e-120  4.5e-118  389.7  27.2     1   347     6   434     6   435 0.82 # 27691 # 28998 # -1 # ID=8_33;partial=00;start_type=ATG;rbs_motif=None;rbs_spacer=None;gc_cont=0.226
NG-25720_PPCC_MCI_lib436635_7080_3_1_(paired)_trimmed_(paired)_mapping_-_Extracted_nucleotide_sequences_[NG-25720_PPCC_MCI_lib436635_7080_3_1]_(single)_contig_24_10 -            453 1140at2085           -            348     2e-21   71.8  12.6   1   2       1.4   1.7e+02   -3.5   0.2   104   128   140   164   118   174 0.64 # 12838 # 14196 # 1 # ID=24_10;partial=00;start_type=ATG;rbs_motif=GGA/GAG/AGG;rbs_spacer=5-10bp;gc_cont=0.235
NG-25720_PPCC_MCI_lib436635_7080_3_1_(paired)_trimmed_(paired)_mapping_-_Extracted_nucleotide_sequences_[NG-25720_PPCC_MCI_lib436635_7080_3_1]_(single)_contig_24_10 -            453 1140at2085           -            348     2e-21   71.8  12.6   2   2   1.6e-23     2e-21   71.8  12.6   129   282   217   378   196   420 0.71 # 12838 # 14196 # 1 # ID=24_10;partial=00;start_type=ATG;rbs_motif=GGA/GAG/AGG;rbs_spacer=5-10bp;gc_cont=0.235
NG-25720_PPCC_MCI_lib436635_7080_3_1_(paired)_trimmed_(paired)_mapping_-_Extracted_nucleotide_sequences_[NG-25720_PPCC_MCI_lib436635_7080_3_1]_(single)_contig_13_17 -            302 1140at2085           -            348   6.3e-16   53.8  13.2   1   2   1.7e-17     2e-15   52.1   1.4     1    77     9    94     9   114 0.81 # 24497 # 25402 # 1 # ID=13_17;partial=00;start_type=ATG;rbs_motif=None;rbs_spacer=None;gc_cont=0.222
NG-25720_PPCC_MCI_lib436635_7080_3_1_(paired)_trimmed_(paired)_mapping_-_Extracted_nucleotide_sequences_[NG-25720_PPCC_MCI_lib436635_7080_3_1]_(single)_contig_13_17 -            302 1140at2085           -            348   6.3e-16   53.8  13.2   2   2     2e-05    0.0024   12.4   6.0   164   278    51   173    50   202 0.75 # 24497 # 25402 # 1 # ID=13_17;partial=00;start_type=ATG;rbs_motif=None;rbs_spacer=None;gc_cont=0.222
NG-25720_PPCC_MCI_lib436635_7080_3_1_(paired)_trimmed_(paired)_mapping_-_Extracted_nucleotide_sequences_[NG-25720_PPCC_MCI_lib436635_7080_3_1]_(single)_contig_17_34 -            197 1140at2085           -            348   1.9e-13   45.6   5.0   1   1   2.9e-15   3.5e-13   44.7   5.0   131   275    24   191     7   196 0.79 # 43930 # 44520 # -1 # ID=17_34;partial=00;start_type=ATG;rbs_motif=AGGA;rbs_spacer=5-10bp;gc_cont=0.227
NG-25720_PPCC_MCI_lib436635_7080_3_1_(paired)_trimmed_(paired)_mapping_-_Extracted_nucleotide_sequences_[NG-25720_PPCC_MCI_lib436635_7080_3_1]_(single)_contig_8_18  -            317 1140at2085           -            348   4.5e-10   34.5   0.2   1   3      0.19        23   -0.7   1.0   215   234    48    68    15   115 0.64 # 16149 # 17099 # -1 # ID=8_18;partial=00;start_type=ATG;rbs_motif=AGxAG;rbs_spacer=5-10bp;gc_cont=0.236
NG-25720_PPCC_MCI_lib436635_7080_3_1_(paired)_trimmed_(paired)_mapping_-_Extracted_nucleotide_sequences_[NG-25720_PPCC_MCI_lib436635_7080_3_1]_(single)_contig_8_18  -            317 1140at2085           -            348   4.5e-10   34.5   0.2   2   3   3.7e-12   4.5e-10   34.5   0.2     1    68   126   196   126   230 0.83 # 16149 # 17099 # -1 # ID=8_18;partial=00;start_type=ATG;rbs_motif=AGxAG;rbs_spacer=5-10bp;gc_cont=0.236
NG-25720_PPCC_MCI_lib436635_7080_3_1_(paired)_trimmed_(paired)_mapping_-_Extracted_nucleotide_sequences_[NG-25720_PPCC_MCI_lib436635_7080_3_1]_(single)_contig_8_18  -            317 1140at2085           -            348   4.5e-10   34.5   0.2   3   3      0.13        16   -0.2   0.0   169   188   243   262   234   281 0.86 # 16149 # 17099 # -1 # ID=8_18;partial=00;start_type=ATG;rbs_motif=AGxAG;rbs_spacer=5-10bp;gc_cont=0.236
NG-25720_PPCC_MCI_lib436635_7080_3_1_(paired)_trimmed_(paired)_mapping_-_Extracted_nucleotide_sequences_[NG-25720_PPCC_MCI_lib436635_7080_3_1]_(single)_contig_24_25 -            365 1140at2085           -            348   1.6e-06   22.8   4.1   1   3   8.6e-07    0.0001   16.9   0.1     1    23     5    27     5    33 0.88 # 29655 # 30749 # 1 # ID=24_25;partial=00;start_type=ATG;rbs_motif=AGGA;rbs_spacer=5-10bp;gc_cont=0.276
NG-25720_PPCC_MCI_lib436635_7080_3_1_(paired)_trimmed_(paired)_mapping_-_Extracted_nucleotide_sequences_[NG-25720_PPCC_MCI_lib436635_7080_3_1]_(single)_contig_24_25 -            365 1140at2085           -            348   1.6e-06   22.8   4.1   2   3      0.51        62   -2.1   0.1    75   102    90   119    88   145 0.80 # 29655 # 30749 # 1 # ID=24_25;partial=00;start_type=ATG;rbs_motif=AGGA;rbs_spacer=5-10bp;gc_cont=0.276
NG-25720_PPCC_MCI_lib436635_7080_3_1_(paired)_trimmed_(paired)_mapping_-_Extracted_nucleotide_sequences_[NG-25720_PPCC_MCI_lib436635_7080_3_1]_(single)_contig_24_25 -            365 1140at2085           -            348   1.6e-06   22.8   4.1   3   3   0.00098      0.12    6.8   0.1   215   283   195   262   180   275 0.87 # 29655 # 30749 # 1 # ID=24_25;partial=00;start_type=ATG;rbs_motif=AGGA;rbs_spacer=5-10bp;gc_cont=0.276
NG-25720_PPCC_MCI_lib436635_7080_3_1_(paired)_trimmed_(paired)_mapping_-_Extracted_nucleotide_sequences_[NG-25720_PPCC_MCI_lib436635_7080_3_1]_(single)_contig_8_7   -            434 1140at2085           -            348   4.7e-06   21.3   3.5   1   2   0.00025     0.031    8.7   0.0   132   164   162   193   154   197 0.76 # 4129 # 5430 # -1 # ID=8_7;partial=00;start_type=ATG;rbs_motif=AGxAGG/AGGxGG;rbs_spacer=5-10bp;gc_cont=0.263
NG-25720_PPCC_MCI_lib436635_7080_3_1_(paired)_trimmed_(paired)_mapping_-_Extracted_nucleotide_sequences_[NG-25720_PPCC_MCI_lib436635_7080_3_1]_(single)_contig_8_7   -            434 1140at2085           -            348   4.7e-06   21.3   3.5   2   2    0.0001     0.012   10.0   3.0   219   278   276   332   254   361 0.86 # 4129 # 5430 # -1 # ID=8_7;partial=00;start_type=ATG;rbs_motif=AGxAGG/AGGxGG;rbs_spacer=5-10bp;gc_cont=0.263
#
# Program:         hmmsearch
# Version:         3.1b2 (February 2015)
# Pipeline mode:   SEARCH
# Query file:      /root/busco_downloads/lineages/mycoplasmatales_odb10/hmms/1140at2085.hmm
# Target file:     /disk3/default/V2/admin/core/data/myco_out/outBusco/Mcc_PPCC_MCI/prodigal_output/predicted_genes/predicted.faa
# Option settings: hmmsearch --domtblout /disk3/default/V2/admin/core/data/myco_out/outBusco/Mcc_PPCC_MCI/run_mycoplasmatales_odb10/hmmer_output/1140at2085.out --cpu 1 /root/busco_downloads/lineages/mycoplasmatales_odb10/hmms/1140at2085.hmm /disk3/default/V2/admin/core/data/myco_out/outBusco/Mcc_PPCC_MCI/prodigal_output/predicted_genes/predicted.faa 
# Current dir:     /root
# Date:            Mon Aug  1 00:27:59 2022
# [ok]
