#                                                                                                                                                                                                                            --- full sequence --- -------------- this domain -------------   hmm coord   ali coord   env coord
# target name                                                                                                                                                        accession   tlen query name           accession   qlen   E-value  score  bias   #  of  c-Evalue  i-Evalue  score  bias  from    to  from    to  from    to  acc description of target
#                                                                                                                                                ------------------- ---------- ----- -------------------- ---------- ----- --------- ------ ----- --- --- --------- --------- ------ ----- ----- ----- ----- ----- ----- ----- ---- ---------------------
NG-25720_PPCC_MCI_lib436635_7080_3_1_(paired)_trimmed_(paired)_mapping_-_Extracted_nucleotide_sequences_[NG-25720_PPCC_MCI_lib436635_7080_3_1]_(single)_contig_20_19 -            690 148at2085            -            586         0 1013.2  15.4   1   2  9.6e-113  1.6e-110  365.8   1.3     1   183    11   195    11   216 0.96 # 18923 # 20992 # 1 # ID=20_19;partial=00;start_type=ATG;rbs_motif=AGGA;rbs_spacer=5-10bp;gc_cont=0.320
NG-25720_PPCC_MCI_lib436635_7080_3_1_(paired)_trimmed_(paired)_mapping_-_Extracted_nucleotide_sequences_[NG-25720_PPCC_MCI_lib436635_7080_3_1]_(single)_contig_20_19 -            690 148at2085            -            586         0 1013.2  15.4   2   2  6.4e-199  1.1e-196  650.4   7.0   193   585   239   686   204   687 0.90 # 18923 # 20992 # 1 # ID=20_19;partial=00;start_type=ATG;rbs_motif=AGGA;rbs_spacer=5-10bp;gc_cont=0.320
NG-25720_PPCC_MCI_lib436635_7080_3_1_(paired)_trimmed_(paired)_mapping_-_Extracted_nucleotide_sequences_[NG-25720_PPCC_MCI_lib436635_7080_3_1]_(single)_contig_3_10  -            601 148at2085            -            586   5.2e-43  142.9   1.1   1   4   5.8e-30   9.8e-28   92.5   0.0     1   147     7   155     7   166 0.88 # 14638 # 16440 # 1 # ID=3_10;partial=00;start_type=ATG;rbs_motif=GGA/GAG/AGG;rbs_spacer=5-10bp;gc_cont=0.269
NG-25720_PPCC_MCI_lib436635_7080_3_1_(paired)_trimmed_(paired)_mapping_-_Extracted_nucleotide_sequences_[NG-25720_PPCC_MCI_lib436635_7080_3_1]_(single)_contig_3_10  -            601 148at2085            -            586   5.2e-43  142.9   1.1   2   4   5.5e-16   9.3e-14   46.3   0.1   220   421   170   386   161   389 0.75 # 14638 # 16440 # 1 # ID=3_10;partial=00;start_type=ATG;rbs_motif=GGA/GAG/AGG;rbs_spacer=5-10bp;gc_cont=0.269
NG-25720_PPCC_MCI_lib436635_7080_3_1_(paired)_trimmed_(paired)_mapping_-_Extracted_nucleotide_sequences_[NG-25720_PPCC_MCI_lib436635_7080_3_1]_(single)_contig_3_10  -            601 148at2085            -            586   5.2e-43  142.9   1.1   3   4     0.044       7.5    0.4   0.0   517   572   402   470   395   478 0.61 # 14638 # 16440 # 1 # ID=3_10;partial=00;start_type=ATG;rbs_motif=GGA/GAG/AGG;rbs_spacer=5-10bp;gc_cont=0.269
NG-25720_PPCC_MCI_lib436635_7080_3_1_(paired)_trimmed_(paired)_mapping_-_Extracted_nucleotide_sequences_[NG-25720_PPCC_MCI_lib436635_7080_3_1]_(single)_contig_3_10  -            601 148at2085            -            586   5.2e-43  142.9   1.1   4   4      0.35        59   -2.5   0.0   384   417   517   549   514   557 0.79 # 14638 # 16440 # 1 # ID=3_10;partial=00;start_type=ATG;rbs_motif=GGA/GAG/AGG;rbs_spacer=5-10bp;gc_cont=0.269
NG-25720_PPCC_MCI_lib436635_7080_3_1_(paired)_trimmed_(paired)_mapping_-_Extracted_nucleotide_sequences_[NG-25720_PPCC_MCI_lib436635_7080_3_1]_(single)_contig_14_23 -            567 148at2085            -            586     2e-38  127.8   4.0   1   3   3.8e-26   6.5e-24   79.9   0.0    41   155     2   117     1   140 0.89 # 23454 # 25154 # -1 # ID=14_23;partial=01;start_type=Edge;rbs_motif=None;rbs_spacer=None;gc_cont=0.268
NG-25720_PPCC_MCI_lib436635_7080_3_1_(paired)_trimmed_(paired)_mapping_-_Extracted_nucleotide_sequences_[NG-25720_PPCC_MCI_lib436635_7080_3_1]_(single)_contig_14_23 -            567 148at2085            -            586     2e-38  127.8   4.0   2   3   6.2e-12     1e-09   33.0   0.8   235   411   156   351   137   358 0.71 # 23454 # 25154 # -1 # ID=14_23;partial=01;start_type=Edge;rbs_motif=None;rbs_spacer=None;gc_cont=0.268
NG-25720_PPCC_MCI_lib436635_7080_3_1_(paired)_trimmed_(paired)_mapping_-_Extracted_nucleotide_sequences_[NG-25720_PPCC_MCI_lib436635_7080_3_1]_(single)_contig_14_23 -            567 148at2085            -            586     2e-38  127.8   4.0   3   3   5.7e-06   0.00097   13.3   0.0   517   574   359   427   351   434 0.71 # 23454 # 25154 # -1 # ID=14_23;partial=01;start_type=Edge;rbs_motif=None;rbs_spacer=None;gc_cont=0.268
NG-25720_PPCC_MCI_lib436635_7080_3_1_(paired)_trimmed_(paired)_mapping_-_Extracted_nucleotide_sequences_[NG-25720_PPCC_MCI_lib436635_7080_3_1]_(single)_contig_20_20 -            396 148at2085            -            586     8e-16   53.2   0.6   1   2   1.1e-17   1.9e-15   51.9   0.5     2   133    14   144    13   162 0.87 # 21124 # 22311 # 1 # ID=20_20;partial=00;start_type=ATG;rbs_motif=AGGAG;rbs_spacer=5-10bp;gc_cont=0.358
NG-25720_PPCC_MCI_lib436635_7080_3_1_(paired)_trimmed_(paired)_mapping_-_Extracted_nucleotide_sequences_[NG-25720_PPCC_MCI_lib436635_7080_3_1]_(single)_contig_20_20 -            396 148at2085            -            586     8e-16   53.2   0.6   2   2      0.17        29   -1.5   0.0   208   236   176   204   167   276 0.70 # 21124 # 22311 # 1 # ID=20_20;partial=00;start_type=ATG;rbs_motif=AGGAG;rbs_spacer=5-10bp;gc_cont=0.358
NG-25720_PPCC_MCI_lib436635_7080_3_1_(paired)_trimmed_(paired)_mapping_-_Extracted_nucleotide_sequences_[NG-25720_PPCC_MCI_lib436635_7080_3_1]_(single)_contig_6_5   -            621 148at2085            -            586   1.9e-15   51.9   1.3   1   1   8.3e-17   1.4e-14   49.1   1.3    49   135   152   239   123   255 0.84 # 4072 # 5934 # -1 # ID=6_5;partial=00;start_type=ATG;rbs_motif=GGAG/GAGG;rbs_spacer=5-10bp;gc_cont=0.278
#
# Program:         hmmsearch
# Version:         3.1b2 (February 2015)
# Pipeline mode:   SEARCH
# Query file:      /root/busco_downloads/lineages/mycoplasmatales_odb10/hmms/148at2085.hmm
# Target file:     /disk3/default/V2/admin/core/data/myco_out/outBusco/Mcc_PPCC_MCI/prodigal_output/predicted_genes/predicted.faa
# Option settings: hmmsearch --domtblout /disk3/default/V2/admin/core/data/myco_out/outBusco/Mcc_PPCC_MCI/run_mycoplasmatales_odb10/hmmer_output/148at2085.out --cpu 1 /root/busco_downloads/lineages/mycoplasmatales_odb10/hmms/148at2085.hmm /disk3/default/V2/admin/core/data/myco_out/outBusco/Mcc_PPCC_MCI/prodigal_output/predicted_genes/predicted.faa 
# Current dir:     /root
# Date:            Mon Aug  1 00:28:00 2022
# [ok]
