#                                                                                                                                                                                                                            --- full sequence --- -------------- this domain -------------   hmm coord   ali coord   env coord
# target name                                                                                                                                                        accession   tlen query name           accession   qlen   E-value  score  bias   #  of  c-Evalue  i-Evalue  score  bias  from    to  from    to  from    to  acc description of target
#                                                                                                                                                ------------------- ---------- ----- -------------------- ---------- ----- --------- ------ ----- --- --- --------- --------- ------ ----- ----- ----- ----- ----- ----- ----- ---- ---------------------
NG-25720_PPCC_MCI_lib436635_7080_3_1_(paired)_trimmed_(paired)_mapping_-_Extracted_nucleotide_sequences_[NG-25720_PPCC_MCI_lib436635_7080_3_1]_(single)_contig_34_12 -            308 1978at2085           -            276   4.1e-99  327.3  17.5   1   1  4.3e-101   5.3e-99  326.9  17.5     1   276     3   306     3   306 0.91 # 10902 # 11825 # 1 # ID=34_12;partial=00;start_type=ATG;rbs_motif=AGxAGG/AGGxGG;rbs_spacer=5-10bp;gc_cont=0.207
NG-25720_PPCC_MCI_lib436635_7080_3_1_(paired)_trimmed_(paired)_mapping_-_Extracted_nucleotide_sequences_[NG-25720_PPCC_MCI_lib436635_7080_3_1]_(single)_contig_13_10 -            413 1978at2085           -            276   1.8e-15   52.9   3.0   1   2   1.5e-17   1.8e-15   52.9   3.0     1   112    10   120    10   135 0.85 # 10054 # 11292 # 1 # ID=13_10;partial=00;start_type=ATG;rbs_motif=GGAG/GAGG;rbs_spacer=5-10bp;gc_cont=0.244
NG-25720_PPCC_MCI_lib436635_7080_3_1_(paired)_trimmed_(paired)_mapping_-_Extracted_nucleotide_sequences_[NG-25720_PPCC_MCI_lib436635_7080_3_1]_(single)_contig_13_10 -            413 1978at2085           -            276   1.8e-15   52.9   3.0   2   2      0.26        32   -0.4   0.1   191   266   171   246   138   253 0.61 # 10054 # 11292 # 1 # ID=13_10;partial=00;start_type=ATG;rbs_motif=GGAG/GAGG;rbs_spacer=5-10bp;gc_cont=0.244
NG-25720_PPCC_MCI_lib436635_7080_3_1_(paired)_trimmed_(paired)_mapping_-_Extracted_nucleotide_sequences_[NG-25720_PPCC_MCI_lib436635_7080_3_1]_(single)_contig_28_4  -            268 1978at2085           -            276   9.4e-12   40.7  11.3   1   1   1.1e-12   1.4e-10   36.9  11.2     5   213     4   239     1   250 0.75 # 1371 # 2174 # 1 # ID=28_4;partial=00;start_type=ATG;rbs_motif=GGA/GAG/AGG;rbs_spacer=5-10bp;gc_cont=0.188
NG-25720_PPCC_MCI_lib436635_7080_3_1_(paired)_trimmed_(paired)_mapping_-_Extracted_nucleotide_sequences_[NG-25720_PPCC_MCI_lib436635_7080_3_1]_(single)_contig_1_52  -            651 1978at2085           -            276   6.5e-08   28.1   0.3   1   2   3.2e-09   3.9e-07   25.6   0.0    26   103   200   285   180   360 0.79 # 58664 # 60616 # 1 # ID=1_52;partial=00;start_type=ATG;rbs_motif=GGAG/GAGG;rbs_spacer=5-10bp;gc_cont=0.301
NG-25720_PPCC_MCI_lib436635_7080_3_1_(paired)_trimmed_(paired)_mapping_-_Extracted_nucleotide_sequences_[NG-25720_PPCC_MCI_lib436635_7080_3_1]_(single)_contig_1_52  -            651 1978at2085           -            276   6.5e-08   28.1   0.3   2   2      0.32        39   -0.7   0.3   198   233   570   604   513   632 0.52 # 58664 # 60616 # 1 # ID=1_52;partial=00;start_type=ATG;rbs_motif=GGAG/GAGG;rbs_spacer=5-10bp;gc_cont=0.301
NG-25720_PPCC_MCI_lib436635_7080_3_1_(paired)_trimmed_(paired)_mapping_-_Extracted_nucleotide_sequences_[NG-25720_PPCC_MCI_lib436635_7080_3_1]_(single)_contig_13_9  -            780 1978at2085           -            276   9.7e-06   21.0   5.0   1   3      0.75        92   -1.9   0.3    56   100   173   217   157   260 0.64 # 7602 # 9941 # 1 # ID=13_9;partial=00;start_type=ATG;rbs_motif=AGGAG;rbs_spacer=5-10bp;gc_cont=0.268
NG-25720_PPCC_MCI_lib436635_7080_3_1_(paired)_trimmed_(paired)_mapping_-_Extracted_nucleotide_sequences_[NG-25720_PPCC_MCI_lib436635_7080_3_1]_(single)_contig_13_9  -            780 1978at2085           -            276   9.7e-06   21.0   5.0   2   3   1.9e-07   2.3e-05   19.7   0.1     8    64   327   384   323   396 0.75 # 7602 # 9941 # 1 # ID=13_9;partial=00;start_type=ATG;rbs_motif=AGGAG;rbs_spacer=5-10bp;gc_cont=0.268
NG-25720_PPCC_MCI_lib436635_7080_3_1_(paired)_trimmed_(paired)_mapping_-_Extracted_nucleotide_sequences_[NG-25720_PPCC_MCI_lib436635_7080_3_1]_(single)_contig_13_9  -            780 1978at2085           -            276   9.7e-06   21.0   5.0   3   3     0.039       4.7    2.3   0.0   129   166   466   503   409   519 0.84 # 7602 # 9941 # 1 # ID=13_9;partial=00;start_type=ATG;rbs_motif=AGGAG;rbs_spacer=5-10bp;gc_cont=0.268
NG-25720_PPCC_MCI_lib436635_7080_3_1_(paired)_trimmed_(paired)_mapping_-_Extracted_nucleotide_sequences_[NG-25720_PPCC_MCI_lib436635_7080_3_1]_(single)_contig_27_6  -            513 1978at2085           -            276   9.9e-06   21.0   0.2   1   2   6.6e-06   0.00081   14.7   0.0    19    57    16    54     7    64 0.88 # 4622 # 6160 # 1 # ID=27_6;partial=00;start_type=ATG;rbs_motif=AGGAGG;rbs_spacer=3-4bp;gc_cont=0.261
NG-25720_PPCC_MCI_lib436635_7080_3_1_(paired)_trimmed_(paired)_mapping_-_Extracted_nucleotide_sequences_[NG-25720_PPCC_MCI_lib436635_7080_3_1]_(single)_contig_27_6  -            513 1978at2085           -            276   9.9e-06   21.0   0.2   2   2     0.021       2.6    3.2   0.0    35    57   350   372   345   374 0.89 # 4622 # 6160 # 1 # ID=27_6;partial=00;start_type=ATG;rbs_motif=AGGAGG;rbs_spacer=3-4bp;gc_cont=0.261
NG-25720_PPCC_MCI_lib436635_7080_3_1_(paired)_trimmed_(paired)_mapping_-_Extracted_nucleotide_sequences_[NG-25720_PPCC_MCI_lib436635_7080_3_1]_(single)_contig_12_3  -            312 1978at2085           -            276   7.3e-05   18.1   6.8   1   1   5.7e-06    0.0007   14.9   6.8    28    99   145   228   127   301 0.65 # 2378 # 3313 # -1 # ID=12_3;partial=00;start_type=ATG;rbs_motif=None;rbs_spacer=None;gc_cont=0.193
#
# Program:         hmmsearch
# Version:         3.1b2 (February 2015)
# Pipeline mode:   SEARCH
# Query file:      /root/busco_downloads/lineages/mycoplasmatales_odb10/hmms/1978at2085.hmm
# Target file:     /disk3/default/V2/admin/core/data/myco_out/outBusco/Mcc_PPCC_MCI/prodigal_output/predicted_genes/predicted.faa
# Option settings: hmmsearch --domtblout /disk3/default/V2/admin/core/data/myco_out/outBusco/Mcc_PPCC_MCI/run_mycoplasmatales_odb10/hmmer_output/1978at2085.out --cpu 1 /root/busco_downloads/lineages/mycoplasmatales_odb10/hmms/1978at2085.hmm /disk3/default/V2/admin/core/data/myco_out/outBusco/Mcc_PPCC_MCI/prodigal_output/predicted_genes/predicted.faa 
# Current dir:     /root
# Date:            Mon Aug  1 00:28:02 2022
# [ok]
