#                                                                                                                                                                                                                            --- full sequence --- -------------- this domain -------------   hmm coord   ali coord   env coord
# target name                                                                                                                                                        accession   tlen query name           accession   qlen   E-value  score  bias   #  of  c-Evalue  i-Evalue  score  bias  from    to  from    to  from    to  acc description of target
#                                                                                                                                                ------------------- ---------- ----- -------------------- ---------- ----- --------- ------ ----- --- --- --------- --------- ------ ----- ----- ----- ----- ----- ----- ----- ---- ---------------------
NG-25720_PPCC_MCI_lib436635_7080_3_1_(paired)_trimmed_(paired)_mapping_-_Extracted_nucleotide_sequences_[NG-25720_PPCC_MCI_lib436635_7080_3_1]_(single)_contig_17_34 -            197 4324at2085           -            135   1.4e-37  124.4   5.1   1   1   3.2e-39   3.4e-37  123.1   5.1     4   124    17   159     7   183 0.87 # 43930 # 44520 # -1 # ID=17_34;partial=00;start_type=ATG;rbs_motif=AGGA;rbs_spacer=5-10bp;gc_cont=0.227
NG-25720_PPCC_MCI_lib436635_7080_3_1_(paired)_trimmed_(paired)_mapping_-_Extracted_nucleotide_sequences_[NG-25720_PPCC_MCI_lib436635_7080_3_1]_(single)_contig_8_33  -            436 4324at2085           -            135   1.7e-14   49.6  17.3   1   3   1.6e-08   1.7e-06   23.7   4.0    11   103     5   107     2   153 0.64 # 27691 # 28998 # -1 # ID=8_33;partial=00;start_type=ATG;rbs_motif=None;rbs_spacer=None;gc_cont=0.226
NG-25720_PPCC_MCI_lib436635_7080_3_1_(paired)_trimmed_(paired)_mapping_-_Extracted_nucleotide_sequences_[NG-25720_PPCC_MCI_lib436635_7080_3_1]_(single)_contig_8_33  -            436 4324at2085           -            135   1.7e-14   49.6  17.3   2   3      0.24        26    0.5   0.2    35    70   107   141    91   172 0.60 # 27691 # 28998 # -1 # ID=8_33;partial=00;start_type=ATG;rbs_motif=None;rbs_spacer=None;gc_cont=0.226
NG-25720_PPCC_MCI_lib436635_7080_3_1_(paired)_trimmed_(paired)_mapping_-_Extracted_nucleotide_sequences_[NG-25720_PPCC_MCI_lib436635_7080_3_1]_(single)_contig_8_33  -            436 4324at2085           -            135   1.7e-14   49.6  17.3   3   3   3.7e-10     4e-08   29.0   5.1     8   122   173   308   168   318 0.70 # 27691 # 28998 # -1 # ID=8_33;partial=00;start_type=ATG;rbs_motif=None;rbs_spacer=None;gc_cont=0.226
NG-25720_PPCC_MCI_lib436635_7080_3_1_(paired)_trimmed_(paired)_mapping_-_Extracted_nucleotide_sequences_[NG-25720_PPCC_MCI_lib436635_7080_3_1]_(single)_contig_24_10 -            453 4324at2085           -            135   5.3e-10   35.0   5.2   1   1   4.3e-11   4.6e-09   32.0   5.2     4   123   212   347   209   361 0.68 # 12838 # 14196 # 1 # ID=24_10;partial=00;start_type=ATG;rbs_motif=GGA/GAG/AGG;rbs_spacer=5-10bp;gc_cont=0.235
NG-25720_PPCC_MCI_lib436635_7080_3_1_(paired)_trimmed_(paired)_mapping_-_Extracted_nucleotide_sequences_[NG-25720_PPCC_MCI_lib436635_7080_3_1]_(single)_contig_8_18  -            317 4324at2085           -            135   1.2e-08   30.7   0.4   1   2       0.3        32    0.2   0.5    67   112    66   116    35   125 0.66 # 16149 # 17099 # -1 # ID=8_18;partial=00;start_type=ATG;rbs_motif=AGxAG;rbs_spacer=5-10bp;gc_cont=0.236
NG-25720_PPCC_MCI_lib436635_7080_3_1_(paired)_trimmed_(paired)_mapping_-_Extracted_nucleotide_sequences_[NG-25720_PPCC_MCI_lib436635_7080_3_1]_(single)_contig_8_18  -            317 4324at2085           -            135   1.2e-08   30.7   0.4   2   2   1.1e-10   1.2e-08   30.7   0.4     4    72   118   190   115   231 0.84 # 16149 # 17099 # -1 # ID=8_18;partial=00;start_type=ATG;rbs_motif=AGxAG;rbs_spacer=5-10bp;gc_cont=0.236
NG-25720_PPCC_MCI_lib436635_7080_3_1_(paired)_trimmed_(paired)_mapping_-_Extracted_nucleotide_sequences_[NG-25720_PPCC_MCI_lib436635_7080_3_1]_(single)_contig_13_17 -            302 4324at2085           -            135     2e-08   30.0   4.9   1   2   1.9e-10     2e-08   30.0   4.9    12   122     9   138     2   161 0.74 # 24497 # 25402 # 1 # ID=13_17;partial=00;start_type=ATG;rbs_motif=None;rbs_spacer=None;gc_cont=0.222
NG-25720_PPCC_MCI_lib436635_7080_3_1_(paired)_trimmed_(paired)_mapping_-_Extracted_nucleotide_sequences_[NG-25720_PPCC_MCI_lib436635_7080_3_1]_(single)_contig_13_17 -            302 4324at2085           -            135     2e-08   30.0   4.9   2   2      0.55        59   -0.7   0.1    65   111   159   205   155   231 0.70 # 24497 # 25402 # 1 # ID=13_17;partial=00;start_type=ATG;rbs_motif=None;rbs_spacer=None;gc_cont=0.222
NG-25720_PPCC_MCI_lib436635_7080_3_1_(paired)_trimmed_(paired)_mapping_-_Extracted_nucleotide_sequences_[NG-25720_PPCC_MCI_lib436635_7080_3_1]_(single)_contig_34_16 -            368 4324at2085           -            135   1.2e-06   24.2  11.1   1   2     0.011       1.2    4.8   2.9    67   121    61   115    40   134 0.77 # 15157 # 16260 # 1 # ID=34_16;partial=00;start_type=ATG;rbs_motif=AGGAG;rbs_spacer=5-10bp;gc_cont=0.196
NG-25720_PPCC_MCI_lib436635_7080_3_1_(paired)_trimmed_(paired)_mapping_-_Extracted_nucleotide_sequences_[NG-25720_PPCC_MCI_lib436635_7080_3_1]_(single)_contig_34_16 -            368 4324at2085           -            135   1.2e-06   24.2  11.1   2   2   1.4e-08   1.5e-06   23.9   1.2     3    31   150   178   148   241 0.88 # 15157 # 16260 # 1 # ID=34_16;partial=00;start_type=ATG;rbs_motif=AGGAG;rbs_spacer=5-10bp;gc_cont=0.196
NG-25720_PPCC_MCI_lib436635_7080_3_1_(paired)_trimmed_(paired)_mapping_-_Extracted_nucleotide_sequences_[NG-25720_PPCC_MCI_lib436635_7080_3_1]_(single)_contig_24_25 -            365 4324at2085           -            135   0.00028   16.5   0.0   1   1   7.8e-06   0.00083   15.0   0.0    12    36     5    29     3    64 0.83 # 29655 # 30749 # 1 # ID=24_25;partial=00;start_type=ATG;rbs_motif=AGGA;rbs_spacer=5-10bp;gc_cont=0.276
NG-25720_PPCC_MCI_lib436635_7080_3_1_(paired)_trimmed_(paired)_mapping_-_Extracted_nucleotide_sequences_[NG-25720_PPCC_MCI_lib436635_7080_3_1]_(single)_contig_8_7   -            434 4324at2085           -            135     0.001   14.7   0.9   1   3   0.00011     0.012   11.3   0.0    11   108   161   266   156   287 0.66 # 4129 # 5430 # -1 # ID=8_7;partial=00;start_type=ATG;rbs_motif=AGxAGG/AGGxGG;rbs_spacer=5-10bp;gc_cont=0.263
NG-25720_PPCC_MCI_lib436635_7080_3_1_(paired)_trimmed_(paired)_mapping_-_Extracted_nucleotide_sequences_[NG-25720_PPCC_MCI_lib436635_7080_3_1]_(single)_contig_8_7   -            434 4324at2085           -            135     0.001   14.7   0.9   2   3      0.16        18    1.0   0.5    91   124   268   301   250   321 0.56 # 4129 # 5430 # -1 # ID=8_7;partial=00;start_type=ATG;rbs_motif=AGxAGG/AGGxGG;rbs_spacer=5-10bp;gc_cont=0.263
NG-25720_PPCC_MCI_lib436635_7080_3_1_(paired)_trimmed_(paired)_mapping_-_Extracted_nucleotide_sequences_[NG-25720_PPCC_MCI_lib436635_7080_3_1]_(single)_contig_8_7   -            434 4324at2085           -            135     0.001   14.7   0.9   3   3      0.31        33    0.1   0.1    45    59   299   314   297   334 0.61 # 4129 # 5430 # -1 # ID=8_7;partial=00;start_type=ATG;rbs_motif=AGxAGG/AGGxGG;rbs_spacer=5-10bp;gc_cont=0.263
#
# Program:         hmmsearch
# Version:         3.1b2 (February 2015)
# Pipeline mode:   SEARCH
# Query file:      /root/busco_downloads/lineages/mycoplasmatales_odb10/hmms/4324at2085.hmm
# Target file:     /disk3/default/V2/admin/core/data/myco_out/outBusco/Mcc_PPCC_MCI/prodigal_output/predicted_genes/predicted.faa
# Option settings: hmmsearch --domtblout /disk3/default/V2/admin/core/data/myco_out/outBusco/Mcc_PPCC_MCI/run_mycoplasmatales_odb10/hmmer_output/4324at2085.out --cpu 1 /root/busco_downloads/lineages/mycoplasmatales_odb10/hmms/4324at2085.hmm /disk3/default/V2/admin/core/data/myco_out/outBusco/Mcc_PPCC_MCI/prodigal_output/predicted_genes/predicted.faa 
# Current dir:     /root
# Date:            Mon Aug  1 00:28:05 2022
# [ok]
