#                                                                                                                                                                                                                           --- full sequence --- -------------- this domain -------------   hmm coord   ali coord   env coord
# target name                                                                                                                                                       accession   tlen query name           accession   qlen   E-value  score  bias   #  of  c-Evalue  i-Evalue  score  bias  from    to  from    to  from    to  acc description of target
#                                                                                                                                               ------------------- ---------- ----- -------------------- ---------- ----- --------- ------ ----- --- --- --------- --------- ------ ----- ----- ----- ----- ----- ----- ----- ---- ---------------------
NG-25720_PPCC_MCI_lib436635_7080_3_1_(paired)_trimmed_(paired)_mapping_-_Extracted_nucleotide_sequences_[NG-25720_PPCC_MCI_lib436635_7080_3_1]_(single)_contig_6_11 -           1480 56at2085             -           1080         0 1390.3  36.7   1   2      0.66   2.8e+02   -5.4   2.3   145   145   106   106    22   206 0.50 # 9457 # 13896 # -1 # ID=6_11;partial=00;start_type=ATG;rbs_motif=AGGAGG;rbs_spacer=3-4bp;gc_cont=0.240
NG-25720_PPCC_MCI_lib436635_7080_3_1_(paired)_trimmed_(paired)_mapping_-_Extracted_nucleotide_sequences_[NG-25720_PPCC_MCI_lib436635_7080_3_1]_(single)_contig_6_11 -           1480 56at2085             -           1080         0 1390.3  36.7   2   2         0         0 1390.3  36.7    39  1078   321  1476   289  1477 0.88 # 9457 # 13896 # -1 # ID=6_11;partial=00;start_type=ATG;rbs_motif=AGGAGG;rbs_spacer=3-4bp;gc_cont=0.240
NG-25720_PPCC_MCI_lib436635_7080_3_1_(paired)_trimmed_(paired)_mapping_-_Extracted_nucleotide_sequences_[NG-25720_PPCC_MCI_lib436635_7080_3_1]_(single)_contig_12_7 -            987 56at2085             -           1080   2.2e-19   64.5  41.8   1   5   1.2e-05    0.0049   10.3   0.1    56   121     7    73     5    80 0.89 # 8244 # 11204 # -1 # ID=12_7;partial=00;start_type=ATG;rbs_motif=AGGAG;rbs_spacer=5-10bp;gc_cont=0.196
NG-25720_PPCC_MCI_lib436635_7080_3_1_(paired)_trimmed_(paired)_mapping_-_Extracted_nucleotide_sequences_[NG-25720_PPCC_MCI_lib436635_7080_3_1]_(single)_contig_12_7 -            987 56at2085             -           1080   2.2e-19   64.5  41.8   2   5   1.4e-09   5.8e-07   23.3   4.9   404   566   162   327   106   331 0.77 # 8244 # 11204 # -1 # ID=12_7;partial=00;start_type=ATG;rbs_motif=AGGAG;rbs_spacer=5-10bp;gc_cont=0.196
NG-25720_PPCC_MCI_lib436635_7080_3_1_(paired)_trimmed_(paired)_mapping_-_Extracted_nucleotide_sequences_[NG-25720_PPCC_MCI_lib436635_7080_3_1]_(single)_contig_12_7 -            987 56at2085             -           1080   2.2e-19   64.5  41.8   3   5   3.1e-07   0.00013   15.5   0.0   606   676   330   400   327   410 0.87 # 8244 # 11204 # -1 # ID=12_7;partial=00;start_type=ATG;rbs_motif=AGGAG;rbs_spacer=5-10bp;gc_cont=0.196
NG-25720_PPCC_MCI_lib436635_7080_3_1_(paired)_trimmed_(paired)_mapping_-_Extracted_nucleotide_sequences_[NG-25720_PPCC_MCI_lib436635_7080_3_1]_(single)_contig_12_7 -            987 56at2085             -           1080   2.2e-19   64.5  41.8   4   5   3.6e-06    0.0015   12.0   1.0   675   779   436   543   422   556 0.77 # 8244 # 11204 # -1 # ID=12_7;partial=00;start_type=ATG;rbs_motif=AGGAG;rbs_spacer=5-10bp;gc_cont=0.196
NG-25720_PPCC_MCI_lib436635_7080_3_1_(paired)_trimmed_(paired)_mapping_-_Extracted_nucleotide_sequences_[NG-25720_PPCC_MCI_lib436635_7080_3_1]_(single)_contig_12_7 -            987 56at2085             -           1080   2.2e-19   64.5  41.8   5   5   6.2e-08   2.6e-05   17.8  13.0   906  1048   683   834   662   857 0.72 # 8244 # 11204 # -1 # ID=12_7;partial=00;start_type=ATG;rbs_motif=AGGAG;rbs_spacer=5-10bp;gc_cont=0.196
#
# Program:         hmmsearch
# Version:         3.1b2 (February 2015)
# Pipeline mode:   SEARCH
# Query file:      /root/busco_downloads/lineages/mycoplasmatales_odb10/hmms/56at2085.hmm
# Target file:     /disk3/default/V2/admin/core/data/myco_out/outBusco/Mcc_PPCC_MCI/prodigal_output/predicted_genes/predicted.faa
# Option settings: hmmsearch --domtblout /disk3/default/V2/admin/core/data/myco_out/outBusco/Mcc_PPCC_MCI/run_mycoplasmatales_odb10/hmmer_output/56at2085.out --cpu 1 /root/busco_downloads/lineages/mycoplasmatales_odb10/hmms/56at2085.hmm /disk3/default/V2/admin/core/data/myco_out/outBusco/Mcc_PPCC_MCI/prodigal_output/predicted_genes/predicted.faa 
# Current dir:     /root
# Date:            Mon Aug  1 00:28:07 2022
# [ok]
