#                                                                                                                                                                                                                            --- full sequence --- -------------- this domain -------------   hmm coord   ali coord   env coord
# target name                                                                                                                                                        accession   tlen query name           accession   qlen   E-value  score  bias   #  of  c-Evalue  i-Evalue  score  bias  from    to  from    to  from    to  acc description of target
#                                                                                                                                                ------------------- ---------- ----- -------------------- ---------- ----- --------- ------ ----- --- --- --------- --------- ------ ----- ----- ----- ----- ----- ----- ----- ---- ---------------------
NG-25720_PPCC_MCI_lib436635_7080_3_1_(paired)_trimmed_(paired)_mapping_-_Extracted_nucleotide_sequences_[NG-25720_PPCC_MCI_lib436635_7080_3_1]_(single)_contig_6_5   -            621 801at2085            -            486  7.8e-174  574.5  25.2   1   2  9.2e-145  1.6e-142  471.3  10.8     2   331    21   388    20   412 0.91 # 4072 # 5934 # -1 # ID=6_5;partial=00;start_type=ATG;rbs_motif=GGAG/GAGG;rbs_spacer=5-10bp;gc_cont=0.278
NG-25720_PPCC_MCI_lib436635_7080_3_1_(paired)_trimmed_(paired)_mapping_-_Extracted_nucleotide_sequences_[NG-25720_PPCC_MCI_lib436635_7080_3_1]_(single)_contig_6_5   -            621 801at2085            -            486  7.8e-174  574.5  25.2   2   2   9.5e-35   1.6e-32  108.4   7.3   328   484   415   615   395   617 0.79 # 4072 # 5934 # -1 # ID=6_5;partial=00;start_type=ATG;rbs_motif=GGAG/GAGG;rbs_spacer=5-10bp;gc_cont=0.278
NG-25720_PPCC_MCI_lib436635_7080_3_1_(paired)_trimmed_(paired)_mapping_-_Extracted_nucleotide_sequences_[NG-25720_PPCC_MCI_lib436635_7080_3_1]_(single)_contig_20_20 -            396 801at2085            -            486   1.6e-20   68.8   3.8   1   1   1.4e-21   2.4e-19   65.0   3.8    85   280    15   241     3   257 0.75 # 21124 # 22311 # 1 # ID=20_20;partial=00;start_type=ATG;rbs_motif=AGGAG;rbs_spacer=5-10bp;gc_cont=0.358
NG-25720_PPCC_MCI_lib436635_7080_3_1_(paired)_trimmed_(paired)_mapping_-_Extracted_nucleotide_sequences_[NG-25720_PPCC_MCI_lib436635_7080_3_1]_(single)_contig_3_10  -            601 801at2085            -            486   1.5e-19   65.6   3.9   1   2   0.00013     0.022    9.0   0.0    86   109    10    34     3    41 0.78 # 14638 # 16440 # 1 # ID=3_10;partial=00;start_type=ATG;rbs_motif=GGA/GAG/AGG;rbs_spacer=5-10bp;gc_cont=0.269
NG-25720_PPCC_MCI_lib436635_7080_3_1_(paired)_trimmed_(paired)_mapping_-_Extracted_nucleotide_sequences_[NG-25720_PPCC_MCI_lib436635_7080_3_1]_(single)_contig_3_10  -            601 801at2085            -            486   1.5e-19   65.6   3.9   2   2   4.8e-19   8.1e-17   56.6   1.4   124   287    74   231    68   276 0.87 # 14638 # 16440 # 1 # ID=3_10;partial=00;start_type=ATG;rbs_motif=GGA/GAG/AGG;rbs_spacer=5-10bp;gc_cont=0.269
NG-25720_PPCC_MCI_lib436635_7080_3_1_(paired)_trimmed_(paired)_mapping_-_Extracted_nucleotide_sequences_[NG-25720_PPCC_MCI_lib436635_7080_3_1]_(single)_contig_20_19 -            690 801at2085            -            486   3.8e-14   47.8   3.1   1   2     2e-14   3.4e-12   41.4   2.5   110   192    56   144     7   155 0.68 # 18923 # 20992 # 1 # ID=20_19;partial=00;start_type=ATG;rbs_motif=AGGA;rbs_spacer=5-10bp;gc_cont=0.320
NG-25720_PPCC_MCI_lib436635_7080_3_1_(paired)_trimmed_(paired)_mapping_-_Extracted_nucleotide_sequences_[NG-25720_PPCC_MCI_lib436635_7080_3_1]_(single)_contig_20_19 -            690 801at2085            -            486   3.8e-14   47.8   3.1   2   2     0.035         6    1.0   0.0   214   234   255   275   226   283 0.83 # 18923 # 20992 # 1 # ID=20_19;partial=00;start_type=ATG;rbs_motif=AGGA;rbs_spacer=5-10bp;gc_cont=0.320
NG-25720_PPCC_MCI_lib436635_7080_3_1_(paired)_trimmed_(paired)_mapping_-_Extracted_nucleotide_sequences_[NG-25720_PPCC_MCI_lib436635_7080_3_1]_(single)_contig_14_23 -            567 801at2085            -            486   2.7e-13   45.0   0.2   1   2   1.6e-15   2.7e-13   45.0   0.2   125   225    28   130     4   154 0.82 # 23454 # 25154 # -1 # ID=14_23;partial=01;start_type=Edge;rbs_motif=None;rbs_spacer=None;gc_cont=0.268
NG-25720_PPCC_MCI_lib436635_7080_3_1_(paired)_trimmed_(paired)_mapping_-_Extracted_nucleotide_sequences_[NG-25720_PPCC_MCI_lib436635_7080_3_1]_(single)_contig_14_23 -            567 801at2085            -            486   2.7e-13   45.0   0.2   2   2      0.93   1.6e+02   -3.7   0.1   438   456   196   214   180   247 0.61 # 23454 # 25154 # -1 # ID=14_23;partial=01;start_type=Edge;rbs_motif=None;rbs_spacer=None;gc_cont=0.268
#
# Program:         hmmsearch
# Version:         3.1b2 (February 2015)
# Pipeline mode:   SEARCH
# Query file:      /root/busco_downloads/lineages/mycoplasmatales_odb10/hmms/801at2085.hmm
# Target file:     /disk3/default/V2/admin/core/data/myco_out/outBusco/Mcc_PPCC_MCI/prodigal_output/predicted_genes/predicted.faa
# Option settings: hmmsearch --domtblout /disk3/default/V2/admin/core/data/myco_out/outBusco/Mcc_PPCC_MCI/run_mycoplasmatales_odb10/hmmer_output/801at2085.out --cpu 1 /root/busco_downloads/lineages/mycoplasmatales_odb10/hmms/801at2085.hmm /disk3/default/V2/admin/core/data/myco_out/outBusco/Mcc_PPCC_MCI/prodigal_output/predicted_genes/predicted.faa 
# Current dir:     /root
# Date:            Mon Aug  1 00:28:07 2022
# [ok]
