#                                                                            --- full sequence --- -------------- this domain -------------   hmm coord   ali coord   env coord
# target name        accession   tlen query name           accession   qlen   E-value  score  bias   #  of  c-Evalue  i-Evalue  score  bias  from    to  from    to  from    to  acc description of target
#------------------- ---------- ----- -------------------- ---------- ----- --------- ------ ----- --- --- --------- --------- ------ ----- ----- ----- ----- ----- ----- ----- ---- ---------------------
JXQB01000001.1_129   -            352 1064at2085           -            350  6.6e-118  389.3  17.9   1   2   4.2e-49   1.6e-47  157.8   0.4     1   107     5   111     5   115 0.98 # 169828 # 170883 # 1 # ID=1_129;partial=00;start_type=ATG;rbs_motif=AGGAG;rbs_spacer=3-4bp;gc_cont=0.268
JXQB01000001.1_129   -            352 1064at2085           -            350  6.6e-118  389.3  17.9   2   2     5e-71   1.9e-69  229.9  12.3   152   349   109   349   108   350 0.79 # 169828 # 170883 # 1 # ID=1_129;partial=00;start_type=ATG;rbs_motif=AGGAG;rbs_spacer=3-4bp;gc_cont=0.268
JXQB01000001.1_142   -            362 1064at2085           -            350   1.3e-77  256.8   2.5   1   2   4.3e-37   1.6e-35  118.3   0.2     2   108     3   111     2   115 0.95 # 188048 # 189133 # -1 # ID=1_142;partial=00;start_type=ATG;rbs_motif=AGGAG/GGAGG;rbs_spacer=11-12bp;gc_cont=0.268
JXQB01000001.1_142   -            362 1064at2085           -            350   1.3e-77  256.8   2.5   2   2   5.1e-44     2e-42  141.1   0.5   152   310   108   269   105   304 0.88 # 188048 # 189133 # -1 # ID=1_142;partial=00;start_type=ATG;rbs_motif=AGGAG/GGAGG;rbs_spacer=11-12bp;gc_cont=0.268
JXQB01000001.1_754   -            404 1064at2085           -            350   5.7e-51  169.1  20.2   1   1   5.6e-52   2.2e-50  167.2  20.2     2   283    10   315     9   396 0.73 # 924711 # 925922 # 1 # ID=1_754;partial=00;start_type=ATG;rbs_motif=None;rbs_spacer=None;gc_cont=0.195
JXQB01000001.1_354   -            346 1064at2085           -            350   1.1e-42  141.9  10.9   1   3       3.4   1.3e+02   -3.1   0.4    81   111    57    87    18   103 0.52 # 442906 # 443943 # -1 # ID=1_354;partial=00;start_type=ATG;rbs_motif=GGAG/GAGG;rbs_spacer=5-10bp;gc_cont=0.273
JXQB01000001.1_354   -            346 1064at2085           -            350   1.1e-42  141.9  10.9   2   3   5.1e-23   1.9e-21   72.0   0.8     1   102   112   223   112   229 0.82 # 442906 # 443943 # -1 # ID=1_354;partial=00;start_type=ATG;rbs_motif=GGAG/GAGG;rbs_spacer=5-10bp;gc_cont=0.273
JXQB01000001.1_354   -            346 1064at2085           -            350   1.1e-42  141.9  10.9   3   3   6.8e-25   2.6e-23   78.2   0.2   152   262   223   332   219   341 0.92 # 442906 # 443943 # -1 # ID=1_354;partial=00;start_type=ATG;rbs_motif=GGAG/GAGG;rbs_spacer=5-10bp;gc_cont=0.273
JXQB01000001.1_279   -            536 1064at2085           -            350   1.4e-37  125.1  22.9   1   4   6.9e-15   2.7e-13   45.3   1.9     2   102    11   116    10   120 0.88 # 365434 # 367041 # -1 # ID=1_279;partial=00;start_type=ATG;rbs_motif=AGGAG;rbs_spacer=5-10bp;gc_cont=0.280
JXQB01000001.1_279   -            536 1064at2085           -            350   1.4e-37  125.1  22.9   2   4   4.4e-12   1.7e-10   36.0   4.3   150   256   121   226   113   260 0.91 # 365434 # 367041 # -1 # ID=1_279;partial=00;start_type=ATG;rbs_motif=AGGAG;rbs_spacer=5-10bp;gc_cont=0.280
JXQB01000001.1_279   -            536 1064at2085           -            350   1.4e-37  125.1  22.9   3   4   1.3e-07   5.2e-06   21.3   0.1     7    73   274   341   266   354 0.87 # 365434 # 367041 # -1 # ID=1_279;partial=00;start_type=ATG;rbs_motif=AGGAG;rbs_spacer=5-10bp;gc_cont=0.280
JXQB01000001.1_279   -            536 1064at2085           -            350   1.4e-37  125.1  22.9   4   4   1.6e-11   6.1e-10   34.2   0.2   150   257   384   492   355   499 0.86 # 365434 # 367041 # -1 # ID=1_279;partial=00;start_type=ATG;rbs_motif=AGGAG;rbs_spacer=5-10bp;gc_cont=0.280
JXQB01000001.1_154   -            626 1064at2085           -            350   6.5e-37  122.9  15.9   1   3   2.6e-08     1e-06   23.6   7.0    13   189    25   208     9   248 0.63 # 208968 # 210845 # -1 # ID=1_154;partial=00;start_type=ATG;rbs_motif=GGA/GAG/AGG;rbs_spacer=11-12bp;gc_cont=0.253
JXQB01000001.1_154   -            626 1064at2085           -            350   6.5e-37  122.9  15.9   2   3       2.1        82   -2.4   0.1   106   166   273   333   261   346 0.63 # 208968 # 210845 # -1 # ID=1_154;partial=00;start_type=ATG;rbs_motif=GGA/GAG/AGG;rbs_spacer=11-12bp;gc_cont=0.253
JXQB01000001.1_154   -            626 1064at2085           -            350   6.5e-37  122.9  15.9   3   3   7.9e-32     3e-30  101.0   0.3   120   270   390   545   336   550 0.76 # 208968 # 210845 # -1 # ID=1_154;partial=00;start_type=ATG;rbs_motif=GGA/GAG/AGG;rbs_spacer=11-12bp;gc_cont=0.253
JXQB01000001.1_199   -            443 1064at2085           -            350   7.5e-36  119.4   7.8   1   2   9.8e-10   3.8e-08   28.3   0.8    13    65    52   104    36   160 0.87 # 264233 # 265561 # -1 # ID=1_199;partial=00;start_type=ATG;rbs_motif=GGA/GAG/AGG;rbs_spacer=5-10bp;gc_cont=0.249
JXQB01000001.1_199   -            443 1064at2085           -            350   7.5e-36  119.4   7.8   2   2   5.5e-30   2.1e-28   94.9   0.9   107   268   206   370   180   375 0.87 # 264233 # 265561 # -1 # ID=1_199;partial=00;start_type=ATG;rbs_motif=GGA/GAG/AGG;rbs_spacer=5-10bp;gc_cont=0.249
JXQB01000001.1_564   -            409 1064at2085           -            350   9.4e-35  115.8   6.1   1   3       1.4        53   -1.8   2.4   277   301    44    68     7   121 0.51 # 690966 # 692192 # 1 # ID=1_564;partial=00;start_type=ATG;rbs_motif=None;rbs_spacer=None;gc_cont=0.249
JXQB01000001.1_564   -            409 1064at2085           -            350   9.4e-35  115.8   6.1   2   3     5e-18   1.9e-16   55.6   0.6     2   107   140   250   139   258 0.88 # 690966 # 692192 # 1 # ID=1_564;partial=00;start_type=ATG;rbs_motif=None;rbs_spacer=None;gc_cont=0.249
JXQB01000001.1_564   -            409 1064at2085           -            350   9.4e-35  115.8   6.1   3   3   1.1e-22   4.2e-21   70.9   0.6   157   268   253   363   248   368 0.94 # 690966 # 692192 # 1 # ID=1_564;partial=00;start_type=ATG;rbs_motif=None;rbs_spacer=None;gc_cont=0.249
JXQB01000001.1_725   -            270 1064at2085           -            350   1.8e-34  114.9   3.3   1   2   6.5e-16   2.5e-14   48.6   1.0     2   106    21   135    20   160 0.77 # 889786 # 890595 # 1 # ID=1_725;partial=00;start_type=ATG;rbs_motif=GGA/GAG/AGG;rbs_spacer=5-10bp;gc_cont=0.256
JXQB01000001.1_725   -            270 1064at2085           -            350   1.8e-34  114.9   3.3   2   2     2e-21   7.6e-20   66.8   0.1   178   271   165   256   153   265 0.93 # 889786 # 890595 # 1 # ID=1_725;partial=00;start_type=ATG;rbs_motif=GGA/GAG/AGG;rbs_spacer=5-10bp;gc_cont=0.256
JXQB01000001.1_565   -            303 1064at2085           -            350     3e-33  110.9   3.5   1   2   4.6e-11   1.8e-09   32.7   1.3    13    97    36   128    20   134 0.79 # 692180 # 693088 # 1 # ID=1_565;partial=00;start_type=ATG;rbs_motif=3Base/5BMM;rbs_spacer=13-15bp;gc_cont=0.263
JXQB01000001.1_565   -            303 1064at2085           -            350     3e-33  110.9   3.5   2   2   6.3e-25   2.4e-23   78.3   0.0   151   268   135   253   130   258 0.96 # 692180 # 693088 # 1 # ID=1_565;partial=00;start_type=ATG;rbs_motif=3Base/5BMM;rbs_spacer=13-15bp;gc_cont=0.263
JXQB01000001.1_155   -            567 1064at2085           -            350   3.4e-32  107.4  20.5   1   3   8.9e-09   3.4e-07   25.2   9.7     3   174     7   185     5   198 0.83 # 210847 # 212547 # -1 # ID=1_155;partial=00;start_type=ATG;rbs_motif=AGGA;rbs_spacer=5-10bp;gc_cont=0.255
JXQB01000001.1_155   -            567 1064at2085           -            350   3.4e-32  107.4  20.5   2   3      0.93        36   -1.2   2.5   133   157   211   235   181   318 0.50 # 210847 # 212547 # -1 # ID=1_155;partial=00;start_type=ATG;rbs_motif=AGGA;rbs_spacer=5-10bp;gc_cont=0.255
JXQB01000001.1_155   -            567 1064at2085           -            350   3.4e-32  107.4  20.5   3   3   6.4e-28   2.5e-26   88.1   0.0   148   267   341   463   327   474 0.90 # 210847 # 212547 # -1 # ID=1_155;partial=00;start_type=ATG;rbs_motif=AGGA;rbs_spacer=5-10bp;gc_cont=0.255
JXQB01000001.1_422   -            251 1064at2085           -            350   3.9e-32  107.2   8.0   1   2   1.1e-14   4.3e-13   44.6   3.0     2    67     2    68     1   108 0.82 # 533380 # 534132 # -1 # ID=1_422;partial=00;start_type=ATG;rbs_motif=None;rbs_spacer=None;gc_cont=0.259
JXQB01000001.1_422   -            251 1064at2085           -            350   3.9e-32  107.2   8.0   2   2   6.7e-21   2.6e-19   65.0   1.4   161   266   134   239    64   247 0.79 # 533380 # 534132 # -1 # ID=1_422;partial=00;start_type=ATG;rbs_motif=None;rbs_spacer=None;gc_cont=0.259
JXQB01000001.1_196   -            513 1064at2085           -            350   5.4e-31  103.5   8.1   1   4   1.3e-12   4.9e-11   37.8   0.0     1    61     3    63     3    81 0.91 # 261348 # 262886 # -1 # ID=1_196;partial=00;start_type=ATG;rbs_motif=AGGAGG;rbs_spacer=3-4bp;gc_cont=0.256
JXQB01000001.1_196   -            513 1064at2085           -            350   5.4e-31  103.5   8.1   2   4   3.5e-13   1.4e-11   39.6   0.4   119   261    99   238    78   249 0.81 # 261348 # 262886 # -1 # ID=1_196;partial=00;start_type=ATG;rbs_motif=AGGAGG;rbs_spacer=3-4bp;gc_cont=0.256
JXQB01000001.1_196   -            513 1064at2085           -            350   5.4e-31  103.5   8.1   3   4     0.073       2.8    2.4   0.1    20    54   340   374   327   387 0.82 # 261348 # 262886 # -1 # ID=1_196;partial=00;start_type=ATG;rbs_motif=AGGAGG;rbs_spacer=3-4bp;gc_cont=0.256
JXQB01000001.1_196   -            513 1064at2085           -            350   5.4e-31  103.5   8.1   4   4   6.1e-09   2.3e-07   25.7   0.0   152   249   410   504   382   509 0.73 # 261348 # 262886 # -1 # ID=1_196;partial=00;start_type=ATG;rbs_motif=AGGAGG;rbs_spacer=3-4bp;gc_cont=0.256
JXQB01000001.1_200   -            481 1064at2085           -            350   1.3e-29   98.9   1.7   1   2   1.1e-09   4.1e-08   28.2   0.1    12   118   106   228    95   238 0.73 # 265562 # 267004 # -1 # ID=1_200;partial=00;start_type=ATG;rbs_motif=GGA/GAG/AGG;rbs_spacer=5-10bp;gc_cont=0.266
JXQB01000001.1_200   -            481 1064at2085           -            350   1.3e-29   98.9   1.7   2   2   2.3e-22   8.8e-21   69.9   0.3   172   271   238   337   226   343 0.94 # 265562 # 267004 # -1 # ID=1_200;partial=00;start_type=ATG;rbs_motif=GGA/GAG/AGG;rbs_spacer=5-10bp;gc_cont=0.266
JXQB01000001.1_451   -            235 1064at2085           -            350   8.1e-29   96.3   5.8   1   2   2.5e-13   9.7e-12   40.1   1.3     1    70     4    74     4    99 0.88 # 567901 # 568605 # 1 # ID=1_451;partial=00;start_type=ATG;rbs_motif=AGGA/GGAG/GAGG;rbs_spacer=11-12bp;gc_cont=0.220
JXQB01000001.1_451   -            235 1064at2085           -            350   8.1e-29   96.3   5.8   2   2   4.8e-19   1.8e-17   58.9   0.2   149   259   105   215    92   231 0.94 # 567901 # 568605 # 1 # ID=1_451;partial=00;start_type=ATG;rbs_motif=AGGA/GGAG/GAGG;rbs_spacer=11-12bp;gc_cont=0.220
JXQB01000001.1_576   -            296 1064at2085           -            350   3.7e-28   94.1   2.4   1   2   3.6e-13   1.4e-11   39.6   0.1     1    65     5    69     5    81 0.94 # 708788 # 709675 # -1 # ID=1_576;partial=00;start_type=ATG;rbs_motif=AGGA;rbs_spacer=5-10bp;gc_cont=0.226
JXQB01000001.1_576   -            296 1064at2085           -            350   3.7e-28   94.1   2.4   2   2   9.6e-18   3.7e-16   54.7   0.3   149   288   104   240    86   248 0.81 # 708788 # 709675 # -1 # ID=1_576;partial=00;start_type=ATG;rbs_motif=AGGA;rbs_spacer=5-10bp;gc_cont=0.226
JXQB01000001.1_507   -            250 1064at2085           -            350   4.8e-26   87.2  12.9   1   2   1.3e-16     5e-15   50.9   1.8     1    74     4    79     4   105 0.87 # 638422 # 639171 # 1 # ID=1_507;partial=00;start_type=ATG;rbs_motif=None;rbs_spacer=None;gc_cont=0.221
JXQB01000001.1_507   -            250 1064at2085           -            350   4.8e-26   87.2  12.9   2   2   1.3e-13   4.9e-12   41.1   4.0   157   266   128   236   102   243 0.82 # 638422 # 639171 # 1 # ID=1_507;partial=00;start_type=ATG;rbs_motif=None;rbs_spacer=None;gc_cont=0.221
JXQB01000001.1_473   -            947 1064at2085           -            350   6.1e-23   77.0   7.3   1   4    0.0041      0.16    6.6   0.1    15    42    14    41     5    47 0.90 # 593247 # 596087 # -1 # ID=1_473;partial=00;start_type=ATG;rbs_motif=AGGAG;rbs_spacer=5-10bp;gc_cont=0.259
JXQB01000001.1_473   -            947 1064at2085           -            350   6.1e-23   77.0   7.3   2   4   3.1e-09   1.2e-07   26.7   0.1   160   250   473   564   454   571 0.80 # 593247 # 596087 # -1 # ID=1_473;partial=00;start_type=ATG;rbs_motif=AGGAG;rbs_spacer=5-10bp;gc_cont=0.259
JXQB01000001.1_473   -            947 1064at2085           -            350   6.1e-23   77.0   7.3   3   4   1.7e-06   6.4e-05   17.7   0.2    15    45   625   655   616   676 0.90 # 593247 # 596087 # -1 # ID=1_473;partial=00;start_type=ATG;rbs_motif=AGGAG;rbs_spacer=5-10bp;gc_cont=0.259
JXQB01000001.1_473   -            947 1064at2085           -            350   6.1e-23   77.0   7.3   4   4   3.7e-09   1.4e-07   26.4   0.0   156   280   810   941   798   946 0.81 # 593247 # 596087 # -1 # ID=1_473;partial=00;start_type=ATG;rbs_motif=AGGAG;rbs_spacer=5-10bp;gc_cont=0.259
JXQB01000001.1_672   -            624 1064at2085           -            350   1.2e-22   76.0   0.5   1   2   2.7e-09     1e-07   26.9   0.0     5    68   381   448   378   499 0.82 # 817951 # 819822 # 1 # ID=1_672;partial=00;start_type=ATG;rbs_motif=AGGAG;rbs_spacer=5-10bp;gc_cont=0.239
JXQB01000001.1_672   -            624 1064at2085           -            350   1.2e-22   76.0   0.5   2   2   1.9e-15   7.4e-14   47.1   0.1   179   272   518   609   512   614 0.86 # 817951 # 819822 # 1 # ID=1_672;partial=00;start_type=ATG;rbs_motif=AGGAG;rbs_spacer=5-10bp;gc_cont=0.239
JXQB01000001.1_642   -            608 1064at2085           -            350   4.9e-21   70.7   2.7   1   4   4.9e-08   1.9e-06   22.7   0.7     4    67    22    84    19    94 0.86 # 788944 # 790767 # 1 # ID=1_642;partial=00;start_type=ATG;rbs_motif=GGA/GAG/AGG;rbs_spacer=5-10bp;gc_cont=0.214
JXQB01000001.1_642   -            608 1064at2085           -            350   4.9e-21   70.7   2.7   2   4     3e-18   1.2e-16   56.3   0.0   115   266    87   238    79   252 0.90 # 788944 # 790767 # 1 # ID=1_642;partial=00;start_type=ATG;rbs_motif=GGA/GAG/AGG;rbs_spacer=5-10bp;gc_cont=0.214
JXQB01000001.1_642   -            608 1064at2085           -            350   4.9e-21   70.7   2.7   3   4       3.7   1.4e+02   -3.2   0.1   127   157   407   437   368   456 0.56 # 788944 # 790767 # 1 # ID=1_642;partial=00;start_type=ATG;rbs_motif=GGA/GAG/AGG;rbs_spacer=5-10bp;gc_cont=0.214
JXQB01000001.1_642   -            608 1064at2085           -            350   4.9e-21   70.7   2.7   4   4       8.9   3.4e+02   -4.4   4.7   133   157   543   567   502   602 0.44 # 788944 # 790767 # 1 # ID=1_642;partial=00;start_type=ATG;rbs_motif=GGA/GAG/AGG;rbs_spacer=5-10bp;gc_cont=0.214
JXQB01000001.1_673   -            618 1064at2085           -            350   1.9e-18   62.2   1.3   1   2   9.1e-08   3.5e-06   21.9   0.0    14    63   389   438   375   474 0.84 # 819840 # 821693 # 1 # ID=1_673;partial=00;start_type=ATG;rbs_motif=AGGAGG;rbs_spacer=5-10bp;gc_cont=0.254
JXQB01000001.1_673   -            618 1064at2085           -            350   1.9e-18   62.2   1.3   2   2   5.7e-13   2.2e-11   39.0   0.2   178   260   513   600   472   612 0.73 # 819840 # 821693 # 1 # ID=1_673;partial=00;start_type=ATG;rbs_motif=AGGAGG;rbs_spacer=5-10bp;gc_cont=0.254
JXQB01000001.1_769   -             71 1064at2085           -            350   6.4e-08   27.6   0.1   1   1   1.7e-09   6.4e-08   27.6   0.1   162   223     1    62     1    70 0.88 # 940072 # 940284 # 1 # ID=1_769;partial=00;start_type=ATG;rbs_motif=None;rbs_spacer=None;gc_cont=0.211
#
# Program:         hmmsearch
# Version:         3.1b2 (February 2015)
# Pipeline mode:   SEARCH
# Query file:      /root/busco_downloads/lineages/mycoplasmatales_odb10/hmms/1064at2085.hmm
# Target file:     /disk3/default/V2/admin/core/data/myco_out/outBusco/Mcc_GM508D/prodigal_output/predicted_genes/predicted.faa
# Option settings: hmmsearch --domtblout /disk3/default/V2/admin/core/data/myco_out/outBusco/Mcc_GM508D/run_mycoplasmatales_odb10/hmmer_output/1064at2085.out --cpu 1 /root/busco_downloads/lineages/mycoplasmatales_odb10/hmms/1064at2085.hmm /disk3/default/V2/admin/core/data/myco_out/outBusco/Mcc_GM508D/prodigal_output/predicted_genes/predicted.faa 
# Current dir:     /root
# Date:            Mon Aug  1 00:27:33 2022
# [ok]
