#                                                                            --- full sequence --- -------------- this domain -------------   hmm coord   ali coord   env coord
# target name        accession   tlen query name           accession   qlen   E-value  score  bias   #  of  c-Evalue  i-Evalue  score  bias  from    to  from    to  from    to  acc description of target
#------------------- ---------- ----- -------------------- ---------- ----- --------- ------ ----- --- --- --------- --------- ------ ----- ----- ----- ----- ----- ----- ----- ---- ---------------------
JXQB01000001.1_473   -            947 111at2085            -            770         0 1160.4  30.7   1   4     3e-90   1.8e-88  293.1   2.4     1   196     6   226     6   236 0.89 # 593247 # 596087 # -1 # ID=1_473;partial=00;start_type=ATG;rbs_motif=AGGAG;rbs_spacer=5-10bp;gc_cont=0.259
JXQB01000001.1_473   -            947 111at2085            -            770         0 1160.4  30.7   2   4   7.6e-29   4.6e-27   90.0   0.0   187   279   256   360   249   366 0.87 # 593247 # 596087 # -1 # ID=1_473;partial=00;start_type=ATG;rbs_motif=AGGAG;rbs_spacer=5-10bp;gc_cont=0.259
JXQB01000001.1_473   -            947 111at2085            -            770         0 1160.4  30.7   3   4     4e-11   2.4e-09   31.4   1.1   258   344   360   454   358   458 0.85 # 593247 # 596087 # -1 # ID=1_473;partial=00;start_type=ATG;rbs_motif=AGGAG;rbs_spacer=5-10bp;gc_cont=0.259
JXQB01000001.1_473   -            947 111at2085            -            770         0 1160.4  30.7   4   4  4.8e-228  2.9e-226  748.7  13.5   321   769   458   942   452   943 0.94 # 593247 # 596087 # -1 # ID=1_473;partial=00;start_type=ATG;rbs_motif=AGGAG;rbs_spacer=5-10bp;gc_cont=0.259
JXQB01000001.1_354   -            346 111at2085            -            770   1.5e-12   42.0   1.5   1   2   3.5e-05    0.0021   11.8   0.1   475   512   123   160    80   167 0.74 # 442906 # 443943 # -1 # ID=1_354;partial=00;start_type=ATG;rbs_motif=GGAG/GAGG;rbs_spacer=5-10bp;gc_cont=0.273
JXQB01000001.1_354   -            346 111at2085            -            770   1.5e-12   42.0   1.5   2   2   1.6e-10   9.9e-09   29.4   0.1   657   738   243   322   191   328 0.89 # 442906 # 443943 # -1 # ID=1_354;partial=00;start_type=ATG;rbs_motif=GGAG/GAGG;rbs_spacer=5-10bp;gc_cont=0.273
JXQB01000001.1_196   -            513 111at2085            -            770   1.5e-12   42.0   3.4   1   3    0.0041      0.25    4.9   0.0   484   517    19    52     5    73 0.81 # 261348 # 262886 # -1 # ID=1_196;partial=00;start_type=ATG;rbs_motif=AGGAGG;rbs_spacer=3-4bp;gc_cont=0.256
JXQB01000001.1_196   -            513 111at2085            -            770   1.5e-12   42.0   3.4   2   3   3.6e-09   2.2e-07   25.0   0.9   612   736   106   226    80   231 0.85 # 261348 # 262886 # -1 # ID=1_196;partial=00;start_type=ATG;rbs_motif=AGGAGG;rbs_spacer=3-4bp;gc_cont=0.256
JXQB01000001.1_196   -            513 111at2085            -            770   1.5e-12   42.0   3.4   3   3   6.5e-05    0.0039   10.9   0.0   662   736   436   505   418   509 0.74 # 261348 # 262886 # -1 # ID=1_196;partial=00;start_type=ATG;rbs_motif=AGGAGG;rbs_spacer=3-4bp;gc_cont=0.256
JXQB01000001.1_565   -            303 111at2085            -            770     2e-12   41.6   1.2   1   2   0.00011    0.0067   10.1   0.2   483   512    39    68    31    85 0.82 # 692180 # 693088 # 1 # ID=1_565;partial=00;start_type=ATG;rbs_motif=3Base/5BMM;rbs_spacer=13-15bp;gc_cont=0.263
JXQB01000001.1_565   -            303 111at2085            -            770     2e-12   41.6   1.2   2   2   7.3e-11   4.4e-09   30.6   0.1   644   760   146   253   130   261 0.80 # 692180 # 693088 # 1 # ID=1_565;partial=00;start_type=ATG;rbs_motif=3Base/5BMM;rbs_spacer=13-15bp;gc_cont=0.263
JXQB01000001.1_507   -            250 111at2085            -            770   1.4e-11   38.8  10.1   1   2   1.8e-05    0.0011   12.8   0.7   483   536    21    75     8    90 0.74 # 638422 # 639171 # 1 # ID=1_507;partial=00;start_type=ATG;rbs_motif=None;rbs_spacer=None;gc_cont=0.221
JXQB01000001.1_507   -            250 111at2085            -            770   1.4e-11   38.8  10.1   2   2     7e-11   4.2e-09   30.6   3.0   633   737   114   221    86   226 0.73 # 638422 # 639171 # 1 # ID=1_507;partial=00;start_type=ATG;rbs_motif=None;rbs_spacer=None;gc_cont=0.221
JXQB01000001.1_422   -            251 111at2085            -            770   1.3e-10   35.6   7.1   1   2   8.2e-07   4.9e-05   17.2   0.8   482   514    16    48     5    64 0.76 # 533380 # 534132 # -1 # ID=1_422;partial=00;start_type=ATG;rbs_motif=None;rbs_spacer=None;gc_cont=0.259
JXQB01000001.1_422   -            251 111at2085            -            770   1.3e-10   35.6   7.1   2   2   2.7e-08   1.6e-06   22.1   0.6   630   738   116   225    91   242 0.78 # 533380 # 534132 # -1 # ID=1_422;partial=00;start_type=ATG;rbs_motif=None;rbs_spacer=None;gc_cont=0.259
JXQB01000001.1_279   -            536 111at2085            -            770   2.7e-10   34.6  18.1   1   4      0.12         7    0.1   0.1   485   512    29    56     7    85 0.81 # 365434 # 367041 # -1 # ID=1_279;partial=00;start_type=ATG;rbs_motif=AGGAG;rbs_spacer=5-10bp;gc_cont=0.280
JXQB01000001.1_279   -            536 111at2085            -            770   2.7e-10   34.6  18.1   2   4   8.2e-12   4.9e-10   33.7   2.2   646   734   132   217    95   230 0.82 # 365434 # 367041 # -1 # ID=1_279;partial=00;start_type=ATG;rbs_motif=AGGAG;rbs_spacer=5-10bp;gc_cont=0.280
JXQB01000001.1_279   -            536 111at2085            -            770   2.7e-10   34.6  18.1   3   4    0.0039      0.23    5.0   0.6   482   531   283   338   225   343 0.80 # 365434 # 367041 # -1 # ID=1_279;partial=00;start_type=ATG;rbs_motif=AGGAG;rbs_spacer=5-10bp;gc_cont=0.280
JXQB01000001.1_279   -            536 111at2085            -            770   2.7e-10   34.6  18.1   4   4    0.0036      0.22    5.1   0.2   661   738   412   487   400   525 0.79 # 365434 # 367041 # -1 # ID=1_279;partial=00;start_type=ATG;rbs_motif=AGGAG;rbs_spacer=5-10bp;gc_cont=0.280
JXQB01000001.1_129   -            352 111at2085            -            770   4.5e-09   30.5   3.2   1   2     0.024       1.4    2.4   0.1   484   512    21    49    10    53 0.86 # 169828 # 170883 # 1 # ID=1_129;partial=00;start_type=ATG;rbs_motif=AGGAG;rbs_spacer=3-4bp;gc_cont=0.268
JXQB01000001.1_129   -            352 111at2085            -            770   4.5e-09   30.5   3.2   2   2     3e-10   1.8e-08   28.5   0.4   330   430   109   210    92   225 0.81 # 169828 # 170883 # 1 # ID=1_129;partial=00;start_type=ATG;rbs_motif=AGGAG;rbs_spacer=3-4bp;gc_cont=0.268
JXQB01000001.1_673   -            618 111at2085            -            770   6.2e-09   30.1   0.1   1   1   1.8e-10   1.1e-08   29.3   0.1   656   762   506   604   472   611 0.85 # 819840 # 821693 # 1 # ID=1_673;partial=00;start_type=ATG;rbs_motif=AGGAGG;rbs_spacer=5-10bp;gc_cont=0.254
JXQB01000001.1_142   -            362 111at2085            -            770   5.5e-08   26.9   0.5   1   2   0.00031     0.019    8.6   0.0    10   511    19    47     7    58 0.62 # 188048 # 189133 # -1 # ID=1_142;partial=00;start_type=ATG;rbs_motif=AGGAG/GGAGG;rbs_spacer=11-12bp;gc_cont=0.268
JXQB01000001.1_142   -            362 111at2085            -            770   5.5e-08   26.9   0.5   2   2   1.1e-06   6.4e-05   16.8   0.1   350   439   129   218   101   305 0.88 # 188048 # 189133 # -1 # ID=1_142;partial=00;start_type=ATG;rbs_motif=AGGAG/GGAGG;rbs_spacer=11-12bp;gc_cont=0.268
JXQB01000001.1_199   -            443 111at2085            -            770     2e-07   25.1   1.3   1   2     0.004      0.24    5.0   0.1   483   511    55    83    43   108 0.76 # 264233 # 265561 # -1 # ID=1_199;partial=00;start_type=ATG;rbs_motif=GGA/GAG/AGG;rbs_spacer=5-10bp;gc_cont=0.249
JXQB01000001.1_199   -            443 111at2085            -            770     2e-07   25.1   1.3   2   2   2.6e-07   1.5e-05   18.8   0.2   644   731   261   346   237   368 0.81 # 264233 # 265561 # -1 # ID=1_199;partial=00;start_type=ATG;rbs_motif=GGA/GAG/AGG;rbs_spacer=5-10bp;gc_cont=0.249
JXQB01000001.1_769   -             71 111at2085            -            770   5.7e-07   23.6   0.1   1   1     1e-08     6e-07   23.5   0.1   658   716    12    68     5    70 0.88 # 940072 # 940284 # 1 # ID=1_769;partial=00;start_type=ATG;rbs_motif=None;rbs_spacer=None;gc_cont=0.211
JXQB01000001.1_155   -            567 111at2085            -            770   8.5e-06   19.7  10.2   1   3    0.0019      0.11    6.1   0.1   483   512    24    53    13    65 0.80 # 210847 # 212547 # -1 # ID=1_155;partial=00;start_type=ATG;rbs_motif=AGGA;rbs_spacer=5-10bp;gc_cont=0.255
JXQB01000001.1_155   -            567 111at2085            -            770   8.5e-06   19.7  10.2   2   3      0.18        11   -0.5   0.3   290   341    98   150    83   165 0.78 # 210847 # 212547 # -1 # ID=1_155;partial=00;start_type=ATG;rbs_motif=AGGA;rbs_spacer=5-10bp;gc_cont=0.255
JXQB01000001.1_155   -            567 111at2085            -            770   8.5e-06   19.7  10.2   3   3   3.6e-07   2.2e-05   18.3   0.1   623   758   333   462   326   472 0.75 # 210847 # 212547 # -1 # ID=1_155;partial=00;start_type=ATG;rbs_motif=AGGA;rbs_spacer=5-10bp;gc_cont=0.255
JXQB01000001.1_725   -            270 111at2085            -            770   1.2e-05   19.2   0.3   1   2    0.0017       0.1    6.2   0.1   477   521    31    76    17    94 0.80 # 889786 # 890595 # 1 # ID=1_725;partial=00;start_type=ATG;rbs_motif=GGA/GAG/AGG;rbs_spacer=5-10bp;gc_cont=0.256
JXQB01000001.1_725   -            270 111at2085            -            770   1.2e-05   19.2   0.3   2   2   5.8e-05    0.0035   11.1   0.0   658   734   160   233   151   237 0.77 # 889786 # 890595 # 1 # ID=1_725;partial=00;start_type=ATG;rbs_motif=GGA/GAG/AGG;rbs_spacer=5-10bp;gc_cont=0.256
#
# Program:         hmmsearch
# Version:         3.1b2 (February 2015)
# Pipeline mode:   SEARCH
# Query file:      /root/busco_downloads/lineages/mycoplasmatales_odb10/hmms/111at2085.hmm
# Target file:     /disk3/default/V2/admin/core/data/myco_out/outBusco/Mcc_GM508D/prodigal_output/predicted_genes/predicted.faa
# Option settings: hmmsearch --domtblout /disk3/default/V2/admin/core/data/myco_out/outBusco/Mcc_GM508D/run_mycoplasmatales_odb10/hmmer_output/111at2085.out --cpu 1 /root/busco_downloads/lineages/mycoplasmatales_odb10/hmms/111at2085.hmm /disk3/default/V2/admin/core/data/myco_out/outBusco/Mcc_GM508D/prodigal_output/predicted_genes/predicted.faa 
# Current dir:     /root
# Date:            Mon Aug  1 00:27:34 2022
# [ok]
