#                                                                            --- full sequence --- -------------- this domain -------------   hmm coord   ali coord   env coord
# target name        accession   tlen query name           accession   qlen   E-value  score  bias   #  of  c-Evalue  i-Evalue  score  bias  from    to  from    to  from    to  acc description of target
#------------------- ---------- ----- -------------------- ---------- ----- --------- ------ ----- --- --- --------- --------- ------ ----- ----- ----- ----- ----- ----- ----- ---- ---------------------
JXQB01000001.1_700   -            595 1371at2085           -            438   1.6e-48  161.0 163.2   1   4   5.4e-24   3.8e-22   74.1  16.3     1   103     3   114     3   116 0.90 # 857078 # 858862 # 1 # ID=1_700;partial=00;start_type=ATG;rbs_motif=None;rbs_spacer=None;gc_cont=0.145
JXQB01000001.1_700   -            595 1371at2085           -            438   1.6e-48  161.0 163.2   2   4   1.3e-20   9.3e-19   63.0  66.6    86   302   115   341   113   351 0.89 # 857078 # 858862 # 1 # ID=1_700;partial=00;start_type=ATG;rbs_motif=None;rbs_spacer=None;gc_cont=0.145
JXQB01000001.1_700   -            595 1371at2085           -            438   1.6e-48  161.0 163.2   3   4   4.7e-05    0.0033   11.7  37.2   264   371   353   485   347   490 0.78 # 857078 # 858862 # 1 # ID=1_700;partial=00;start_type=ATG;rbs_motif=None;rbs_spacer=None;gc_cont=0.145
JXQB01000001.1_700   -            595 1371at2085           -            438   1.6e-48  161.0 163.2   4   4   1.5e-10   1.1e-08   29.8  20.6   345   436   492   586   487   588 0.77 # 857078 # 858862 # 1 # ID=1_700;partial=00;start_type=ATG;rbs_motif=None;rbs_spacer=None;gc_cont=0.145
JXQB01000001.1_196   -            513 1371at2085           -            438   5.4e-11   37.4  15.0   1   4      0.41        29   -1.3   0.1   334   344    41    51    40    54 0.88 # 261348 # 262886 # -1 # ID=1_196;partial=00;start_type=ATG;rbs_motif=AGGAGG;rbs_spacer=3-4bp;gc_cont=0.256
JXQB01000001.1_196   -            513 1371at2085           -            438   5.4e-11   37.4  15.0   2   4   2.6e-10   1.8e-08   29.1   1.9   372   438   153   218   146   218 0.85 # 261348 # 262886 # -1 # ID=1_196;partial=00;start_type=ATG;rbs_motif=AGGAGG;rbs_spacer=3-4bp;gc_cont=0.256
JXQB01000001.1_196   -            513 1371at2085           -            438   5.4e-11   37.4  15.0   3   4       1.4        97   -3.0   0.2   333   344   358   369   351   371 0.82 # 261348 # 262886 # -1 # ID=1_196;partial=00;start_type=ATG;rbs_motif=AGGAGG;rbs_spacer=3-4bp;gc_cont=0.256
JXQB01000001.1_196   -            513 1371at2085           -            438   5.4e-11   37.4  15.0   4   4   1.1e-06     8e-05   17.0   0.1   370   435   429   493   426   496 0.83 # 261348 # 262886 # -1 # ID=1_196;partial=00;start_type=ATG;rbs_motif=AGGAGG;rbs_spacer=3-4bp;gc_cont=0.256
JXQB01000001.1_451   -            235 1371at2085           -            438   2.1e-10   35.4  12.4   1   2   0.00015      0.01   10.1   0.4   334   368    43    83    40    94 0.83 # 567901 # 568605 # 1 # ID=1_451;partial=00;start_type=ATG;rbs_motif=AGGA/GGAG/GAGG;rbs_spacer=11-12bp;gc_cont=0.220
JXQB01000001.1_451   -            235 1371at2085           -            438   2.1e-10   35.4  12.4   2   2   2.7e-10   1.9e-08   29.0   6.2   366   435   122   194   105   196 0.83 # 567901 # 568605 # 1 # ID=1_451;partial=00;start_type=ATG;rbs_motif=AGGA/GGAG/GAGG;rbs_spacer=11-12bp;gc_cont=0.220
JXQB01000001.1_129   -            352 1371at2085           -            438     3e-09   31.6   1.1   1   2     0.038       2.7    2.1   0.1   333   364    42    79    40    92 0.78 # 169828 # 170883 # 1 # ID=1_129;partial=00;start_type=ATG;rbs_motif=AGGAG;rbs_spacer=3-4bp;gc_cont=0.268
JXQB01000001.1_129   -            352 1371at2085           -            438     3e-09   31.6   1.1   2   2     6e-10   4.2e-08   27.8   0.1   374   436   131   196   102   197 0.90 # 169828 # 170883 # 1 # ID=1_129;partial=00;start_type=ATG;rbs_motif=AGGAG;rbs_spacer=3-4bp;gc_cont=0.268
JXQB01000001.1_672   -            624 1371at2085           -            438   6.6e-09   30.5   0.0   1   4    0.0014     0.098    6.9  30.6   100   243    56   212    37   234 0.76 # 817951 # 819822 # 1 # ID=1_672;partial=00;start_type=ATG;rbs_motif=AGGAG;rbs_spacer=5-10bp;gc_cont=0.239
JXQB01000001.1_672   -            624 1371at2085           -            438   6.6e-09   30.5   0.0   2   4       2.7   1.9e+02   -4.0   8.6   187   221   266   300   221   324 0.63 # 817951 # 819822 # 1 # ID=1_672;partial=00;start_type=ATG;rbs_motif=AGGAG;rbs_spacer=5-10bp;gc_cont=0.239
JXQB01000001.1_672   -            624 1371at2085           -            438   6.6e-09   30.5   0.0   3   4      0.19        13   -0.1   0.1   333   357   417   448   385   465 0.77 # 817951 # 819822 # 1 # ID=1_672;partial=00;start_type=ATG;rbs_motif=AGGAG;rbs_spacer=5-10bp;gc_cont=0.239
JXQB01000001.1_672   -            624 1371at2085           -            438   6.6e-09   30.5   0.0   4   4   9.4e-11   6.6e-09   30.5   0.0   369   435   508   575   489   578 0.85 # 817951 # 819822 # 1 # ID=1_672;partial=00;start_type=ATG;rbs_motif=AGGAG;rbs_spacer=5-10bp;gc_cont=0.239
JXQB01000001.1_507   -            250 1371at2085           -            438   1.1e-08   29.7   6.5   1   4         4   2.8e+02   -4.5  12.1   334   395    44    90    23   120 0.57 # 638422 # 639171 # 1 # ID=1_507;partial=00;start_type=ATG;rbs_motif=None;rbs_spacer=None;gc_cont=0.221
JXQB01000001.1_507   -            250 1371at2085           -            438   1.1e-08   29.7   6.5   2   4       3.6   2.6e+02   -4.4  15.9   232   325    51   146    47   148 0.74 # 638422 # 639171 # 1 # ID=1_507;partial=00;start_type=ATG;rbs_motif=None;rbs_spacer=None;gc_cont=0.221
JXQB01000001.1_507   -            250 1371at2085           -            438   1.1e-08   29.7   6.5   3   4   1.6e-10   1.1e-08   29.7   6.5   357   432   128   204   124   211 0.86 # 638422 # 639171 # 1 # ID=1_507;partial=00;start_type=ATG;rbs_motif=None;rbs_spacer=None;gc_cont=0.221
JXQB01000001.1_507   -            250 1371at2085           -            438   1.1e-08   29.7   6.5   4   4       0.1       7.3    0.7   0.3   345   378   200   234   199   245 0.73 # 638422 # 639171 # 1 # ID=1_507;partial=00;start_type=ATG;rbs_motif=None;rbs_spacer=None;gc_cont=0.221
JXQB01000001.1_142   -            362 1371at2085           -            438   1.2e-08   29.6   2.9   1   3     0.043       3.1    1.9   0.3   333   357    41    71    11    93 0.72 # 188048 # 189133 # -1 # ID=1_142;partial=00;start_type=ATG;rbs_motif=AGGAG/GGAGG;rbs_spacer=11-12bp;gc_cont=0.268
JXQB01000001.1_142   -            362 1371at2085           -            438   1.2e-08   29.6   2.9   2   3   8.9e-10   6.3e-08   27.3   0.0   353   415   109   171    92   196 0.81 # 188048 # 189133 # -1 # ID=1_142;partial=00;start_type=ATG;rbs_motif=AGGAG/GGAGG;rbs_spacer=11-12bp;gc_cont=0.268
JXQB01000001.1_142   -            362 1371at2085           -            438   1.2e-08   29.6   2.9   3   3       1.6   1.1e+02   -3.2   0.1   394   412   256   274   245   295 0.68 # 188048 # 189133 # -1 # ID=1_142;partial=00;start_type=ATG;rbs_motif=AGGAG/GGAGG;rbs_spacer=11-12bp;gc_cont=0.268
JXQB01000001.1_673   -            618 1371at2085           -            438   4.5e-08   27.8   0.0   1   3     0.096       6.7    0.8   2.3   223   324   280   382   254   391 0.49 # 819840 # 821693 # 1 # ID=1_673;partial=00;start_type=ATG;rbs_motif=AGGAGG;rbs_spacer=5-10bp;gc_cont=0.254
JXQB01000001.1_673   -            618 1371at2085           -            438   4.5e-08   27.8   0.0   2   3     0.084       5.9    1.0   0.0   333   359   413   446   411   464 0.70 # 819840 # 821693 # 1 # ID=1_673;partial=00;start_type=ATG;rbs_motif=AGGAGG;rbs_spacer=5-10bp;gc_cont=0.254
JXQB01000001.1_673   -            618 1371at2085           -            438   4.5e-08   27.8   0.0   3   3   6.4e-10   4.5e-08   27.8   0.0   372   435   507   571   486   574 0.85 # 819840 # 821693 # 1 # ID=1_673;partial=00;start_type=ATG;rbs_motif=AGGAGG;rbs_spacer=5-10bp;gc_cont=0.254
JXQB01000001.1_725   -            270 1371at2085           -            438   2.1e-06   22.2   4.1   1   2     0.078       5.5    1.1   3.4   333   355    59    81     5    99 0.74 # 889786 # 890595 # 1 # ID=1_725;partial=00;start_type=ATG;rbs_motif=GGA/GAG/AGG;rbs_spacer=5-10bp;gc_cont=0.256
JXQB01000001.1_725   -            270 1371at2085           -            438   2.1e-06   22.2   4.1   2   2   2.1e-07   1.5e-05   19.5   0.0   370   436   157   224   141   226 0.88 # 889786 # 890595 # 1 # ID=1_725;partial=00;start_type=ATG;rbs_motif=GGA/GAG/AGG;rbs_spacer=5-10bp;gc_cont=0.256
JXQB01000001.1_279   -            536 1371at2085           -            438   3.6e-06   21.5   2.8   1   2       1.4     1e+02   -3.0   0.0   334   344    50    60    49    76 0.81 # 365434 # 367041 # -1 # ID=1_279;partial=00;start_type=ATG;rbs_motif=AGGAG;rbs_spacer=5-10bp;gc_cont=0.280
JXQB01000001.1_279   -            536 1371at2085           -            438   3.6e-06   21.5   2.8   2   2   5.1e-08   3.6e-06   21.5   2.8   374   435   145   208    80   210 0.82 # 365434 # 367041 # -1 # ID=1_279;partial=00;start_type=ATG;rbs_motif=AGGAG;rbs_spacer=5-10bp;gc_cont=0.280
JXQB01000001.1_769   -             71 1371at2085           -            438   3.1e-05   18.4   2.1   1   1   4.9e-07   3.4e-05   18.2   2.1   369   426     8    66     2    68 0.86 # 940072 # 940284 # 1 # ID=1_769;partial=00;start_type=ATG;rbs_motif=None;rbs_spacer=None;gc_cont=0.211
JXQB01000001.1_422   -            251 1371at2085           -            438   3.8e-05   18.1   2.9   1   2       0.1       7.4    0.7   1.2   333   346    39    52    18    75 0.83 # 533380 # 534132 # -1 # ID=1_422;partial=00;start_type=ATG;rbs_motif=None;rbs_spacer=None;gc_cont=0.259
JXQB01000001.1_422   -            251 1371at2085           -            438   3.8e-05   18.1   2.9   2   2   5.4e-07   3.8e-05   18.1   2.9   349   427   117   201    82   213 0.73 # 533380 # 534132 # -1 # ID=1_422;partial=00;start_type=ATG;rbs_motif=None;rbs_spacer=None;gc_cont=0.259
#
# Program:         hmmsearch
# Version:         3.1b2 (February 2015)
# Pipeline mode:   SEARCH
# Query file:      /root/busco_downloads/lineages/mycoplasmatales_odb10/hmms/1371at2085.hmm
# Target file:     /disk3/default/V2/admin/core/data/myco_out/outBusco/Mcc_GM508D/prodigal_output/predicted_genes/predicted.faa
# Option settings: hmmsearch --domtblout /disk3/default/V2/admin/core/data/myco_out/outBusco/Mcc_GM508D/run_mycoplasmatales_odb10/hmmer_output/1371at2085.out --cpu 1 /root/busco_downloads/lineages/mycoplasmatales_odb10/hmms/1371at2085.hmm /disk3/default/V2/admin/core/data/myco_out/outBusco/Mcc_GM508D/prodigal_output/predicted_genes/predicted.faa 
# Current dir:     /root
# Date:            Mon Aug  1 00:27:34 2022
# [ok]
