#                                                                            --- full sequence --- -------------- this domain -------------   hmm coord   ali coord   env coord
# target name        accession   tlen query name           accession   qlen   E-value  score  bias   #  of  c-Evalue  i-Evalue  score  bias  from    to  from    to  from    to  acc description of target
#------------------- ---------- ----- -------------------- ---------- ----- --------- ------ ----- --- --- --------- --------- ------ ----- ----- ----- ----- ----- ----- ----- ---- ---------------------
JXQB01000001.1_677   -            434 1851at2085           -            347  1.1e-125  414.9  17.1   1   2  1.4e-114    3e-112  370.6  12.0     1   312     1   343     1   370 0.88 # 824648 # 825949 # 1 # ID=1_677;partial=00;start_type=ATG;rbs_motif=AGxAGG/AGGxGG;rbs_spacer=5-10bp;gc_cont=0.264
JXQB01000001.1_677   -            434 1851at2085           -            347  1.1e-125  414.9  17.1   2   2   3.6e-16   7.5e-14   47.0   0.6   293   347   371   431   345   431 0.85 # 824648 # 825949 # 1 # ID=1_677;partial=00;start_type=ATG;rbs_motif=AGxAGG/AGGxGG;rbs_spacer=5-10bp;gc_cont=0.264
JXQB01000001.1_443   -            365 1851at2085           -            347   7.6e-18   60.2   2.8   1   2   1.2e-18   2.5e-16   55.2   0.4   153   256     4   127     2   153 0.78 # 557636 # 558730 # 1 # ID=1_443;partial=00;start_type=ATG;rbs_motif=AGGA;rbs_spacer=5-10bp;gc_cont=0.276
JXQB01000001.1_443   -            365 1851at2085           -            347   7.6e-18   60.2   2.8   2   2      0.51   1.1e+02   -2.8   0.1   251   270   191   210   185   259 0.69 # 557636 # 558730 # 1 # ID=1_443;partial=00;start_type=ATG;rbs_motif=AGGA;rbs_spacer=5-10bp;gc_cont=0.276
JXQB01000001.1_652   -            436 1851at2085           -            347   5.6e-10   34.3  13.0   1   2   2.3e-06   0.00049   14.7   2.0   153   278     5   130     2   146 0.78 # 800746 # 802053 # 1 # ID=1_652;partial=00;start_type=ATG;rbs_motif=None;rbs_spacer=None;gc_cont=0.226
JXQB01000001.1_652   -            436 1851at2085           -            347   5.6e-10   34.3  13.0   2   2   2.5e-09   5.2e-07   24.5   3.5   151   278   174   304   163   382 0.82 # 800746 # 802053 # 1 # ID=1_652;partial=00;start_type=ATG;rbs_motif=None;rbs_spacer=None;gc_cont=0.226
JXQB01000001.1_84    -            197 1851at2085           -            347   0.00014   16.5   4.0   1   1   2.2e-06   0.00046   14.8   4.0   150   287    21   163    11   196 0.74 # 113797 # 114387 # 1 # ID=1_84;partial=00;start_type=ATG;rbs_motif=AGGA;rbs_spacer=5-10bp;gc_cont=0.225
#
# Program:         hmmsearch
# Version:         3.1b2 (February 2015)
# Pipeline mode:   SEARCH
# Query file:      /root/busco_downloads/lineages/mycoplasmatales_odb10/hmms/1851at2085.hmm
# Target file:     /disk3/default/V2/admin/core/data/myco_out/outBusco/Mcc_GM508D/prodigal_output/predicted_genes/predicted.faa
# Option settings: hmmsearch --domtblout /disk3/default/V2/admin/core/data/myco_out/outBusco/Mcc_GM508D/run_mycoplasmatales_odb10/hmmer_output/1851at2085.out --cpu 1 /root/busco_downloads/lineages/mycoplasmatales_odb10/hmms/1851at2085.hmm /disk3/default/V2/admin/core/data/myco_out/outBusco/Mcc_GM508D/prodigal_output/predicted_genes/predicted.faa 
# Current dir:     /root
# Date:            Mon Aug  1 00:27:36 2022
# [ok]
