#                                                                            --- full sequence --- -------------- this domain -------------   hmm coord   ali coord   env coord
# target name        accession   tlen query name           accession   qlen   E-value  score  bias   #  of  c-Evalue  i-Evalue  score  bias  from    to  from    to  from    to  acc description of target
#------------------- ---------- ----- -------------------- ---------- ----- --------- ------ ----- --- --- --------- --------- ------ ----- ----- ----- ----- ----- ----- ----- ---- ---------------------
JXQB01000001.1_151   -            294 2666at2085           -            250   5.1e-70  231.1  12.3   1   2   3.3e-44   3.5e-42  139.9   3.1     2   134     8   147     7   154 0.89 # 202988 # 203869 # -1 # ID=1_151;partial=00;start_type=ATG;rbs_motif=GGAG/GAGG;rbs_spacer=5-10bp;gc_cont=0.231
JXQB01000001.1_151   -            294 2666at2085           -            250   5.1e-70  231.1  12.3   2   2   4.9e-31   5.2e-29   96.8   1.8   126   246   157   292   149   293 0.81 # 202988 # 203869 # -1 # ID=1_151;partial=00;start_type=ATG;rbs_motif=GGAG/GAGG;rbs_spacer=5-10bp;gc_cont=0.231
JXQB01000001.1_505   -            288 2666at2085           -            250   1.8e-26   88.4   7.5   1   1   8.9e-27   9.4e-25   82.8   7.5     5   245     4   277     2   282 0.74 # 635865 # 636728 # 1 # ID=1_505;partial=00;start_type=ATG;rbs_motif=GGA/GAG/AGG;rbs_spacer=5-10bp;gc_cont=0.244
JXQB01000001.1_7     -            289 2666at2085           -            250     6e-26   86.7  19.0   1   2     1e-16   1.1e-14   49.9   8.1     6   178     7   176     2   185 0.83 # 11922 # 12788 # -1 # ID=1_7;partial=00;start_type=ATG;rbs_motif=AGGA/GGAG/GAGG;rbs_spacer=11-12bp;gc_cont=0.211
JXQB01000001.1_7     -            289 2666at2085           -            250     6e-26   86.7  19.0   2   2   1.6e-14   1.7e-12   42.7   3.1   165   247   198   286   189   288 0.87 # 11922 # 12788 # -1 # ID=1_7;partial=00;start_type=ATG;rbs_motif=AGGA/GGAG/GAGG;rbs_spacer=11-12bp;gc_cont=0.211
JXQB01000001.1_841   -            289 2666at2085           -            250     6e-26   86.7  19.0   1   2     1e-16   1.1e-14   49.9   8.1     6   178     7   176     2   185 0.83 # 1017036 # 1017902 # -1 # ID=1_841;partial=00;start_type=ATG;rbs_motif=AGGA/GGAG/GAGG;rbs_spacer=11-12bp;gc_cont=0.211
JXQB01000001.1_841   -            289 2666at2085           -            250     6e-26   86.7  19.0   2   2   1.6e-14   1.7e-12   42.7   3.1   165   247   198   286   189   288 0.87 # 1017036 # 1017902 # -1 # ID=1_841;partial=00;start_type=ATG;rbs_motif=AGGA/GGAG/GAGG;rbs_spacer=11-12bp;gc_cont=0.211
JXQB01000001.1_417   -            281 2666at2085           -            250   1.1e-23   79.3   5.3   1   2   1.4e-12   1.5e-10   36.3   0.2     2    85     4    91     3   116 0.81 # 522126 # 522968 # -1 # ID=1_417;partial=00;start_type=ATG;rbs_motif=AGGA;rbs_spacer=5-10bp;gc_cont=0.257
JXQB01000001.1_417   -            281 2666at2085           -            250   1.1e-23   79.3   5.3   2   2   2.7e-15   2.8e-13   45.2   0.9   160   240   185   274   139   280 0.77 # 522126 # 522968 # -1 # ID=1_417;partial=00;start_type=ATG;rbs_motif=AGGA;rbs_spacer=5-10bp;gc_cont=0.257
JXQB01000001.1_425   -            280 2666at2085           -            250   2.9e-22   74.6  11.5   1   2   1.7e-09   1.8e-07   26.2   0.5     4    97     6    99     3   111 0.65 # 537149 # 537988 # -1 # ID=1_425;partial=00;start_type=ATG;rbs_motif=AGGAG;rbs_spacer=5-10bp;gc_cont=0.249
JXQB01000001.1_425   -            280 2666at2085           -            250   2.9e-22   74.6  11.5   2   2   1.5e-17   1.6e-15   52.6   4.7   151   242   179   277   150   279 0.76 # 537149 # 537988 # -1 # ID=1_425;partial=00;start_type=ATG;rbs_motif=AGGAG;rbs_spacer=5-10bp;gc_cont=0.249
JXQB01000001.1_493   -            279 2666at2085           -            250   3.6e-22   74.3  13.2   1   1   3.4e-22   3.6e-20   67.8  13.2     5   241     8   274     5   278 0.71 # 621782 # 622618 # -1 # ID=1_493;partial=00;start_type=ATG;rbs_motif=3Base/5BMM;rbs_spacer=13-15bp;gc_cont=0.229
JXQB01000001.1_377   -            266 2666at2085           -            250   1.3e-12   43.1  11.8   1   1   1.8e-13   1.9e-11   39.2  11.8     3   212     3   235     1   260 0.68 # 475741 # 476538 # 1 # ID=1_377;partial=00;start_type=ATG;rbs_motif=GGA/GAG/AGG;rbs_spacer=5-10bp;gc_cont=0.201
#
# Program:         hmmsearch
# Version:         3.1b2 (February 2015)
# Pipeline mode:   SEARCH
# Query file:      /root/busco_downloads/lineages/mycoplasmatales_odb10/hmms/2666at2085.hmm
# Target file:     /disk3/default/V2/admin/core/data/myco_out/outBusco/Mcc_GM508D/prodigal_output/predicted_genes/predicted.faa
# Option settings: hmmsearch --domtblout /disk3/default/V2/admin/core/data/myco_out/outBusco/Mcc_GM508D/run_mycoplasmatales_odb10/hmmer_output/2666at2085.out --cpu 1 /root/busco_downloads/lineages/mycoplasmatales_odb10/hmms/2666at2085.hmm /disk3/default/V2/admin/core/data/myco_out/outBusco/Mcc_GM508D/prodigal_output/predicted_genes/predicted.faa 
# Current dir:     /root
# Date:            Mon Aug  1 00:27:37 2022
# [ok]
