#                                                                            --- full sequence --- -------------- this domain -------------   hmm coord   ali coord   env coord
# target name        accession   tlen query name           accession   qlen   E-value  score  bias   #  of  c-Evalue  i-Evalue  score  bias  from    to  from    to  from    to  acc description of target
#------------------- ---------- ----- -------------------- ---------- ----- --------- ------ ----- --- --- --------- --------- ------ ----- ----- ----- ----- ----- ----- ----- ---- ---------------------
JXQB01000001.1_67    -            301 3843at2085           -            213   4.4e-62  205.0  19.2   1   2   3.5e-30   3.2e-28   94.3   1.4     5    93    24   121    20   127 0.85 # 96790 # 97692 # 1 # ID=1_67;partial=00;start_type=ATG;rbs_motif=GGA/GAG/AGG;rbs_spacer=5-10bp;gc_cont=0.214
JXQB01000001.1_67    -            301 3843at2085           -            213   4.4e-62  205.0  19.2   2   2   1.4e-36   1.4e-34  115.1  11.2    80   212   124   291   122   292 0.83 # 96790 # 97692 # 1 # ID=1_67;partial=00;start_type=ATG;rbs_motif=GGA/GAG/AGG;rbs_spacer=5-10bp;gc_cont=0.214
JXQB01000001.1_84    -            197 3843at2085           -            213   4.6e-07   25.2   6.3   1   2   1.7e-08   1.6e-06   23.4   0.1    98   174    10    92     2   107 0.62 # 113797 # 114387 # 1 # ID=1_84;partial=00;start_type=ATG;rbs_motif=AGGA;rbs_spacer=5-10bp;gc_cont=0.225
JXQB01000001.1_84    -            197 3843at2085           -            213   4.6e-07   25.2   6.3   2   2     0.016       1.5    3.8   3.4    43   105   105   162    82   191 0.62 # 113797 # 114387 # 1 # ID=1_84;partial=00;start_type=ATG;rbs_motif=AGGA;rbs_spacer=5-10bp;gc_cont=0.225
JXQB01000001.1_652   -            436 3843at2085           -            213   7.8e-05   17.9  17.6   1   4   8.9e-05    0.0083   11.2   0.2   106   164     1    63     1    83 0.69 # 800746 # 802053 # 1 # ID=1_652;partial=00;start_type=ATG;rbs_motif=None;rbs_spacer=None;gc_cont=0.226
JXQB01000001.1_652   -            436 3843at2085           -            213   7.8e-05   17.9  17.6   2   4       0.9        85   -1.9   0.1    64    95   100   134    76   146 0.63 # 800746 # 802053 # 1 # ID=1_652;partial=00;start_type=ATG;rbs_motif=None;rbs_spacer=None;gc_cont=0.226
JXQB01000001.1_652   -            436 3843at2085           -            213   7.8e-05   17.9  17.6   3   4   0.00069     0.065    8.3   0.2    97   139   163   205   153   248 0.80 # 800746 # 802053 # 1 # ID=1_652;partial=00;start_type=ATG;rbs_motif=None;rbs_spacer=None;gc_cont=0.226
JXQB01000001.1_652   -            436 3843at2085           -            213   7.8e-05   17.9  17.6   4   4    0.0017      0.16    7.1   3.9    40   139   253   349   231   412 0.73 # 800746 # 802053 # 1 # ID=1_652;partial=00;start_type=ATG;rbs_motif=None;rbs_spacer=None;gc_cont=0.226
JXQB01000001.1_565   -            303 3843at2085           -            213   0.00014   17.0   1.0   1   1   3.4e-06   0.00032   15.9   1.0    92   127    35    69     2    99 0.76 # 692180 # 693088 # 1 # ID=1_565;partial=00;start_type=ATG;rbs_motif=3Base/5BMM;rbs_spacer=13-15bp;gc_cont=0.263
JXQB01000001.1_473   -            947 3843at2085           -            213   0.00015   16.9   0.5   1   2    0.0037      0.35    5.9   0.0   104   124    22    42    11    50 0.80 # 593247 # 596087 # -1 # ID=1_473;partial=00;start_type=ATG;rbs_motif=AGGAG;rbs_spacer=5-10bp;gc_cont=0.259
JXQB01000001.1_473   -            947 3843at2085           -            213   0.00015   16.9   0.5   2   2   0.00063     0.059    8.5   0.2   105   131   634   660   615   679 0.73 # 593247 # 596087 # -1 # ID=1_473;partial=00;start_type=ATG;rbs_motif=AGGAG;rbs_spacer=5-10bp;gc_cont=0.259
JXQB01000001.1_840   -            714 3843at2085           -            213    0.0004   15.5   2.5   1   3    0.0028      0.26    6.3   0.0   108   131    51    74    36    78 0.75 # 1014730 # 1016871 # -1 # ID=1_840;partial=00;start_type=GTG;rbs_motif=AGGAG;rbs_spacer=5-10bp;gc_cont=0.268
JXQB01000001.1_840   -            714 3843at2085           -            213    0.0004   15.5   2.5   2   3      0.12        11    1.0   0.0   112   128   454   470   449   476 0.85 # 1014730 # 1016871 # -1 # ID=1_840;partial=00;start_type=GTG;rbs_motif=AGGAG;rbs_spacer=5-10bp;gc_cont=0.268
JXQB01000001.1_840   -            714 3843at2085           -            213    0.0004   15.5   2.5   3   3    0.0041      0.39    5.8   0.4     4    58   565   621   562   648 0.73 # 1014730 # 1016871 # -1 # ID=1_840;partial=00;start_type=GTG;rbs_motif=AGGAG;rbs_spacer=5-10bp;gc_cont=0.268
JXQB01000001.1_196   -            513 3843at2085           -            213   0.00047   15.3   3.5   1   3   0.00069     0.065    8.3   0.1   103   132    24    53     4    55 0.76 # 261348 # 262886 # -1 # ID=1_196;partial=00;start_type=ATG;rbs_motif=AGGAGG;rbs_spacer=3-4bp;gc_cont=0.256
JXQB01000001.1_196   -            513 3843at2085           -            213   0.00047   15.3   3.5   2   3       2.4   2.2e+02   -3.2   0.1    88   103   220   235   190   244 0.55 # 261348 # 262886 # -1 # ID=1_196;partial=00;start_type=ATG;rbs_motif=AGGAGG;rbs_spacer=3-4bp;gc_cont=0.256
JXQB01000001.1_196   -            513 3843at2085           -            213   0.00047   15.3   3.5   3   3    0.0015      0.14    7.2   0.1   105   136   344   375   303   384 0.81 # 261348 # 262886 # -1 # ID=1_196;partial=00;start_type=ATG;rbs_motif=AGGAGG;rbs_spacer=3-4bp;gc_cont=0.256
JXQB01000001.1_422   -            251 3843at2085           -            213    0.0005   15.2   5.3   1   2   6.8e-05    0.0063   11.6   0.5   104   136    24    55    10    59 0.80 # 533380 # 534132 # -1 # ID=1_422;partial=00;start_type=ATG;rbs_motif=None;rbs_spacer=None;gc_cont=0.259
JXQB01000001.1_422   -            251 3843at2085           -            213    0.0005   15.2   5.3   2   2    0.0063      0.59    5.2   0.1    52   102   180   230   172   238 0.86 # 533380 # 534132 # -1 # ID=1_422;partial=00;start_type=ATG;rbs_motif=None;rbs_spacer=None;gc_cont=0.259
JXQB01000001.1_725   -            270 3843at2085           -            213   0.00054   15.1   0.2   1   1   9.9e-06   0.00093   14.4   0.2   104   131    44    71    13    83 0.80 # 889786 # 890595 # 1 # ID=1_725;partial=00;start_type=ATG;rbs_motif=GGA/GAG/AGG;rbs_spacer=5-10bp;gc_cont=0.256
#
# Program:         hmmsearch
# Version:         3.1b2 (February 2015)
# Pipeline mode:   SEARCH
# Query file:      /root/busco_downloads/lineages/mycoplasmatales_odb10/hmms/3843at2085.hmm
# Target file:     /disk3/default/V2/admin/core/data/myco_out/outBusco/Mcc_GM508D/prodigal_output/predicted_genes/predicted.faa
# Option settings: hmmsearch --domtblout /disk3/default/V2/admin/core/data/myco_out/outBusco/Mcc_GM508D/run_mycoplasmatales_odb10/hmmer_output/3843at2085.out --cpu 1 /root/busco_downloads/lineages/mycoplasmatales_odb10/hmms/3843at2085.hmm /disk3/default/V2/admin/core/data/myco_out/outBusco/Mcc_GM508D/prodigal_output/predicted_genes/predicted.faa 
# Current dir:     /root
# Date:            Mon Aug  1 00:27:39 2022
# [ok]
