#                                                                            --- full sequence --- -------------- this domain -------------   hmm coord   ali coord   env coord
# target name        accession   tlen query name           accession   qlen   E-value  score  bias   #  of  c-Evalue  i-Evalue  score  bias  from    to  from    to  from    to  acc description of target
#------------------- ---------- ----- -------------------- ---------- ----- --------- ------ ----- --- --- --------- --------- ------ ----- ----- ----- ----- ----- ----- ----- ---- ---------------------
JXQB01000001.1_281   -            510 913at2085            -            397  3.2e-142  469.9  24.0   1   2  1.4e-130  2.9e-128  423.9  14.1     2   318     3   373     2   389 0.88 # 368886 # 370415 # -1 # ID=1_281;partial=00;start_type=ATG;rbs_motif=GGA/GAG/AGG;rbs_spacer=5-10bp;gc_cont=0.233
JXQB01000001.1_281   -            510 913at2085            -            397  3.2e-142  469.9  24.0   2   2     4e-16   8.6e-14   47.0   2.7   310   386   396   479   378   493 0.83 # 368886 # 370415 # -1 # ID=1_281;partial=00;start_type=ATG;rbs_motif=GGA/GAG/AGG;rbs_spacer=5-10bp;gc_cont=0.233
JXQB01000001.1_572   -            805 913at2085            -            397   1.5e-18   62.7   3.2   1   2     4e-15   8.5e-13   43.7   0.1     2   168    30   207    29   224 0.82 # 703379 # 705793 # 1 # ID=1_572;partial=00;start_type=ATG;rbs_motif=AGGAG;rbs_spacer=5-10bp;gc_cont=0.265
JXQB01000001.1_572   -            805 913at2085            -            397   1.5e-18   62.7   3.2   2   2   1.6e-07   3.4e-05   18.7   0.3   226   361   548   687   530   721 0.67 # 703379 # 705793 # 1 # ID=1_572;partial=00;start_type=ATG;rbs_motif=AGGAG;rbs_spacer=5-10bp;gc_cont=0.265
JXQB01000001.1_815   -            909 913at2085            -            397     3e-16   55.1  14.1   1   4   1.9e-13   4.1e-11   38.2   0.2    12   129    60   197    49   208 0.71 # 981361 # 984087 # -1 # ID=1_815;partial=00;start_type=ATG;rbs_motif=AGGA;rbs_spacer=5-10bp;gc_cont=0.248
JXQB01000001.1_815   -            909 913at2085            -            397     3e-16   55.1  14.1   2   4     0.024       5.2    1.6   0.1   267   320   242   293   235   311 0.77 # 981361 # 984087 # -1 # ID=1_815;partial=00;start_type=ATG;rbs_motif=AGGA;rbs_spacer=5-10bp;gc_cont=0.248
JXQB01000001.1_815   -            909 913at2085            -            397     3e-16   55.1  14.1   3   4   1.9e-06   0.00041   15.1   0.0   239   290   580   636   572   665 0.75 # 981361 # 984087 # -1 # ID=1_815;partial=00;start_type=ATG;rbs_motif=AGGA;rbs_spacer=5-10bp;gc_cont=0.248
JXQB01000001.1_815   -            909 913at2085            -            397     3e-16   55.1  14.1   4   4     0.019         4    2.0   4.2   265   383   643   771   628   783 0.60 # 981361 # 984087 # -1 # ID=1_815;partial=00;start_type=ATG;rbs_motif=AGGA;rbs_spacer=5-10bp;gc_cont=0.248
JXQB01000001.1_70    -            873 913at2085            -            397   9.3e-13   43.6  14.6   1   5   3.8e-12   7.9e-10   33.9   8.9    13   148    48   205    36   227 0.70 # 99072 # 101690 # 1 # ID=1_70;partial=00;start_type=ATG;rbs_motif=AGGAG;rbs_spacer=5-10bp;gc_cont=0.228
JXQB01000001.1_70    -            873 913at2085            -            397   9.3e-13   43.6  14.6   2   5      0.12        26   -0.7   0.1   108   163   321   380   285   405 0.60 # 99072 # 101690 # 1 # ID=1_70;partial=00;start_type=ATG;rbs_motif=AGGAG;rbs_spacer=5-10bp;gc_cont=0.228
JXQB01000001.1_70    -            873 913at2085            -            397   9.3e-13   43.6  14.6   3   5   1.7e-08   3.6e-06   21.9   0.3   238   303   507   579   469   608 0.75 # 99072 # 101690 # 1 # ID=1_70;partial=00;start_type=ATG;rbs_motif=AGGAG;rbs_spacer=5-10bp;gc_cont=0.228
JXQB01000001.1_70    -            873 913at2085            -            397   9.3e-13   43.6  14.6   4   5     0.052        11    0.6   3.7   254   381   561   696   554   711 0.66 # 99072 # 101690 # 1 # ID=1_70;partial=00;start_type=ATG;rbs_motif=AGGAG;rbs_spacer=5-10bp;gc_cont=0.228
JXQB01000001.1_70    -            873 913at2085            -            397   9.3e-13   43.6  14.6   5   5      0.12        25   -0.6   1.7   304   341   718   755   708   787 0.77 # 99072 # 101690 # 1 # ID=1_70;partial=00;start_type=ATG;rbs_motif=AGGAG;rbs_spacer=5-10bp;gc_cont=0.228
#
# Program:         hmmsearch
# Version:         3.1b2 (February 2015)
# Pipeline mode:   SEARCH
# Query file:      /root/busco_downloads/lineages/mycoplasmatales_odb10/hmms/913at2085.hmm
# Target file:     /disk3/default/V2/admin/core/data/myco_out/outBusco/Mcc_GM508D/prodigal_output/predicted_genes/predicted.faa
# Option settings: hmmsearch --domtblout /disk3/default/V2/admin/core/data/myco_out/outBusco/Mcc_GM508D/run_mycoplasmatales_odb10/hmmer_output/913at2085.out --cpu 1 /root/busco_downloads/lineages/mycoplasmatales_odb10/hmms/913at2085.hmm /disk3/default/V2/admin/core/data/myco_out/outBusco/Mcc_GM508D/prodigal_output/predicted_genes/predicted.faa 
# Current dir:     /root
# Date:            Mon Aug  1 00:27:42 2022
# [ok]
