#                                                                            --- full sequence --- -------------- this domain -------------   hmm coord   ali coord   env coord
# target name        accession   tlen query name           accession   qlen   E-value  score  bias   #  of  c-Evalue  i-Evalue  score  bias  from    to  from    to  from    to  acc description of target
#------------------- ---------- ----- -------------------- ---------- ----- --------- ------ ----- --- --- --------- --------- ------ ----- ----- ----- ----- ----- ----- ----- ---- ---------------------
JXQB01000001.1_165   -            690 148at2085            -            586         0 1013.2  15.4   1   2  9.6e-113  1.6e-110  365.8   1.3     1   183    11   195    11   216 0.96 # 226945 # 229014 # -1 # ID=1_165;partial=00;start_type=ATG;rbs_motif=AGGA;rbs_spacer=5-10bp;gc_cont=0.320
JXQB01000001.1_165   -            690 148at2085            -            586         0 1013.2  15.4   2   2  6.4e-199  1.1e-196  650.4   7.0   193   585   239   686   204   687 0.90 # 226945 # 229014 # -1 # ID=1_165;partial=00;start_type=ATG;rbs_motif=AGGA;rbs_spacer=5-10bp;gc_cont=0.320
JXQB01000001.1_120   -            610 148at2085            -            586     1e-44  148.6   5.6   1   3   6.2e-33   1.1e-30  102.3   0.1     2   154     8   159     7   172 0.91 # 162926 # 164755 # 1 # ID=1_120;partial=00;start_type=ATG;rbs_motif=GGAG/GAGG;rbs_spacer=5-10bp;gc_cont=0.270
JXQB01000001.1_120   -            610 148at2085            -            586     1e-44  148.6   5.6   2   3   6.5e-12   1.1e-09   32.9   0.7   227   411   190   394   176   400 0.71 # 162926 # 164755 # 1 # ID=1_120;partial=00;start_type=ATG;rbs_motif=GGAG/GAGG;rbs_spacer=5-10bp;gc_cont=0.270
JXQB01000001.1_120   -            610 148at2085            -            586     1e-44  148.6   5.6   3   3     7e-06    0.0012   13.0   0.0   517   574   402   470   397   476 0.69 # 162926 # 164755 # 1 # ID=1_120;partial=00;start_type=ATG;rbs_motif=GGAG/GAGG;rbs_spacer=5-10bp;gc_cont=0.270
JXQB01000001.1_51    -            601 148at2085            -            586   5.1e-43  142.9   1.1   1   4   5.8e-30   9.7e-28   92.5   0.0     1   147     7   155     7   166 0.88 # 74483 # 76285 # -1 # ID=1_51;partial=00;start_type=ATG;rbs_motif=GGA/GAG/AGG;rbs_spacer=5-10bp;gc_cont=0.271
JXQB01000001.1_51    -            601 148at2085            -            586   5.1e-43  142.9   1.1   2   4   5.5e-16   9.3e-14   46.3   0.1   220   421   170   386   161   389 0.75 # 74483 # 76285 # -1 # ID=1_51;partial=00;start_type=ATG;rbs_motif=GGA/GAG/AGG;rbs_spacer=5-10bp;gc_cont=0.271
JXQB01000001.1_51    -            601 148at2085            -            586   5.1e-43  142.9   1.1   3   4     0.044       7.5    0.4   0.0   517   572   402   470   395   478 0.61 # 74483 # 76285 # -1 # ID=1_51;partial=00;start_type=ATG;rbs_motif=GGA/GAG/AGG;rbs_spacer=5-10bp;gc_cont=0.271
JXQB01000001.1_51    -            601 148at2085            -            586   5.1e-43  142.9   1.1   4   4      0.35        59   -2.5   0.0   384   417   517   549   514   557 0.79 # 74483 # 76285 # -1 # ID=1_51;partial=00;start_type=ATG;rbs_motif=GGA/GAG/AGG;rbs_spacer=5-10bp;gc_cont=0.271
JXQB01000001.1_164   -            396 148at2085            -            586     8e-16   53.2   0.6   1   2   1.1e-17   1.9e-15   51.9   0.5     2   133    14   144    13   162 0.87 # 225626 # 226813 # -1 # ID=1_164;partial=00;start_type=ATG;rbs_motif=AGGAG;rbs_spacer=5-10bp;gc_cont=0.359
JXQB01000001.1_164   -            396 148at2085            -            586     8e-16   53.2   0.6   2   2      0.17        28   -1.5   0.0   208   236   176   204   167   276 0.70 # 225626 # 226813 # -1 # ID=1_164;partial=00;start_type=ATG;rbs_motif=AGGAG;rbs_spacer=5-10bp;gc_cont=0.359
JXQB01000001.1_40    -            621 148at2085            -            586   1.9e-15   51.9   1.3   1   1   8.3e-17   1.4e-14   49.1   1.3    49   135   152   239   123   255 0.84 # 61508 # 63370 # 1 # ID=1_40;partial=00;start_type=ATG;rbs_motif=GGAG/GAGG;rbs_spacer=5-10bp;gc_cont=0.278
#
# Program:         hmmsearch
# Version:         3.1b2 (February 2015)
# Pipeline mode:   SEARCH
# Query file:      /root/busco_downloads/lineages/mycoplasmatales_odb10/hmms/148at2085.hmm
# Target file:     /disk3/default/V2/admin/core/data/myco/outBusco/Mcc_GM508D/prodigal_output/predicted_genes/predicted.faa
# Option settings: hmmsearch --domtblout /disk3/default/V2/admin/core/data/myco/outBusco/Mcc_GM508D/run_mycoplasmatales_odb10/hmmer_output/148at2085.out --cpu 1 /root/busco_downloads/lineages/mycoplasmatales_odb10/hmms/148at2085.hmm /disk3/default/V2/admin/core/data/myco/outBusco/Mcc_GM508D/prodigal_output/predicted_genes/predicted.faa 
# Current dir:     /root
# Date:            Sun Jul 31 23:54:35 2022
# [ok]
