#                                                                            --- full sequence --- -------------- this domain -------------   hmm coord   ali coord   env coord
# target name        accession   tlen query name           accession   qlen   E-value  score  bias   #  of  c-Evalue  i-Evalue  score  bias  from    to  from    to  from    to  acc description of target
#------------------- ---------- ----- -------------------- ---------- ----- --------- ------ ----- --- --- --------- --------- ------ ----- ----- ----- ----- ----- ----- ----- ---- ---------------------
JXQB01000001.1_651   -            223 2571at2085           -            187   1.2e-59  196.8  11.7   1   2   1.5e-19   1.6e-17   59.5   0.3     2    48     3    49     2    72 0.82 # 800078 # 800746 # 1 # ID=1_651;partial=00;start_type=ATG;rbs_motif=AGGAG;rbs_spacer=5-10bp;gc_cont=0.221
JXQB01000001.1_651   -            223 2571at2085           -            187   1.2e-59  196.8  11.7   2   2   1.8e-44   1.9e-42  140.8   6.5    51   184    77   215    60   218 0.89 # 800078 # 800746 # 1 # ID=1_651;partial=00;start_type=ATG;rbs_motif=AGGAG;rbs_spacer=5-10bp;gc_cont=0.221
JXQB01000001.1_630   -            206 2571at2085           -            187   6.6e-07   24.9   0.7   1   2   1.4e-08   1.5e-06   23.7   0.2     3    32     1    30     1    75 0.77 # 775254 # 775871 # 1 # ID=1_630;partial=00;start_type=ATG;rbs_motif=AGGAG;rbs_spacer=5-10bp;gc_cont=0.225
JXQB01000001.1_630   -            206 2571at2085           -            187   6.6e-07   24.9   0.7   2   2      0.55        58   -1.0   0.0   135   177    86   129    75   139 0.71 # 775254 # 775871 # 1 # ID=1_630;partial=00;start_type=ATG;rbs_motif=AGGAG;rbs_spacer=5-10bp;gc_cont=0.225
JXQB01000001.1_556   -            214 2571at2085           -            187   6.1e-06   21.7   0.1   1   2   3.9e-06   0.00041   15.8   0.0     4    40     2    38     1    73 0.80 # 686886 # 687527 # 1 # ID=1_556;partial=00;start_type=ATG;rbs_motif=AGGA;rbs_spacer=5-10bp;gc_cont=0.226
JXQB01000001.1_556   -            214 2571at2085           -            187   6.1e-06   21.7   0.1   2   2     0.022       2.3    3.6   0.1   154   181   181   208   151   212 0.82 # 686886 # 687527 # 1 # ID=1_556;partial=00;start_type=ATG;rbs_motif=AGGA;rbs_spacer=5-10bp;gc_cont=0.226
JXQB01000001.1_789   -            208 2571at2085           -            187   0.00019   16.9   2.8   1   1   1.7e-05    0.0018   13.7   2.8     4   139     7   159     3   171 0.59 # 960094 # 960717 # -1 # ID=1_789;partial=00;start_type=ATG;rbs_motif=AGGAG;rbs_spacer=3-4bp;gc_cont=0.244
JXQB01000001.1_783   -            308 2571at2085           -            187   0.00047   15.6   0.6   1   1   3.6e-05    0.0038   12.6   0.6     5   104    37   127    34   145 0.72 # 953369 # 954292 # 1 # ID=1_783;partial=00;start_type=ATG;rbs_motif=AGxAGG/AGGxGG;rbs_spacer=5-10bp;gc_cont=0.206
JXQB01000001.1_155   -            567 2571at2085           -            187   0.00052   15.4   0.5   1   1   1.4e-05    0.0014   14.0   0.3     4    59    37    90    35   126 0.73 # 210847 # 212547 # -1 # ID=1_155;partial=00;start_type=ATG;rbs_motif=AGGA;rbs_spacer=5-10bp;gc_cont=0.255
JXQB01000001.1_196   -            513 2571at2085           -            187    0.0009   14.7   0.1   1   2   0.00029     0.031    9.7   0.0     4    26    31    53    28    57 0.91 # 261348 # 262886 # -1 # ID=1_196;partial=00;start_type=ATG;rbs_motif=AGGAGG;rbs_spacer=3-4bp;gc_cont=0.256
JXQB01000001.1_196   -            513 2571at2085           -            187    0.0009   14.7   0.1   2   2      0.11        11    1.3   0.0     7    27   352   372   348   374 0.89 # 261348 # 262886 # -1 # ID=1_196;partial=00;start_type=ATG;rbs_motif=AGGAGG;rbs_spacer=3-4bp;gc_cont=0.256
JXQB01000001.1_682   -            215 2571at2085           -            187   0.00099   14.5   0.0   1   2   3.1e-05    0.0033   12.8   0.0     4    36     2    36     1    62 0.79 # 828755 # 829399 # 1 # ID=1_682;partial=00;start_type=ATG;rbs_motif=None;rbs_spacer=None;gc_cont=0.228
JXQB01000001.1_682   -            215 2571at2085           -            187   0.00099   14.5   0.0   2   2       1.7   1.8e+02   -2.6   0.0   110   129   135   153   132   162 0.68 # 828755 # 829399 # 1 # ID=1_682;partial=00;start_type=ATG;rbs_motif=None;rbs_spacer=None;gc_cont=0.228
#
# Program:         hmmsearch
# Version:         3.1b2 (February 2015)
# Pipeline mode:   SEARCH
# Query file:      /root/busco_downloads/lineages/mycoplasmatales_odb10/hmms/2571at2085.hmm
# Target file:     /disk3/default/V2/admin/core/data/myco/outBusco/Mcc_GM508D/prodigal_output/predicted_genes/predicted.faa
# Option settings: hmmsearch --domtblout /disk3/default/V2/admin/core/data/myco/outBusco/Mcc_GM508D/run_mycoplasmatales_odb10/hmmer_output/2571at2085.out --cpu 1 /root/busco_downloads/lineages/mycoplasmatales_odb10/hmms/2571at2085.hmm /disk3/default/V2/admin/core/data/myco/outBusco/Mcc_GM508D/prodigal_output/predicted_genes/predicted.faa 
# Current dir:     /root
# Date:            Sun Jul 31 23:54:37 2022
# [ok]
