#                                                                            --- full sequence --- -------------- this domain -------------   hmm coord   ali coord   env coord
# target name        accession   tlen query name           accession   qlen   E-value  score  bias   #  of  c-Evalue  i-Evalue  score  bias  from    to  from    to  from    to  acc description of target
#------------------- ---------- ----- -------------------- ---------- ----- --------- ------ ----- --- --- --------- --------- ------ ----- ----- ----- ----- ----- ----- ----- ---- ---------------------
JXQB01000001.1_702   -            302 2656at2085           -            232   5.6e-71  234.1  26.6   1   2   1.3e-43   1.1e-41  138.3  10.0     1   140     9   155     9   162 0.87 # 859365 # 860270 # 1 # ID=1_702;partial=00;start_type=ATG;rbs_motif=None;rbs_spacer=None;gc_cont=0.230
JXQB01000001.1_702   -            302 2656at2085           -            232   5.6e-71  234.1  26.6   2   2   1.6e-32   1.4e-30  102.0  11.1   103   232   148   296   142   296 0.81 # 859365 # 860270 # 1 # ID=1_702;partial=00;start_type=ATG;rbs_motif=None;rbs_spacer=None;gc_cont=0.230
JXQB01000001.1_652   -            436 2656at2085           -            232   1.9e-43  144.1  24.8   1   3   1.1e-23   9.5e-22   73.0   3.9     1   114     6   124     6   136 0.85 # 800746 # 802053 # 1 # ID=1_652;partial=00;start_type=ATG;rbs_motif=None;rbs_spacer=None;gc_cont=0.226
JXQB01000001.1_652   -            436 2656at2085           -            232   1.9e-43  144.1  24.8   2   3   5.1e-25   4.3e-23   77.4   5.4     1   127   177   311   177   321 0.81 # 800746 # 802053 # 1 # ID=1_652;partial=00;start_type=ATG;rbs_motif=None;rbs_spacer=None;gc_cont=0.226
JXQB01000001.1_652   -            436 2656at2085           -            232   1.9e-43  144.1  24.8   3   3    0.0077      0.65    4.9   0.7   103   135   322   355   315   365 0.83 # 800746 # 802053 # 1 # ID=1_652;partial=00;start_type=ATG;rbs_motif=None;rbs_spacer=None;gc_cont=0.226
JXQB01000001.1_429   -            453 2656at2085           -            232   2.9e-19   64.9  14.1   1   1   5.9e-21     5e-19   64.1  13.3     2   120   221   342   220   394 0.80 # 540649 # 542007 # 1 # ID=1_429;partial=00;start_type=ATG;rbs_motif=GGA/GAG/AGG;rbs_spacer=5-10bp;gc_cont=0.235
JXQB01000001.1_677   -            434 2656at2085           -            232   3.4e-14   48.3   2.2   1   2   9.2e-16   7.7e-14   47.1   0.7     1   128   162   303   162   332 0.73 # 824648 # 825949 # 1 # ID=1_677;partial=00;start_type=ATG;rbs_motif=AGxAGG/AGGxGG;rbs_spacer=5-10bp;gc_cont=0.264
JXQB01000001.1_677   -            434 2656at2085           -            232   3.4e-14   48.3   2.2   2   2      0.52        44   -1.1   0.3    74   110   318   355   306   383 0.63 # 824648 # 825949 # 1 # ID=1_677;partial=00;start_type=ATG;rbs_motif=AGxAGG/AGGxGG;rbs_spacer=5-10bp;gc_cont=0.264
JXQB01000001.1_84    -            197 2656at2085           -            232   5.3e-11   37.9   4.3   1   1   8.2e-13   6.9e-11   37.5   4.3     1   136    25   170    25   191 0.72 # 113797 # 114387 # 1 # ID=1_84;partial=00;start_type=ATG;rbs_motif=AGGA;rbs_spacer=5-10bp;gc_cont=0.225
JXQB01000001.1_667   -            317 2656at2085           -            232   6.6e-10   34.3   1.2   1   4     0.014       1.2    4.0   0.3    67   119    17    70     9    75 0.83 # 812642 # 813592 # 1 # ID=1_667;partial=00;start_type=ATG;rbs_motif=AGxAG;rbs_spacer=5-10bp;gc_cont=0.240
JXQB01000001.1_667   -            317 2656at2085           -            232   6.6e-10   34.3   1.2   2   4     0.039       3.3    2.6   2.1    87   134    67   115    64   124 0.67 # 812642 # 813592 # 1 # ID=1_667;partial=00;start_type=ATG;rbs_motif=AGxAG;rbs_spacer=5-10bp;gc_cont=0.240
JXQB01000001.1_667   -            317 2656at2085           -            232   6.6e-10   34.3   1.2   3   4   7.8e-12   6.6e-10   34.3   1.2     3   126   128   245   126   265 0.77 # 812642 # 813592 # 1 # ID=1_667;partial=00;start_type=ATG;rbs_motif=AGxAG;rbs_spacer=5-10bp;gc_cont=0.240
JXQB01000001.1_667   -            317 2656at2085           -            232   6.6e-10   34.3   1.2   4   4       2.9   2.4e+02   -3.6   0.1   115   139   286   311   280   313 0.65 # 812642 # 813592 # 1 # ID=1_667;partial=00;start_type=ATG;rbs_motif=AGxAG;rbs_spacer=5-10bp;gc_cont=0.240
JXQB01000001.1_443   -            365 2656at2085           -            232   1.1e-06   23.7   4.6   1   2   1.9e-08   1.6e-06   23.2   0.7     1    25     5    29     5   159 0.64 # 557636 # 558730 # 1 # ID=1_443;partial=00;start_type=ATG;rbs_motif=AGGA;rbs_spacer=5-10bp;gc_cont=0.276
JXQB01000001.1_443   -            365 2656at2085           -            232   1.1e-06   23.7   4.6   2   2      0.82        69   -1.8   0.2    89   104   214   229   168   264 0.61 # 557636 # 558730 # 1 # ID=1_443;partial=00;start_type=ATG;rbs_motif=AGGA;rbs_spacer=5-10bp;gc_cont=0.276
JXQB01000001.1_40    -            621 2656at2085           -            232   1.6e-06   23.2   0.9   1   2   1.9e-08   1.6e-06   23.2   0.9     1   113   124   233   124   249 0.68 # 61508 # 63370 # 1 # ID=1_40;partial=00;start_type=ATG;rbs_motif=GGAG/GAGG;rbs_spacer=5-10bp;gc_cont=0.278
JXQB01000001.1_40    -            621 2656at2085           -            232   1.6e-06   23.2   0.9   2   2       2.4     2e+02   -3.3   0.1   186   209   327   350   313   352 0.76 # 61508 # 63370 # 1 # ID=1_40;partial=00;start_type=ATG;rbs_motif=GGAG/GAGG;rbs_spacer=5-10bp;gc_cont=0.278
JXQB01000001.1_67    -            301 2656at2085           -            232   2.1e-05   19.5   1.7   1   2     0.069       5.9    1.7   4.8    72   150    68   153    49   167 0.73 # 96790 # 97692 # 1 # ID=1_67;partial=00;start_type=ATG;rbs_motif=GGA/GAG/AGG;rbs_spacer=5-10bp;gc_cont=0.214
JXQB01000001.1_67    -            301 2656at2085           -            232   2.1e-05   19.5   1.7   2   2   2.5e-07   2.1e-05   19.5   1.7     4    57   169   228   165   243 0.73 # 96790 # 97692 # 1 # ID=1_67;partial=00;start_type=ATG;rbs_motif=GGA/GAG/AGG;rbs_spacer=5-10bp;gc_cont=0.214
JXQB01000001.1_542   -            234 2656at2085           -            232   0.00057   14.9   0.9   1   1   9.2e-06   0.00077   14.4   0.9   165   219    53   106    19   116 0.76 # 679447 # 680148 # 1 # ID=1_542;partial=00;start_type=ATG;rbs_motif=AGGA;rbs_spacer=5-10bp;gc_cont=0.288
#
# Program:         hmmsearch
# Version:         3.1b2 (February 2015)
# Pipeline mode:   SEARCH
# Query file:      /root/busco_downloads/lineages/mycoplasmatales_odb10/hmms/2656at2085.hmm
# Target file:     /disk3/default/V2/admin/core/data/myco/outBusco/Mcc_GM508D/prodigal_output/predicted_genes/predicted.faa
# Option settings: hmmsearch --domtblout /disk3/default/V2/admin/core/data/myco/outBusco/Mcc_GM508D/run_mycoplasmatales_odb10/hmmer_output/2656at2085.out --cpu 1 /root/busco_downloads/lineages/mycoplasmatales_odb10/hmms/2656at2085.hmm /disk3/default/V2/admin/core/data/myco/outBusco/Mcc_GM508D/prodigal_output/predicted_genes/predicted.faa 
# Current dir:     /root
# Date:            Sun Jul 31 23:54:38 2022
# [ok]
