#                                                                            --- full sequence --- -------------- this domain -------------   hmm coord   ali coord   env coord
# target name        accession   tlen query name           accession   qlen   E-value  score  bias   #  of  c-Evalue  i-Evalue  score  bias  from    to  from    to  from    to  acc description of target
#------------------- ---------- ----- -------------------- ---------- ----- --------- ------ ----- --- --- --------- --------- ------ ----- ----- ----- ----- ----- ----- ----- ---- ---------------------
JXQB01000001.1_468   -            311 3146at2085           -            235   1.5e-83  275.3   2.5   1   2   7.7e-27   8.2e-25   83.1   0.1     1    63     9    74     9    80 0.95 # 587914 # 588846 # -1 # ID=1_468;partial=00;start_type=ATG;rbs_motif=GGA/GAG/AGG;rbs_spacer=5-10bp;gc_cont=0.307
JXQB01000001.1_468   -            311 3146at2085           -            235   1.5e-83  275.3   2.5   2   2   3.5e-60   3.7e-58  192.2   0.3    62   234   107   301    87   302 0.86 # 587914 # 588846 # -1 # ID=1_468;partial=00;start_type=ATG;rbs_motif=GGA/GAG/AGG;rbs_spacer=5-10bp;gc_cont=0.307
JXQB01000001.1_784   -            454 3146at2085           -            235   1.3e-18   62.8   8.0   1   2   6.9e-08   7.3e-06   21.1   0.2     1    44     4    47     4    90 0.90 # 954399 # 955760 # 1 # ID=1_784;partial=00;start_type=ATG;rbs_motif=GGAG/GAGG;rbs_spacer=5-10bp;gc_cont=0.244
JXQB01000001.1_784   -            454 3146at2085           -            235   1.3e-18   62.8   8.0   2   2   5.1e-15   5.4e-13   44.4   2.9    66   235   132   320   118   320 0.79 # 954399 # 955760 # 1 # ID=1_784;partial=00;start_type=ATG;rbs_motif=GGAG/GAGG;rbs_spacer=5-10bp;gc_cont=0.244
JXQB01000001.1_102   -            630 3146at2085           -            235     2e-11   39.3   9.6   1   3   6.3e-07   6.6e-05   17.9   0.1     1    40   164   203   164   250 0.89 # 140687 # 142576 # -1 # ID=1_102;partial=00;start_type=ATG;rbs_motif=GGA/GAG/AGG;rbs_spacer=5-10bp;gc_cont=0.312
JXQB01000001.1_102   -            630 3146at2085           -            235     2e-11   39.3   9.6   2   3   1.1e-08   1.2e-06   23.6   1.7   103   233   337   488   332   490 0.68 # 140687 # 142576 # -1 # ID=1_102;partial=00;start_type=ATG;rbs_motif=GGA/GAG/AGG;rbs_spacer=5-10bp;gc_cont=0.312
JXQB01000001.1_102   -            630 3146at2085           -            235     2e-11   39.3   9.6   3   3      0.11        12    0.8   0.2   151   225   519   590   489   601 0.58 # 140687 # 142576 # -1 # ID=1_102;partial=00;start_type=ATG;rbs_motif=GGA/GAG/AGG;rbs_spacer=5-10bp;gc_cont=0.312
JXQB01000001.1_107   -            455 3146at2085           -            235   6.8e-06   21.2   1.4   1   1   1.5e-07   1.6e-05   19.9   1.4    66   218   106   287    92   314 0.65 # 147092 # 148456 # -1 # ID=1_107;partial=00;start_type=ATG;rbs_motif=GGA/GAG/AGG;rbs_spacer=5-10bp;gc_cont=0.300
JXQB01000001.1_387   -            448 3146at2085           -            235   1.1e-05   20.5   5.3   1   3      0.12        12    0.7   0.1     3    32     3    34     1    39 0.71 # 488927 # 490270 # 1 # ID=1_387;partial=00;start_type=ATG;rbs_motif=GGA/GAG/AGG;rbs_spacer=5-10bp;gc_cont=0.266
JXQB01000001.1_387   -            448 3146at2085           -            235   1.1e-05   20.5   5.3   2   3   1.6e-07   1.6e-05   19.9   1.1   102   222   148   291   143   304 0.66 # 488927 # 490270 # 1 # ID=1_387;partial=00;start_type=ATG;rbs_motif=GGA/GAG/AGG;rbs_spacer=5-10bp;gc_cont=0.266
JXQB01000001.1_387   -            448 3146at2085           -            235   1.1e-05   20.5   5.3   3   3       0.5        53   -1.4   0.0    67    88   336   357   324   359 0.83 # 488927 # 490270 # 1 # ID=1_387;partial=00;start_type=ATG;rbs_motif=GGA/GAG/AGG;rbs_spacer=5-10bp;gc_cont=0.266
JXQB01000001.1_389   -            630 3146at2085           -            235   6.7e-05   17.9   0.2   1   2   3.1e-06   0.00033   15.6   0.1     1    30     5    34     5    40 0.94 # 492004 # 493893 # 1 # ID=1_389;partial=00;start_type=ATG;rbs_motif=GGA/GAG/AGG;rbs_spacer=5-10bp;gc_cont=0.285
JXQB01000001.1_389   -            630 3146at2085           -            235   6.7e-05   17.9   0.2   2   2      0.47        50   -1.3   0.0    51    74   135   157   125   172 0.65 # 492004 # 493893 # 1 # ID=1_389;partial=00;start_type=ATG;rbs_motif=GGA/GAG/AGG;rbs_spacer=5-10bp;gc_cont=0.285
JXQB01000001.1_732   -            439 3146at2085           -            235   0.00027   15.9   0.4   1   3   0.00017     0.018    9.9   0.0     3    33     5    35     3    56 0.84 # 895744 # 897060 # 1 # ID=1_732;partial=00;start_type=ATG;rbs_motif=GGA/GAG/AGG;rbs_spacer=5-10bp;gc_cont=0.254
JXQB01000001.1_732   -            439 3146at2085           -            235   0.00027   15.9   0.4   2   3     0.022       2.4    3.0   0.0   138   170   102   134    87   140 0.83 # 895744 # 897060 # 1 # ID=1_732;partial=00;start_type=ATG;rbs_motif=GGA/GAG/AGG;rbs_spacer=5-10bp;gc_cont=0.254
JXQB01000001.1_732   -            439 3146at2085           -            235   0.00027   15.9   0.4   3   3       1.2   1.2e+02   -2.6   0.0   194   194   258   258   199   292 0.48 # 895744 # 897060 # 1 # ID=1_732;partial=00;start_type=ATG;rbs_motif=GGA/GAG/AGG;rbs_spacer=5-10bp;gc_cont=0.254
JXQB01000001.1_669   -            599 3146at2085           -            235       0.2    6.5   9.4   1   3       2.9     3e+02   -3.9   0.0     4    18     6    20     5    36 0.64 # 814231 # 816027 # -1 # ID=1_669;partial=00;start_type=ATG;rbs_motif=AGGAGG;rbs_spacer=5-10bp;gc_cont=0.214
JXQB01000001.1_669   -            599 3146at2085           -            235       0.2    6.5   9.4   2   3   3.1e-05    0.0033   12.4   1.1   125   216   224   321   214   331 0.73 # 814231 # 816027 # -1 # ID=1_669;partial=00;start_type=ATG;rbs_motif=AGGAGG;rbs_spacer=5-10bp;gc_cont=0.214
JXQB01000001.1_669   -            599 3146at2085           -            235       0.2    6.5   9.4   3   3       1.2   1.3e+02   -2.6   1.0   124   153   436   463   405   519 0.54 # 814231 # 816027 # -1 # ID=1_669;partial=00;start_type=ATG;rbs_motif=AGGAGG;rbs_spacer=5-10bp;gc_cont=0.214
#
# Program:         hmmsearch
# Version:         3.1b2 (February 2015)
# Pipeline mode:   SEARCH
# Query file:      /root/busco_downloads/lineages/mycoplasmatales_odb10/hmms/3146at2085.hmm
# Target file:     /disk3/default/V2/admin/core/data/myco/outBusco/Mcc_GM508D/prodigal_output/predicted_genes/predicted.faa
# Option settings: hmmsearch --domtblout /disk3/default/V2/admin/core/data/myco/outBusco/Mcc_GM508D/run_mycoplasmatales_odb10/hmmer_output/3146at2085.out --cpu 1 /root/busco_downloads/lineages/mycoplasmatales_odb10/hmms/3146at2085.hmm /disk3/default/V2/admin/core/data/myco/outBusco/Mcc_GM508D/prodigal_output/predicted_genes/predicted.faa 
# Current dir:     /root
# Date:            Sun Jul 31 23:54:38 2022
# [ok]
