#                                                                            --- full sequence --- -------------- this domain -------------   hmm coord   ali coord   env coord
# target name        accession   tlen query name           accession   qlen   E-value  score  bias   #  of  c-Evalue  i-Evalue  score  bias  from    to  from    to  from    to  acc description of target
#------------------- ---------- ----- -------------------- ---------- ----- --------- ------ ----- --- --- --------- --------- ------ ----- ----- ----- ----- ----- ----- ----- ---- ---------------------
JXQB01000001.1_70    -            873 534at2085            -            678  8.7e-262  865.9  63.4   1   2  7.1e-253  1.2e-250  829.0  47.9    14   662    33   779    18   792 0.86 # 99072 # 101690 # 1 # ID=1_70;partial=00;start_type=ATG;rbs_motif=AGGAG;rbs_spacer=5-10bp;gc_cont=0.228
JXQB01000001.1_70    -            873 534at2085            -            678  8.7e-262  865.9  63.4   2   2   2.1e-10   3.5e-08   27.8  11.6   581   677   766   862   757   863 0.73 # 99072 # 101690 # 1 # ID=1_70;partial=00;start_type=ATG;rbs_motif=AGGAG;rbs_spacer=5-10bp;gc_cont=0.228
JXQB01000001.1_815   -            909 534at2085            -            678     2e-70  233.5  24.2   1   4   7.8e-33   1.3e-30  101.9   0.4    12   209    44   248    34   278 0.87 # 981361 # 984087 # -1 # ID=1_815;partial=00;start_type=ATG;rbs_motif=AGGA;rbs_spacer=5-10bp;gc_cont=0.248
JXQB01000001.1_815   -            909 534at2085            -            678     2e-70  233.5  24.2   2   4   6.6e-19   1.1e-16   55.8   0.9   213   406   291   502   273   509 0.76 # 981361 # 984087 # -1 # ID=1_815;partial=00;start_type=ATG;rbs_motif=AGGA;rbs_spacer=5-10bp;gc_cont=0.248
JXQB01000001.1_815   -            909 534at2085            -            678     2e-70  233.5  24.2   3   4     7e-28   1.2e-25   85.5   0.3   391   532   515   656   506   686 0.91 # 981361 # 984087 # -1 # ID=1_815;partial=00;start_type=ATG;rbs_motif=AGGA;rbs_spacer=5-10bp;gc_cont=0.248
JXQB01000001.1_815   -            909 534at2085            -            678     2e-70  233.5  24.2   4   4    0.0096       1.6    2.4   5.3   536   624   687   779   665   822 0.69 # 981361 # 984087 # -1 # ID=1_815;partial=00;start_type=ATG;rbs_motif=AGGA;rbs_spacer=5-10bp;gc_cont=0.248
JXQB01000001.1_572   -            805 534at2085            -            678   3.1e-42  140.3  12.9   1   6     5e-17   8.5e-15   49.6   0.3    15   170    28   173    12   176 0.82 # 703379 # 705793 # 1 # ID=1_572;partial=00;start_type=ATG;rbs_motif=AGGAG;rbs_spacer=5-10bp;gc_cont=0.265
JXQB01000001.1_572   -            805 534at2085            -            678   3.1e-42  140.3  12.9   2   6    0.0008      0.14    6.0   0.1   307   358   176   226   172   234 0.84 # 703379 # 705793 # 1 # ID=1_572;partial=00;start_type=ATG;rbs_motif=AGGAG;rbs_spacer=5-10bp;gc_cont=0.265
JXQB01000001.1_572   -            805 534at2085            -            678   3.1e-42  140.3  12.9   3   6     0.025       4.2    1.1   0.1   183   212   237   266   231   294 0.80 # 703379 # 705793 # 1 # ID=1_572;partial=00;start_type=ATG;rbs_motif=AGGAG;rbs_spacer=5-10bp;gc_cont=0.265
JXQB01000001.1_572   -            805 534at2085            -            678   3.1e-42  140.3  12.9   4   6   4.9e-11   8.3e-09   29.8   0.0   214   283   304   375   292   402 0.81 # 703379 # 705793 # 1 # ID=1_572;partial=00;start_type=ATG;rbs_motif=AGGAG;rbs_spacer=5-10bp;gc_cont=0.265
JXQB01000001.1_572   -            805 534at2085            -            678   3.1e-42  140.3  12.9   5   6    0.0016      0.27    5.0   0.0   359   384   411   436   399   444 0.87 # 703379 # 705793 # 1 # ID=1_572;partial=00;start_type=ATG;rbs_motif=AGGAG;rbs_spacer=5-10bp;gc_cont=0.265
JXQB01000001.1_572   -            805 534at2085            -            678   3.1e-42  140.3  12.9   6   6   7.5e-18   1.3e-15   52.4   0.5   437   627   547   748   522   779 0.74 # 703379 # 705793 # 1 # ID=1_572;partial=00;start_type=ATG;rbs_motif=AGGAG;rbs_spacer=5-10bp;gc_cont=0.265
JXQB01000001.1_281   -            510 534at2085            -            678   3.6e-26   87.2  19.4   1   3   2.6e-15   4.3e-13   44.0   2.4    19   149     4   122     1   139 0.84 # 368886 # 370415 # -1 # ID=1_281;partial=00;start_type=ATG;rbs_motif=GGA/GAG/AGG;rbs_spacer=5-10bp;gc_cont=0.233
JXQB01000001.1_281   -            510 534at2085            -            678   3.6e-26   87.2  19.4   2   3   4.7e-16   7.9e-14   46.4   7.8   307   562   143   394   125   424 0.68 # 368886 # 370415 # -1 # ID=1_281;partial=00;start_type=ATG;rbs_motif=GGA/GAG/AGG;rbs_spacer=5-10bp;gc_cont=0.233
JXQB01000001.1_281   -            510 534at2085            -            678   3.6e-26   87.2  19.4   3   3      0.04       6.8    0.4   2.0   558   643   366   448   347   461 0.79 # 368886 # 370415 # -1 # ID=1_281;partial=00;start_type=ATG;rbs_motif=GGA/GAG/AGG;rbs_spacer=5-10bp;gc_cont=0.233
JXQB01000001.1_209   -            442 534at2085            -            678   7.2e-08   26.7  22.5   1   3    0.0012      0.21    5.4   0.1     5    61     4    61     1    68 0.86 # 280340 # 281665 # -1 # ID=1_209;partial=00;start_type=ATG;rbs_motif=AGGAG;rbs_spacer=5-10bp;gc_cont=0.203
JXQB01000001.1_209   -            442 534at2085            -            678   7.2e-08   26.7  22.5   2   3      0.16        27   -1.6   0.1   468   527    67   127    62   161 0.66 # 280340 # 281665 # -1 # ID=1_209;partial=00;start_type=ATG;rbs_motif=AGGAG;rbs_spacer=5-10bp;gc_cont=0.203
JXQB01000001.1_209   -            442 534at2085            -            678   7.2e-08   26.7  22.5   3   3   7.3e-10   1.2e-07   25.9  14.9   429   617   221   401   203   437 0.64 # 280340 # 281665 # -1 # ID=1_209;partial=00;start_type=ATG;rbs_motif=AGGAG;rbs_spacer=5-10bp;gc_cont=0.203
#
# Program:         hmmsearch
# Version:         3.1b2 (February 2015)
# Pipeline mode:   SEARCH
# Query file:      /root/busco_downloads/lineages/mycoplasmatales_odb10/hmms/534at2085.hmm
# Target file:     /disk3/default/V2/admin/core/data/myco/outBusco/Mcc_GM508D/prodigal_output/predicted_genes/predicted.faa
# Option settings: hmmsearch --domtblout /disk3/default/V2/admin/core/data/myco/outBusco/Mcc_GM508D/run_mycoplasmatales_odb10/hmmer_output/534at2085.out --cpu 1 /root/busco_downloads/lineages/mycoplasmatales_odb10/hmms/534at2085.hmm /disk3/default/V2/admin/core/data/myco/outBusco/Mcc_GM508D/prodigal_output/predicted_genes/predicted.faa 
# Current dir:     /root
# Date:            Sun Jul 31 23:54:41 2022
# [ok]
