-------------------------------------
PRODIGAL v2.6.2 [February, 2015]         
Univ of Tenn / Oak Ridge National Lab
Doug Hyatt, Loren Hauser, et al.     
-------------------------------------
Request:  Single Genome, Phase:  Training
Reading in the sequence(s) to train...964752 bp seq created, 23.74 pct GC
Locating all potential starts and stops...18356 nodes
Looking for GC bias in different frames...frame bias scores: 2.42 0.41 0.17
Building initial set of genes to train from...done!
Creating coding model and scoring nodes...done!
Examining upstream regions and training starts...done!
-------------------------------------
Request:  Single Genome, Phase:  Gene Finding
Finding genes in sequence #1 (120063 bp)...done!
Finding genes in sequence #2 (218275 bp)...done!
Finding genes in sequence #3 (157295 bp)...done!
Finding genes in sequence #4 (197640 bp)...done!
Finding genes in sequence #5 (11347 bp)...done!
Finding genes in sequence #6 (49198 bp)...done!
Finding genes in sequence #7 (210850 bp)...done!
