A	C	G	T	N	IUPAC	Other	GC	GC_stdev
0.3804	0.1180	0.1195	0.3820	0.0007	0.0000	0.0000	0.2376	0.0085

Main genome scaffold total:         	7
Main genome contig total:           	13
Main genome scaffold sequence total:	964668
Main genome contig sequence total:  	964004  	0.069% gap
Main genome scaffold N/L50:         	3/197640
Main genome contig N/L50:           	3/157295
Main genome scaffold N/L90:         	5/120063
Main genome contig N/L90:           	7/49195
Max scaffold length:                	218275
Max contig length:                  	212117
Number of scaffolds > 50 KB:        	5
% main genome in scaffolds > 50 KB: 	93.72%


Minimum 	Number        	Number        	Total         	Total         	Scaffold
Scaffold	of            	of            	Scaffold      	Contig        	Contig  
Length  	Scaffolds     	Contigs       	Length        	Length        	Coverage
--------	--------------	--------------	--------------	--------------	--------
    All 	             7	            13	        964668	        964004	  99.93%
  10000 	             7	            13	        964668	        964004	  99.93%
  25000 	             6	            12	        953321	        952658	  99.93%
  50000 	             5	            11	        904123	        903463	  99.93%
 100000 	             5	            11	        904123	        903463	  99.93%

