#                                                                            --- full sequence --- -------------- this domain -------------   hmm coord   ali coord   env coord
# target name        accession   tlen query name           accession   qlen   E-value  score  bias   #  of  c-Evalue  i-Evalue  score  bias  from    to  from    to  from    to  acc description of target
#------------------- ---------- ----- -------------------- ---------- ----- --------- ------ ----- --- --- --------- --------- ------ ----- ----- ----- ----- ----- ----- ----- ---- ---------------------
LBMF01000003.1_56    -            475 1529at2085           -            392  4.4e-159  525.2  13.0   1   2  3.5e-159  5.5e-157  518.3   7.8     2   346     3   377     2   388 0.90 # 73245 # 74669 # 1 # ID=3_56;partial=00;start_type=ATG;rbs_motif=None;rbs_spacer=None;gc_cont=0.246
LBMF01000003.1_56    -            475 1529at2085           -            392  4.4e-159  525.2  13.0   2   2   0.00024     0.038    8.5   0.5   335   385   385   446   367   451 0.76 # 73245 # 74669 # 1 # ID=3_56;partial=00;start_type=ATG;rbs_motif=None;rbs_spacer=None;gc_cont=0.246
LBMF01000001.1_7     -            423 1529at2085           -            392   4.5e-10   34.6   0.0   1   1   5.6e-12   8.8e-10   33.6   0.0    98   273   222   412   167   415 0.76 # 9253 # 10521 # -1 # ID=1_7;partial=00;start_type=ATG;rbs_motif=AGGAG;rbs_spacer=5-10bp;gc_cont=0.262
LBMF01000004.1_117   -            457 1529at2085           -            392     3e-08   28.6   3.0   1   2     2e-05    0.0031   12.1   0.6    75   161   136   224   106   247 0.83 # 131538 # 132908 # -1 # ID=4_117;partial=00;start_type=ATG;rbs_motif=AGGAG;rbs_spacer=5-10bp;gc_cont=0.245
LBMF01000004.1_117   -            457 1529at2085           -            392     3e-08   28.6   3.0   2   2   7.7e-07   0.00012   16.7   0.1   268   338   358   440   312   456 0.74 # 131538 # 132908 # -1 # ID=4_117;partial=00;start_type=ATG;rbs_motif=AGGAG;rbs_spacer=5-10bp;gc_cont=0.245
LBMF01000002.1_168   -            640 1529at2085           -            392   6.1e-08   27.6   1.1   1   3     0.076        12    0.3   0.1   319   344   220   245   211   250 0.89 # 209505 # 211424 # 1 # ID=2_168;partial=00;start_type=ATG;rbs_motif=AGGAG;rbs_spacer=3-4bp;gc_cont=0.236
LBMF01000002.1_168   -            640 1529at2085           -            392   6.1e-08   27.6   1.1   2   3    0.0011      0.18    6.3   0.0    38   139   260   363   251   369 0.82 # 209505 # 211424 # 1 # ID=2_168;partial=00;start_type=ATG;rbs_motif=AGGAG;rbs_spacer=3-4bp;gc_cont=0.236
LBMF01000002.1_168   -            640 1529at2085           -            392   6.1e-08   27.6   1.1   3   3     1e-06   0.00016   16.3   0.1   267   329   535   611   481   622 0.72 # 209505 # 211424 # 1 # ID=2_168;partial=00;start_type=ATG;rbs_motif=AGGAG;rbs_spacer=3-4bp;gc_cont=0.236
LBMF01000003.1_1     -            640 1529at2085           -            392   6.1e-08   27.6   1.1   1   3     0.076        12    0.3   0.1   319   344   220   245   211   250 0.89 # 164 # 2083 # 1 # ID=3_1;partial=00;start_type=ATG;rbs_motif=AGGAG;rbs_spacer=3-4bp;gc_cont=0.236
LBMF01000003.1_1     -            640 1529at2085           -            392   6.1e-08   27.6   1.1   2   3    0.0011      0.18    6.3   0.0    38   139   260   363   251   369 0.82 # 164 # 2083 # 1 # ID=3_1;partial=00;start_type=ATG;rbs_motif=AGGAG;rbs_spacer=3-4bp;gc_cont=0.236
LBMF01000003.1_1     -            640 1529at2085           -            392   6.1e-08   27.6   1.1   3   3     1e-06   0.00016   16.3   0.1   267   329   535   611   481   622 0.72 # 164 # 2083 # 1 # ID=3_1;partial=00;start_type=ATG;rbs_motif=AGGAG;rbs_spacer=3-4bp;gc_cont=0.236
#
# Program:         hmmsearch
# Version:         3.1b2 (February 2015)
# Pipeline mode:   SEARCH
# Query file:      /root/busco_downloads/lineages/mycoplasmatales_odb10/hmms/1529at2085.hmm
# Target file:     /disk3/default/V2/admin/core/data/myco/outBusco/Mcc_14DL0024/prodigal_output/predicted_genes/predicted.faa
# Option settings: hmmsearch --domtblout /disk3/default/V2/admin/core/data/myco/outBusco/Mcc_14DL0024/run_mycoplasmatales_odb10/hmmer_output/1529at2085.out --cpu 1 /root/busco_downloads/lineages/mycoplasmatales_odb10/hmms/1529at2085.hmm /disk3/default/V2/admin/core/data/myco/outBusco/Mcc_14DL0024/prodigal_output/predicted_genes/predicted.faa 
# Current dir:     /root
# Date:            Sun Jul 31 23:53:44 2022
# [ok]
