#                                                                            --- full sequence --- -------------- this domain -------------   hmm coord   ali coord   env coord
# target name        accession   tlen query name           accession   qlen   E-value  score  bias   #  of  c-Evalue  i-Evalue  score  bias  from    to  from    to  from    to  acc description of target
#------------------- ---------- ----- -------------------- ---------- ----- --------- ------ ----- --- --- --------- --------- ------ ----- ----- ----- ----- ----- ----- ----- ---- ---------------------
LBMF01000004.1_13    -            909 157at2085            -            637  9.1e-223  736.5  37.1   1   4   1.2e-89   1.8e-87  289.6   2.8     1   236    18   292    18   305 0.82 # 15832 # 18558 # 1 # ID=4_13;partial=00;start_type=ATG;rbs_motif=AGGA;rbs_spacer=5-10bp;gc_cont=0.248
LBMF01000004.1_13    -            909 157at2085            -            637  9.1e-223  736.5  37.1   2   4  7.9e-128  1.2e-125  415.7   5.7   225   539   307   678   290   691 0.87 # 15832 # 18558 # 1 # ID=4_13;partial=00;start_type=ATG;rbs_motif=AGGA;rbs_spacer=5-10bp;gc_cont=0.248
LBMF01000004.1_13    -            909 157at2085            -            637  9.1e-223  736.5  37.1   3   4   3.1e-16   4.9e-14   47.0   6.6   522   600   692   782   678   815 0.79 # 15832 # 18558 # 1 # ID=4_13;partial=00;start_type=ATG;rbs_motif=AGGA;rbs_spacer=5-10bp;gc_cont=0.248
LBMF01000004.1_13    -            909 157at2085            -            637  9.1e-223  736.5  37.1   4   4     0.037       5.7    0.5   0.6   602   637   854   889   808   889 0.67 # 15832 # 18558 # 1 # ID=4_13;partial=00;start_type=ATG;rbs_motif=AGGA;rbs_spacer=5-10bp;gc_cont=0.248
LBMF01000003.1_40    -            873 157at2085            -            637   3.5e-56  186.2  52.0   1   3   1.1e-55   1.7e-53  177.3  26.0    12   539    25   609    19   620 0.72 # 49468 # 52086 # -1 # ID=3_40;partial=00;start_type=ATG;rbs_motif=AGGAG;rbs_spacer=5-10bp;gc_cont=0.228
LBMF01000003.1_40    -            873 157at2085            -            637   3.5e-56  186.2  52.0   2   3   3.2e-07   4.9e-05   17.2   8.9   520   603   621   709   606   746 0.78 # 49468 # 52086 # -1 # ID=3_40;partial=00;start_type=ATG;rbs_motif=AGGAG;rbs_spacer=5-10bp;gc_cont=0.228
LBMF01000003.1_40    -            873 157at2085            -            637   3.5e-56  186.2  52.0   3   3       0.4        63   -3.0   5.2   479   578   721   826   717   860 0.64 # 49468 # 52086 # -1 # ID=3_40;partial=00;start_type=ATG;rbs_motif=AGGAG;rbs_spacer=5-10bp;gc_cont=0.228
LBMF01000007.1_27    -            805 157at2085            -            637     1e-38  128.5   9.8   1   4   9.2e-17   1.4e-14   48.7   0.9    10   162    17   173     9   178 0.84 # 30798 # 33212 # -1 # ID=7_27;partial=00;start_type=ATG;rbs_motif=AGGAG;rbs_spacer=5-10bp;gc_cont=0.265
LBMF01000007.1_27    -            805 157at2085            -            637     1e-38  128.5   9.8   2   4     0.002      0.31    4.6   0.0   218   264   311   357   255   373 0.82 # 30798 # 33212 # -1 # ID=7_27;partial=00;start_type=ATG;rbs_motif=AGGAG;rbs_spacer=5-10bp;gc_cont=0.265
LBMF01000007.1_27    -            805 157at2085            -            637     1e-38  128.5   9.8   3   4   3.3e-07   5.1e-05   17.2   0.0   332   363   410   441   386   449 0.75 # 30798 # 33212 # -1 # ID=7_27;partial=00;start_type=ATG;rbs_motif=AGGAG;rbs_spacer=5-10bp;gc_cont=0.265
LBMF01000007.1_27    -            805 157at2085            -            637     1e-38  128.5   9.8   4   4   2.3e-20   3.5e-18   60.6   0.6   438   610   560   741   495   762 0.75 # 30798 # 33212 # -1 # ID=7_27;partial=00;start_type=ATG;rbs_motif=AGGAG;rbs_spacer=5-10bp;gc_cont=0.265
LBMF01000001.1_73    -            510 157at2085            -            637   5.1e-25   83.2   7.2   1   2   1.5e-15   2.4e-13   44.7   0.2    32   155    12   136     2   146 0.79 # 95036 # 96565 # 1 # ID=1_73;partial=00;start_type=ATG;rbs_motif=GGA/GAG/AGG;rbs_spacer=5-10bp;gc_cont=0.231
LBMF01000001.1_73    -            510 157at2085            -            637   5.1e-25   83.2   7.2   2   2   2.4e-14   3.7e-12   40.7   2.3   444   571   287   414   279   462 0.80 # 95036 # 96565 # 1 # ID=1_73;partial=00;start_type=ATG;rbs_motif=GGA/GAG/AGG;rbs_spacer=5-10bp;gc_cont=0.231
LBMF01000002.1_63    -            442 157at2085            -            637   8.4e-08   26.4  18.1   1   2    0.0003     0.048    7.4   0.4    16    84    10    79     4   143 0.75 # 74474 # 75799 # 1 # ID=2_63;partial=00;start_type=ATG;rbs_motif=AGGAG;rbs_spacer=5-10bp;gc_cont=0.206
LBMF01000002.1_63    -            442 157at2085            -            637   8.4e-08   26.4  18.1   2   2     6e-09   9.4e-07   22.9  11.7   448   604   252   419   209   436 0.71 # 74474 # 75799 # 1 # ID=2_63;partial=00;start_type=ATG;rbs_motif=AGGAG;rbs_spacer=5-10bp;gc_cont=0.206
#
# Program:         hmmsearch
# Version:         3.1b2 (February 2015)
# Pipeline mode:   SEARCH
# Query file:      /root/busco_downloads/lineages/mycoplasmatales_odb10/hmms/157at2085.hmm
# Target file:     /disk3/default/V2/admin/core/data/myco/outBusco/Mcc_14DL0024/prodigal_output/predicted_genes/predicted.faa
# Option settings: hmmsearch --domtblout /disk3/default/V2/admin/core/data/myco/outBusco/Mcc_14DL0024/run_mycoplasmatales_odb10/hmmer_output/157at2085.out --cpu 1 /root/busco_downloads/lineages/mycoplasmatales_odb10/hmms/157at2085.hmm /disk3/default/V2/admin/core/data/myco/outBusco/Mcc_14DL0024/prodigal_output/predicted_genes/predicted.faa 
# Current dir:     /root
# Date:            Sun Jul 31 23:53:45 2022
# [ok]
