#                                                                            --- full sequence --- -------------- this domain -------------   hmm coord   ali coord   env coord
# target name        accession   tlen query name           accession   qlen   E-value  score  bias   #  of  c-Evalue  i-Evalue  score  bias  from    to  from    to  from    to  acc description of target
#------------------- ---------- ----- -------------------- ---------- ----- --------- ------ ----- --- --- --------- --------- ------ ----- ----- ----- ----- ----- ----- ----- ---- ---------------------
LBMF01000007.1_27    -            805 462at2085            -            610  2.4e-231  765.0  32.4   1   4  2.5e-128    4e-126  417.5   6.6     1   274     3   286     3   308 0.91 # 30798 # 33212 # -1 # ID=7_27;partial=00;start_type=ATG;rbs_motif=AGGAG;rbs_spacer=5-10bp;gc_cont=0.265
LBMF01000007.1_27    -            805 462at2085            -            610  2.4e-231  765.0  32.4   2   4    0.0046      0.72    3.7   0.0   264   295   314   351   300   368 0.77 # 30798 # 33212 # -1 # ID=7_27;partial=00;start_type=ATG;rbs_motif=AGGAG;rbs_spacer=5-10bp;gc_cont=0.265
LBMF01000007.1_27    -            805 462at2085            -            610  2.4e-231  765.0  32.4   3   4     6e-98   9.3e-96  317.1   0.5   266   520   364   640   353   654 0.85 # 30798 # 33212 # -1 # ID=7_27;partial=00;start_type=ATG;rbs_motif=AGGAG;rbs_spacer=5-10bp;gc_cont=0.265
LBMF01000007.1_27    -            805 462at2085            -            610  2.4e-231  765.0  32.4   4   4   6.5e-11     1e-08   29.7  11.9   507   609   659   803   644   804 0.72 # 30798 # 33212 # -1 # ID=7_27;partial=00;start_type=ATG;rbs_motif=AGGAG;rbs_spacer=5-10bp;gc_cont=0.265
LBMF01000004.1_13    -            909 462at2085            -            610   5.3e-41  136.3  18.1   1   2   1.5e-26   2.3e-24   81.4   1.9     4   169    27   204    24   291 0.90 # 15832 # 18558 # 1 # ID=4_13;partial=00;start_type=ATG;rbs_motif=AGGA;rbs_spacer=5-10bp;gc_cont=0.248
LBMF01000004.1_13    -            909 462at2085            -            610   5.3e-41  136.3  18.1   2   2   2.5e-21   3.8e-19   64.1   2.8   308   509   450   643   372   662 0.74 # 15832 # 18558 # 1 # ID=4_13;partial=00;start_type=ATG;rbs_motif=AGGA;rbs_spacer=5-10bp;gc_cont=0.248
LBMF01000003.1_40    -            873 462at2085            -            610   1.6e-37  124.9  41.5   1   4   3.2e-21     5e-19   63.7   8.5     1   174     9   200     9   214 0.81 # 49468 # 52086 # -1 # ID=3_40;partial=00;start_type=ATG;rbs_motif=AGGAG;rbs_spacer=5-10bp;gc_cont=0.228
LBMF01000003.1_40    -            873 462at2085            -            610   1.6e-37  124.9  41.5   2   4      0.13        20   -1.0   0.1   226   278   210   265   197   292 0.73 # 49468 # 52086 # -1 # ID=3_40;partial=00;start_type=ATG;rbs_motif=AGGAG;rbs_spacer=5-10bp;gc_cont=0.228
LBMF01000003.1_40    -            873 462at2085            -            610   1.6e-37  124.9  41.5   3   4   9.1e-24   1.4e-21   72.1   7.0   273   517   362   580   312   588 0.82 # 49468 # 52086 # -1 # ID=3_40;partial=00;start_type=ATG;rbs_motif=AGGAG;rbs_spacer=5-10bp;gc_cont=0.228
LBMF01000003.1_40    -            873 462at2085            -            610   1.6e-37  124.9  41.5   4   4    0.0019      0.29    5.1   3.1   514   572   657   716   631   754 0.72 # 49468 # 52086 # -1 # ID=3_40;partial=00;start_type=ATG;rbs_motif=AGGAG;rbs_spacer=5-10bp;gc_cont=0.228
LBMF01000001.1_73    -            510 462at2085            -            610   2.3e-35  117.7  13.6   1   3   5.7e-28   8.8e-26   86.0   2.6    25   199     2   176     1   203 0.90 # 95036 # 96565 # 1 # ID=1_73;partial=00;start_type=ATG;rbs_motif=GGA/GAG/AGG;rbs_spacer=5-10bp;gc_cont=0.231
LBMF01000001.1_73    -            510 462at2085            -            610   2.3e-35  117.7  13.6   2   3   4.1e-13   6.4e-11   37.0   0.0   428   500   273   340   229   355 0.76 # 95036 # 96565 # 1 # ID=1_73;partial=00;start_type=ATG;rbs_motif=GGA/GAG/AGG;rbs_spacer=5-10bp;gc_cont=0.231
LBMF01000001.1_73    -            510 462at2085            -            610   2.3e-35  117.7  13.6   3   3     0.057       8.8    0.2   1.0   495   543   382   430   349   455 0.70 # 95036 # 96565 # 1 # ID=1_73;partial=00;start_type=ATG;rbs_motif=GGA/GAG/AGG;rbs_spacer=5-10bp;gc_cont=0.231
LBMF01000002.1_63    -            442 462at2085            -            610   3.4e-07   24.6   2.2   1   3     0.047       7.3    0.4   0.0    41    65    31    55     9    59 0.86 # 74474 # 75799 # 1 # ID=2_63;partial=00;start_type=ATG;rbs_motif=AGGAG;rbs_spacer=5-10bp;gc_cont=0.206
LBMF01000002.1_63    -            442 462at2085            -            610   3.4e-07   24.6   2.2   2   3      0.35        55   -2.5   0.1   186   212    83   112    58   138 0.61 # 74474 # 75799 # 1 # ID=2_63;partial=00;start_type=ATG;rbs_motif=AGGAG;rbs_spacer=5-10bp;gc_cont=0.206
LBMF01000002.1_63    -            442 462at2085            -            610   3.4e-07   24.6   2.2   3   3   2.2e-09   3.4e-07   24.6   2.2   453   522   256   323   217   378 0.81 # 74474 # 75799 # 1 # ID=2_63;partial=00;start_type=ATG;rbs_motif=AGGAG;rbs_spacer=5-10bp;gc_cont=0.206
#
# Program:         hmmsearch
# Version:         3.1b2 (February 2015)
# Pipeline mode:   SEARCH
# Query file:      /root/busco_downloads/lineages/mycoplasmatales_odb10/hmms/462at2085.hmm
# Target file:     /disk3/default/V2/admin/core/data/myco/outBusco/Mcc_14DL0024/prodigal_output/predicted_genes/predicted.faa
# Option settings: hmmsearch --domtblout /disk3/default/V2/admin/core/data/myco/outBusco/Mcc_14DL0024/run_mycoplasmatales_odb10/hmmer_output/462at2085.out --cpu 1 /root/busco_downloads/lineages/mycoplasmatales_odb10/hmms/462at2085.hmm /disk3/default/V2/admin/core/data/myco/outBusco/Mcc_14DL0024/prodigal_output/predicted_genes/predicted.faa 
# Current dir:     /root
# Date:            Sun Jul 31 23:53:49 2022
# [ok]
