#                                                                            --- full sequence --- -------------- this domain -------------   hmm coord   ali coord   env coord
# target name        accession   tlen query name           accession   qlen   E-value  score  bias   #  of  c-Evalue  i-Evalue  score  bias  from    to  from    to  from    to  acc description of target
#------------------- ---------- ----- -------------------- ---------- ----- --------- ------ ----- --- --- --------- --------- ------ ----- ----- ----- ----- ----- ----- ----- ---- ---------------------
LBMF01000002.1_107   -            396 705at2085            -            342  5.2e-179  590.0   4.4   1   1  3.9e-181  6.1e-179  589.8   4.4     1   342     1   388     1   388 0.93 # 129426 # 130613 # 1 # ID=2_107;partial=00;start_type=ATG;rbs_motif=AGGAG;rbs_spacer=5-10bp;gc_cont=0.358
LBMF01000003.1_59    -            601 705at2085            -            342   4.5e-22   74.0   1.4   1   1   3.9e-24   6.1e-22   73.6   1.4    14   223     8   232     1   279 0.77 # 76217 # 78019 # 1 # ID=3_59;partial=00;start_type=ATG;rbs_motif=GGA/GAG/AGG;rbs_spacer=5-10bp;gc_cont=0.268
LBMF01000003.1_70    -            621 705at2085            -            342   5.4e-21   70.4   2.5   1   1   6.7e-23     1e-20   69.5   2.5    15   258   124   371   112   404 0.72 # 89132 # 90994 # -1 # ID=3_70;partial=00;start_type=ATG;rbs_motif=GGAG/GAGG;rbs_spacer=5-10bp;gc_cont=0.277
LBMF01000002.1_156   -            610 705at2085            -            342   2.5e-18   61.7   0.7   1   1   3.1e-20   4.9e-18   60.7   0.7    10   140     4   146     1   265 0.77 # 195749 # 197578 # -1 # ID=2_156;partial=00;start_type=ATG;rbs_motif=GGAG/GAGG;rbs_spacer=5-10bp;gc_cont=0.269
LBMF01000002.1_106   -            690 705at2085            -            342   2.4e-14   48.6   0.7   1   3   7.8e-16   1.2e-13   46.3   0.4    13   134    11   142     4   183 0.77 # 127225 # 129294 # 1 # ID=2_106;partial=00;start_type=ATG;rbs_motif=AGGA;rbs_spacer=5-10bp;gc_cont=0.318
LBMF01000002.1_106   -            690 705at2085            -            342   2.4e-14   48.6   0.7   2   3      0.25        40   -1.5   0.0    29    64   173   208   167   226 0.76 # 127225 # 129294 # 1 # ID=2_106;partial=00;start_type=ATG;rbs_motif=AGGA;rbs_spacer=5-10bp;gc_cont=0.318
LBMF01000002.1_106   -            690 705at2085            -            342   2.4e-14   48.6   0.7   3   3      0.31        48   -1.7   0.0   149   175   250   275   225   283 0.78 # 127225 # 129294 # 1 # ID=2_106;partial=00;start_type=ATG;rbs_motif=AGGA;rbs_spacer=5-10bp;gc_cont=0.318
#
# Program:         hmmsearch
# Version:         3.1b2 (February 2015)
# Pipeline mode:   SEARCH
# Query file:      /root/busco_downloads/lineages/mycoplasmatales_odb10/hmms/705at2085.hmm
# Target file:     /disk3/default/V2/admin/core/data/myco/outBusco/Mcc_14DL0024/prodigal_output/predicted_genes/predicted.faa
# Option settings: hmmsearch --domtblout /disk3/default/V2/admin/core/data/myco/outBusco/Mcc_14DL0024/run_mycoplasmatales_odb10/hmmer_output/705at2085.out --cpu 1 /root/busco_downloads/lineages/mycoplasmatales_odb10/hmms/705at2085.hmm /disk3/default/V2/admin/core/data/myco/outBusco/Mcc_14DL0024/prodigal_output/predicted_genes/predicted.faa 
# Current dir:     /root
# Date:            Sun Jul 31 23:53:51 2022
# [ok]
