#                                                                            --- full sequence --- -------------- this domain -------------   hmm coord   ali coord   env coord
# target name        accession   tlen query name           accession   qlen   E-value  score  bias   #  of  c-Evalue  i-Evalue  score  bias  from    to  from    to  from    to  acc description of target
#------------------- ---------- ----- -------------------- ---------- ----- --------- ------ ----- --- --- --------- --------- ------ ----- ----- ----- ----- ----- ----- ----- ---- ---------------------
LBMF01000001.1_73    -            510 913at2085            -            397  4.3e-142  469.4  24.0   1   2    2e-130  3.2e-128  423.7  13.8     2   318     3   373     2   389 0.88 # 95036 # 96565 # 1 # ID=1_73;partial=00;start_type=ATG;rbs_motif=GGA/GAG/AGG;rbs_spacer=5-10bp;gc_cont=0.231
LBMF01000001.1_73    -            510 913at2085            -            397  4.3e-142  469.4  24.0   2   2   5.3e-16   8.2e-14   47.0   2.7   310   386   396   479   381   493 0.83 # 95036 # 96565 # 1 # ID=1_73;partial=00;start_type=ATG;rbs_motif=GGA/GAG/AGG;rbs_spacer=5-10bp;gc_cont=0.231
LBMF01000007.1_27    -            805 913at2085            -            397   4.9e-18   60.9   1.9   1   2   3.2e-14     5e-12   41.1   0.1     2   160    30   199    29   224 0.77 # 30798 # 33212 # -1 # ID=7_27;partial=00;start_type=ATG;rbs_motif=AGGAG;rbs_spacer=5-10bp;gc_cont=0.265
LBMF01000007.1_27    -            805 913at2085            -            397   4.9e-18   60.9   1.9   2   2   2.1e-07   3.2e-05   18.7   0.2   226   360   548   686   530   721 0.67 # 30798 # 33212 # -1 # ID=7_27;partial=00;start_type=ATG;rbs_motif=AGGAG;rbs_spacer=5-10bp;gc_cont=0.265
LBMF01000004.1_13    -            909 913at2085            -            397   2.4e-16   55.3  14.6   1   4   2.4e-13   3.7e-11   38.2   0.2    12   129    60   197    49   208 0.71 # 15832 # 18558 # 1 # ID=4_13;partial=00;start_type=ATG;rbs_motif=AGGA;rbs_spacer=5-10bp;gc_cont=0.248
LBMF01000004.1_13    -            909 913at2085            -            397   2.4e-16   55.3  14.6   2   4     0.017       2.6    2.5   0.2   267   320   242   293   235   312 0.78 # 15832 # 18558 # 1 # ID=4_13;partial=00;start_type=ATG;rbs_motif=AGGA;rbs_spacer=5-10bp;gc_cont=0.248
LBMF01000004.1_13    -            909 913at2085            -            397   2.4e-16   55.3  14.6   3   4   2.3e-06   0.00036   15.2   0.0   239   290   580   636   573   667 0.74 # 15832 # 18558 # 1 # ID=4_13;partial=00;start_type=ATG;rbs_motif=AGGA;rbs_spacer=5-10bp;gc_cont=0.248
LBMF01000004.1_13    -            909 913at2085            -            397   2.4e-16   55.3  14.6   4   4     0.034       5.4    1.5   4.3   338   383   726   771   635   783 0.59 # 15832 # 18558 # 1 # ID=4_13;partial=00;start_type=ATG;rbs_motif=AGGA;rbs_spacer=5-10bp;gc_cont=0.248
LBMF01000003.1_40    -            873 913at2085            -            397   6.6e-13   44.0  13.1   1   6   5.4e-12   8.4e-10   33.8   8.7    13   148    48   205    36   227 0.70 # 49468 # 52086 # -1 # ID=3_40;partial=00;start_type=ATG;rbs_motif=AGGAG;rbs_spacer=5-10bp;gc_cont=0.228
LBMF01000003.1_40    -            873 913at2085            -            397   6.6e-13   44.0  13.1   2   6      0.12        19   -0.4   0.2   107   164   320   381   284   405 0.58 # 49468 # 52086 # -1 # ID=3_40;partial=00;start_type=ATG;rbs_motif=AGGAG;rbs_spacer=5-10bp;gc_cont=0.228
LBMF01000003.1_40    -            873 913at2085            -            397   6.6e-13   44.0  13.1   3   6     3e-08   4.7e-06   21.4   0.1   238   303   507   579   469   584 0.73 # 49468 # 52086 # -1 # ID=3_40;partial=00;start_type=ATG;rbs_motif=AGGAG;rbs_spacer=5-10bp;gc_cont=0.228
LBMF01000003.1_40    -            873 913at2085            -            397   6.6e-13   44.0  13.1   4   6     0.066        10    0.5   3.7   254   381   561   696   554   711 0.66 # 49468 # 52086 # -1 # ID=3_40;partial=00;start_type=ATG;rbs_motif=AGGAG;rbs_spacer=5-10bp;gc_cont=0.228
LBMF01000003.1_40    -            873 913at2085            -            397   6.6e-13   44.0  13.1   5   6      0.22        35   -1.2   3.4   302   341   716   755   695   777 0.76 # 49468 # 52086 # -1 # ID=3_40;partial=00;start_type=ATG;rbs_motif=AGGAG;rbs_spacer=5-10bp;gc_cont=0.228
LBMF01000003.1_40    -            873 913at2085            -            397   6.6e-13   44.0  13.1   6   6      0.41        64   -2.1   1.0   273   332   791   851   754   870 0.50 # 49468 # 52086 # -1 # ID=3_40;partial=00;start_type=ATG;rbs_motif=AGGAG;rbs_spacer=5-10bp;gc_cont=0.228
LBMF01000002.1_63    -            442 913at2085            -            397   2.6e-07   25.5  20.5   1   3   3.2e-06   0.00049   14.8   0.2    16    80    31    99    18   181 0.76 # 74474 # 75799 # 1 # ID=2_63;partial=00;start_type=ATG;rbs_motif=AGGAG;rbs_spacer=5-10bp;gc_cont=0.206
LBMF01000002.1_63    -            442 913at2085            -            397   2.6e-07   25.5  20.5   2   3   3.8e-06    0.0006   14.5  13.5   242   352   251   363   235   406 0.63 # 74474 # 75799 # 1 # ID=2_63;partial=00;start_type=ATG;rbs_motif=AGGAG;rbs_spacer=5-10bp;gc_cont=0.206
LBMF01000002.1_63    -            442 913at2085            -            397   2.6e-07   25.5  20.5   3   3      0.37        58   -1.9   0.0   270   298   405   436   398   438 0.67 # 74474 # 75799 # 1 # ID=2_63;partial=00;start_type=ATG;rbs_motif=AGGAG;rbs_spacer=5-10bp;gc_cont=0.206
#
# Program:         hmmsearch
# Version:         3.1b2 (February 2015)
# Pipeline mode:   SEARCH
# Query file:      /root/busco_downloads/lineages/mycoplasmatales_odb10/hmms/913at2085.hmm
# Target file:     /disk3/default/V2/admin/core/data/myco/outBusco/Mcc_14DL0024/prodigal_output/predicted_genes/predicted.faa
# Option settings: hmmsearch --domtblout /disk3/default/V2/admin/core/data/myco/outBusco/Mcc_14DL0024/run_mycoplasmatales_odb10/hmmer_output/913at2085.out --cpu 1 /root/busco_downloads/lineages/mycoplasmatales_odb10/hmms/913at2085.hmm /disk3/default/V2/admin/core/data/myco/outBusco/Mcc_14DL0024/prodigal_output/predicted_genes/predicted.faa 
# Current dir:     /root
# Date:            Sun Jul 31 23:53:52 2022
# [ok]
