A	C	G	T	N	IUPAC	Other	GC	GC_stdev
0.3821	0.1177	0.1191	0.3811	0.0005	0.0000	0.0000	0.2368	0.0000

Main genome scaffold total:         	1
Main genome contig total:           	6
Main genome scaffold sequence total:	1017232
Main genome contig sequence total:  	1016732  	0.049% gap
Main genome scaffold N/L50:         	1/1017232
Main genome contig N/L50:           	3/186659
Main genome scaffold N/L90:         	1/1017232
Main genome contig N/L90:           	5/150197
Max scaffold length:                	1017232
Max contig length:                  	271954
Number of scaffolds > 50 KB:        	1
% main genome in scaffolds > 50 KB: 	100.00%


Minimum 	Number        	Number        	Total         	Total         	Scaffold
Scaffold	of            	of            	Scaffold      	Contig        	Contig  
Length  	Scaffolds     	Contigs       	Length        	Length        	Coverage
--------	--------------	--------------	--------------	--------------	--------
    All 	             1	             6	       1017232	       1016732	  99.95%
  25000 	             1	             6	       1017232	       1016732	  99.95%
  50000 	             1	             6	       1017232	       1016732	  99.95%
 100000 	             1	             6	       1017232	       1016732	  99.95%
 250000 	             1	             6	       1017232	       1016732	  99.95%
 500000 	             1	             6	       1017232	       1016732	  99.95%
1000000 	             1	             6	       1017232	       1016732	  99.95%

