-------------------------------------
PRODIGAL v2.6.2 [February, 2015]         
Univ of Tenn / Oak Ridge National Lab
Doug Hyatt, Loren Hauser, et al.     
-------------------------------------
Request:  Single Genome, Phase:  Training
Reading in the sequence(s) to train...1032814 bp seq created, 23.56 pct GC
Locating all potential starts and stops...19871 nodes
Looking for GC bias in different frames...frame bias scores: 2.38 0.46 0.16
Building initial set of genes to train from...done!
Creating coding model and scoring nodes...done!
Examining upstream regions and training starts...done!
-------------------------------------
Request:  Single Genome, Phase:  Gene Finding
Finding genes in sequence #1 (2810 bp)...done!
Finding genes in sequence #2 (4961 bp)...done!
Finding genes in sequence #3 (94836 bp)...done!
Finding genes in sequence #4 (263174 bp)...done!
Finding genes in sequence #5 (3801 bp)...done!
Finding genes in sequence #6 (17749 bp)...done!
Finding genes in sequence #7 (11988 bp)...done!
Finding genes in sequence #8 (6278 bp)...done!
Finding genes in sequence #9 (7220 bp)...done!
Finding genes in sequence #10 (6407 bp)...done!
Finding genes in sequence #11 (38545 bp)...done!
Finding genes in sequence #12 (4229 bp)...done!
Finding genes in sequence #13 (8882 bp)...done!
Finding genes in sequence #14 (3230 bp)...done!
Finding genes in sequence #15 (10071 bp)...done!
Finding genes in sequence #16 (94702 bp)...done!
Finding genes in sequence #17 (100503 bp)...done!
Finding genes in sequence #18 (2575 bp)...done!
Finding genes in sequence #19 (8224 bp)...done!
Finding genes in sequence #20 (1875 bp)...done!
Finding genes in sequence #21 (1088 bp)...done!
Finding genes in sequence #22 (2897 bp)...done!
Finding genes in sequence #23 (1213 bp)...done!
Finding genes in sequence #24 (47884 bp)...done!
Finding genes in sequence #25 (26545 bp)...done!
Finding genes in sequence #26 (71942 bp)...done!
Finding genes in sequence #27 (47683 bp)...done!
Finding genes in sequence #28 (1502 bp)...done!
Finding genes in sequence #29 (2868 bp)...done!
Finding genes in sequence #30 (3711 bp)...done!
Finding genes in sequence #31 (9714 bp)...done!
Finding genes in sequence #32 (9371 bp)...done!
Finding genes in sequence #33 (28887 bp)...done!
Finding genes in sequence #34 (10974 bp)...done!
Finding genes in sequence #35 (43097 bp)...done!
Finding genes in sequence #36 (18206 bp)...done!
Finding genes in sequence #37 (791 bp)...done!
Finding genes in sequence #38 (1071 bp)...done!
Finding genes in sequence #39 (1860 bp)...done!
Finding genes in sequence #40 (554 bp)...done!
Finding genes in sequence #41 (921 bp)...done!
Finding genes in sequence #42 (1246 bp)...done!
Finding genes in sequence #43 (591 bp)...done!
Finding genes in sequence #44 (1137 bp)...done!
Finding genes in sequence #45 (1055 bp)...done!
Finding genes in sequence #46 (659 bp)...done!
Finding genes in sequence #47 (664 bp)...done!
Finding genes in sequence #48 (1259 bp)...done!
Finding genes in sequence #49 (776 bp)...done!
