#                                                                            --- full sequence --- -------------- this domain -------------   hmm coord   ali coord   env coord
# target name        accession   tlen query name           accession   qlen   E-value  score  bias   #  of  c-Evalue  i-Evalue  score  bias  from    to  from    to  from    to  acc description of target
#------------------- ---------- ----- -------------------- ---------- ----- --------- ------ ----- --- --- --------- --------- ------ ----- ----- ----- ----- ----- ----- ----- ---- ---------------------
CP000123.1_204       -            352 1064at2085           -            350  6.5e-118  389.3  17.9   1   2     4e-49   1.6e-47  157.8   0.4     1   107     5   111     5   115 0.98 # 247015 # 248070 # -1 # ID=1_204;partial=00;start_type=ATG;rbs_motif=AGGAG;rbs_spacer=3-4bp;gc_cont=0.268
CP000123.1_204       -            352 1064at2085           -            350  6.5e-118  389.3  17.9   2   2   4.7e-71   1.9e-69  229.9  12.3   152   349   109   349   108   350 0.79 # 247015 # 248070 # -1 # ID=1_204;partial=00;start_type=ATG;rbs_motif=AGGAG;rbs_spacer=3-4bp;gc_cont=0.268
CP000123.1_191       -            362 1064at2085           -            350   2.2e-77  256.0   2.8   1   2   4.1e-37   1.6e-35  118.3   0.2     2   108     3   111     2   115 0.95 # 228765 # 229850 # 1 # ID=1_191;partial=00;start_type=ATG;rbs_motif=AGGAG/GGAGG;rbs_spacer=11-12bp;gc_cont=0.260
CP000123.1_191       -            362 1064at2085           -            350   2.2e-77  256.0   2.8   2   2   7.3e-44   2.9e-42  140.5   0.6   152   310   108   269   105   304 0.88 # 228765 # 229850 # 1 # ID=1_191;partial=00;start_type=ATG;rbs_motif=AGGAG/GGAGG;rbs_spacer=11-12bp;gc_cont=0.260
CP000123.1_451       -            404 1064at2085           -            350     1e-50  168.3  20.8   1   1   1.7e-51   6.8e-50  165.6  20.8     2   283    10   315     9   396 0.73 # 539962 # 541173 # -1 # ID=1_451;partial=00;start_type=ATG;rbs_motif=None;rbs_spacer=None;gc_cont=0.196
CP000123.1_19        -            346 1064at2085           -            350   1.6e-42  141.4  11.3   1   3       3.3   1.3e+02   -3.1   0.4    81   111    57    87    18   103 0.52 # 26497 # 27534 # 1 # ID=1_19;partial=00;start_type=ATG;rbs_motif=GGAG/GAGG;rbs_spacer=5-10bp;gc_cont=0.274
CP000123.1_19        -            346 1064at2085           -            350   1.6e-42  141.4  11.3   2   3     6e-23   2.4e-21   71.7   1.0     1   102   112   223   112   229 0.82 # 26497 # 27534 # 1 # ID=1_19;partial=00;start_type=ATG;rbs_motif=GGAG/GAGG;rbs_spacer=5-10bp;gc_cont=0.274
CP000123.1_19        -            346 1064at2085           -            350   1.6e-42  141.4  11.3   3   3   6.5e-25   2.6e-23   78.2   0.2   152   262   223   332   219   341 0.92 # 26497 # 27534 # 1 # ID=1_19;partial=00;start_type=ATG;rbs_motif=GGAG/GAGG;rbs_spacer=5-10bp;gc_cont=0.274
CP000123.1_36        -            536 1064at2085           -            350   1.4e-37  125.1  22.9   1   4   6.6e-15   2.6e-13   45.3   1.9     2   102    11   116    10   120 0.88 # 43614 # 45221 # 1 # ID=1_36;partial=00;start_type=ATG;rbs_motif=AGGAG;rbs_spacer=5-10bp;gc_cont=0.281
CP000123.1_36        -            536 1064at2085           -            350   1.4e-37  125.1  22.9   2   4   4.2e-12   1.7e-10   36.0   4.3   150   256   121   226   113   260 0.91 # 43614 # 45221 # 1 # ID=1_36;partial=00;start_type=ATG;rbs_motif=AGGAG;rbs_spacer=5-10bp;gc_cont=0.281
CP000123.1_36        -            536 1064at2085           -            350   1.4e-37  125.1  22.9   3   4   1.3e-07   5.1e-06   21.3   0.1     7    73   274   341   266   354 0.87 # 43614 # 45221 # 1 # ID=1_36;partial=00;start_type=ATG;rbs_motif=AGGAG;rbs_spacer=5-10bp;gc_cont=0.281
CP000123.1_36        -            536 1064at2085           -            350   1.4e-37  125.1  22.9   4   4   1.5e-11   6.1e-10   34.2   0.2   150   257   384   492   355   499 0.86 # 43614 # 45221 # 1 # ID=1_36;partial=00;start_type=ATG;rbs_motif=AGGAG;rbs_spacer=5-10bp;gc_cont=0.281
CP000123.1_164       -            626 1064at2085           -            350   2.6e-36  121.0  17.7   1   3   3.1e-08   1.3e-06   23.3   6.4    13   187    25   206     9   248 0.60 # 199848 # 201725 # 1 # ID=1_164;partial=00;start_type=ATG;rbs_motif=GGA/GAG/AGG;rbs_spacer=11-12bp;gc_cont=0.254
CP000123.1_164       -            626 1064at2085           -            350   2.6e-36  121.0  17.7   2   3      0.85        34   -1.1   0.3    99   167   265   334   259   344 0.68 # 199848 # 201725 # 1 # ID=1_164;partial=00;start_type=ATG;rbs_motif=GGA/GAG/AGG;rbs_spacer=11-12bp;gc_cont=0.254
CP000123.1_164       -            626 1064at2085           -            350   2.6e-36  121.0  17.7   3   3   7.5e-32     3e-30  101.0   0.3   120   270   390   545   336   551 0.76 # 199848 # 201725 # 1 # ID=1_164;partial=00;start_type=ATG;rbs_motif=GGA/GAG/AGG;rbs_spacer=11-12bp;gc_cont=0.254
CP000123.1_118       -            443 1064at2085           -            350   3.8e-36  120.4   6.3   1   2   8.8e-10   3.5e-08   28.4   0.7    13    65    52   104    36   162 0.87 # 145029 # 146357 # 1 # ID=1_118;partial=00;start_type=ATG;rbs_motif=GGA/GAG/AGG;rbs_spacer=5-10bp;gc_cont=0.251
CP000123.1_118       -            443 1064at2085           -            350   3.8e-36  120.4   6.3   2   2   5.4e-30   2.2e-28   94.9   0.5   109   268   208   370   192   376 0.87 # 145029 # 146357 # 1 # ID=1_118;partial=00;start_type=ATG;rbs_motif=GGA/GAG/AGG;rbs_spacer=5-10bp;gc_cont=0.251
CP000123.1_658       -            409 1064at2085           -            350   5.6e-35  116.5   6.1   1   3       1.3        52   -1.8   2.4   277   301    44    68     7   121 0.51 # 797821 # 799047 # -1 # ID=1_658;partial=00;start_type=ATG;rbs_motif=None;rbs_spacer=None;gc_cont=0.249
CP000123.1_658       -            409 1064at2085           -            350   5.6e-35  116.5   6.1   2   3   4.5e-18   1.8e-16   55.7   0.5     2   107   140   250   139   254 0.85 # 797821 # 799047 # -1 # ID=1_658;partial=00;start_type=ATG;rbs_motif=None;rbs_spacer=None;gc_cont=0.249
CP000123.1_658       -            409 1064at2085           -            350   5.6e-35  116.5   6.1   3   3   6.7e-23   2.7e-21   71.6   0.8   153   268   249   363   244   368 0.93 # 797821 # 799047 # -1 # ID=1_658;partial=00;start_type=ATG;rbs_motif=None;rbs_spacer=None;gc_cont=0.249
CP000123.1_480       -            270 1064at2085           -            350   1.2e-34  115.4   3.4   1   2   3.9e-16   1.5e-14   49.3   1.0     2   108    21   137    20   161 0.77 # 575385 # 576194 # -1 # ID=1_480;partial=00;start_type=ATG;rbs_motif=GGA/GAG/AGG;rbs_spacer=5-10bp;gc_cont=0.264
CP000123.1_480       -            270 1064at2085           -            350   1.2e-34  115.4   3.4   2   2   1.9e-21   7.6e-20   66.8   0.1   178   271   165   256   153   265 0.93 # 575385 # 576194 # -1 # ID=1_480;partial=00;start_type=ATG;rbs_motif=GGA/GAG/AGG;rbs_spacer=5-10bp;gc_cont=0.264
CP000123.1_657       -            303 1064at2085           -            350     3e-33  110.9   3.5   1   2   4.4e-11   1.8e-09   32.7   1.3    13    97    36   128    20   134 0.79 # 796925 # 797833 # -1 # ID=1_657;partial=00;start_type=ATG;rbs_motif=3Base/5BMM;rbs_spacer=13-15bp;gc_cont=0.261
CP000123.1_657       -            303 1064at2085           -            350     3e-33  110.9   3.5   2   2     6e-25   2.4e-23   78.3   0.0   151   268   135   253   130   258 0.96 # 796925 # 797833 # -1 # ID=1_657;partial=00;start_type=ATG;rbs_motif=3Base/5BMM;rbs_spacer=13-15bp;gc_cont=0.261
CP000123.1_163       -            567 1064at2085           -            350   3.4e-32  107.4  20.8   1   3   8.8e-09   3.5e-07   25.1   9.8     3   173     7   184     5   196 0.82 # 198146 # 199846 # 1 # ID=1_163;partial=00;start_type=ATG;rbs_motif=AGGA;rbs_spacer=5-10bp;gc_cont=0.255
CP000123.1_163       -            567 1064at2085           -            350   3.4e-32  107.4  20.8   2   3       1.2        48   -1.6   2.3   107   182   227   310   189   320 0.52 # 198146 # 199846 # 1 # ID=1_163;partial=00;start_type=ATG;rbs_motif=AGGA;rbs_spacer=5-10bp;gc_cont=0.255
CP000123.1_163       -            567 1064at2085           -            350   3.4e-32  107.4  20.8   3   3   4.8e-28   1.9e-26   88.5   0.0   147   267   340   463   326   474 0.90 # 198146 # 199846 # 1 # ID=1_163;partial=00;start_type=ATG;rbs_motif=AGGA;rbs_spacer=5-10bp;gc_cont=0.255
CP000123.1_121       -            513 1064at2085           -            350   1.1e-31  105.8   7.8   1   4   4.6e-13   1.8e-11   39.2   0.0     1    62     3    64     3    81 0.91 # 147705 # 149243 # 1 # ID=1_121;partial=00;start_type=ATG;rbs_motif=AGGAGG;rbs_spacer=3-4bp;gc_cont=0.259
CP000123.1_121       -            513 1064at2085           -            350   1.1e-31  105.8   7.8   2   4   3.4e-13   1.4e-11   39.6   0.4   119   261    99   238    78   249 0.81 # 147705 # 149243 # 1 # ID=1_121;partial=00;start_type=ATG;rbs_motif=AGGAGG;rbs_spacer=3-4bp;gc_cont=0.259
CP000123.1_121       -            513 1064at2085           -            350   1.1e-31  105.8   7.8   3   4     0.043       1.7    3.1   0.1    20    58   340   378   326   388 0.83 # 147705 # 149243 # 1 # ID=1_121;partial=00;start_type=ATG;rbs_motif=AGGAGG;rbs_spacer=3-4bp;gc_cont=0.259
CP000123.1_121       -            513 1064at2085           -            350   1.1e-31  105.8   7.8   4   4     6e-09   2.4e-07   25.7   0.0   152   249   410   504   383   509 0.73 # 147705 # 149243 # 1 # ID=1_121;partial=00;start_type=ATG;rbs_motif=AGGAGG;rbs_spacer=3-4bp;gc_cont=0.259
CP000123.1_800       -            251 1064at2085           -            350   1.9e-31  105.0   7.6   1   2   4.8e-14   1.9e-12   42.4   2.8     2    67     2    68     1   108 0.82 # 954106 # 954858 # 1 # ID=1_800;partial=00;start_type=ATG;rbs_motif=None;rbs_spacer=None;gc_cont=0.266
CP000123.1_800       -            251 1064at2085           -            350   1.9e-31  105.0   7.6   2   2   6.9e-21   2.8e-19   64.9   0.9   162   266   135   239    70   247 0.86 # 954106 # 954858 # 1 # ID=1_800;partial=00;start_type=ATG;rbs_motif=None;rbs_spacer=None;gc_cont=0.266
CP000123.1_117       -            481 1064at2085           -            350   1.2e-29   99.0   1.6   1   2     1e-09   4.2e-08   28.2   0.1    12   118   106   228    95   238 0.73 # 143586 # 145028 # 1 # ID=1_117;partial=00;start_type=ATG;rbs_motif=GGA/GAG/AGG;rbs_spacer=5-10bp;gc_cont=0.264
CP000123.1_117       -            481 1064at2085           -            350   1.2e-29   99.0   1.6   2   2   2.2e-22   8.7e-21   69.9   0.3   172   271   238   337   226   343 0.94 # 143586 # 145028 # 1 # ID=1_117;partial=00;start_type=ATG;rbs_motif=GGA/GAG/AGG;rbs_spacer=5-10bp;gc_cont=0.264
CP000123.1_770       -            235 1064at2085           -            350   8.1e-29   96.3   5.8   1   2   2.4e-13   9.7e-12   40.1   1.3     1    70     4    74     4    99 0.88 # 919631 # 920335 # -1 # ID=1_770;partial=00;start_type=ATG;rbs_motif=AGGA/GGAG/GAGG;rbs_spacer=11-12bp;gc_cont=0.221
CP000123.1_770       -            235 1064at2085           -            350   8.1e-29   96.3   5.8   2   2   4.6e-19   1.8e-17   58.9   0.2   149   259   105   215    92   231 0.94 # 919631 # 920335 # -1 # ID=1_770;partial=00;start_type=ATG;rbs_motif=AGGA/GGAG/GAGG;rbs_spacer=11-12bp;gc_cont=0.221
CP000123.1_646       -            296 1064at2085           -            350   3.7e-28   94.1   2.4   1   2   3.4e-13   1.4e-11   39.6   0.1     1    65     5    69     5    81 0.94 # 780339 # 781226 # 1 # ID=1_646;partial=00;start_type=ATG;rbs_motif=AGGA;rbs_spacer=5-10bp;gc_cont=0.225
CP000123.1_646       -            296 1064at2085           -            350   3.7e-28   94.1   2.4   2   2   9.2e-18   3.7e-16   54.7   0.3   149   288   104   240    86   248 0.81 # 780339 # 781226 # 1 # ID=1_646;partial=00;start_type=ATG;rbs_motif=AGGA;rbs_spacer=5-10bp;gc_cont=0.225
CP000123.1_716       -            250 1064at2085           -            350   2.6e-26   88.0  13.1   1   2   5.8e-17   2.3e-15   52.0   2.2     1    74     4    79     4   113 0.85 # 850877 # 851626 # -1 # ID=1_716;partial=00;start_type=ATG;rbs_motif=None;rbs_spacer=None;gc_cont=0.224
CP000123.1_716       -            250 1064at2085           -            350   2.6e-26   88.0  13.1   2   2   1.3e-13   5.2e-12   41.0   4.4   156   266   127   236    90   242 0.81 # 850877 # 851626 # -1 # ID=1_716;partial=00;start_type=ATG;rbs_motif=None;rbs_spacer=None;gc_cont=0.224
CP000123.1_748       -            947 1064at2085           -            350   6.1e-23   77.0   7.3   1   4    0.0039      0.16    6.6   0.1    15    42    14    41     5    47 0.90 # 892149 # 894989 # 1 # ID=1_748;partial=00;start_type=ATG;rbs_motif=AGGAG;rbs_spacer=5-10bp;gc_cont=0.258
CP000123.1_748       -            947 1064at2085           -            350   6.1e-23   77.0   7.3   2   4   2.9e-09   1.2e-07   26.7   0.1   160   250   473   564   454   571 0.80 # 892149 # 894989 # 1 # ID=1_748;partial=00;start_type=ATG;rbs_motif=AGGAG;rbs_spacer=5-10bp;gc_cont=0.258
CP000123.1_748       -            947 1064at2085           -            350   6.1e-23   77.0   7.3   3   4   1.6e-06   6.4e-05   17.7   0.2    15    45   625   655   616   676 0.90 # 892149 # 894989 # 1 # ID=1_748;partial=00;start_type=ATG;rbs_motif=AGGAG;rbs_spacer=5-10bp;gc_cont=0.258
CP000123.1_748       -            947 1064at2085           -            350   6.1e-23   77.0   7.3   4   4   3.6e-09   1.4e-07   26.4   0.0   156   280   810   941   798   946 0.81 # 892149 # 894989 # 1 # ID=1_748;partial=00;start_type=ATG;rbs_motif=AGGAG;rbs_spacer=5-10bp;gc_cont=0.258
CP000123.1_533       -            624 1064at2085           -            350   1.2e-22   76.0   0.5   1   2   2.6e-09     1e-07   26.9   0.0     5    68   381   448   378   499 0.82 # 646156 # 648027 # -1 # ID=1_533;partial=00;start_type=ATG;rbs_motif=AGGAG;rbs_spacer=5-10bp;gc_cont=0.240
CP000123.1_533       -            624 1064at2085           -            350   1.2e-22   76.0   0.5   2   2   1.8e-15   7.4e-14   47.1   0.1   179   272   518   609   512   614 0.86 # 646156 # 648027 # -1 # ID=1_533;partial=00;start_type=ATG;rbs_motif=AGGAG;rbs_spacer=5-10bp;gc_cont=0.240
CP000123.1_582       -            612 1064at2085           -            350   4.7e-21   70.8   2.9   1   4   4.1e-08   1.7e-06   22.9   0.6     4    67    22    84    19    96 0.86 # 698444 # 700279 # -1 # ID=1_582;partial=00;start_type=ATG;rbs_motif=GGA/GAG/AGG;rbs_spacer=5-10bp;gc_cont=0.212
CP000123.1_582       -            612 1064at2085           -            350   4.7e-21   70.8   2.9   2   4   2.7e-18   1.1e-16   56.4   0.1   115   266    87   238    79   265 0.90 # 698444 # 700279 # -1 # ID=1_582;partial=00;start_type=ATG;rbs_motif=GGA/GAG/AGG;rbs_spacer=5-10bp;gc_cont=0.212
CP000123.1_582       -            612 1064at2085           -            350   4.7e-21   70.8   2.9   3   4       3.2   1.3e+02   -3.0   1.7   142   142   387   387   298   456 0.56 # 698444 # 700279 # -1 # ID=1_582;partial=00;start_type=ATG;rbs_motif=GGA/GAG/AGG;rbs_spacer=5-10bp;gc_cont=0.212
CP000123.1_582       -            612 1064at2085           -            350   4.7e-21   70.8   2.9   4   4       4.9     2e+02   -3.7   4.2   132   156   546   570   463   606 0.57 # 698444 # 700279 # -1 # ID=1_582;partial=00;start_type=ATG;rbs_motif=GGA/GAG/AGG;rbs_spacer=5-10bp;gc_cont=0.212
CP000123.1_532       -            618 1064at2085           -            350   1.9e-18   62.2   1.3   1   2   9.1e-08   3.6e-06   21.8   0.0    14    63   389   438   375   473 0.85 # 644285 # 646138 # -1 # ID=1_532;partial=00;start_type=ATG;rbs_motif=AGGAGG;rbs_spacer=5-10bp;gc_cont=0.253
CP000123.1_532       -            618 1064at2085           -            350   1.9e-18   62.2   1.3   2   2   5.4e-13   2.1e-11   39.0   0.2   178   260   513   600   472   612 0.73 # 644285 # 646138 # -1 # ID=1_532;partial=00;start_type=ATG;rbs_motif=AGGAGG;rbs_spacer=5-10bp;gc_cont=0.253
#
# Program:         hmmsearch
# Version:         3.1b2 (February 2015)
# Pipeline mode:   SEARCH
# Query file:      /root/busco_downloads/lineages/mycoplasmatales_odb10/hmms/1064at2085.hmm
# Target file:     /disk3/default/V2/admin/core/data/myco/outBusco/Mcc_ATCC27343/prodigal_output/predicted_genes/predicted.faa
# Option settings: hmmsearch --domtblout /disk3/default/V2/admin/core/data/myco/outBusco/Mcc_ATCC27343/run_mycoplasmatales_odb10/hmmer_output/1064at2085.out --cpu 1 /root/busco_downloads/lineages/mycoplasmatales_odb10/hmms/1064at2085.hmm /disk3/default/V2/admin/core/data/myco/outBusco/Mcc_ATCC27343/prodigal_output/predicted_genes/predicted.faa 
# Current dir:     /root
# Date:            Sun Jul 31 23:54:09 2022
# [ok]
