#                                                                            --- full sequence --- -------------- this domain -------------   hmm coord   ali coord   env coord
# target name        accession   tlen query name           accession   qlen   E-value  score  bias   #  of  c-Evalue  i-Evalue  score  bias  from    to  from    to  from    to  acc description of target
#------------------- ---------- ----- -------------------- ---------- ----- --------- ------ ----- --- --- --------- --------- ------ ----- ----- ----- ----- ----- ----- ----- ---- ---------------------
CP000123.1_793       -            453 1338at2085           -            333    5e-102  337.0  36.8   1   2   8.7e-95   9.1e-93  306.6  33.5     1   308     5   357     5   402 0.83 # 946228 # 947586 # -1 # ID=1_793;partial=00;start_type=ATG;rbs_motif=GGA/GAG/AGG;rbs_spacer=5-10bp;gc_cont=0.236
CP000123.1_793       -            453 1338at2085           -            333    5e-102  337.0  36.8   2   2   3.4e-09   3.6e-07   25.2   0.5   283   333   398   452   376   452 0.69 # 946228 # 947586 # -1 # ID=1_793;partial=00;start_type=ATG;rbs_motif=GGA/GAG/AGG;rbs_spacer=5-10bp;gc_cont=0.236
CP000123.1_572       -            436 1338at2085           -            333     1e-41  138.8  25.9   1   2   2.1e-21   2.2e-19   65.4   4.0   179   278     6   103     2   131 0.77 # 688308 # 689615 # -1 # ID=1_572;partial=00;start_type=ATG;rbs_motif=None;rbs_spacer=None;gc_cont=0.226
CP000123.1_572       -            436 1338at2085           -            333     1e-41  138.8  25.9   2   2   1.6e-24   1.7e-22   75.6  15.6   160   269   158   271   109   352 0.86 # 688308 # 689615 # -1 # ID=1_572;partial=00;start_type=ATG;rbs_motif=None;rbs_spacer=None;gc_cont=0.226
CP000123.1_503       -            302 1338at2085           -            333   9.7e-19   63.3   5.2   1   1   9.2e-21   9.7e-19   63.3   5.2   179   298     9   124     2   151 0.86 # 605710 # 606615 # -1 # ID=1_503;partial=00;start_type=ATG;rbs_motif=None;rbs_spacer=None;gc_cont=0.220
CP000123.1_248       -            197 1338at2085           -            333   2.2e-09   32.5   1.2   1   2     2e-11   2.2e-09   32.5   1.2   165   233    11    79     3   168 0.78 # 301100 # 301690 # -1 # ID=1_248;partial=00;start_type=ATG;rbs_motif=AGGA;rbs_spacer=5-10bp;gc_cont=0.228
CP000123.1_248       -            197 1338at2085           -            333   2.2e-09   32.5   1.2   2   2      0.17        18   -0.1   0.8   153   197   150   193   137   196 0.63 # 301100 # 301690 # -1 # ID=1_248;partial=00;start_type=ATG;rbs_motif=AGGA;rbs_spacer=5-10bp;gc_cont=0.228
CP000123.1_538       -            317 1338at2085           -            333   8.5e-08   27.3   8.9   1   1   8.9e-10   9.3e-08   27.2   8.2   148   279    85   225    47   280 0.67 # 652386 # 653336 # -1 # ID=1_538;partial=00;start_type=ATG;rbs_motif=AGxAG;rbs_spacer=5-10bp;gc_cont=0.239
CP000123.1_778       -            365 1338at2085           -            333   4.1e-05   18.5   7.6   1   3   1.8e-06   0.00019   16.3   0.2   176   199     2    25     1    31 0.91 # 929506 # 930600 # -1 # ID=1_778;partial=00;start_type=ATG;rbs_motif=AGGA;rbs_spacer=5-10bp;gc_cont=0.274
CP000123.1_778       -            365 1338at2085           -            333   4.1e-05   18.5   7.6   2   3    0.0019       0.2    6.3   0.4   224   325    67   168    57   175 0.83 # 929506 # 930600 # -1 # ID=1_778;partial=00;start_type=ATG;rbs_motif=AGGA;rbs_spacer=5-10bp;gc_cont=0.274
CP000123.1_778       -            365 1338at2085           -            333   4.1e-05   18.5   7.6   3   3         1   1.1e+02   -2.6   0.1   264   293   231   260   218   274 0.75 # 929506 # 930600 # -1 # ID=1_778;partial=00;start_type=ATG;rbs_motif=AGGA;rbs_spacer=5-10bp;gc_cont=0.274
CP000123.1_528       -            434 1338at2085           -            333   7.3e-05   17.6   1.2   1   1   1.9e-06    0.0002   16.2   0.2   178   301   161   288   151   311 0.74 # 640031 # 641332 # -1 # ID=1_528;partial=00;start_type=ATG;rbs_motif=AGxAGG/AGGxGG;rbs_spacer=5-10bp;gc_cont=0.264
CP000123.1_121       -            513 1338at2085           -            333   0.00031   15.6   2.5   1   2   3.2e-06   0.00034   15.4   0.1   164   199    17    52     7    59 0.87 # 147705 # 149243 # 1 # ID=1_121;partial=00;start_type=ATG;rbs_motif=AGGAGG;rbs_spacer=3-4bp;gc_cont=0.259
CP000123.1_121       -            513 1338at2085           -            333   0.00031   15.6   2.5   2   2      0.33        34   -1.0   0.4   245   285   212   252   162   300 0.49 # 147705 # 149243 # 1 # ID=1_121;partial=00;start_type=ATG;rbs_motif=AGGAGG;rbs_spacer=3-4bp;gc_cont=0.259
#
# Program:         hmmsearch
# Version:         3.1b2 (February 2015)
# Pipeline mode:   SEARCH
# Query file:      /root/busco_downloads/lineages/mycoplasmatales_odb10/hmms/1338at2085.hmm
# Target file:     /disk3/default/V2/admin/core/data/myco/outBusco/Mcc_ATCC27343/prodigal_output/predicted_genes/predicted.faa
# Option settings: hmmsearch --domtblout /disk3/default/V2/admin/core/data/myco/outBusco/Mcc_ATCC27343/run_mycoplasmatales_odb10/hmmer_output/1338at2085.out --cpu 1 /root/busco_downloads/lineages/mycoplasmatales_odb10/hmms/1338at2085.hmm /disk3/default/V2/admin/core/data/myco/outBusco/Mcc_ATCC27343/prodigal_output/predicted_genes/predicted.faa 
# Current dir:     /root
# Date:            Sun Jul 31 23:54:09 2022
# [ok]
