#                                                                            --- full sequence --- -------------- this domain -------------   hmm coord   ali coord   env coord
# target name        accession   tlen query name           accession   qlen   E-value  score  bias   #  of  c-Evalue  i-Evalue  score  bias  from    to  from    to  from    to  acc description of target
#------------------- ---------- ----- -------------------- ---------- ----- --------- ------ ----- --- --- --------- --------- ------ ----- ----- ----- ----- ----- ----- ----- ---- ---------------------
CP000123.1_505       -            595 1371at2085           -            438     8e-49  162.0 161.4   1   3   3.9e-38     3e-36  120.6  89.6     1   302     3   341     3   349 0.86 # 607118 # 608902 # -1 # ID=1_505;partial=00;start_type=ATG;rbs_motif=None;rbs_spacer=None;gc_cont=0.146
CP000123.1_505       -            595 1371at2085           -            438     8e-49  162.0 161.4   2   3     5e-05    0.0038   11.5  37.4   264   371   353   485   347   491 0.78 # 607118 # 608902 # -1 # ID=1_505;partial=00;start_type=ATG;rbs_motif=None;rbs_spacer=None;gc_cont=0.146
CP000123.1_505       -            595 1371at2085           -            438     8e-49  162.0 161.4   3   3   1.8e-10   1.4e-08   29.4  19.3   345   436   492   586   486   588 0.77 # 607118 # 608902 # -1 # ID=1_505;partial=00;start_type=ATG;rbs_motif=None;rbs_spacer=None;gc_cont=0.146
CP000123.1_121       -            513 1371at2085           -            438   2.3e-11   38.6  13.8   1   4       0.4        31   -1.4   0.1   334   344    41    51    40    53 0.89 # 147705 # 149243 # 1 # ID=1_121;partial=00;start_type=ATG;rbs_motif=AGGAGG;rbs_spacer=3-4bp;gc_cont=0.259
CP000123.1_121       -            513 1371at2085           -            438   2.3e-11   38.6  13.8   2   4   2.4e-10   1.8e-08   29.1   1.9   372   438   153   218   146   218 0.85 # 147705 # 149243 # 1 # ID=1_121;partial=00;start_type=ATG;rbs_motif=AGGAGG;rbs_spacer=3-4bp;gc_cont=0.259
CP000123.1_121       -            513 1371at2085           -            438   2.3e-11   38.6  13.8   3   4       1.3        97   -3.0   0.1   333   344   358   369   351   371 0.82 # 147705 # 149243 # 1 # ID=1_121;partial=00;start_type=ATG;rbs_motif=AGGAGG;rbs_spacer=3-4bp;gc_cont=0.259
CP000123.1_121       -            513 1371at2085           -            438   2.3e-11   38.6  13.8   4   4     1e-06     8e-05   17.0   0.1   370   435   429   493   426   496 0.83 # 147705 # 149243 # 1 # ID=1_121;partial=00;start_type=ATG;rbs_motif=AGGAGG;rbs_spacer=3-4bp;gc_cont=0.259
CP000123.1_770       -            235 1371at2085           -            438   2.1e-10   35.4  12.4   1   2   0.00013      0.01   10.1   0.4   334   368    43    83    40    94 0.83 # 919631 # 920335 # -1 # ID=1_770;partial=00;start_type=ATG;rbs_motif=AGGA/GGAG/GAGG;rbs_spacer=11-12bp;gc_cont=0.221
CP000123.1_770       -            235 1371at2085           -            438   2.1e-10   35.4  12.4   2   2   2.5e-10   1.9e-08   29.0   6.2   366   435   122   194   105   196 0.83 # 919631 # 920335 # -1 # ID=1_770;partial=00;start_type=ATG;rbs_motif=AGGA/GGAG/GAGG;rbs_spacer=11-12bp;gc_cont=0.221
CP000123.1_204       -            352 1371at2085           -            438     3e-09   31.6   1.1   1   2     0.035       2.6    2.1   0.1   333   364    42    79    40    92 0.78 # 247015 # 248070 # -1 # ID=1_204;partial=00;start_type=ATG;rbs_motif=AGGAG;rbs_spacer=3-4bp;gc_cont=0.268
CP000123.1_204       -            352 1371at2085           -            438     3e-09   31.6   1.1   2   2   5.5e-10   4.2e-08   27.8   0.1   374   436   131   196   102   197 0.90 # 247015 # 248070 # -1 # ID=1_204;partial=00;start_type=ATG;rbs_motif=AGGAG;rbs_spacer=3-4bp;gc_cont=0.268
CP000123.1_533       -            624 1371at2085           -            438   6.6e-09   30.5   0.0   1   4    0.0013     0.097    6.9  30.6   100   243    56   212    37   234 0.76 # 646156 # 648027 # -1 # ID=1_533;partial=00;start_type=ATG;rbs_motif=AGGAG;rbs_spacer=5-10bp;gc_cont=0.240
CP000123.1_533       -            624 1371at2085           -            438   6.6e-09   30.5   0.0   2   4       2.4   1.9e+02   -4.0   8.6   187   221   266   300   221   324 0.63 # 646156 # 648027 # -1 # ID=1_533;partial=00;start_type=ATG;rbs_motif=AGGAG;rbs_spacer=5-10bp;gc_cont=0.240
CP000123.1_533       -            624 1371at2085           -            438   6.6e-09   30.5   0.0   3   4      0.17        13   -0.1   0.1   333   357   417   448   385   465 0.77 # 646156 # 648027 # -1 # ID=1_533;partial=00;start_type=ATG;rbs_motif=AGGAG;rbs_spacer=5-10bp;gc_cont=0.240
CP000123.1_533       -            624 1371at2085           -            438   6.6e-09   30.5   0.0   4   4   8.6e-11   6.6e-09   30.5   0.0   369   435   508   575   489   578 0.85 # 646156 # 648027 # -1 # ID=1_533;partial=00;start_type=ATG;rbs_motif=AGGAG;rbs_spacer=5-10bp;gc_cont=0.240
CP000123.1_191       -            362 1371at2085           -            438   1.7e-08   29.1   3.4   1   3     0.038       2.9    2.0   0.3   333   357    41    71    10    96 0.73 # 228765 # 229850 # 1 # ID=1_191;partial=00;start_type=ATG;rbs_motif=AGGAG/GGAGG;rbs_spacer=11-12bp;gc_cont=0.260
CP000123.1_191       -            362 1371at2085           -            438   1.7e-08   29.1   3.4   2   3   8.3e-10   6.4e-08   27.3   0.0   353   415   109   171    93   197 0.81 # 228765 # 229850 # 1 # ID=1_191;partial=00;start_type=ATG;rbs_motif=AGGAG/GGAGG;rbs_spacer=11-12bp;gc_cont=0.260
CP000123.1_191       -            362 1371at2085           -            438   1.7e-08   29.1   3.4   3   3       1.5   1.2e+02   -3.3   0.2   394   412   256   274   246   295 0.68 # 228765 # 229850 # 1 # ID=1_191;partial=00;start_type=ATG;rbs_motif=AGGAG/GGAGG;rbs_spacer=11-12bp;gc_cont=0.260
CP000123.1_716       -            250 1371at2085           -            438   2.1e-08   28.8   7.2   1   4     0.082       6.3    0.9   5.9   333   373    43    89     2    93 0.73 # 850877 # 851626 # -1 # ID=1_716;partial=00;start_type=ATG;rbs_motif=None;rbs_spacer=None;gc_cont=0.224
CP000123.1_716       -            250 1371at2085           -            438   2.1e-08   28.8   7.2   2   4      0.83        63   -2.4  12.3   250   326    70   147    63   150 0.81 # 850877 # 851626 # -1 # ID=1_716;partial=00;start_type=ATG;rbs_motif=None;rbs_spacer=None;gc_cont=0.224
CP000123.1_716       -            250 1371at2085           -            438   2.1e-08   28.8   7.2   3   4   2.8e-10   2.1e-08   28.8   7.2   358   432   129   204   126   211 0.85 # 850877 # 851626 # -1 # ID=1_716;partial=00;start_type=ATG;rbs_motif=None;rbs_spacer=None;gc_cont=0.224
CP000123.1_716       -            250 1371at2085           -            438   2.1e-08   28.8   7.2   4   4     0.093       7.1    0.7   0.2   345   378   200   234   199   245 0.73 # 850877 # 851626 # -1 # ID=1_716;partial=00;start_type=ATG;rbs_motif=None;rbs_spacer=None;gc_cont=0.224
CP000123.1_532       -            618 1371at2085           -            438   3.1e-08   28.3   0.0   1   3     0.088       6.7    0.8   2.3   223   324   280   382   254   391 0.49 # 644285 # 646138 # -1 # ID=1_532;partial=00;start_type=ATG;rbs_motif=AGGAGG;rbs_spacer=5-10bp;gc_cont=0.253
CP000123.1_532       -            618 1371at2085           -            438   3.1e-08   28.3   0.0   2   3     0.077       5.9    1.0   0.0   333   359   413   446   411   464 0.70 # 644285 # 646138 # -1 # ID=1_532;partial=00;start_type=ATG;rbs_motif=AGGAGG;rbs_spacer=5-10bp;gc_cont=0.253
CP000123.1_532       -            618 1371at2085           -            438   3.1e-08   28.3   0.0   3   3   4.1e-10   3.1e-08   28.3   0.0   372   435   507   571   486   574 0.85 # 644285 # 646138 # -1 # ID=1_532;partial=00;start_type=ATG;rbs_motif=AGGAGG;rbs_spacer=5-10bp;gc_cont=0.253
CP000123.1_480       -            270 1371at2085           -            438   1.5e-06   22.7   3.4   1   2     0.056       4.3    1.5   2.8   333   355    59    81    18    99 0.76 # 575385 # 576194 # -1 # ID=1_480;partial=00;start_type=ATG;rbs_motif=GGA/GAG/AGG;rbs_spacer=5-10bp;gc_cont=0.264
CP000123.1_480       -            270 1371at2085           -            438   1.5e-06   22.7   3.4   2   2   1.9e-07   1.5e-05   19.5   0.0   370   436   157   224   141   226 0.88 # 575385 # 576194 # -1 # ID=1_480;partial=00;start_type=ATG;rbs_motif=GGA/GAG/AGG;rbs_spacer=5-10bp;gc_cont=0.264
CP000123.1_36        -            536 1371at2085           -            438   3.6e-06   21.5   2.8   1   2       1.3        99   -3.0   0.0   334   344    50    60    49    76 0.81 # 43614 # 45221 # 1 # ID=1_36;partial=00;start_type=ATG;rbs_motif=AGGAG;rbs_spacer=5-10bp;gc_cont=0.281
CP000123.1_36        -            536 1371at2085           -            438   3.6e-06   21.5   2.8   2   2   4.7e-08   3.6e-06   21.5   2.8   374   435   145   208    80   210 0.82 # 43614 # 45221 # 1 # ID=1_36;partial=00;start_type=ATG;rbs_motif=AGGAG;rbs_spacer=5-10bp;gc_cont=0.281
CP000123.1_800       -            251 1371at2085           -            438   2.6e-05   18.6   0.2   1   2     0.077       5.9    1.0   0.9   333   346    39    52    18    75 0.84 # 954106 # 954858 # 1 # ID=1_800;partial=00;start_type=ATG;rbs_motif=None;rbs_spacer=None;gc_cont=0.266
CP000123.1_800       -            251 1371at2085           -            438   2.6e-05   18.6   0.2   2   2   3.4e-07   2.6e-05   18.6   0.2   368   427   141   201   116   213 0.77 # 954106 # 954858 # 1 # ID=1_800;partial=00;start_type=ATG;rbs_motif=None;rbs_spacer=None;gc_cont=0.266
#
# Program:         hmmsearch
# Version:         3.1b2 (February 2015)
# Pipeline mode:   SEARCH
# Query file:      /root/busco_downloads/lineages/mycoplasmatales_odb10/hmms/1371at2085.hmm
# Target file:     /disk3/default/V2/admin/core/data/myco/outBusco/Mcc_ATCC27343/prodigal_output/predicted_genes/predicted.faa
# Option settings: hmmsearch --domtblout /disk3/default/V2/admin/core/data/myco/outBusco/Mcc_ATCC27343/run_mycoplasmatales_odb10/hmmer_output/1371at2085.out --cpu 1 /root/busco_downloads/lineages/mycoplasmatales_odb10/hmms/1371at2085.hmm /disk3/default/V2/admin/core/data/myco/outBusco/Mcc_ATCC27343/prodigal_output/predicted_genes/predicted.faa 
# Current dir:     /root
# Date:            Sun Jul 31 23:54:09 2022
# [ok]
