#                                                                            --- full sequence --- -------------- this domain -------------   hmm coord   ali coord   env coord
# target name        accession   tlen query name           accession   qlen   E-value  score  bias   #  of  c-Evalue  i-Evalue  score  bias  from    to  from    to  from    to  acc description of target
#------------------- ---------- ----- -------------------- ---------- ----- --------- ------ ----- --- --- --------- --------- ------ ----- ----- ----- ----- ----- ----- ----- ---- ---------------------
CP000123.1_753       -            311 3146at2085           -            235   1.5e-83  275.3   2.5   1   2   7.7e-27   8.1e-25   83.1   0.1     1    63     9    74     9    80 0.95 # 899390 # 900322 # 1 # ID=1_753;partial=00;start_type=ATG;rbs_motif=GGA/GAG/AGG;rbs_spacer=5-10bp;gc_cont=0.305
CP000123.1_753       -            311 3146at2085           -            235   1.5e-83  275.3   2.5   2   2   3.5e-60   3.7e-58  192.2   0.3    62   234   107   301    87   302 0.86 # 899390 # 900322 # 1 # ID=1_753;partial=00;start_type=ATG;rbs_motif=GGA/GAG/AGG;rbs_spacer=5-10bp;gc_cont=0.305
CP000123.1_423       -            454 3146at2085           -            235   6.3e-18   60.5   8.3   1   2   6.7e-08     7e-06   21.1   0.2     1    44     4    47     4    97 0.90 # 512935 # 514296 # -1 # ID=1_423;partial=00;start_type=ATG;rbs_motif=GGAG/GAGG;rbs_spacer=5-10bp;gc_cont=0.242
CP000123.1_423       -            454 3146at2085           -            235   6.3e-18   60.5   8.3   2   2   2.3e-14   2.4e-12   42.3   3.0    66   235   132   320   117   320 0.80 # 512935 # 514296 # -1 # ID=1_423;partial=00;start_type=ATG;rbs_motif=GGAG/GAGG;rbs_spacer=5-10bp;gc_cont=0.242
CP000123.1_231       -            630 3146at2085           -            235     2e-11   39.3   9.6   1   3   6.3e-07   6.6e-05   17.9   0.1     1    40   164   203   164   250 0.89 # 275328 # 277217 # 1 # ID=1_231;partial=00;start_type=ATG;rbs_motif=GGA/GAG/AGG;rbs_spacer=5-10bp;gc_cont=0.313
CP000123.1_231       -            630 3146at2085           -            235     2e-11   39.3   9.6   2   3   1.1e-08   1.2e-06   23.6   1.7   103   233   337   488   332   490 0.68 # 275328 # 277217 # 1 # ID=1_231;partial=00;start_type=ATG;rbs_motif=GGA/GAG/AGG;rbs_spacer=5-10bp;gc_cont=0.313
CP000123.1_231       -            630 3146at2085           -            235     2e-11   39.3   9.6   3   3      0.11        12    0.8   0.2   151   225   519   590   489   601 0.58 # 275328 # 277217 # 1 # ID=1_231;partial=00;start_type=ATG;rbs_motif=GGA/GAG/AGG;rbs_spacer=5-10bp;gc_cont=0.313
CP000123.1_226       -            455 3146at2085           -            235   6.8e-06   21.2   1.4   1   1   1.5e-07   1.6e-05   19.9   1.4    66   218   106   287    92   314 0.65 # 269448 # 270812 # 1 # ID=1_226;partial=00;start_type=ATG;rbs_motif=GGA/GAG/AGG;rbs_spacer=5-10bp;gc_cont=0.300
CP000123.1_829       -            448 3146at2085           -            235   1.5e-05   20.0   5.5   1   3      0.15        16    0.3   0.1     3    31     3    33     1    39 0.68 # 993422 # 994765 # -1 # ID=1_829;partial=00;start_type=ATG;rbs_motif=GGA/GAG/AGG;rbs_spacer=5-10bp;gc_cont=0.267
CP000123.1_829       -            448 3146at2085           -            235   1.5e-05   20.0   5.5   2   3   1.6e-07   1.6e-05   19.9   1.1   102   222   148   291   143   304 0.66 # 993422 # 994765 # -1 # ID=1_829;partial=00;start_type=ATG;rbs_motif=GGA/GAG/AGG;rbs_spacer=5-10bp;gc_cont=0.267
CP000123.1_829       -            448 3146at2085           -            235   1.5e-05   20.0   5.5   3   3       0.5        52   -1.4   0.0    67    88   336   357   324   359 0.83 # 993422 # 994765 # -1 # ID=1_829;partial=00;start_type=ATG;rbs_motif=GGA/GAG/AGG;rbs_spacer=5-10bp;gc_cont=0.267
CP000123.1_827       -            630 3146at2085           -            235   6.7e-05   17.9   0.2   1   2   3.1e-06   0.00033   15.6   0.1     1    30     5    34     5    40 0.94 # 989799 # 991688 # -1 # ID=1_827;partial=00;start_type=ATG;rbs_motif=GGA/GAG/AGG;rbs_spacer=5-10bp;gc_cont=0.286
CP000123.1_827       -            630 3146at2085           -            235   6.7e-05   17.9   0.2   2   2      0.47        50   -1.3   0.0    51    74   135   157   125   172 0.65 # 989799 # 991688 # -1 # ID=1_827;partial=00;start_type=ATG;rbs_motif=GGA/GAG/AGG;rbs_spacer=5-10bp;gc_cont=0.286
CP000123.1_473       -            439 3146at2085           -            235    0.0013   13.7   0.2   1   3   0.00045     0.047    8.6   0.0     3    33     5    35     3    56 0.84 # 568919 # 570235 # -1 # ID=1_473;partial=00;start_type=ATG;rbs_motif=GGA/GAG/AGG;rbs_spacer=5-10bp;gc_cont=0.253
CP000123.1_473       -            439 3146at2085           -            235    0.0013   13.7   0.2   2   3      0.05       5.2    1.9   0.0   139   169   103   133    88   141 0.81 # 568919 # 570235 # -1 # ID=1_473;partial=00;start_type=ATG;rbs_motif=GGA/GAG/AGG;rbs_spacer=5-10bp;gc_cont=0.253
CP000123.1_473       -            439 3146at2085           -            235    0.0013   13.7   0.2   3   3       1.2   1.2e+02   -2.6   0.0   194   194   258   258   199   292 0.48 # 568919 # 570235 # -1 # ID=1_473;partial=00;start_type=ATG;rbs_motif=GGA/GAG/AGG;rbs_spacer=5-10bp;gc_cont=0.253
CP000123.1_536       -            599 3146at2085           -            235      0.16    6.8   9.2   1   3       2.1   2.2e+02   -3.4   0.0     4    21     6    23     5    38 0.63 # 649951 # 651747 # 1 # ID=1_536;partial=00;start_type=ATG;rbs_motif=AGGAGG;rbs_spacer=5-10bp;gc_cont=0.214
CP000123.1_536       -            599 3146at2085           -            235      0.16    6.8   9.2   2   3   3.1e-05    0.0033   12.4   1.1   125   216   224   321   214   331 0.73 # 649951 # 651747 # 1 # ID=1_536;partial=00;start_type=ATG;rbs_motif=AGGAGG;rbs_spacer=5-10bp;gc_cont=0.214
CP000123.1_536       -            599 3146at2085           -            235      0.16    6.8   9.2   3   3       1.2   1.3e+02   -2.6   1.0   124   153   436   463   405   519 0.54 # 649951 # 651747 # 1 # ID=1_536;partial=00;start_type=ATG;rbs_motif=AGGAGG;rbs_spacer=5-10bp;gc_cont=0.214
#
# Program:         hmmsearch
# Version:         3.1b2 (February 2015)
# Pipeline mode:   SEARCH
# Query file:      /root/busco_downloads/lineages/mycoplasmatales_odb10/hmms/3146at2085.hmm
# Target file:     /disk3/default/V2/admin/core/data/myco/outBusco/Mcc_ATCC27343/prodigal_output/predicted_genes/predicted.faa
# Option settings: hmmsearch --domtblout /disk3/default/V2/admin/core/data/myco/outBusco/Mcc_ATCC27343/run_mycoplasmatales_odb10/hmmer_output/3146at2085.out --cpu 1 /root/busco_downloads/lineages/mycoplasmatales_odb10/hmms/3146at2085.hmm /disk3/default/V2/admin/core/data/myco/outBusco/Mcc_ATCC27343/prodigal_output/predicted_genes/predicted.faa 
# Current dir:     /root
# Date:            Sun Jul 31 23:54:13 2022
# [ok]
