#                                                                            --- full sequence --- -------------- this domain -------------   hmm coord   ali coord   env coord
# target name        accession   tlen query name           accession   qlen   E-value  score  bias   #  of  c-Evalue  i-Evalue  score  bias  from    to  from    to  from    to  acc description of target
#------------------- ---------- ----- -------------------- ---------- ----- --------- ------ ----- --- --- --------- --------- ------ ----- ----- ----- ----- ----- ----- ----- ---- ---------------------
CP000123.1_262       -            873 534at2085            -            678  3.6e-261  863.8  65.2   1   2  2.4e-252  4.1e-250  827.3  48.7    14   663    33   780    18   795 0.86 # 313797 # 316415 # -1 # ID=1_262;partial=00;start_type=ATG;rbs_motif=AGGAG;rbs_spacer=5-10bp;gc_cont=0.228
CP000123.1_262       -            873 534at2085            -            678  3.6e-261  863.8  65.2   2   2   2.4e-10     4e-08   27.5  12.7   574   677   759   862   755   863 0.75 # 313797 # 316415 # -1 # ID=1_262;partial=00;start_type=ATG;rbs_motif=AGGAG;rbs_spacer=5-10bp;gc_cont=0.228
CP000123.1_393       -            909 534at2085            -            678   1.4e-70  234.0  23.3   1   3   9.5e-33   1.6e-30  101.6   0.4    12   208    44   247    34   259 0.87 # 484559 # 487285 # 1 # ID=1_393;partial=00;start_type=ATG;rbs_motif=AGGA;rbs_spacer=5-10bp;gc_cont=0.250
CP000123.1_393       -            909 534at2085            -            678   1.4e-70  234.0  23.3   2   3   4.9e-19   8.2e-17   56.3   0.7   213   406   291   502   276   510 0.77 # 484559 # 487285 # 1 # ID=1_393;partial=00;start_type=ATG;rbs_motif=AGGA;rbs_spacer=5-10bp;gc_cont=0.250
CP000123.1_393       -            909 534at2085            -            678   1.4e-70  234.0  23.3   3   3   1.1e-25   1.9e-23   78.2   9.3   391   557   515   686   505   822 0.74 # 484559 # 487285 # 1 # ID=1_393;partial=00;start_type=ATG;rbs_motif=AGGA;rbs_spacer=5-10bp;gc_cont=0.250
CP000123.1_650       -            805 534at2085            -            678   3.1e-42  140.3  12.9   1   6     5e-17   8.5e-15   49.6   0.3    15   170    28   173    12   176 0.82 # 784221 # 786635 # -1 # ID=1_650;partial=00;start_type=ATG;rbs_motif=AGGAG;rbs_spacer=5-10bp;gc_cont=0.265
CP000123.1_650       -            805 534at2085            -            678   3.1e-42  140.3  12.9   2   6    0.0008      0.13    6.0   0.1   307   358   176   226   172   234 0.84 # 784221 # 786635 # -1 # ID=1_650;partial=00;start_type=ATG;rbs_motif=AGGAG;rbs_spacer=5-10bp;gc_cont=0.265
CP000123.1_650       -            805 534at2085            -            678   3.1e-42  140.3  12.9   3   6     0.025       4.1    1.1   0.1   183   212   237   266   231   294 0.80 # 784221 # 786635 # -1 # ID=1_650;partial=00;start_type=ATG;rbs_motif=AGGAG;rbs_spacer=5-10bp;gc_cont=0.265
CP000123.1_650       -            805 534at2085            -            678   3.1e-42  140.3  12.9   4   6   4.9e-11   8.2e-09   29.8   0.0   214   283   304   375   292   402 0.81 # 784221 # 786635 # -1 # ID=1_650;partial=00;start_type=ATG;rbs_motif=AGGAG;rbs_spacer=5-10bp;gc_cont=0.265
CP000123.1_650       -            805 534at2085            -            678   3.1e-42  140.3  12.9   5   6    0.0016      0.27    5.0   0.0   359   384   411   436   399   444 0.87 # 784221 # 786635 # -1 # ID=1_650;partial=00;start_type=ATG;rbs_motif=AGGAG;rbs_spacer=5-10bp;gc_cont=0.265
CP000123.1_650       -            805 534at2085            -            678   3.1e-42  140.3  12.9   6   6   7.5e-18   1.3e-15   52.4   0.5   437   627   547   748   522   779 0.74 # 784221 # 786635 # -1 # ID=1_650;partial=00;start_type=ATG;rbs_motif=AGGAG;rbs_spacer=5-10bp;gc_cont=0.265
CP000123.1_33        -            510 534at2085            -            678     4e-26   87.0  19.4   1   2     2e-15   3.3e-13   44.4   2.4    19   153     4   126     1   142 0.82 # 40240 # 41769 # 1 # ID=1_33;partial=00;start_type=ATG;rbs_motif=GGA/GAG/AGG;rbs_spacer=5-10bp;gc_cont=0.234
CP000123.1_33        -            510 534at2085            -            678     4e-26   87.0  19.4   2   2   1.3e-15   2.1e-13   45.0   9.2   307   569   143   401   127   453 0.70 # 40240 # 41769 # 1 # ID=1_33;partial=00;start_type=ATG;rbs_motif=GGA/GAG/AGG;rbs_spacer=5-10bp;gc_cont=0.234
CP000123.1_108       -            442 534at2085            -            678   7.2e-08   26.7  22.5   1   3    0.0012      0.21    5.4   0.1     5    61     4    61     1    68 0.86 # 128925 # 130250 # 1 # ID=1_108;partial=00;start_type=ATG;rbs_motif=AGGAG;rbs_spacer=5-10bp;gc_cont=0.203
CP000123.1_108       -            442 534at2085            -            678   7.2e-08   26.7  22.5   2   3      0.16        27   -1.6   0.1   468   527    67   127    62   161 0.66 # 128925 # 130250 # 1 # ID=1_108;partial=00;start_type=ATG;rbs_motif=AGGAG;rbs_spacer=5-10bp;gc_cont=0.203
CP000123.1_108       -            442 534at2085            -            678   7.2e-08   26.7  22.5   3   3   7.3e-10   1.2e-07   25.9  14.9   429   617   221   401   203   437 0.64 # 128925 # 130250 # 1 # ID=1_108;partial=00;start_type=ATG;rbs_motif=AGGAG;rbs_spacer=5-10bp;gc_cont=0.203
#
# Program:         hmmsearch
# Version:         3.1b2 (February 2015)
# Pipeline mode:   SEARCH
# Query file:      /root/busco_downloads/lineages/mycoplasmatales_odb10/hmms/534at2085.hmm
# Target file:     /disk3/default/V2/admin/core/data/myco/outBusco/Mcc_ATCC27343/prodigal_output/predicted_genes/predicted.faa
# Option settings: hmmsearch --domtblout /disk3/default/V2/admin/core/data/myco/outBusco/Mcc_ATCC27343/run_mycoplasmatales_odb10/hmmer_output/534at2085.out --cpu 1 /root/busco_downloads/lineages/mycoplasmatales_odb10/hmms/534at2085.hmm /disk3/default/V2/admin/core/data/myco/outBusco/Mcc_ATCC27343/prodigal_output/predicted_genes/predicted.faa 
# Current dir:     /root
# Date:            Sun Jul 31 23:54:16 2022
# [ok]
