#                                                                            --- full sequence --- -------------- this domain -------------   hmm coord   ali coord   env coord
# target name        accession   tlen query name           accession   qlen   E-value  score  bias   #  of  c-Evalue  i-Evalue  score  bias  from    to  from    to  from    to  acc description of target
#------------------- ---------- ----- -------------------- ---------- ----- --------- ------ ----- --- --- --------- --------- ------ ----- ----- ----- ----- ----- ----- ----- ---- ---------------------
LBMF01000004.1_170   -            436 1140at2085           -            348  7.3e-119  392.1  26.3   1   1  1.6e-120  1.8e-118  390.9  26.3     1   347     6   434     6   435 0.82 # 192192 # 193499 # -1 # ID=4_170;partial=00;start_type=ATG;rbs_motif=None;rbs_spacer=None;gc_cont=0.223
LBMF01000007.1_170   -            453 1140at2085           -            348   9.9e-22   72.7  11.7   1   2       1.4   1.5e+02   -3.6   0.1   104   129   140   165   126   171 0.76 # 194964 # 196322 # -1 # ID=7_170;partial=00;start_type=ATG;rbs_motif=GGA/GAG/AGG;rbs_spacer=5-10bp;gc_cont=0.235
LBMF01000007.1_170   -            453 1140at2085           -            348   9.9e-22   72.7  11.7   2   2   8.9e-24   9.9e-22   72.7  11.7   129   283   217   379   206   421 0.69 # 194964 # 196322 # -1 # ID=7_170;partial=00;start_type=ATG;rbs_motif=GGA/GAG/AGG;rbs_spacer=5-10bp;gc_cont=0.235
LBMF01000004.1_119   -            302 1140at2085           -            348   2.7e-16   54.8  13.9   1   2   6.5e-18   7.3e-16   53.4   1.7     1    77     9    94     9   114 0.81 # 133721 # 134626 # -1 # ID=4_119;partial=00;start_type=ATG;rbs_motif=None;rbs_spacer=None;gc_cont=0.224
LBMF01000004.1_119   -            302 1140at2085           -            348   2.7e-16   54.8  13.9   2   2   0.00044     0.049    7.9   3.2   221   278   117   173    96   202 0.83 # 133721 # 134626 # -1 # ID=4_119;partial=00;start_type=ATG;rbs_motif=None;rbs_spacer=None;gc_cont=0.224
LBMF01000003.1_26    -            197 1140at2085           -            348     1e-13   46.4   5.1   1   1   1.7e-15   1.9e-13   45.5   5.1   131   275    24   191     7   196 0.79 # 36772 # 37362 # -1 # ID=3_26;partial=00;start_type=ATG;rbs_motif=AGGA;rbs_spacer=5-10bp;gc_cont=0.227
LBMF01000004.1_155   -            317 1140at2085           -            348   1.3e-09   32.9   0.1   1   3      0.18        20   -0.7   0.9   215   234    48    68    15   116 0.64 # 180653 # 181603 # -1 # ID=4_155;partial=00;start_type=ATG;rbs_motif=AGxAG;rbs_spacer=5-10bp;gc_cont=0.238
LBMF01000004.1_155   -            317 1140at2085           -            348   1.3e-09   32.9   0.1   2   3   1.2e-11   1.3e-09   32.9   0.1     2    67   127   195   126   203 0.79 # 180653 # 181603 # -1 # ID=4_155;partial=00;start_type=ATG;rbs_motif=AGxAG;rbs_spacer=5-10bp;gc_cont=0.238
LBMF01000004.1_155   -            317 1140at2085           -            348   1.3e-09   32.9   0.1   3   3      0.15        17   -0.4   0.0   169   188   243   262   236   273 0.85 # 180653 # 181603 # -1 # ID=4_155;partial=00;start_type=ATG;rbs_motif=AGxAG;rbs_spacer=5-10bp;gc_cont=0.238
LBMF01000004.1_145   -            434 1140at2085           -            348   3.6e-06   21.5   3.9   1   2   0.00011     0.013    9.9   0.0   132   164   162   193   152   248 0.79 # 168295 # 169596 # -1 # ID=4_145;partial=00;start_type=ATG;rbs_motif=AGxAGG/AGGxGG;rbs_spacer=5-10bp;gc_cont=0.260
LBMF01000004.1_145   -            434 1140at2085           -            348   3.6e-06   21.5   3.9   2   2   0.00012     0.013    9.9   3.2   219   278   276   332   254   361 0.86 # 168295 # 169596 # -1 # ID=4_145;partial=00;start_type=ATG;rbs_motif=AGxAGG/AGGxGG;rbs_spacer=5-10bp;gc_cont=0.260
LBMF01000007.1_156   -            365 1140at2085           -            348   6.1e-06   20.8   4.5   1   3   8.6e-07   9.5e-05   16.9   0.1     1    23     5    27     5    33 0.88 # 178263 # 179357 # -1 # ID=7_156;partial=00;start_type=ATG;rbs_motif=AGGA;rbs_spacer=5-10bp;gc_cont=0.275
LBMF01000007.1_156   -            365 1140at2085           -            348   6.1e-06   20.8   4.5   2   3      0.58        65   -2.3   0.1    75   102    90   119    88   130 0.79 # 178263 # 179357 # -1 # ID=7_156;partial=00;start_type=ATG;rbs_motif=AGGA;rbs_spacer=5-10bp;gc_cont=0.275
LBMF01000007.1_156   -            365 1140at2085           -            348   6.1e-06   20.8   4.5   3   3    0.0032      0.35    5.1   0.1   215   280   195   259   178   274 0.84 # 178263 # 179357 # -1 # ID=7_156;partial=00;start_type=ATG;rbs_motif=AGGA;rbs_spacer=5-10bp;gc_cont=0.275
#
# Program:         hmmsearch
# Version:         3.1b2 (February 2015)
# Pipeline mode:   SEARCH
# Query file:      /root/busco_downloads/lineages/mycoplasmatales_odb10/hmms/1140at2085.hmm
# Target file:     /disk3/default/V2/admin/core/data/myco/outBusco/Mcc_14DL0024/prodigal_output/predicted_genes/predicted.faa
# Option settings: hmmsearch --domtblout /disk3/default/V2/admin/core/data/myco/outBusco/Mcc_14DL0024/run_mycoplasmatales_odb10/hmmer_output/1140at2085.out --cpu 1 /root/busco_downloads/lineages/mycoplasmatales_odb10/hmms/1140at2085.hmm /disk3/default/V2/admin/core/data/myco/outBusco/Mcc_14DL0024/prodigal_output/predicted_genes/predicted.faa 
# Current dir:     /root
# Date:            Sun Jul 31 23:53:43 2022
# [ok]
