#                                                                            --- full sequence --- -------------- this domain -------------   hmm coord   ali coord   env coord
# target name        accession   tlen query name           accession   qlen   E-value  score  bias   #  of  c-Evalue  i-Evalue  score  bias  from    to  from    to  from    to  acc description of target
#------------------- ---------- ----- -------------------- ---------- ----- --------- ------ ----- --- --- --------- --------- ------ ----- ----- ----- ----- ----- ----- ----- ---- ---------------------
LBMF01000004.1_121   -            595 1371at2085           -            438   2.8e-49  163.4 160.6   1   4   7.8e-24   5.5e-22   73.5  15.8     1   103     3   114     3   116 0.90 # 135129 # 136913 # -1 # ID=4_121;partial=00;start_type=ATG;rbs_motif=None;rbs_spacer=None;gc_cont=0.148
LBMF01000004.1_121   -            595 1371at2085           -            438   2.8e-49  163.4 160.6   2   4   4.1e-21   2.9e-19   64.5  65.8    86   302   115   341   113   350 0.89 # 135129 # 136913 # -1 # ID=4_121;partial=00;start_type=ATG;rbs_motif=None;rbs_spacer=None;gc_cont=0.148
LBMF01000004.1_121   -            595 1371at2085           -            438   2.8e-49  163.4 160.6   3   4   4.9e-05    0.0035   11.5  36.7   264   371   353   485   346   492 0.77 # 135129 # 136913 # -1 # ID=4_121;partial=00;start_type=ATG;rbs_motif=None;rbs_spacer=None;gc_cont=0.148
LBMF01000004.1_121   -            595 1371at2085           -            438   2.8e-49  163.4 160.6   4   4   6.6e-11   4.7e-09   30.9  20.4   345   436   492   586   486   588 0.78 # 135129 # 136913 # -1 # ID=4_121;partial=00;start_type=ATG;rbs_motif=None;rbs_spacer=None;gc_cont=0.148
LBMF01000002.1_76    -            513 1371at2085           -            438   2.2e-11   38.5  13.8   1   4       0.4        29   -1.4   0.1   334   344    41    51    40    53 0.89 # 93253 # 94791 # 1 # ID=2_76;partial=00;start_type=ATG;rbs_motif=AGGAGG;rbs_spacer=3-4bp;gc_cont=0.263
LBMF01000002.1_76    -            513 1371at2085           -            438   2.2e-11   38.5  13.8   2   4   2.4e-10   1.7e-08   29.1   1.9   372   438   153   218   146   218 0.85 # 93253 # 94791 # 1 # ID=2_76;partial=00;start_type=ATG;rbs_motif=AGGAGG;rbs_spacer=3-4bp;gc_cont=0.263
LBMF01000002.1_76    -            513 1371at2085           -            438   2.2e-11   38.5  13.8   3   4       1.3        90   -3.0   0.1   333   344   358   369   351   371 0.82 # 93253 # 94791 # 1 # ID=2_76;partial=00;start_type=ATG;rbs_motif=AGGAGG;rbs_spacer=3-4bp;gc_cont=0.263
LBMF01000002.1_76    -            513 1371at2085           -            438   2.2e-11   38.5  13.8   4   4     1e-06   7.4e-05   17.0   0.1   370   435   429   493   426   496 0.83 # 93253 # 94791 # 1 # ID=2_76;partial=00;start_type=ATG;rbs_motif=AGGAGG;rbs_spacer=3-4bp;gc_cont=0.263
LBMF01000007.1_148   -            235 1371at2085           -            438   1.9e-10   35.4  12.4   1   2   0.00013    0.0094   10.1   0.4   334   368    43    83    40    94 0.83 # 168399 # 169103 # -1 # ID=7_148;partial=00;start_type=ATG;rbs_motif=AGGA/GGAG/GAGG;rbs_spacer=11-12bp;gc_cont=0.221
LBMF01000007.1_148   -            235 1371at2085           -            438   1.9e-10   35.4  12.4   2   2   2.5e-10   1.8e-08   29.0   6.2   366   435   122   194   105   196 0.83 # 168399 # 169103 # -1 # ID=7_148;partial=00;start_type=ATG;rbs_motif=AGGA/GGAG/GAGG;rbs_spacer=11-12bp;gc_cont=0.221
LBMF01000002.1_145   -            352 1371at2085           -            438   2.7e-09   31.7   1.1   1   2     0.035       2.4    2.1   0.1   333   364    42    79    40    92 0.78 # 187805 # 188860 # -1 # ID=2_145;partial=00;start_type=ATG;rbs_motif=AGGAG;rbs_spacer=3-4bp;gc_cont=0.266
LBMF01000002.1_145   -            352 1371at2085           -            438   2.7e-09   31.7   1.1   2   2   5.5e-10   3.9e-08   27.8   0.1   374   436   131   196   102   197 0.90 # 187805 # 188860 # -1 # ID=2_145;partial=00;start_type=ATG;rbs_motif=AGGAG;rbs_spacer=3-4bp;gc_cont=0.266
LBMF01000004.1_150   -            624 1371at2085           -            438   6.1e-09   30.5   0.0   1   4   0.00074     0.053    7.6  28.9   101   243    57   212    52   234 0.75 # 174423 # 176294 # -1 # ID=4_150;partial=00;start_type=ATG;rbs_motif=AGGAG;rbs_spacer=5-10bp;gc_cont=0.239
LBMF01000004.1_150   -            624 1371at2085           -            438   6.1e-09   30.5   0.0   2   4       1.8   1.3e+02   -3.5   8.1   187   221   266   300   222   325 0.63 # 174423 # 176294 # -1 # ID=4_150;partial=00;start_type=ATG;rbs_motif=AGGAG;rbs_spacer=5-10bp;gc_cont=0.239
LBMF01000004.1_150   -            624 1371at2085           -            438   6.1e-09   30.5   0.0   3   4      0.17        12   -0.1   0.3   333   357   417   448   357   465 0.78 # 174423 # 176294 # -1 # ID=4_150;partial=00;start_type=ATG;rbs_motif=AGGAG;rbs_spacer=5-10bp;gc_cont=0.239
LBMF01000004.1_150   -            624 1371at2085           -            438   6.1e-09   30.5   0.0   4   4   8.6e-11   6.1e-09   30.5   0.0   369   435   508   575   489   578 0.85 # 174423 # 176294 # -1 # ID=4_150;partial=00;start_type=ATG;rbs_motif=AGGAG;rbs_spacer=5-10bp;gc_cont=0.239
LBMF01000007.1_92    -            250 1371at2085           -            438   1.2e-08   29.5   6.7   1   4     0.019       1.3    3.0   1.9   333   354    43    63     2    73 0.87 # 97460 # 98209 # -1 # ID=7_92;partial=00;start_type=ATG;rbs_motif=None;rbs_spacer=None;gc_cont=0.231
LBMF01000007.1_92    -            250 1371at2085           -            438   1.2e-08   29.5   6.7   2   4        10   7.1e+02   -6.0  13.8   237   326    56   147    47   149 0.65 # 97460 # 98209 # -1 # ID=7_92;partial=00;start_type=ATG;rbs_motif=None;rbs_spacer=None;gc_cont=0.231
LBMF01000007.1_92    -            250 1371at2085           -            438   1.2e-08   29.5   6.7   3   4   1.7e-10   1.2e-08   29.5   6.7   357   432   128   204   124   211 0.86 # 97460 # 98209 # -1 # ID=7_92;partial=00;start_type=ATG;rbs_motif=None;rbs_spacer=None;gc_cont=0.231
LBMF01000007.1_92    -            250 1371at2085           -            438   1.2e-08   29.5   6.7   4   4     0.095       6.7    0.7   0.3   345   378   200   234   199   245 0.73 # 97460 # 98209 # -1 # ID=7_92;partial=00;start_type=ATG;rbs_motif=None;rbs_spacer=None;gc_cont=0.231
LBMF01000004.1_149   -            618 1371at2085           -            438   3.8e-08   27.9   0.0   1   3     0.048       3.4    1.7   2.1   221   324   278   382   256   391 0.54 # 172552 # 174405 # -1 # ID=4_149;partial=00;start_type=ATG;rbs_motif=AGGAGG;rbs_spacer=5-10bp;gc_cont=0.252
LBMF01000004.1_149   -            618 1371at2085           -            438   3.8e-08   27.9   0.0   2   3     0.077       5.5    1.0   0.0   333   359   413   446   411   464 0.70 # 172552 # 174405 # -1 # ID=4_149;partial=00;start_type=ATG;rbs_motif=AGGAGG;rbs_spacer=5-10bp;gc_cont=0.252
LBMF01000004.1_149   -            618 1371at2085           -            438   3.8e-08   27.9   0.0   3   3   5.3e-10   3.8e-08   27.9   0.0   371   435   506   571   485   574 0.83 # 172552 # 174405 # -1 # ID=4_149;partial=00;start_type=ATG;rbs_motif=AGGAGG;rbs_spacer=5-10bp;gc_cont=0.252
LBMF01000002.1_132   -            362 1371at2085           -            438   7.9e-08   26.8   0.0   1   4      0.03       2.2    2.3   0.1   333   357    41    71     8    92 0.74 # 169555 # 170640 # 1 # ID=2_132;partial=00;start_type=ATG;rbs_motif=AGGA;rbs_spacer=5-10bp;gc_cont=0.271
LBMF01000002.1_132   -            362 1371at2085           -            438   7.9e-08   26.8   0.0   2   4   1.1e-09   7.9e-08   26.8   0.0   365   417   121   173   106   196 0.82 # 169555 # 170640 # 1 # ID=2_132;partial=00;start_type=ATG;rbs_motif=AGGA;rbs_spacer=5-10bp;gc_cont=0.271
LBMF01000002.1_132   -            362 1371at2085           -            438   7.9e-08   26.8   0.0   3   4       1.3        91   -3.0   0.6   162   188   242   268   229   283 0.48 # 169555 # 170640 # 1 # ID=2_132;partial=00;start_type=ATG;rbs_motif=AGGA;rbs_spacer=5-10bp;gc_cont=0.271
LBMF01000002.1_132   -            362 1371at2085           -            438   7.9e-08   26.8   0.0   4   4      0.33        23   -1.1   0.8    63    88   326   349   323   354 0.75 # 169555 # 170640 # 1 # ID=2_132;partial=00;start_type=ATG;rbs_motif=AGGA;rbs_spacer=5-10bp;gc_cont=0.271
LBMF01000004.1_96    -            270 1371at2085           -            438   1.7e-06   22.4   3.7   1   2     0.056         4    1.5   2.8   333   355    59    81    18    99 0.76 # 103397 # 104206 # -1 # ID=4_96;partial=00;start_type=ATG;rbs_motif=GGA/GAG/AGG;rbs_spacer=5-10bp;gc_cont=0.256
LBMF01000004.1_96    -            270 1371at2085           -            438   1.7e-06   22.4   3.7   2   2   1.8e-07   1.3e-05   19.5   0.0   370   436   157   224   140   226 0.88 # 103397 # 104206 # -1 # ID=4_96;partial=00;start_type=ATG;rbs_motif=GGA/GAG/AGG;rbs_spacer=5-10bp;gc_cont=0.256
LBMF01000001.1_75    -            536 1371at2085           -            438   3.3e-06   21.5   2.8   1   2       1.3        92   -3.0   0.0   334   344    50    60    49    76 0.81 # 98417 # 100024 # 1 # ID=1_75;partial=00;start_type=ATG;rbs_motif=AGGAG;rbs_spacer=5-10bp;gc_cont=0.282
LBMF01000001.1_75    -            536 1371at2085           -            438   3.3e-06   21.5   2.8   2   2   4.7e-08   3.3e-06   21.5   2.8   374   435   145   208    80   210 0.82 # 98417 # 100024 # 1 # ID=1_75;partial=00;start_type=ATG;rbs_motif=AGGAG;rbs_spacer=5-10bp;gc_cont=0.282
LBMF01000007.1_177   -            251 1371at2085           -            438   2.6e-05   18.5   0.7   1   3      0.11       7.7    0.5   1.2   333   345    39    51    18    67 0.84 # 202856 # 203608 # 1 # ID=7_177;partial=00;start_type=ATG;rbs_motif=GGA/GAG/AGG;rbs_spacer=11-12bp;gc_cont=0.264
LBMF01000007.1_177   -            251 1371at2085           -            438   2.6e-05   18.5   0.7   2   3      0.47        34   -1.6   0.5   366   400    97   131    78   138 0.58 # 202856 # 203608 # 1 # ID=7_177;partial=00;start_type=ATG;rbs_motif=GGA/GAG/AGG;rbs_spacer=11-12bp;gc_cont=0.264
LBMF01000007.1_177   -            251 1371at2085           -            438   2.6e-05   18.5   0.7   3   3   3.7e-07   2.6e-05   18.5   0.7   367   427   140   201    96   213 0.77 # 202856 # 203608 # 1 # ID=7_177;partial=00;start_type=ATG;rbs_motif=GGA/GAG/AGG;rbs_spacer=11-12bp;gc_cont=0.264
#
# Program:         hmmsearch
# Version:         3.1b2 (February 2015)
# Pipeline mode:   SEARCH
# Query file:      /root/busco_downloads/lineages/mycoplasmatales_odb10/hmms/1371at2085.hmm
# Target file:     /disk3/default/V2/admin/core/data/myco/outBusco/Mcc_14DL0024/prodigal_output/predicted_genes/predicted.faa
# Option settings: hmmsearch --domtblout /disk3/default/V2/admin/core/data/myco/outBusco/Mcc_14DL0024/run_mycoplasmatales_odb10/hmmer_output/1371at2085.out --cpu 1 /root/busco_downloads/lineages/mycoplasmatales_odb10/hmms/1371at2085.hmm /disk3/default/V2/admin/core/data/myco/outBusco/Mcc_14DL0024/prodigal_output/predicted_genes/predicted.faa 
# Current dir:     /root
# Date:            Sun Jul 31 23:53:44 2022
# [ok]
