#                                                                            --- full sequence --- -------------- this domain -------------   hmm coord   ali coord   env coord
# target name        accession   tlen query name           accession   qlen   E-value  score  bias   #  of  c-Evalue  i-Evalue  score  bias  from    to  from    to  from    to  acc description of target
#------------------- ---------- ----- -------------------- ---------- ----- --------- ------ ----- --- --- --------- --------- ------ ----- ----- ----- ----- ----- ----- ----- ---- ---------------------
LBMF01000007.1_8     -            987 543at2085            -            552  2.2e-166  550.0  72.2   1   4   4.7e-17   1.8e-14   48.6   1.5     3    73     6    86     4    97 0.85 # 8721 # 11681 # -1 # ID=7_8;partial=00;start_type=ATG;rbs_motif=AGGAG;rbs_spacer=5-10bp;gc_cont=0.197
LBMF01000007.1_8     -            987 543at2085            -            552  2.2e-166  550.0  72.2   2   4   1.4e-64   5.6e-62  205.4  10.1    17   225   171   382   156   394 0.77 # 8721 # 11681 # -1 # ID=7_8;partial=00;start_type=ATG;rbs_motif=AGGAG;rbs_spacer=5-10bp;gc_cont=0.197
LBMF01000007.1_8     -            987 543at2085            -            552  2.2e-166  550.0  72.2   3   4   6.8e-97   2.7e-94  312.1  36.8   227   541   435   819   417   830 0.83 # 8721 # 11681 # -1 # ID=7_8;partial=00;start_type=ATG;rbs_motif=AGGAG;rbs_spacer=5-10bp;gc_cont=0.197
LBMF01000007.1_8     -            987 543at2085            -            552  2.2e-166  550.0  72.2   4   4      0.44   1.7e+02   -4.1   1.3   524   542   918   936   864   983 0.54 # 8721 # 11681 # -1 # ID=7_8;partial=00;start_type=ATG;rbs_motif=AGGAG;rbs_spacer=5-10bp;gc_cont=0.197
LBMF01000003.1_76    -           1480 543at2085            -            552     4e-16   54.0  37.0   1   7      0.17        68   -2.8   0.2    82   114    52    85    36   115 0.55 # 94517 # 98956 # -1 # ID=3_76;partial=00;start_type=ATG;rbs_motif=AGGAGG;rbs_spacer=3-4bp;gc_cont=0.241
LBMF01000003.1_76    -           1480 543at2085            -            552     4e-16   54.0  37.0   2   7      0.16        64   -2.7   0.8    47    95   127   177    84   192 0.58 # 94517 # 98956 # -1 # ID=3_76;partial=00;start_type=ATG;rbs_motif=AGGAGG;rbs_spacer=3-4bp;gc_cont=0.241
LBMF01000003.1_76    -           1480 543at2085            -            552     4e-16   54.0  37.0   3   7    0.0015      0.57    4.0   0.1     2    55   338   391   337   459 0.76 # 94517 # 98956 # -1 # ID=3_76;partial=00;start_type=ATG;rbs_motif=AGGAGG;rbs_spacer=3-4bp;gc_cont=0.241
LBMF01000003.1_76    -           1480 543at2085            -            552     4e-16   54.0  37.0   4   7      0.23        91   -3.2   0.2    68    98   626   656   616   663 0.82 # 94517 # 98956 # -1 # ID=3_76;partial=00;start_type=ATG;rbs_motif=AGGAGG;rbs_spacer=3-4bp;gc_cont=0.241
LBMF01000003.1_76    -           1480 543at2085            -            552     4e-16   54.0  37.0   5   7   3.9e-09   1.5e-06   22.4   0.1   105   170   872   936   794   947 0.75 # 94517 # 98956 # -1 # ID=3_76;partial=00;start_type=ATG;rbs_motif=AGGAGG;rbs_spacer=3-4bp;gc_cont=0.241
LBMF01000003.1_76    -           1480 543at2085            -            552     4e-16   54.0  37.0   6   7   4.7e-13   1.8e-10   35.4   5.6   172   470   979  1331   977  1341 0.66 # 94517 # 98956 # -1 # ID=3_76;partial=00;start_type=ATG;rbs_motif=AGGAGG;rbs_spacer=3-4bp;gc_cont=0.241
LBMF01000003.1_76    -           1480 543at2085            -            552     4e-16   54.0  37.0   7   7    0.0023      0.89    3.4   0.6   478   541  1396  1461  1374  1472 0.73 # 94517 # 98956 # -1 # ID=3_76;partial=00;start_type=ATG;rbs_motif=AGGAGG;rbs_spacer=3-4bp;gc_cont=0.241
#
# Program:         hmmsearch
# Version:         3.1b2 (February 2015)
# Pipeline mode:   SEARCH
# Query file:      /root/busco_downloads/lineages/mycoplasmatales_odb10/hmms/543at2085.hmm
# Target file:     /disk3/default/V2/admin/core/data/myco/outBusco/Mcc_14DL0024/prodigal_output/predicted_genes/predicted.faa
# Option settings: hmmsearch --domtblout /disk3/default/V2/admin/core/data/myco/outBusco/Mcc_14DL0024/run_mycoplasmatales_odb10/hmmer_output/543at2085.out --cpu 1 /root/busco_downloads/lineages/mycoplasmatales_odb10/hmms/543at2085.hmm /disk3/default/V2/admin/core/data/myco/outBusco/Mcc_14DL0024/prodigal_output/predicted_genes/predicted.faa 
# Current dir:     /root
# Date:            Sun Jul 31 23:53:50 2022
# [ok]
