#                                                                            --- full sequence --- -------------- this domain -------------   hmm coord   ali coord   env coord
# target name        accession   tlen query name           accession   qlen   E-value  score  bias   #  of  c-Evalue  i-Evalue  score  bias  from    to  from    to  from    to  acc description of target
#------------------- ---------- ----- -------------------- ---------- ----- --------- ------ ----- --- --- --------- --------- ------ ----- ----- ----- ----- ----- ----- ----- ---- ---------------------
LBMF01000001.1_45    -            670 584at2085            -            308    9e-105  346.0  20.7   1   3  5.8e-107    9e-105  346.0  20.7     1   285     7   325     7   345 0.84 # 55662 # 57671 # 1 # ID=1_45;partial=00;start_type=ATG;rbs_motif=GGAGG;rbs_spacer=5-10bp;gc_cont=0.208
LBMF01000001.1_45    -            670 584at2085            -            308    9e-105  346.0  20.7   2   3         5   7.8e+02   -6.4   8.5   168   220   355   409   332   487 0.51 # 55662 # 57671 # 1 # ID=1_45;partial=00;start_type=ATG;rbs_motif=GGAGG;rbs_spacer=5-10bp;gc_cont=0.208
LBMF01000001.1_45    -            670 584at2085            -            308    9e-105  346.0  20.7   3   3       4.3   6.8e+02   -5.0   9.4   161   284   502   624   487   647 0.69 # 55662 # 57671 # 1 # ID=1_45;partial=00;start_type=ATG;rbs_motif=GGAGG;rbs_spacer=5-10bp;gc_cont=0.208
LBMF01000004.1_127   -            413 584at2085            -            308   3.2e-16   55.2   9.6   1   2     1e-10   1.6e-08   29.8   0.2     7    59    10    64     7    84 0.83 # 150118 # 151356 # -1 # ID=4_127;partial=00;start_type=ATG;rbs_motif=GGAG/GAGG;rbs_spacer=5-10bp;gc_cont=0.239
LBMF01000004.1_127   -            413 584at2085            -            308   3.2e-16   55.2   9.6   2   2   5.7e-10   8.9e-08   27.4   6.3    92   224    79   218    61   258 0.73 # 150118 # 151356 # -1 # ID=4_127;partial=00;start_type=ATG;rbs_motif=GGAG/GAGG;rbs_spacer=5-10bp;gc_cont=0.239
LBMF01000004.1_45    -            308 584at2085            -            308   6.5e-14   47.6   8.4   1   1   2.5e-15     4e-13   45.0   8.3     6   228     2   236     1   260 0.73 # 45670 # 46593 # -1 # ID=4_45;partial=00;start_type=ATG;rbs_motif=AGxAGG/AGGxGG;rbs_spacer=5-10bp;gc_cont=0.208
LBMF01000001.1_48    -            248 584at2085            -            308   3.5e-12   41.9   9.0   1   1   2.3e-14   3.5e-12   41.9   9.0    66   163    59   158     2   178 0.81 # 58885 # 59628 # 1 # ID=1_48;partial=00;start_type=ATG;rbs_motif=None;rbs_spacer=None;gc_cont=0.181
LBMF01000003.1_103   -            714 584at2085            -            308   2.1e-06   22.9   5.7   1   5    0.0028      0.43    5.5   0.0     9    56    27    73    20    81 0.81 # 143865 # 146006 # 1 # ID=3_103;partial=00;start_type=GTG;rbs_motif=AGGAG;rbs_spacer=5-10bp;gc_cont=0.272
LBMF01000003.1_103   -            714 584at2085            -            308   2.1e-06   22.9   5.7   2   5      0.82   1.3e+02   -2.6   0.4   209   243   312   344   279   408 0.57 # 143865 # 146006 # 1 # ID=3_103;partial=00;start_type=GTG;rbs_motif=AGGAG;rbs_spacer=5-10bp;gc_cont=0.272
LBMF01000003.1_103   -            714 584at2085            -            308   2.1e-06   22.9   5.7   3   5   8.1e-07   0.00013   17.1   0.0    14    58   422   474   418   551 0.67 # 143865 # 146006 # 1 # ID=3_103;partial=00;start_type=GTG;rbs_motif=AGGAG;rbs_spacer=5-10bp;gc_cont=0.272
LBMF01000003.1_103   -            714 584at2085            -            308   2.1e-06   22.9   5.7   4   5      0.21        33   -0.7   1.0   224   269   580   625   521   658 0.57 # 143865 # 146006 # 1 # ID=3_103;partial=00;start_type=GTG;rbs_motif=AGGAG;rbs_spacer=5-10bp;gc_cont=0.272
LBMF01000003.1_103   -            714 584at2085            -            308   2.1e-06   22.9   5.7   5   5      0.15        24   -0.2   0.4   225   279   601   656   558   686 0.58 # 143865 # 146006 # 1 # ID=3_103;partial=00;start_type=GTG;rbs_motif=AGGAG;rbs_spacer=5-10bp;gc_cont=0.272
#
# Program:         hmmsearch
# Version:         3.1b2 (February 2015)
# Pipeline mode:   SEARCH
# Query file:      /root/busco_downloads/lineages/mycoplasmatales_odb10/hmms/584at2085.hmm
# Target file:     /disk3/default/V2/admin/core/data/myco/outBusco/Mcc_14DL0024/prodigal_output/predicted_genes/predicted.faa
# Option settings: hmmsearch --domtblout /disk3/default/V2/admin/core/data/myco/outBusco/Mcc_14DL0024/run_mycoplasmatales_odb10/hmmer_output/584at2085.out --cpu 1 /root/busco_downloads/lineages/mycoplasmatales_odb10/hmms/584at2085.hmm /disk3/default/V2/admin/core/data/myco/outBusco/Mcc_14DL0024/prodigal_output/predicted_genes/predicted.faa 
# Current dir:     /root
# Date:            Sun Jul 31 23:53:51 2022
# [ok]
