#                                                                            --- full sequence --- -------------- this domain -------------   hmm coord   ali coord   env coord
# target name        accession   tlen query name           accession   qlen   E-value  score  bias   #  of  c-Evalue  i-Evalue  score  bias  from    to  from    to  from    to  acc description of target
#------------------- ---------- ----- -------------------- ---------- ----- --------- ------ ----- --- --- --------- --------- ------ ----- ----- ----- ----- ----- ----- ----- ---- ---------------------
JFDO01000017.1_84    -            436 1140at2085           -            348  4.1e-118  389.9  27.6   1   1  7.8e-120  9.8e-118  388.6  27.6     1   347     6   434     6   435 0.82 # 96087 # 97394 # -1 # ID=17_84;partial=00;start_type=ATG;rbs_motif=None;rbs_spacer=None;gc_cont=0.226
JFDO01000036.1_7     -            453 1140at2085           -            348   1.6e-21   72.2  12.3   1   2      0.64        81   -2.5   0.3   104   129   140   165   121   174 0.74 # 4240 # 5598 # -1 # ID=36_7;partial=00;start_type=ATG;rbs_motif=GGA/GAG/AGG;rbs_spacer=5-10bp;gc_cont=0.234
JFDO01000036.1_7     -            453 1140at2085           -            348   1.6e-21   72.2  12.3   2   2   1.3e-23   1.6e-21   72.2  12.3   129   283   217   379   199   421 0.70 # 4240 # 5598 # -1 # ID=36_7;partial=00;start_type=ATG;rbs_motif=GGA/GAG/AGG;rbs_spacer=5-10bp;gc_cont=0.234
JFDO01000017.1_34    -            302 1140at2085           -            348     3e-16   54.9  13.9   1   2   5.7e-18   7.1e-16   53.6   1.5     1    77     9    94     9   114 0.81 # 39542 # 40447 # -1 # ID=17_34;partial=00;start_type=ATG;rbs_motif=None;rbs_spacer=None;gc_cont=0.222
JFDO01000017.1_34    -            302 1140at2085           -            348     3e-16   54.9  13.9   2   2   0.00028     0.035    8.6   2.0   222   278   118   173   104   181 0.85 # 39542 # 40447 # -1 # ID=17_34;partial=00;start_type=ATG;rbs_motif=None;rbs_spacer=None;gc_cont=0.222
JFDO01000004.1_24    -            197 1140at2085           -            348   1.2e-13   46.3   3.9   1   1   1.9e-15   2.4e-13   45.3   3.9   131   275    24   191     7   196 0.78 # 22344 # 22934 # 1 # ID=4_24;partial=00;start_type=ATG;rbs_motif=AGGA;rbs_spacer=5-10bp;gc_cont=0.223
JFDO01000017.1_69    -            317 1140at2085           -            348   1.4e-09   32.9   0.1   1   3      0.18        23   -0.7   0.9   215   234    48    68    15   116 0.64 # 84564 # 85514 # -1 # ID=17_69;partial=00;start_type=ATG;rbs_motif=AGxAG;rbs_spacer=5-10bp;gc_cont=0.240
JFDO01000017.1_69    -            317 1140at2085           -            348   1.4e-09   32.9   0.1   2   3   1.2e-11   1.4e-09   32.9   0.1     2    67   127   195   126   203 0.79 # 84564 # 85514 # -1 # ID=17_69;partial=00;start_type=ATG;rbs_motif=AGxAG;rbs_spacer=5-10bp;gc_cont=0.240
JFDO01000017.1_69    -            317 1140at2085           -            348   1.4e-09   32.9   0.1   3   3      0.15        19   -0.4   0.0   169   188   243   262   236   273 0.85 # 84564 # 85514 # -1 # ID=17_69;partial=00;start_type=ATG;rbs_motif=AGxAG;rbs_spacer=5-10bp;gc_cont=0.240
JFDO01000017.1_60    -            434 1140at2085           -            348   4.1e-06   21.5   3.9   1   2   0.00011     0.014    9.9   0.0   132   164   162   193   152   248 0.79 # 73861 # 75162 # -1 # ID=17_60;partial=00;start_type=ATG;rbs_motif=AGxAGG/AGGxGG;rbs_spacer=5-10bp;gc_cont=0.262
JFDO01000017.1_60    -            434 1140at2085           -            348   4.1e-06   21.5   3.9   2   2   0.00012     0.015    9.9   3.2   219   278   276   332   254   361 0.86 # 73861 # 75162 # -1 # ID=17_60;partial=00;start_type=ATG;rbs_motif=AGxAGG/AGGxGG;rbs_spacer=5-10bp;gc_cont=0.262
JFDO01000035.1_12    -            365 1140at2085           -            348   5.1e-06   21.2   4.1   1   3   8.6e-07   0.00011   16.9   0.1     1    23     5    27     5    33 0.88 # 13111 # 14205 # -1 # ID=35_12;partial=00;start_type=ATG;rbs_motif=AGGA;rbs_spacer=5-10bp;gc_cont=0.273
JFDO01000035.1_12    -            365 1140at2085           -            348   5.1e-06   21.2   4.1   2   3      0.51        64   -2.1   0.1    75   102    90   119    88   145 0.80 # 13111 # 14205 # -1 # ID=35_12;partial=00;start_type=ATG;rbs_motif=AGGA;rbs_spacer=5-10bp;gc_cont=0.273
JFDO01000035.1_12    -            365 1140at2085           -            348   5.1e-06   21.2   4.1   3   3    0.0032       0.4    5.1   0.1   215   280   195   259   180   274 0.83 # 13111 # 14205 # -1 # ID=35_12;partial=00;start_type=ATG;rbs_motif=AGGA;rbs_spacer=5-10bp;gc_cont=0.273
#
# Program:         hmmsearch
# Version:         3.1b2 (February 2015)
# Pipeline mode:   SEARCH
# Query file:      /root/busco_downloads/lineages/mycoplasmatales_odb10/hmms/1140at2085.hmm
# Target file:     /disk3/default/V2/admin/core/data/myco_out/outBusco/Mcc_14232/prodigal_output/predicted_genes/predicted.faa
# Option settings: hmmsearch --domtblout /disk3/default/V2/admin/core/data/myco_out/outBusco/Mcc_14232/run_mycoplasmatales_odb10/hmmer_output/1140at2085.out --cpu 1 /root/busco_downloads/lineages/mycoplasmatales_odb10/hmms/1140at2085.hmm /disk3/default/V2/admin/core/data/myco_out/outBusco/Mcc_14232/prodigal_output/predicted_genes/predicted.faa 
# Current dir:     /root
# Date:            Mon Aug  1 00:26:17 2022
# [ok]
