#                                                                            --- full sequence --- -------------- this domain -------------   hmm coord   ali coord   env coord
# target name        accession   tlen query name           accession   qlen   E-value  score  bias   #  of  c-Evalue  i-Evalue  score  bias  from    to  from    to  from    to  acc description of target
#------------------- ---------- ----- -------------------- ---------- ----- --------- ------ ----- --- --- --------- --------- ------ ----- ----- ----- ----- ----- ----- ----- ---- ---------------------
JFDO01000004.1_24    -            197 4324at2085           -            135   1.5e-37  124.3   5.0   1   1   3.4e-39   3.8e-37  123.0   5.0     4   124    17   159     7   183 0.86 # 22344 # 22934 # 1 # ID=4_24;partial=00;start_type=ATG;rbs_motif=AGGA;rbs_spacer=5-10bp;gc_cont=0.223
JFDO01000017.1_84    -            436 4324at2085           -            135   5.5e-15   51.2  16.6   1   3   6.1e-09   6.7e-07   25.0   4.0    11   103     5   107     2   152 0.64 # 96087 # 97394 # -1 # ID=17_84;partial=00;start_type=ATG;rbs_motif=None;rbs_spacer=None;gc_cont=0.226
JFDO01000017.1_84    -            436 4324at2085           -            135   5.5e-15   51.2  16.6   2   3      0.23        25    0.5   0.2    35    70   107   141    91   172 0.60 # 96087 # 97394 # -1 # ID=17_84;partial=00;start_type=ATG;rbs_motif=None;rbs_spacer=None;gc_cont=0.226
JFDO01000017.1_84    -            436 4324at2085           -            135   5.5e-15   51.2  16.6   3   3   3.9e-10   4.2e-08   28.9   4.6     8   122   173   308   168   318 0.70 # 96087 # 97394 # -1 # ID=17_84;partial=00;start_type=ATG;rbs_motif=None;rbs_spacer=None;gc_cont=0.226
JFDO01000036.1_7     -            453 4324at2085           -            135   5.5e-10   35.1   5.2   1   1   4.3e-11   4.7e-09   32.0   5.2     4   123   212   347   209   361 0.68 # 4240 # 5598 # -1 # ID=36_7;partial=00;start_type=ATG;rbs_motif=GGA/GAG/AGG;rbs_spacer=5-10bp;gc_cont=0.234
JFDO01000017.1_34    -            302 4324at2085           -            135   1.5e-08   30.4   5.2   1   3   1.4e-10   1.5e-08   30.4   5.2    12   122     9   138     2   161 0.74 # 39542 # 40447 # -1 # ID=17_34;partial=00;start_type=ATG;rbs_motif=None;rbs_spacer=None;gc_cont=0.222
JFDO01000017.1_34    -            302 4324at2085           -            135   1.5e-08   30.4   5.2   2   3       0.5        55   -0.6   0.2    65   109   159   203   152   231 0.69 # 39542 # 40447 # -1 # ID=17_34;partial=00;start_type=ATG;rbs_motif=None;rbs_spacer=None;gc_cont=0.222
JFDO01000017.1_34    -            302 4324at2085           -            135   1.5e-08   30.4   5.2   3   3       1.6   1.8e+02   -2.2   0.0   101   116   242   257   211   275 0.58 # 39542 # 40447 # -1 # ID=17_34;partial=00;start_type=ATG;rbs_motif=None;rbs_spacer=None;gc_cont=0.222
JFDO01000017.1_69    -            317 4324at2085           -            135   3.5e-08   29.2   0.3   1   2      0.25        28    0.4   0.6    70   113    70   117    46   128 0.63 # 84564 # 85514 # -1 # ID=17_69;partial=00;start_type=ATG;rbs_motif=AGxAG;rbs_spacer=5-10bp;gc_cont=0.240
JFDO01000017.1_69    -            317 4324at2085           -            135   3.5e-08   29.2   0.3   2   2   3.2e-10   3.5e-08   29.2   0.3     5    72   119   190   115   231 0.84 # 84564 # 85514 # -1 # ID=17_69;partial=00;start_type=ATG;rbs_motif=AGxAG;rbs_spacer=5-10bp;gc_cont=0.240
JFDO01000016.1_40    -            368 4324at2085           -            135   2.1e-07   26.7   8.6   1   2     0.011       1.2    4.8   2.9    67   121    61   115    40   134 0.77 # 40675 # 41778 # -1 # ID=16_40;partial=00;start_type=ATG;rbs_motif=AGGAG;rbs_spacer=5-10bp;gc_cont=0.195
JFDO01000016.1_40    -            368 4324at2085           -            135   2.1e-07   26.7   8.6   2   2   7.5e-09   8.2e-07   24.8   0.3     3    31   150   178   148   241 0.88 # 40675 # 41778 # -1 # ID=16_40;partial=00;start_type=ATG;rbs_motif=AGGAG;rbs_spacer=5-10bp;gc_cont=0.195
JFDO01000035.1_12    -            365 4324at2085           -            135   0.00029   16.5   0.0   1   1   7.8e-06   0.00086   15.0   0.0    12    36     5    29     3    64 0.83 # 13111 # 14205 # -1 # ID=35_12;partial=00;start_type=ATG;rbs_motif=AGGA;rbs_spacer=5-10bp;gc_cont=0.273
JFDO01000017.1_60    -            434 4324at2085           -            135   0.00061   15.5   1.0   1   3   6.9e-05    0.0076   11.9   0.0    11   107   161   265   156   284 0.65 # 73861 # 75162 # -1 # ID=17_60;partial=00;start_type=ATG;rbs_motif=AGxAGG/AGGxGG;rbs_spacer=5-10bp;gc_cont=0.262
JFDO01000017.1_60    -            434 4324at2085           -            135   0.00061   15.5   1.0   2   3      0.16        18    1.0   0.5    91   124   268   301   250   321 0.56 # 73861 # 75162 # -1 # ID=17_60;partial=00;start_type=ATG;rbs_motif=AGxAGG/AGGxGG;rbs_spacer=5-10bp;gc_cont=0.262
JFDO01000017.1_60    -            434 4324at2085           -            135   0.00061   15.5   1.0   3   3      0.29        32    0.2   0.1    45    59   299   314   295   334 0.63 # 73861 # 75162 # -1 # ID=17_60;partial=00;start_type=ATG;rbs_motif=AGxAGG/AGGxGG;rbs_spacer=5-10bp;gc_cont=0.262
#
# Program:         hmmsearch
# Version:         3.1b2 (February 2015)
# Pipeline mode:   SEARCH
# Query file:      /root/busco_downloads/lineages/mycoplasmatales_odb10/hmms/4324at2085.hmm
# Target file:     /disk3/default/V2/admin/core/data/myco_out/outBusco/Mcc_14232/prodigal_output/predicted_genes/predicted.faa
# Option settings: hmmsearch --domtblout /disk3/default/V2/admin/core/data/myco_out/outBusco/Mcc_14232/run_mycoplasmatales_odb10/hmmer_output/4324at2085.out --cpu 1 /root/busco_downloads/lineages/mycoplasmatales_odb10/hmms/4324at2085.hmm /disk3/default/V2/admin/core/data/myco_out/outBusco/Mcc_14232/prodigal_output/predicted_genes/predicted.faa 
# Current dir:     /root
# Date:            Mon Aug  1 00:26:23 2022
# [ok]
