#                                                                            --- full sequence --- -------------- this domain -------------   hmm coord   ali coord   env coord
# target name        accession   tlen query name           accession   qlen   E-value  score  bias   #  of  c-Evalue  i-Evalue  score  bias  from    to  from    to  from    to  acc description of target
#------------------- ---------- ----- -------------------- ---------- ----- --------- ------ ----- --- --- --------- --------- ------ ----- ----- ----- ----- ----- ----- ----- ---- ---------------------
JFDO01000011.1_30    -            630 533at2085            -            515  6.5e-226  746.7  12.8   1   2  2.7e-199  7.9e-197  650.7   4.7     1   426     5   480     5   500 0.88 # 34286 # 36175 # 1 # ID=11_30;partial=00;start_type=ATG;rbs_motif=GGA/GAG/AGG;rbs_spacer=5-10bp;gc_cont=0.286
JFDO01000011.1_30    -            630 533at2085            -            515  6.5e-226  746.7  12.8   2   2   4.5e-30   1.3e-27   92.4   1.9   419   515   518   618   492   618 0.82 # 34286 # 36175 # 1 # ID=11_30;partial=00;start_type=ATG;rbs_motif=GGA/GAG/AGG;rbs_spacer=5-10bp;gc_cont=0.286
JFDO01000017.1_4     -            439 533at2085            -            515   2.1e-18   62.0   4.3   1   2   8.2e-05     0.024    9.0   0.8     3    31     5    34     3   208 0.70 # 2762 # 4078 # -1 # ID=17_4;partial=00;start_type=ATG;rbs_motif=GGA/GAG/AGG;rbs_spacer=5-10bp;gc_cont=0.249
JFDO01000017.1_4     -            439 533at2085            -            515   2.1e-18   62.0   4.3   2   2     5e-18   1.5e-15   52.6   0.1   256   363   274   381   262   394 0.82 # 2762 # 4078 # -1 # ID=17_4;partial=00;start_type=ATG;rbs_motif=GGA/GAG/AGG;rbs_spacer=5-10bp;gc_cont=0.249
JFDO01000024.1_17    -            424 533at2085            -            515     2e-17   58.8   6.1   1   4     0.037        11    0.3   0.0     4    28     5    30     2    41 0.72 # 15886 # 17157 # -1 # ID=24_17;partial=00;start_type=ATG;rbs_motif=None;rbs_spacer=None;gc_cont=0.195
JFDO01000024.1_17    -            424 533at2085            -            515     2e-17   58.8   6.1   2   4     0.033       9.7    0.4   0.2   186   250    99   163    79   218 0.78 # 15886 # 17157 # -1 # ID=24_17;partial=00;start_type=ATG;rbs_motif=None;rbs_spacer=None;gc_cont=0.195
JFDO01000024.1_17    -            424 533at2085            -            515     2e-17   58.8   6.1   3   4      0.16        46   -1.8   0.1   460   493   210   244   148   263 0.67 # 15886 # 17157 # -1 # ID=24_17;partial=00;start_type=ATG;rbs_motif=None;rbs_spacer=None;gc_cont=0.195
JFDO01000024.1_17    -            424 533at2085            -            515     2e-17   58.8   6.1   4   4   8.4e-20   2.5e-17   58.5   0.5   257   368   265   376   257   388 0.87 # 15886 # 17157 # -1 # ID=24_17;partial=00;start_type=ATG;rbs_motif=None;rbs_spacer=None;gc_cont=0.195
#
# Program:         hmmsearch
# Version:         3.1b2 (February 2015)
# Pipeline mode:   SEARCH
# Query file:      /root/busco_downloads/lineages/mycoplasmatales_odb10/hmms/533at2085.hmm
# Target file:     /disk3/default/V2/admin/core/data/myco_out/outBusco/Mcc_14232/prodigal_output/predicted_genes/predicted.faa
# Option settings: hmmsearch --domtblout /disk3/default/V2/admin/core/data/myco_out/outBusco/Mcc_14232/run_mycoplasmatales_odb10/hmmer_output/533at2085.out --cpu 1 /root/busco_downloads/lineages/mycoplasmatales_odb10/hmms/533at2085.hmm /disk3/default/V2/admin/core/data/myco_out/outBusco/Mcc_14232/prodigal_output/predicted_genes/predicted.faa 
# Current dir:     /root
# Date:            Mon Aug  1 00:26:24 2022
# [ok]
