#                                                                            --- full sequence --- -------------- this domain -------------   hmm coord   ali coord   env coord
# target name        accession   tlen query name           accession   qlen   E-value  score  bias   #  of  c-Evalue  i-Evalue  score  bias  from    to  from    to  from    to  acc description of target
#------------------- ---------- ----- -------------------- ---------- ----- --------- ------ ----- --- --- --------- --------- ------ ----- ----- ----- ----- ----- ----- ----- ---- ---------------------
JFDO01000004.1_47    -            640 539at2085            -            541  3.8e-226  747.6  14.8   1   1  1.6e-228  4.6e-226  747.3  14.8     2   541    67   633    66   633 0.95 # 55204 # 57123 # -1 # ID=4_47;partial=00;start_type=ATG;rbs_motif=AGGAG;rbs_spacer=3-4bp;gc_cont=0.233
JFDO01000003.1_58    -            475 539at2085            -            541   2.2e-14   48.6   6.6   1   2   5.3e-07   0.00016   16.1   0.1   178   299    36   163    26   213 0.76 # 81708 # 83132 # -1 # ID=3_58;partial=00;start_type=ATG;rbs_motif=None;rbs_spacer=None;gc_cont=0.246
JFDO01000003.1_58    -            475 539at2085            -            541   2.2e-14   48.6   6.6   2   2   1.6e-12   4.6e-10   34.4   2.4   411   535   241   374   235   380 0.75 # 81708 # 83132 # -1 # ID=3_58;partial=00;start_type=ATG;rbs_motif=None;rbs_spacer=None;gc_cont=0.246
JFDO01000003.1_52    -            415 539at2085            -            541   3.9e-05   18.1  11.1   1   4    0.0011      0.33    5.2   0.1   343   368    10    35     2    37 0.78 # 74520 # 75764 # 1 # ID=3_52;partial=00;start_type=ATG;rbs_motif=AGGA;rbs_spacer=5-10bp;gc_cont=0.227
JFDO01000003.1_52    -            415 539at2085            -            541   3.9e-05   18.1  11.1   2   4   4.4e-06    0.0013   13.1   1.2   193   280    26   115    16   177 0.82 # 74520 # 75764 # 1 # ID=3_52;partial=00;start_type=ATG;rbs_motif=AGGA;rbs_spacer=5-10bp;gc_cont=0.227
JFDO01000003.1_52    -            415 539at2085            -            541   3.9e-05   18.1  11.1   3   4      0.15        45   -1.9   0.1   474   535   189   252   158   260 0.67 # 74520 # 75764 # 1 # ID=3_52;partial=00;start_type=ATG;rbs_motif=AGGA;rbs_spacer=5-10bp;gc_cont=0.227
JFDO01000003.1_52    -            415 539at2085            -            541   3.9e-05   18.1  11.1   4   4   3.5e-05      0.01   10.1   0.4   469   539   341   413   299   414 0.63 # 74520 # 75764 # 1 # ID=3_52;partial=00;start_type=ATG;rbs_motif=AGGA;rbs_spacer=5-10bp;gc_cont=0.227
#
# Program:         hmmsearch
# Version:         3.1b2 (February 2015)
# Pipeline mode:   SEARCH
# Query file:      /root/busco_downloads/lineages/mycoplasmatales_odb10/hmms/539at2085.hmm
# Target file:     /disk3/default/V2/admin/core/data/myco_out/outBusco/Mcc_14232/prodigal_output/predicted_genes/predicted.faa
# Option settings: hmmsearch --domtblout /disk3/default/V2/admin/core/data/myco_out/outBusco/Mcc_14232/run_mycoplasmatales_odb10/hmmer_output/539at2085.out --cpu 1 /root/busco_downloads/lineages/mycoplasmatales_odb10/hmms/539at2085.hmm /disk3/default/V2/admin/core/data/myco_out/outBusco/Mcc_14232/prodigal_output/predicted_genes/predicted.faa 
# Current dir:     /root
# Date:            Mon Aug  1 00:26:24 2022
# [ok]
