#                                                                            --- full sequence --- -------------- this domain -------------   hmm coord   ali coord   env coord
# target name        accession   tlen query name           accession   qlen   E-value  score  bias   #  of  c-Evalue  i-Evalue  score  bias  from    to  from    to  from    to  acc description of target
#------------------- ---------- ----- -------------------- ---------- ----- --------- ------ ----- --- --- --------- --------- ------ ----- ----- ----- ----- ----- ----- ----- ---- ---------------------
JXQB01000001.1_652   -            436 1140at2085           -            348    7e-119  392.3  27.1   1   1  1.4e-120  1.7e-118  391.1  27.1     1   347     6   434     6   435 0.82 # 800746 # 802053 # 1 # ID=1_652;partial=00;start_type=ATG;rbs_motif=None;rbs_spacer=None;gc_cont=0.226
JXQB01000001.1_429   -            453 1140at2085           -            348   1.4e-21   72.4  12.2   1   2      0.64        77   -2.5   0.3   104   129   140   165   121   174 0.74 # 540649 # 542007 # 1 # ID=1_429;partial=00;start_type=ATG;rbs_motif=GGA/GAG/AGG;rbs_spacer=5-10bp;gc_cont=0.235
JXQB01000001.1_429   -            453 1140at2085           -            348   1.4e-21   72.4  12.2   2   2   1.1e-23   1.4e-21   72.4  12.2   129   283   217   379   199   421 0.70 # 540649 # 542007 # 1 # ID=1_429;partial=00;start_type=ATG;rbs_motif=GGA/GAG/AGG;rbs_spacer=5-10bp;gc_cont=0.235
JXQB01000001.1_702   -            302 1140at2085           -            348   1.8e-16   55.6  12.0   1   2     5e-18     6e-16   53.8   1.0     1    77     9    94     9   105 0.83 # 859365 # 860270 # 1 # ID=1_702;partial=00;start_type=ATG;rbs_motif=None;rbs_spacer=None;gc_cont=0.230
JXQB01000001.1_702   -            302 1140at2085           -            348   1.8e-16   55.6  12.0   2   2   0.00041      0.05    8.0   2.1   221   278   117   173    96   202 0.84 # 859365 # 860270 # 1 # ID=1_702;partial=00;start_type=ATG;rbs_motif=None;rbs_spacer=None;gc_cont=0.230
JXQB01000001.1_84    -            197 1140at2085           -            348   1.1e-13   46.4   5.1   1   1   1.7e-15     2e-13   45.5   5.1   131   275    24   191     7   196 0.79 # 113797 # 114387 # 1 # ID=1_84;partial=00;start_type=ATG;rbs_motif=AGGA;rbs_spacer=5-10bp;gc_cont=0.225
JXQB01000001.1_667   -            317 1140at2085           -            348   1.4e-09   32.9   0.1   1   3      0.18        22   -0.7   0.9   215   234    48    68    15   116 0.64 # 812642 # 813592 # 1 # ID=1_667;partial=00;start_type=ATG;rbs_motif=AGxAG;rbs_spacer=5-10bp;gc_cont=0.240
JXQB01000001.1_667   -            317 1140at2085           -            348   1.4e-09   32.9   0.1   2   3   1.2e-11   1.4e-09   32.9   0.1     2    67   127   195   126   203 0.79 # 812642 # 813592 # 1 # ID=1_667;partial=00;start_type=ATG;rbs_motif=AGxAG;rbs_spacer=5-10bp;gc_cont=0.240
JXQB01000001.1_667   -            317 1140at2085           -            348   1.4e-09   32.9   0.1   3   3      0.15        18   -0.4   0.0   169   188   243   262   236   273 0.85 # 812642 # 813592 # 1 # ID=1_667;partial=00;start_type=ATG;rbs_motif=AGxAG;rbs_spacer=5-10bp;gc_cont=0.240
JXQB01000001.1_677   -            434 1140at2085           -            348     4e-06   21.5   3.9   1   2   0.00011     0.014    9.9   0.0   132   164   162   193   152   248 0.79 # 824648 # 825949 # 1 # ID=1_677;partial=00;start_type=ATG;rbs_motif=AGxAGG/AGGxGG;rbs_spacer=5-10bp;gc_cont=0.264
JXQB01000001.1_677   -            434 1140at2085           -            348     4e-06   21.5   3.9   2   2   0.00012     0.014    9.9   3.2   219   278   276   332   254   361 0.86 # 824648 # 825949 # 1 # ID=1_677;partial=00;start_type=ATG;rbs_motif=AGxAGG/AGGxGG;rbs_spacer=5-10bp;gc_cont=0.264
JXQB01000001.1_443   -            365 1140at2085           -            348   8.8e-05   17.1   4.3   1   3   8.6e-07    0.0001   16.9   0.1     1    23     5    27     5    33 0.88 # 557636 # 558730 # 1 # ID=1_443;partial=00;start_type=ATG;rbs_motif=AGGA;rbs_spacer=5-10bp;gc_cont=0.276
JXQB01000001.1_443   -            365 1140at2085           -            348   8.8e-05   17.1   4.3   2   3      0.58        71   -2.3   0.1    75   102    90   119    88   130 0.79 # 557636 # 558730 # 1 # ID=1_443;partial=00;start_type=ATG;rbs_motif=AGGA;rbs_spacer=5-10bp;gc_cont=0.276
JXQB01000001.1_443   -            365 1140at2085           -            348   8.8e-05   17.1   4.3   3   3     0.053       6.4    1.1   0.1   215   277   195   256   176   273 0.75 # 557636 # 558730 # 1 # ID=1_443;partial=00;start_type=ATG;rbs_motif=AGGA;rbs_spacer=5-10bp;gc_cont=0.276
#
# Program:         hmmsearch
# Version:         3.1b2 (February 2015)
# Pipeline mode:   SEARCH
# Query file:      /root/busco_downloads/lineages/mycoplasmatales_odb10/hmms/1140at2085.hmm
# Target file:     /disk3/default/V2/admin/core/data/myco_out/outBusco/Mcc_GM508D/prodigal_output/predicted_genes/predicted.faa
# Option settings: hmmsearch --domtblout /disk3/default/V2/admin/core/data/myco_out/outBusco/Mcc_GM508D/run_mycoplasmatales_odb10/hmmer_output/1140at2085.out --cpu 1 /root/busco_downloads/lineages/mycoplasmatales_odb10/hmms/1140at2085.hmm /disk3/default/V2/admin/core/data/myco_out/outBusco/Mcc_GM508D/prodigal_output/predicted_genes/predicted.faa 
# Current dir:     /root
# Date:            Mon Aug  1 00:27:34 2022
# [ok]
