#                                                                            --- full sequence --- -------------- this domain -------------   hmm coord   ali coord   env coord
# target name        accession   tlen query name           accession   qlen   E-value  score  bias   #  of  c-Evalue  i-Evalue  score  bias  from    to  from    to  from    to  acc description of target
#------------------- ---------- ----- -------------------- ---------- ----- --------- ------ ----- --- --- --------- --------- ------ ----- ----- ----- ----- ----- ----- ----- ---- ---------------------
JXQB01000001.1_429   -            453 1338at2085           -            333  6.1e-102  336.8  38.1   1   2   1.4e-94   1.5e-92  305.9  34.9     1   309     5   358     5   401 0.83 # 540649 # 542007 # 1 # ID=1_429;partial=00;start_type=ATG;rbs_motif=GGA/GAG/AGG;rbs_spacer=5-10bp;gc_cont=0.235
JXQB01000001.1_429   -            453 1338at2085           -            333  6.1e-102  336.8  38.1   2   2   3.8e-09     4e-07   25.1   1.0   282   333   397   452   366   452 0.68 # 540649 # 542007 # 1 # ID=1_429;partial=00;start_type=ATG;rbs_motif=GGA/GAG/AGG;rbs_spacer=5-10bp;gc_cont=0.235
JXQB01000001.1_652   -            436 1338at2085           -            333     1e-41  138.8  25.9   1   2   2.1e-21   2.2e-19   65.4   4.0   179   278     6   103     2   131 0.77 # 800746 # 802053 # 1 # ID=1_652;partial=00;start_type=ATG;rbs_motif=None;rbs_spacer=None;gc_cont=0.226
JXQB01000001.1_652   -            436 1338at2085           -            333     1e-41  138.8  25.9   2   2   1.6e-24   1.7e-22   75.6  15.6   160   269   158   271   109   352 0.86 # 800746 # 802053 # 1 # ID=1_652;partial=00;start_type=ATG;rbs_motif=None;rbs_spacer=None;gc_cont=0.226
JXQB01000001.1_702   -            302 1338at2085           -            333   1.3e-18   62.8   5.0   1   1   1.2e-20   1.3e-18   62.8   5.0   179   298     9   124     2   157 0.86 # 859365 # 860270 # 1 # ID=1_702;partial=00;start_type=ATG;rbs_motif=None;rbs_spacer=None;gc_cont=0.230
JXQB01000001.1_84    -            197 1338at2085           -            333   2.2e-09   32.5   1.2   1   2     2e-11   2.2e-09   32.5   1.2   165   233    11    79     3   168 0.78 # 113797 # 114387 # 1 # ID=1_84;partial=00;start_type=ATG;rbs_motif=AGGA;rbs_spacer=5-10bp;gc_cont=0.225
JXQB01000001.1_84    -            197 1338at2085           -            333   2.2e-09   32.5   1.2   2   2      0.17        18   -0.1   0.8   153   197   150   193   137   196 0.63 # 113797 # 114387 # 1 # ID=1_84;partial=00;start_type=ATG;rbs_motif=AGGA;rbs_spacer=5-10bp;gc_cont=0.225
JXQB01000001.1_667   -            317 1338at2085           -            333   8.5e-08   27.3   8.9   1   1   8.9e-10   9.4e-08   27.2   8.2   148   279    85   225    47   280 0.67 # 812642 # 813592 # 1 # ID=1_667;partial=00;start_type=ATG;rbs_motif=AGxAG;rbs_spacer=5-10bp;gc_cont=0.240
JXQB01000001.1_443   -            365 1338at2085           -            333   4.2e-05   18.5   7.6   1   3   1.8e-06   0.00019   16.3   0.2   176   199     2    25     1    31 0.91 # 557636 # 558730 # 1 # ID=1_443;partial=00;start_type=ATG;rbs_motif=AGGA;rbs_spacer=5-10bp;gc_cont=0.276
JXQB01000001.1_443   -            365 1338at2085           -            333   4.2e-05   18.5   7.6   2   3    0.0019      0.21    6.3   0.4   224   325    67   168    57   175 0.83 # 557636 # 558730 # 1 # ID=1_443;partial=00;start_type=ATG;rbs_motif=AGGA;rbs_spacer=5-10bp;gc_cont=0.276
JXQB01000001.1_443   -            365 1338at2085           -            333   4.2e-05   18.5   7.6   3   3         1   1.1e+02   -2.6   0.1   264   293   231   260   218   274 0.75 # 557636 # 558730 # 1 # ID=1_443;partial=00;start_type=ATG;rbs_motif=AGGA;rbs_spacer=5-10bp;gc_cont=0.276
JXQB01000001.1_677   -            434 1338at2085           -            333   7.3e-05   17.6   1.2   1   1   1.9e-06    0.0002   16.2   0.2   178   301   161   288   151   311 0.74 # 824648 # 825949 # 1 # ID=1_677;partial=00;start_type=ATG;rbs_motif=AGxAGG/AGGxGG;rbs_spacer=5-10bp;gc_cont=0.264
JXQB01000001.1_196   -            513 1338at2085           -            333   0.00032   15.5   0.1   1   2   3.1e-06   0.00032   15.5   0.1   164   199    17    52     7    61 0.86 # 261348 # 262886 # -1 # ID=1_196;partial=00;start_type=ATG;rbs_motif=AGGAGG;rbs_spacer=3-4bp;gc_cont=0.256
JXQB01000001.1_196   -            513 1338at2085           -            333   0.00032   15.5   0.1   2   2      0.33        35   -1.0   0.4   245   285   212   252   162   300 0.49 # 261348 # 262886 # -1 # ID=1_196;partial=00;start_type=ATG;rbs_motif=AGGAGG;rbs_spacer=3-4bp;gc_cont=0.256
#
# Program:         hmmsearch
# Version:         3.1b2 (February 2015)
# Pipeline mode:   SEARCH
# Query file:      /root/busco_downloads/lineages/mycoplasmatales_odb10/hmms/1338at2085.hmm
# Target file:     /disk3/default/V2/admin/core/data/myco_out/outBusco/Mcc_GM508D/prodigal_output/predicted_genes/predicted.faa
# Option settings: hmmsearch --domtblout /disk3/default/V2/admin/core/data/myco_out/outBusco/Mcc_GM508D/run_mycoplasmatales_odb10/hmmer_output/1338at2085.out --cpu 1 /root/busco_downloads/lineages/mycoplasmatales_odb10/hmms/1338at2085.hmm /disk3/default/V2/admin/core/data/myco_out/outBusco/Mcc_GM508D/prodigal_output/predicted_genes/predicted.faa 
# Current dir:     /root
# Date:            Mon Aug  1 00:27:34 2022
# [ok]
