#                                                                            --- full sequence --- -------------- this domain -------------   hmm coord   ali coord   env coord
# target name        accession   tlen query name           accession   qlen   E-value  score  bias   #  of  c-Evalue  i-Evalue  score  bias  from    to  from    to  from    to  acc description of target
#------------------- ---------- ----- -------------------- ---------- ----- --------- ------ ----- --- --- --------- --------- ------ ----- ----- ----- ----- ----- ----- ----- ---- ---------------------
JXQB01000001.1_815   -            909 157at2085            -            637  8.6e-223  736.7  36.6   1   4     1e-89   1.7e-87  289.7   2.5     1   242    18   296    18   306 0.81 # 981361 # 984087 # -1 # ID=1_815;partial=00;start_type=ATG;rbs_motif=AGGA;rbs_spacer=5-10bp;gc_cont=0.248
JXQB01000001.1_815   -            909 157at2085            -            637  8.6e-223  736.7  36.6   2   4  1.1e-127  1.9e-125  415.1   5.9   226   539   308   678   297   691 0.87 # 981361 # 984087 # -1 # ID=1_815;partial=00;start_type=ATG;rbs_motif=AGGA;rbs_spacer=5-10bp;gc_cont=0.248
JXQB01000001.1_815   -            909 157at2085            -            637  8.6e-223  736.7  36.6   3   4   3.1e-16   5.2e-14   47.0   6.7   522   600   692   782   678   814 0.79 # 981361 # 984087 # -1 # ID=1_815;partial=00;start_type=ATG;rbs_motif=AGGA;rbs_spacer=5-10bp;gc_cont=0.248
JXQB01000001.1_815   -            909 157at2085            -            637  8.6e-223  736.7  36.6   4   4     0.041         7    0.3   0.6   603   637   855   889   807   889 0.69 # 981361 # 984087 # -1 # ID=1_815;partial=00;start_type=ATG;rbs_motif=AGGA;rbs_spacer=5-10bp;gc_cont=0.248
JXQB01000001.1_70    -            873 157at2085            -            637     6e-56  185.5  51.4   1   3   9.9e-56   1.7e-53  177.5  24.8    12   538    25   608    16   617 0.72 # 99072 # 101690 # 1 # ID=1_70;partial=00;start_type=ATG;rbs_motif=AGGAG;rbs_spacer=5-10bp;gc_cont=0.228
JXQB01000001.1_70    -            873 157at2085            -            637     6e-56  185.5  51.4   2   3   3.2e-07   5.5e-05   17.2   8.9   520   603   621   709   605   747 0.79 # 99072 # 101690 # 1 # ID=1_70;partial=00;start_type=ATG;rbs_motif=AGGAG;rbs_spacer=5-10bp;gc_cont=0.228
JXQB01000001.1_70    -            873 157at2085            -            637     6e-56  185.5  51.4   3   3      0.53        90   -3.4   6.2   479   578   721   826   709   862 0.63 # 99072 # 101690 # 1 # ID=1_70;partial=00;start_type=ATG;rbs_motif=AGGAG;rbs_spacer=5-10bp;gc_cont=0.228
JXQB01000001.1_572   -            805 157at2085            -            637   1.4e-39  131.4   8.5   1   4   3.3e-17   5.6e-15   50.2   0.8    10   162    17   173     9   178 0.84 # 703379 # 705793 # 1 # ID=1_572;partial=00;start_type=ATG;rbs_motif=AGGAG;rbs_spacer=5-10bp;gc_cont=0.265
JXQB01000001.1_572   -            805 157at2085            -            637   1.4e-39  131.4   8.5   2   4     0.002      0.34    4.6   0.0   218   264   311   357   255   373 0.82 # 703379 # 705793 # 1 # ID=1_572;partial=00;start_type=ATG;rbs_motif=AGGAG;rbs_spacer=5-10bp;gc_cont=0.265
JXQB01000001.1_572   -            805 157at2085            -            637   1.4e-39  131.4   8.5   3   4   3.3e-07   5.5e-05   17.2   0.0   332   363   410   441   386   449 0.75 # 703379 # 705793 # 1 # ID=1_572;partial=00;start_type=ATG;rbs_motif=AGGAG;rbs_spacer=5-10bp;gc_cont=0.265
JXQB01000001.1_572   -            805 157at2085            -            637   1.4e-39  131.4   8.5   4   4   1.4e-20   2.4e-18   61.3   0.3   438   610   560   741   504   762 0.75 # 703379 # 705793 # 1 # ID=1_572;partial=00;start_type=ATG;rbs_motif=AGGAG;rbs_spacer=5-10bp;gc_cont=0.265
JXQB01000001.1_281   -            510 157at2085            -            637   4.7e-25   83.5   6.8   1   2   1.5e-15   2.6e-13   44.7   0.2    32   155    12   136     2   146 0.79 # 368886 # 370415 # -1 # ID=1_281;partial=00;start_type=ATG;rbs_motif=GGA/GAG/AGG;rbs_spacer=5-10bp;gc_cont=0.233
JXQB01000001.1_281   -            510 157at2085            -            637   4.7e-25   83.5   6.8   2   2   2.1e-14   3.5e-12   40.9   1.9   444   570   287   413   279   463 0.78 # 368886 # 370415 # -1 # ID=1_281;partial=00;start_type=ATG;rbs_motif=GGA/GAG/AGG;rbs_spacer=5-10bp;gc_cont=0.233
JXQB01000001.1_209   -            442 157at2085            -            637   1.2e-07   26.0  18.5   1   2   0.00022     0.038    7.8   0.5    16    86    10    81     4   144 0.72 # 280340 # 281665 # -1 # ID=1_209;partial=00;start_type=ATG;rbs_motif=AGGAG;rbs_spacer=5-10bp;gc_cont=0.203
JXQB01000001.1_209   -            442 157at2085            -            637   1.2e-07   26.0  18.5   2   2   9.1e-09   1.5e-06   22.3  11.8   448   604   252   419   208   436 0.72 # 280340 # 281665 # -1 # ID=1_209;partial=00;start_type=ATG;rbs_motif=AGGAG;rbs_spacer=5-10bp;gc_cont=0.203
#
# Program:         hmmsearch
# Version:         3.1b2 (February 2015)
# Pipeline mode:   SEARCH
# Query file:      /root/busco_downloads/lineages/mycoplasmatales_odb10/hmms/157at2085.hmm
# Target file:     /disk3/default/V2/admin/core/data/myco_out/outBusco/Mcc_GM508D/prodigal_output/predicted_genes/predicted.faa
# Option settings: hmmsearch --domtblout /disk3/default/V2/admin/core/data/myco_out/outBusco/Mcc_GM508D/run_mycoplasmatales_odb10/hmmer_output/157at2085.out --cpu 1 /root/busco_downloads/lineages/mycoplasmatales_odb10/hmms/157at2085.hmm /disk3/default/V2/admin/core/data/myco_out/outBusco/Mcc_GM508D/prodigal_output/predicted_genes/predicted.faa 
# Current dir:     /root
# Date:            Mon Aug  1 00:27:35 2022
# [ok]
