#                                                                            --- full sequence --- -------------- this domain -------------   hmm coord   ali coord   env coord
# target name        accession   tlen query name           accession   qlen   E-value  score  bias   #  of  c-Evalue  i-Evalue  score  bias  from    to  from    to  from    to  acc description of target
#------------------- ---------- ----- -------------------- ---------- ----- --------- ------ ----- --- --- --------- --------- ------ ----- ----- ----- ----- ----- ----- ----- ---- ---------------------
JXQB01000001.1_84    -            197 4324at2085           -            135   1.9e-37  123.9   5.3   1   1   4.4e-39   4.7e-37  122.6   5.3     4   124    17   159     7   183 0.86 # 113797 # 114387 # 1 # ID=1_84;partial=00;start_type=ATG;rbs_motif=AGGA;rbs_spacer=5-10bp;gc_cont=0.225
JXQB01000001.1_652   -            436 4324at2085           -            135   2.9e-14   48.8  17.2   1   3   2.6e-08   2.7e-06   23.0   4.0    11   101     5   105     2   153 0.62 # 800746 # 802053 # 1 # ID=1_652;partial=00;start_type=ATG;rbs_motif=None;rbs_spacer=None;gc_cont=0.226
JXQB01000001.1_652   -            436 4324at2085           -            135   2.9e-14   48.8  17.2   2   3      0.26        28    0.3   0.3    36    70   108   141    90   172 0.61 # 800746 # 802053 # 1 # ID=1_652;partial=00;start_type=ATG;rbs_motif=None;rbs_spacer=None;gc_cont=0.226
JXQB01000001.1_652   -            436 4324at2085           -            135   2.9e-14   48.8  17.2   3   3     5e-10   5.3e-08   28.6   5.1     8   122   173   308   166   318 0.70 # 800746 # 802053 # 1 # ID=1_652;partial=00;start_type=ATG;rbs_motif=None;rbs_spacer=None;gc_cont=0.226
JXQB01000001.1_429   -            453 4324at2085           -            135   5.3e-10   35.1   5.2   1   1   4.3e-11   4.5e-09   32.0   5.2     4   123   212   347   209   361 0.68 # 540649 # 542007 # 1 # ID=1_429;partial=00;start_type=ATG;rbs_motif=GGA/GAG/AGG;rbs_spacer=5-10bp;gc_cont=0.235
JXQB01000001.1_702   -            302 4324at2085           -            135   1.4e-08   30.5   4.2   1   2   1.3e-10   1.4e-08   30.5   4.2    12   121     9   137     3   162 0.74 # 859365 # 860270 # 1 # ID=1_702;partial=00;start_type=ATG;rbs_motif=None;rbs_spacer=None;gc_cont=0.230
JXQB01000001.1_702   -            302 4324at2085           -            135   1.4e-08   30.5   4.2   2   2      0.44        46   -0.4   0.2    65   107   159   201   143   231 0.69 # 859365 # 860270 # 1 # ID=1_702;partial=00;start_type=ATG;rbs_motif=None;rbs_spacer=None;gc_cont=0.230
JXQB01000001.1_667   -            317 4324at2085           -            135   3.4e-08   29.2   0.3   1   2      0.25        27    0.4   0.6    70   113    70   117    46   128 0.63 # 812642 # 813592 # 1 # ID=1_667;partial=00;start_type=ATG;rbs_motif=AGxAG;rbs_spacer=5-10bp;gc_cont=0.240
JXQB01000001.1_667   -            317 4324at2085           -            135   3.4e-08   29.2   0.3   2   2   3.2e-10   3.4e-08   29.2   0.3     5    72   119   190   115   231 0.84 # 812642 # 813592 # 1 # ID=1_667;partial=00;start_type=ATG;rbs_motif=AGxAG;rbs_spacer=5-10bp;gc_cont=0.240
JXQB01000001.1_787   -            368 4324at2085           -            135   1.7e-07   27.0   8.3   1   2     0.011       1.2    4.8   2.9    67   121    61   115    40   134 0.77 # 957624 # 958727 # 1 # ID=1_787;partial=00;start_type=ATG;rbs_motif=AGGAG;rbs_spacer=5-10bp;gc_cont=0.194
JXQB01000001.1_787   -            368 4324at2085           -            135   1.7e-07   27.0   8.3   2   2   8.2e-09   8.6e-07   24.6   0.3     3    31   150   178   148   212 0.87 # 957624 # 958727 # 1 # ID=1_787;partial=00;start_type=ATG;rbs_motif=AGGAG;rbs_spacer=5-10bp;gc_cont=0.194
JXQB01000001.1_443   -            365 4324at2085           -            135    0.0003   16.4   0.0   1   1   7.8e-06   0.00082   15.0   0.0    12    36     5    29     3    64 0.83 # 557636 # 558730 # 1 # ID=1_443;partial=00;start_type=ATG;rbs_motif=AGGA;rbs_spacer=5-10bp;gc_cont=0.276
JXQB01000001.1_677   -            434 4324at2085           -            135   0.00059   15.5   1.0   1   3   6.9e-05    0.0073   11.9   0.0    11   107   161   265   156   284 0.65 # 824648 # 825949 # 1 # ID=1_677;partial=00;start_type=ATG;rbs_motif=AGxAGG/AGGxGG;rbs_spacer=5-10bp;gc_cont=0.264
JXQB01000001.1_677   -            434 4324at2085           -            135   0.00059   15.5   1.0   2   3      0.16        17    1.0   0.5    91   124   268   301   250   321 0.56 # 824648 # 825949 # 1 # ID=1_677;partial=00;start_type=ATG;rbs_motif=AGxAGG/AGGxGG;rbs_spacer=5-10bp;gc_cont=0.264
JXQB01000001.1_677   -            434 4324at2085           -            135   0.00059   15.5   1.0   3   3      0.29        31    0.2   0.1    45    59   299   314   295   334 0.63 # 824648 # 825949 # 1 # ID=1_677;partial=00;start_type=ATG;rbs_motif=AGxAGG/AGGxGG;rbs_spacer=5-10bp;gc_cont=0.264
#
# Program:         hmmsearch
# Version:         3.1b2 (February 2015)
# Pipeline mode:   SEARCH
# Query file:      /root/busco_downloads/lineages/mycoplasmatales_odb10/hmms/4324at2085.hmm
# Target file:     /disk3/default/V2/admin/core/data/myco_out/outBusco/Mcc_GM508D/prodigal_output/predicted_genes/predicted.faa
# Option settings: hmmsearch --domtblout /disk3/default/V2/admin/core/data/myco_out/outBusco/Mcc_GM508D/run_mycoplasmatales_odb10/hmmer_output/4324at2085.out --cpu 1 /root/busco_downloads/lineages/mycoplasmatales_odb10/hmms/4324at2085.hmm /disk3/default/V2/admin/core/data/myco_out/outBusco/Mcc_GM508D/prodigal_output/predicted_genes/predicted.faa 
# Current dir:     /root
# Date:            Mon Aug  1 00:27:39 2022
# [ok]
