#                                                                            --- full sequence --- -------------- this domain -------------   hmm coord   ali coord   env coord
# target name        accession   tlen query name           accession   qlen   E-value  score  bias   #  of  c-Evalue  i-Evalue  score  bias  from    to  from    to  from    to  acc description of target
#------------------- ---------- ----- -------------------- ---------- ----- --------- ------ ----- --- --- --------- --------- ------ ----- ----- ----- ----- ----- ----- ----- ---- ---------------------
JXQB01000001.1_572   -            805 462at2085            -            610  2.8e-231  764.9  32.2   1   4    2e-128  3.3e-126  417.8   6.5     1   274     3   286     3   308 0.91 # 703379 # 705793 # 1 # ID=1_572;partial=00;start_type=ATG;rbs_motif=AGGAG;rbs_spacer=5-10bp;gc_cont=0.265
JXQB01000001.1_572   -            805 462at2085            -            610  2.8e-231  764.9  32.2   2   4    0.0046      0.78    3.7   0.0   264   295   314   351   300   368 0.77 # 703379 # 705793 # 1 # ID=1_572;partial=00;start_type=ATG;rbs_motif=AGGAG;rbs_spacer=5-10bp;gc_cont=0.265
JXQB01000001.1_572   -            805 462at2085            -            610  2.8e-231  764.9  32.2   3   4   1.2e-97   1.9e-95  316.2   0.4   266   520   364   640   353   654 0.85 # 703379 # 705793 # 1 # ID=1_572;partial=00;start_type=ATG;rbs_motif=AGGAG;rbs_spacer=5-10bp;gc_cont=0.265
JXQB01000001.1_572   -            805 462at2085            -            610  2.8e-231  764.9  32.2   4   4   5.6e-11   9.5e-09   29.9  12.1   507   609   659   803   644   804 0.73 # 703379 # 705793 # 1 # ID=1_572;partial=00;start_type=ATG;rbs_motif=AGGAG;rbs_spacer=5-10bp;gc_cont=0.265
JXQB01000001.1_815   -            909 462at2085            -            610   4.1e-41  136.8  17.8   1   2   8.7e-27   1.5e-24   82.1   1.0     4   169    27   204    24   218 0.88 # 981361 # 984087 # -1 # ID=1_815;partial=00;start_type=ATG;rbs_motif=AGGA;rbs_spacer=5-10bp;gc_cont=0.248
JXQB01000001.1_815   -            909 462at2085            -            610   4.1e-41  136.8  17.8   2   2   2.6e-21   4.4e-19   64.0   2.9   308   509   450   643   371   659 0.74 # 981361 # 984087 # -1 # ID=1_815;partial=00;start_type=ATG;rbs_motif=AGGA;rbs_spacer=5-10bp;gc_cont=0.248
JXQB01000001.1_70    -            873 462at2085            -            610   4.6e-37  123.4  41.4   1   4   3.4e-21   5.7e-19   63.6   8.0     1   175     9   201     9   216 0.81 # 99072 # 101690 # 1 # ID=1_70;partial=00;start_type=ATG;rbs_motif=AGGAG;rbs_spacer=5-10bp;gc_cont=0.228
JXQB01000001.1_70    -            873 462at2085            -            610   4.6e-37  123.4  41.4   2   4      0.14        24   -1.2   0.1   226   278   210   265   200   292 0.74 # 99072 # 101690 # 1 # ID=1_70;partial=00;start_type=ATG;rbs_motif=AGGAG;rbs_spacer=5-10bp;gc_cont=0.228
JXQB01000001.1_70    -            873 462at2085            -            610   4.6e-37  123.4  41.4   3   4   1.2e-23   2.1e-21   71.7   6.7   274   517   363   580   312   588 0.82 # 99072 # 101690 # 1 # ID=1_70;partial=00;start_type=ATG;rbs_motif=AGGAG;rbs_spacer=5-10bp;gc_cont=0.228
JXQB01000001.1_70    -            873 462at2085            -            610   4.6e-37  123.4  41.4   4   4    0.0016      0.28    5.2   2.4   514   565   657   709   632   752 0.74 # 99072 # 101690 # 1 # ID=1_70;partial=00;start_type=ATG;rbs_motif=AGGAG;rbs_spacer=5-10bp;gc_cont=0.228
JXQB01000001.1_281   -            510 462at2085            -            610   1.3e-35  118.6  12.7   1   3   8.1e-28   1.4e-25   85.5   3.0    25   199     2   176     1   203 0.90 # 368886 # 370415 # -1 # ID=1_281;partial=00;start_type=ATG;rbs_motif=GGA/GAG/AGG;rbs_spacer=5-10bp;gc_cont=0.233
JXQB01000001.1_281   -            510 462at2085            -            610   1.3e-35  118.6  12.7   2   3   3.1e-13   5.3e-11   37.3   0.1   428   500   273   340   229   371 0.76 # 368886 # 370415 # -1 # ID=1_281;partial=00;start_type=ATG;rbs_motif=GGA/GAG/AGG;rbs_spacer=5-10bp;gc_cont=0.233
JXQB01000001.1_281   -            510 462at2085            -            610   1.3e-35  118.6  12.7   3   3     0.031       5.2    1.0   0.7   494   543   381   430   343   455 0.74 # 368886 # 370415 # -1 # ID=1_281;partial=00;start_type=ATG;rbs_motif=GGA/GAG/AGG;rbs_spacer=5-10bp;gc_cont=0.233
JXQB01000001.1_209   -            442 462at2085            -            610   3.8e-07   24.6   1.7   1   3     0.043       7.3    0.5   0.0    41    65    31    55     6    59 0.84 # 280340 # 281665 # -1 # ID=1_209;partial=00;start_type=ATG;rbs_motif=AGGAG;rbs_spacer=5-10bp;gc_cont=0.203
JXQB01000001.1_209   -            442 462at2085            -            610   3.8e-07   24.6   1.7   2   3       0.2        33   -1.6   0.1   185   212    82   112    51   142 0.66 # 280340 # 281665 # -1 # ID=1_209;partial=00;start_type=ATG;rbs_motif=AGGAG;rbs_spacer=5-10bp;gc_cont=0.203
JXQB01000001.1_209   -            442 462at2085            -            610   3.8e-07   24.6   1.7   3   3   2.3e-09   3.8e-07   24.6   1.7   453   522   256   323   236   373 0.82 # 280340 # 281665 # -1 # ID=1_209;partial=00;start_type=ATG;rbs_motif=AGGAG;rbs_spacer=5-10bp;gc_cont=0.203
#
# Program:         hmmsearch
# Version:         3.1b2 (February 2015)
# Pipeline mode:   SEARCH
# Query file:      /root/busco_downloads/lineages/mycoplasmatales_odb10/hmms/462at2085.hmm
# Target file:     /disk3/default/V2/admin/core/data/myco_out/outBusco/Mcc_GM508D/prodigal_output/predicted_genes/predicted.faa
# Option settings: hmmsearch --domtblout /disk3/default/V2/admin/core/data/myco_out/outBusco/Mcc_GM508D/run_mycoplasmatales_odb10/hmmer_output/462at2085.out --cpu 1 /root/busco_downloads/lineages/mycoplasmatales_odb10/hmms/462at2085.hmm /disk3/default/V2/admin/core/data/myco_out/outBusco/Mcc_GM508D/prodigal_output/predicted_genes/predicted.faa 
# Current dir:     /root
# Date:            Mon Aug  1 00:27:40 2022
# [ok]
