#                                                                            --- full sequence --- -------------- this domain -------------   hmm coord   ali coord   env coord
# target name        accession   tlen query name           accession   qlen   E-value  score  bias   #  of  c-Evalue  i-Evalue  score  bias  from    to  from    to  from    to  acc description of target
#------------------- ---------- ----- -------------------- ---------- ----- --------- ------ ----- --- --- --------- --------- ------ ----- ----- ----- ----- ----- ----- ----- ---- ---------------------
JXQB01000001.1_367   -            670 584at2085            -            308    1e-104  345.9  21.4   1   3  6.2e-107    1e-104  345.9  21.4     1   285     7   325     7   345 0.84 # 465828 # 467837 # -1 # ID=1_367;partial=00;start_type=ATG;rbs_motif=GGAG/GAGG;rbs_spacer=5-10bp;gc_cont=0.209
JXQB01000001.1_367   -            670 584at2085            -            308    1e-104  345.9  21.4   2   3         5   8.4e+02   -6.8   8.2   170   216   357   405   340   488 0.49 # 465828 # 467837 # -1 # ID=1_367;partial=00;start_type=ATG;rbs_motif=GGAG/GAGG;rbs_spacer=5-10bp;gc_cont=0.209
JXQB01000001.1_367   -            670 584at2085            -            308    1e-104  345.9  21.4   3   3         5   8.4e+02   -5.5   9.9   161   284   502   624   485   647 0.69 # 465828 # 467837 # -1 # ID=1_367;partial=00;start_type=ATG;rbs_motif=GGAG/GAGG;rbs_spacer=5-10bp;gc_cont=0.209
JXQB01000001.1_694   -            413 584at2085            -            308   3.8e-16   55.0  10.6   1   2   9.6e-11   1.6e-08   30.0   0.2     7    59    10    64     7    85 0.80 # 842631 # 843869 # 1 # ID=1_694;partial=00;start_type=ATG;rbs_motif=GGAG/GAGG;rbs_spacer=5-10bp;gc_cont=0.238
JXQB01000001.1_694   -            413 584at2085            -            308   3.8e-16   55.0  10.6   2   2   6.9e-10   1.2e-07   27.2   6.8    96   224    82   218    68   255 0.75 # 842631 # 843869 # 1 # ID=1_694;partial=00;start_type=ATG;rbs_motif=GGAG/GAGG;rbs_spacer=5-10bp;gc_cont=0.238
JXQB01000001.1_783   -            308 584at2085            -            308   3.3e-14   48.7   8.2   1   1   9.5e-16   1.6e-13   46.4   8.1     6   228     2   236     1   259 0.73 # 953369 # 954292 # 1 # ID=1_783;partial=00;start_type=ATG;rbs_motif=AGxAGG/AGGxGG;rbs_spacer=5-10bp;gc_cont=0.206
JXQB01000001.1_364   -            248 584at2085            -            308   4.2e-12   41.8   9.2   1   2   2.5e-14   4.2e-12   41.8   9.2    66   163    59   158     2   182 0.79 # 463871 # 464614 # -1 # ID=1_364;partial=00;start_type=ATG;rbs_motif=None;rbs_spacer=None;gc_cont=0.180
JXQB01000001.1_364   -            248 584at2085            -            308   4.2e-12   41.8   9.2   2   2      0.19        33   -0.6   0.4   266   288   188   210   159   228 0.44 # 463871 # 464614 # -1 # ID=1_364;partial=00;start_type=ATG;rbs_motif=None;rbs_spacer=None;gc_cont=0.180
JXQB01000001.1_840   -            714 584at2085            -            308   2.3e-06   22.9   5.7   1   5    0.0028      0.47    5.5   0.0     9    56    27    73    20    81 0.81 # 1014730 # 1016871 # -1 # ID=1_840;partial=00;start_type=GTG;rbs_motif=AGGAG;rbs_spacer=5-10bp;gc_cont=0.268
JXQB01000001.1_840   -            714 584at2085            -            308   2.3e-06   22.9   5.7   2   5      0.82   1.4e+02   -2.6   0.4   209   243   312   344   279   408 0.57 # 1014730 # 1016871 # -1 # ID=1_840;partial=00;start_type=GTG;rbs_motif=AGGAG;rbs_spacer=5-10bp;gc_cont=0.268
JXQB01000001.1_840   -            714 584at2085            -            308   2.3e-06   22.9   5.7   3   5   8.1e-07   0.00014   17.1   0.0    14    58   422   474   418   551 0.67 # 1014730 # 1016871 # -1 # ID=1_840;partial=00;start_type=GTG;rbs_motif=AGGAG;rbs_spacer=5-10bp;gc_cont=0.268
JXQB01000001.1_840   -            714 584at2085            -            308   2.3e-06   22.9   5.7   4   5      0.21        36   -0.7   1.0   224   269   580   625   521   658 0.57 # 1014730 # 1016871 # -1 # ID=1_840;partial=00;start_type=GTG;rbs_motif=AGGAG;rbs_spacer=5-10bp;gc_cont=0.268
JXQB01000001.1_840   -            714 584at2085            -            308   2.3e-06   22.9   5.7   5   5      0.15        26   -0.2   0.4   225   279   601   656   558   686 0.58 # 1014730 # 1016871 # -1 # ID=1_840;partial=00;start_type=GTG;rbs_motif=AGGAG;rbs_spacer=5-10bp;gc_cont=0.268
#
# Program:         hmmsearch
# Version:         3.1b2 (February 2015)
# Pipeline mode:   SEARCH
# Query file:      /root/busco_downloads/lineages/mycoplasmatales_odb10/hmms/584at2085.hmm
# Target file:     /disk3/default/V2/admin/core/data/myco_out/outBusco/Mcc_GM508D/prodigal_output/predicted_genes/predicted.faa
# Option settings: hmmsearch --domtblout /disk3/default/V2/admin/core/data/myco_out/outBusco/Mcc_GM508D/run_mycoplasmatales_odb10/hmmer_output/584at2085.out --cpu 1 /root/busco_downloads/lineages/mycoplasmatales_odb10/hmms/584at2085.hmm /disk3/default/V2/admin/core/data/myco_out/outBusco/Mcc_GM508D/prodigal_output/predicted_genes/predicted.faa 
# Current dir:     /root
# Date:            Mon Aug  1 00:27:41 2022
# [ok]
