#                                                                            --- full sequence --- -------------- this domain -------------   hmm coord   ali coord   env coord
# target name        accession   tlen query name           accession   qlen   E-value  score  bias   #  of  c-Evalue  i-Evalue  score  bias  from    to  from    to  from    to  acc description of target
#------------------- ---------- ----- -------------------- ---------- ----- --------- ------ ----- --- --- --------- --------- ------ ----- ----- ----- ----- ----- ----- ----- ---- ---------------------
JXQB01000001.1_40    -            621 801at2085            -            486  1.2e-173  573.8  25.6   1   2  1.5e-144  2.5e-142  470.6  11.2     2   331    21   388    20   412 0.91 # 61508 # 63370 # 1 # ID=1_40;partial=00;start_type=ATG;rbs_motif=GGAG/GAGG;rbs_spacer=5-10bp;gc_cont=0.278
JXQB01000001.1_40    -            621 801at2085            -            486  1.2e-173  573.8  25.6   2   2   9.5e-35   1.6e-32  108.4   7.3   328   484   415   615   395   617 0.79 # 61508 # 63370 # 1 # ID=1_40;partial=00;start_type=ATG;rbs_motif=GGAG/GAGG;rbs_spacer=5-10bp;gc_cont=0.278
JXQB01000001.1_164   -            396 801at2085            -            486   1.6e-20   68.8   3.8   1   1   1.4e-21   2.4e-19   65.0   3.8    85   280    15   241     3   257 0.75 # 225626 # 226813 # -1 # ID=1_164;partial=00;start_type=ATG;rbs_motif=AGGAG;rbs_spacer=5-10bp;gc_cont=0.359
JXQB01000001.1_51    -            601 801at2085            -            486   1.5e-19   65.6   3.9   1   2   0.00013     0.022    9.0   0.0    86   109    10    34     3    41 0.78 # 74483 # 76285 # -1 # ID=1_51;partial=00;start_type=ATG;rbs_motif=GGA/GAG/AGG;rbs_spacer=5-10bp;gc_cont=0.271
JXQB01000001.1_51    -            601 801at2085            -            486   1.5e-19   65.6   3.9   2   2   4.8e-19   8.1e-17   56.6   1.4   124   287    74   231    68   276 0.87 # 74483 # 76285 # -1 # ID=1_51;partial=00;start_type=ATG;rbs_motif=GGA/GAG/AGG;rbs_spacer=5-10bp;gc_cont=0.271
JXQB01000001.1_120   -            610 801at2085            -            486   1.1e-15   52.8   4.7   1   2   3.5e-17   5.9e-15   50.5   1.3    85   225     9   173     2   194 0.71 # 162926 # 164755 # 1 # ID=1_120;partial=00;start_type=ATG;rbs_motif=GGAG/GAGG;rbs_spacer=5-10bp;gc_cont=0.270
JXQB01000001.1_120   -            610 801at2085            -            486   1.1e-15   52.8   4.7   2   2       1.1   1.8e+02   -3.9   0.1   438   456   239   257   225   290 0.60 # 162926 # 164755 # 1 # ID=1_120;partial=00;start_type=ATG;rbs_motif=GGAG/GAGG;rbs_spacer=5-10bp;gc_cont=0.270
JXQB01000001.1_165   -            690 801at2085            -            486   3.8e-14   47.8   3.1   1   2     2e-14   3.3e-12   41.4   2.5   110   192    56   144     7   155 0.68 # 226945 # 229014 # -1 # ID=1_165;partial=00;start_type=ATG;rbs_motif=AGGA;rbs_spacer=5-10bp;gc_cont=0.320
JXQB01000001.1_165   -            690 801at2085            -            486   3.8e-14   47.8   3.1   2   2     0.035       5.9    1.0   0.0   214   234   255   275   226   283 0.83 # 226945 # 229014 # -1 # ID=1_165;partial=00;start_type=ATG;rbs_motif=AGGA;rbs_spacer=5-10bp;gc_cont=0.320
#
# Program:         hmmsearch
# Version:         3.1b2 (February 2015)
# Pipeline mode:   SEARCH
# Query file:      /root/busco_downloads/lineages/mycoplasmatales_odb10/hmms/801at2085.hmm
# Target file:     /disk3/default/V2/admin/core/data/myco_out/outBusco/Mcc_GM508D/prodigal_output/predicted_genes/predicted.faa
# Option settings: hmmsearch --domtblout /disk3/default/V2/admin/core/data/myco_out/outBusco/Mcc_GM508D/run_mycoplasmatales_odb10/hmmer_output/801at2085.out --cpu 1 /root/busco_downloads/lineages/mycoplasmatales_odb10/hmms/801at2085.hmm /disk3/default/V2/admin/core/data/myco_out/outBusco/Mcc_GM508D/prodigal_output/predicted_genes/predicted.faa 
# Current dir:     /root
# Date:            Mon Aug  1 00:27:42 2022
# [ok]
