#                                                                            --- full sequence --- -------------- this domain -------------   hmm coord   ali coord   env coord
# target name        accession   tlen query name           accession   qlen   E-value  score  bias   #  of  c-Evalue  i-Evalue  score  bias  from    to  from    to  from    to  acc description of target
#------------------- ---------- ----- -------------------- ---------- ----- --------- ------ ----- --- --- --------- --------- ------ ----- ----- ----- ----- ----- ----- ----- ---- ---------------------
FR668087.1_786       -            453 1338at2085           -            333    6e-102  336.9  38.7   1   2   1.1e-94   1.2e-92  306.3  33.9     1   312     5   361     5   395 0.82 # 903400 # 904758 # -1 # ID=1_786;partial=00;start_type=ATG;rbs_motif=GGA/GAG/AGG;rbs_spacer=5-10bp;gc_cont=0.244
FR668087.1_786       -            453 1338at2085           -            333    6e-102  336.9  38.7   2   2   3.6e-09     4e-07   25.2   2.8   270   333   376   452   360   452 0.64 # 903400 # 904758 # -1 # ID=1_786;partial=00;start_type=ATG;rbs_motif=GGA/GAG/AGG;rbs_spacer=5-10bp;gc_cont=0.244
FR668087.1_528       -            436 1338at2085           -            333   7.2e-43  142.7  22.0   1   2   3.2e-21   3.5e-19   64.8   3.6   179   278     6   103     2   130 0.77 # 633083 # 634390 # -1 # ID=1_528;partial=00;start_type=ATG;rbs_motif=None;rbs_spacer=None;gc_cont=0.230
FR668087.1_528       -            436 1338at2085           -            333   7.2e-43  142.7  22.0   2   2   3.8e-26   4.2e-24   81.0  11.7   160   268   158   270   117   347 0.89 # 633083 # 634390 # -1 # ID=1_528;partial=00;start_type=ATG;rbs_motif=None;rbs_spacer=None;gc_cont=0.230
FR668087.1_312       -            302 1338at2085           -            333   4.1e-19   64.6   5.0   1   1   3.6e-21   4.1e-19   64.6   5.0   179   300     9   126     2   150 0.85 # 377951 # 378856 # -1 # ID=1_312;partial=00;start_type=ATG;rbs_motif=None;rbs_spacer=None;gc_cont=0.221
FR668087.1_482       -            197 1338at2085           -            333   3.4e-09   32.0   0.1   1   2     3e-11   3.4e-09   32.0   0.1   169   232    14    78     3   107 0.77 # 591158 # 591748 # -1 # ID=1_482;partial=00;start_type=ATG;rbs_motif=AGGA;rbs_spacer=5-10bp;gc_cont=0.223
FR668087.1_482       -            197 1338at2085           -            333   3.4e-09   32.0   0.1   2   2     0.097        11    0.7   0.7   153   197   150   193   121   196 0.72 # 591158 # 591748 # -1 # ID=1_482;partial=00;start_type=ATG;rbs_motif=AGGA;rbs_spacer=5-10bp;gc_cont=0.223
FR668087.1_511       -            317 1338at2085           -            333   1.5e-07   26.6   8.8   1   1   1.4e-09   1.6e-07   26.5   8.1   148   255    85   201    41   283 0.69 # 618696 # 619646 # -1 # ID=1_511;partial=00;start_type=ATG;rbs_motif=AGxAG;rbs_spacer=5-10bp;gc_cont=0.241
FR668087.1_772       -            365 1338at2085           -            333   1.6e-07   26.5   1.8   1   2   1.3e-06   0.00015   16.7   0.0   176   199     2    25     1    38 0.85 # 886723 # 887817 # -1 # ID=1_772;partial=00;start_type=ATG;rbs_motif=GGA/GAG/AGG;rbs_spacer=5-10bp;gc_cont=0.278
FR668087.1_772       -            365 1338at2085           -            333   1.6e-07   26.5   1.8   2   2   0.00044      0.05    8.4   0.5   223   321    66   164    56   176 0.83 # 886723 # 887817 # -1 # ID=1_772;partial=00;start_type=ATG;rbs_motif=GGA/GAG/AGG;rbs_spacer=5-10bp;gc_cont=0.278
FR668087.1_340       -            434 1338at2085           -            333   6.4e-05   17.9   1.0   1   1   1.8e-06    0.0002   16.3   0.2   178   301   161   288   151   312 0.74 # 410835 # 412136 # -1 # ID=1_340;partial=00;start_type=ATG;rbs_motif=AGxAGG/AGGxGG;rbs_spacer=5-10bp;gc_cont=0.265
FR668087.1_357       -            513 1338at2085           -            333   0.00055   14.8   0.2   1   2   4.9e-06   0.00055   14.8   0.2   165   199    18    52     8    55 0.89 # 431654 # 433192 # 1 # ID=1_357;partial=00;start_type=ATG;rbs_motif=AGGAGG;rbs_spacer=3-4bp;gc_cont=0.259
FR668087.1_357       -            513 1338at2085           -            333   0.00055   14.8   0.2   2   2      0.33        37   -1.0   0.4   245   285   212   252   162   300 0.49 # 431654 # 433192 # 1 # ID=1_357;partial=00;start_type=ATG;rbs_motif=AGGAGG;rbs_spacer=3-4bp;gc_cont=0.259
#
# Program:         hmmsearch
# Version:         3.1b2 (February 2015)
# Pipeline mode:   SEARCH
# Query file:      /root/busco_downloads/lineages/mycoplasmatales_odb10/hmms/1338at2085.hmm
# Target file:     /disk3/default/V2/admin/core/data/myco_out/outBusco/M.leachii_990146/prodigal_output/predicted_genes/predicted.faa
# Option settings: hmmsearch --domtblout /disk3/default/V2/admin/core/data/myco_out/outBusco/M.leachii_990146/run_mycoplasmatales_odb10/hmmer_output/1338at2085.out --cpu 1 /root/busco_downloads/lineages/mycoplasmatales_odb10/hmms/1338at2085.hmm /disk3/default/V2/admin/core/data/myco_out/outBusco/M.leachii_990146/prodigal_output/predicted_genes/predicted.faa 
# Current dir:     /root
# Date:            Mon Aug  1 00:28:25 2022
# [ok]
