#                                                                            --- full sequence --- -------------- this domain -------------   hmm coord   ali coord   env coord
# target name        accession   tlen query name           accession   qlen   E-value  score  bias   #  of  c-Evalue  i-Evalue  score  bias  from    to  from    to  from    to  acc description of target
#------------------- ---------- ----- -------------------- ---------- ----- --------- ------ ----- --- --- --------- --------- ------ ----- ----- ----- ----- ----- ----- ----- ---- ---------------------
FR668087.1_203       -            909 157at2085            -            637  1.5e-222  736.1  37.7   1   4   1.9e-89   3.5e-87  288.8   2.3     1   242    18   296    18   306 0.81 # 255023 # 257749 # 1 # ID=1_203;partial=00;start_type=ATG;rbs_motif=AGGA;rbs_spacer=5-10bp;gc_cont=0.247
FR668087.1_203       -            909 157at2085            -            637  1.5e-222  736.1  37.7   2   4  5.9e-128  1.1e-125  416.1   6.0   226   539   308   678   298   690 0.87 # 255023 # 257749 # 1 # ID=1_203;partial=00;start_type=ATG;rbs_motif=AGGA;rbs_spacer=5-10bp;gc_cont=0.247
FR668087.1_203       -            909 157at2085            -            637  1.5e-222  736.1  37.7   3   4   3.3e-16   5.9e-14   46.9   6.8   522   600   692   782   678   814 0.79 # 255023 # 257749 # 1 # ID=1_203;partial=00;start_type=ATG;rbs_motif=AGGA;rbs_spacer=5-10bp;gc_cont=0.247
FR668087.1_203       -            909 157at2085            -            637  1.5e-222  736.1  37.7   4   4     0.037       6.7    0.5   1.0   600   637   852   889   807   889 0.64 # 255023 # 257749 # 1 # ID=1_203;partial=00;start_type=ATG;rbs_motif=AGGA;rbs_spacer=5-10bp;gc_cont=0.247
FR668087.1_496       -            873 157at2085            -            637   3.4e-55  183.1  50.6   1   3   5.8e-55     1e-52  174.9  24.1    12   532    25   601    19   618 0.72 # 603856 # 606474 # -1 # ID=1_496;partial=00;start_type=ATG;rbs_motif=AGGAG;rbs_spacer=5-10bp;gc_cont=0.229
FR668087.1_496       -            873 157at2085            -            637   3.4e-55  183.1  50.6   2   3   3.3e-07   5.9e-05   17.2   8.9   520   602   621   708   604   744 0.79 # 603856 # 606474 # -1 # ID=1_496;partial=00;start_type=ATG;rbs_motif=AGGAG;rbs_spacer=5-10bp;gc_cont=0.229
FR668087.1_496       -            873 157at2085            -            637   3.4e-55  183.1  50.6   3   3      0.46        83   -3.1   5.9   479   578   721   826   711   855 0.63 # 603856 # 606474 # -1 # ID=1_496;partial=00;start_type=ATG;rbs_motif=AGGAG;rbs_spacer=5-10bp;gc_cont=0.229
FR668087.1_616       -            805 157at2085            -            637   1.1e-39  131.9   9.5   1   5   2.4e-17   4.3e-15   50.7   0.4    10   162    17   173     9   178 0.84 # 728476 # 730890 # -1 # ID=1_616;partial=00;start_type=ATG;rbs_motif=AGGAG;rbs_spacer=5-10bp;gc_cont=0.265
FR668087.1_616       -            805 157at2085            -            637   1.1e-39  131.9   9.5   2   5      0.23        41   -2.2   0.0   297   321   180   204   175   209 0.87 # 728476 # 730890 # -1 # ID=1_616;partial=00;start_type=ATG;rbs_motif=AGGAG;rbs_spacer=5-10bp;gc_cont=0.265
FR668087.1_616       -            805 157at2085            -            637   1.1e-39  131.9   9.5   3   5    0.0017      0.31    4.9   0.0   218   264   311   357   252   373 0.79 # 728476 # 730890 # -1 # ID=1_616;partial=00;start_type=ATG;rbs_motif=AGGAG;rbs_spacer=5-10bp;gc_cont=0.265
FR668087.1_616       -            805 157at2085            -            637   1.1e-39  131.9   9.5   4   5   2.9e-07   5.1e-05   17.4   0.0   332   363   410   441   387   450 0.74 # 728476 # 730890 # -1 # ID=1_616;partial=00;start_type=ATG;rbs_motif=AGGAG;rbs_spacer=5-10bp;gc_cont=0.265
FR668087.1_616       -            805 157at2085            -            637   1.1e-39  131.9   9.5   5   5   1.2e-20   2.1e-18   61.6   0.3   438   610   560   741   507   762 0.75 # 728476 # 730890 # -1 # ID=1_616;partial=00;start_type=ATG;rbs_motif=AGGAG;rbs_spacer=5-10bp;gc_cont=0.265
FR668087.1_40        -            510 157at2085            -            637   2.8e-24   81.0   6.9   1   2   2.6e-15   4.7e-13   43.9   0.2    32   155    12   136     2   146 0.73 # 45904 # 47433 # 1 # ID=1_40;partial=00;start_type=ATG;rbs_motif=GGA/GAG/AGG;rbs_spacer=5-10bp;gc_cont=0.235
FR668087.1_40        -            510 157at2085            -            637   2.8e-24   81.0   6.9   2   2   7.4e-14   1.3e-11   39.1   2.1   444   569   287   412   278   456 0.76 # 45904 # 47433 # 1 # ID=1_40;partial=00;start_type=ATG;rbs_motif=GGA/GAG/AGG;rbs_spacer=5-10bp;gc_cont=0.235
FR668087.1_118       -            442 157at2085            -            637   9.9e-08   26.3  19.2   1   2   5.3e-05    0.0095    9.9   0.5    16    85    10    80     4   143 0.75 # 137312 # 138637 # 1 # ID=1_118;partial=00;start_type=ATG;rbs_motif=AGGAG;rbs_spacer=5-10bp;gc_cont=0.200
FR668087.1_118       -            442 157at2085            -            637   9.9e-08   26.3  19.2   2   2   2.7e-08   4.8e-06   20.8  12.4   447   604   251   419   211   436 0.71 # 137312 # 138637 # 1 # ID=1_118;partial=00;start_type=ATG;rbs_motif=AGGAG;rbs_spacer=5-10bp;gc_cont=0.200
#
# Program:         hmmsearch
# Version:         3.1b2 (February 2015)
# Pipeline mode:   SEARCH
# Query file:      /root/busco_downloads/lineages/mycoplasmatales_odb10/hmms/157at2085.hmm
# Target file:     /disk3/default/V2/admin/core/data/myco_out/outBusco/M.leachii_990146/prodigal_output/predicted_genes/predicted.faa
# Option settings: hmmsearch --domtblout /disk3/default/V2/admin/core/data/myco_out/outBusco/M.leachii_990146/run_mycoplasmatales_odb10/hmmer_output/157at2085.out --cpu 1 /root/busco_downloads/lineages/mycoplasmatales_odb10/hmms/157at2085.hmm /disk3/default/V2/admin/core/data/myco_out/outBusco/M.leachii_990146/prodigal_output/predicted_genes/predicted.faa 
# Current dir:     /root
# Date:            Mon Aug  1 00:28:26 2022
# [ok]
