#                                                                            --- full sequence --- -------------- this domain -------------   hmm coord   ali coord   env coord
# target name        accession   tlen query name           accession   qlen   E-value  score  bias   #  of  c-Evalue  i-Evalue  score  bias  from    to  from    to  from    to  acc description of target
#------------------- ---------- ----- -------------------- ---------- ----- --------- ------ ----- --- --- --------- --------- ------ ----- ----- ----- ----- ----- ----- ----- ---- ---------------------
FR668087.1_340       -            434 1851at2085           -            347  1.2e-125  414.8  17.6   1   2  1.2e-114  2.7e-112  370.9  10.8     1   312     1   343     1   348 0.88 # 410835 # 412136 # -1 # ID=1_340;partial=00;start_type=ATG;rbs_motif=AGxAGG/AGGxGG;rbs_spacer=5-10bp;gc_cont=0.265
FR668087.1_340       -            434 1851at2085           -            347  1.2e-125  414.8  17.6   2   2   2.1e-16   4.6e-14   47.8   0.9   280   347   359   431   344   431 0.78 # 410835 # 412136 # -1 # ID=1_340;partial=00;start_type=ATG;rbs_motif=AGxAGG/AGGxGG;rbs_spacer=5-10bp;gc_cont=0.265
FR668087.1_772       -            365 1851at2085           -            347   1.4e-17   59.4   3.3   1   2   1.8e-18   4.1e-16   54.5   0.4   153   255     4   126     2   154 0.77 # 886723 # 887817 # -1 # ID=1_772;partial=00;start_type=ATG;rbs_motif=GGA/GAG/AGG;rbs_spacer=5-10bp;gc_cont=0.278
FR668087.1_772       -            365 1851at2085           -            347   1.4e-17   59.4   3.3   2   2      0.23        52   -1.7   0.1   250   271   190   211   182   255 0.76 # 886723 # 887817 # -1 # ID=1_772;partial=00;start_type=ATG;rbs_motif=GGA/GAG/AGG;rbs_spacer=5-10bp;gc_cont=0.278
FR668087.1_528       -            436 1851at2085           -            347   5.7e-10   34.3  10.9   1   2   1.2e-06   0.00026   15.7   1.6   153   273     5   125     2   145 0.80 # 633083 # 634390 # -1 # ID=1_528;partial=00;start_type=ATG;rbs_motif=None;rbs_spacer=None;gc_cont=0.230
FR668087.1_528       -            436 1851at2085           -            347   5.7e-10   34.3  10.9   2   2   5.1e-09   1.1e-06   23.5   2.2   151   278   174   304   165   351 0.80 # 633083 # 634390 # -1 # ID=1_528;partial=00;start_type=ATG;rbs_motif=None;rbs_spacer=None;gc_cont=0.230
FR668087.1_482       -            197 1851at2085           -            347   7.3e-05   17.6   3.7   1   1   1.2e-06   0.00027   15.7   3.7   150   282    21   159    11   196 0.71 # 591158 # 591748 # -1 # ID=1_482;partial=00;start_type=ATG;rbs_motif=AGGA;rbs_spacer=5-10bp;gc_cont=0.223
#
# Program:         hmmsearch
# Version:         3.1b2 (February 2015)
# Pipeline mode:   SEARCH
# Query file:      /root/busco_downloads/lineages/mycoplasmatales_odb10/hmms/1851at2085.hmm
# Target file:     /disk3/default/V2/admin/core/data/myco_out/outBusco/M.leachii_990146/prodigal_output/predicted_genes/predicted.faa
# Option settings: hmmsearch --domtblout /disk3/default/V2/admin/core/data/myco_out/outBusco/M.leachii_990146/run_mycoplasmatales_odb10/hmmer_output/1851at2085.out --cpu 1 /root/busco_downloads/lineages/mycoplasmatales_odb10/hmms/1851at2085.hmm /disk3/default/V2/admin/core/data/myco_out/outBusco/M.leachii_990146/prodigal_output/predicted_genes/predicted.faa 
# Current dir:     /root
# Date:            Mon Aug  1 00:28:27 2022
# [ok]
