#                                                                            --- full sequence --- -------------- this domain -------------   hmm coord   ali coord   env coord
# target name        accession   tlen query name           accession   qlen   E-value  score  bias   #  of  c-Evalue  i-Evalue  score  bias  from    to  from    to  from    to  acc description of target
#------------------- ---------- ----- -------------------- ---------- ----- --------- ------ ----- --- --- --------- --------- ------ ----- ----- ----- ----- ----- ----- ----- ---- ---------------------
FR668087.1_529       -            223 2571at2085           -            187   4.7e-59  195.0  10.9   1   2   6.2e-19     7e-17   57.5   0.2     2    46     3    47     2    76 0.80 # 634390 # 635058 # -1 # ID=1_529;partial=00;start_type=ATG;rbs_motif=AGGAG;rbs_spacer=5-10bp;gc_cont=0.220
FR668087.1_529       -            223 2571at2085           -            187   4.7e-59  195.0  10.9   2   2   2.2e-44   2.5e-42  140.4   6.1    55   184    81   215    61   218 0.84 # 634390 # 635058 # -1 # ID=1_529;partial=00;start_type=ATG;rbs_motif=AGGAG;rbs_spacer=5-10bp;gc_cont=0.220
FR668087.1_552       -            206 2571at2085           -            187   9.9e-07   24.4   1.3   1   2   1.5e-08   1.6e-06   23.7   0.2     3    32     1    30     1    77 0.77 # 657222 # 657839 # -1 # ID=1_552;partial=00;start_type=ATG;rbs_motif=AGGAG;rbs_spacer=5-10bp;gc_cont=0.217
FR668087.1_552       -            206 2571at2085           -            187   9.9e-07   24.4   1.3   2   2      0.37        42   -0.5   0.1   135   177    86   129    52   139 0.73 # 657222 # 657839 # -1 # ID=1_552;partial=00;start_type=ATG;rbs_motif=AGGAG;rbs_spacer=5-10bp;gc_cont=0.217
FR668087.1_632       -            214 2571at2085           -            187   8.6e-06   21.3   0.1   1   2   5.1e-06   0.00057   15.4   0.0     4    39     2    37     1    70 0.87 # 746743 # 747384 # -1 # ID=1_632;partial=00;start_type=ATG;rbs_motif=AGGA;rbs_spacer=5-10bp;gc_cont=0.232
FR668087.1_632       -            214 2571at2085           -            187   8.6e-06   21.3   0.1   2   2     0.022       2.5    3.5   0.0   154   181   181   208   152   212 0.83 # 746743 # 747384 # -1 # ID=1_632;partial=00;start_type=ATG;rbs_motif=AGGA;rbs_spacer=5-10bp;gc_cont=0.232
FR668087.1_227       -            208 2571at2085           -            187   8.5e-05   18.1   3.1   1   1   5.4e-06   0.00061   15.3   3.1     4   140     7   160     3   171 0.66 # 277013 # 277636 # 1 # ID=1_227;partial=00;start_type=ATG;rbs_motif=AGGAG;rbs_spacer=3-4bp;gc_cont=0.239
FR668087.1_235       -            308 2571at2085           -            187   0.00019   16.9   1.2   1   2   7.3e-06   0.00082   14.9   0.7     5   104    37   127    34   144 0.70 # 286285 # 287208 # -1 # ID=1_235;partial=00;start_type=ATG;rbs_motif=GGA/GAG/AGG;rbs_spacer=11-12bp;gc_cont=0.205
FR668087.1_235       -            308 2571at2085           -            187   0.00019   16.9   1.2   2   2       3.6     4e+02   -3.7   0.0    94   102   291   299   273   302 0.72 # 286285 # 287208 # -1 # ID=1_235;partial=00;start_type=ATG;rbs_motif=GGA/GAG/AGG;rbs_spacer=11-12bp;gc_cont=0.205
FR668087.1_335       -            107 2571at2085           -            187   0.00056   15.4   0.1   1   1   8.2e-06   0.00092   14.7   0.0     4    36     2    36     1    61 0.78 # 407712 # 408032 # -1 # ID=1_335;partial=00;start_type=ATG;rbs_motif=None;rbs_spacer=None;gc_cont=0.218
FR668087.1_357       -            513 2571at2085           -            187    0.0008   14.9   0.2   1   2   0.00022     0.025   10.0   0.1     4    27    31    54    28   110 0.91 # 431654 # 433192 # 1 # ID=1_357;partial=00;start_type=ATG;rbs_motif=AGGAGG;rbs_spacer=3-4bp;gc_cont=0.259
FR668087.1_357       -            513 2571at2085           -            187    0.0008   14.9   0.2   2   2      0.11        12    1.3   0.0     7    27   352   372   348   374 0.89 # 431654 # 433192 # 1 # ID=1_357;partial=00;start_type=ATG;rbs_motif=AGGAGG;rbs_spacer=3-4bp;gc_cont=0.259
FR668087.1_401       -            567 2571at2085           -            187      0.01   11.3   5.4   1   2   2.8e-05    0.0032   12.9   0.5     4    42    37    73    35   125 0.74 # 488356 # 490056 # 1 # ID=1_401;partial=00;start_type=ATG;rbs_motif=AGGA;rbs_spacer=5-10bp;gc_cont=0.252
FR668087.1_401       -            567 2571at2085           -            187      0.01   11.3   5.4   2   2      0.49        55   -0.9   0.2    24    54   203   233   194   242 0.77 # 488356 # 490056 # 1 # ID=1_401;partial=00;start_type=ATG;rbs_motif=AGGA;rbs_spacer=5-10bp;gc_cont=0.252
#
# Program:         hmmsearch
# Version:         3.1b2 (February 2015)
# Pipeline mode:   SEARCH
# Query file:      /root/busco_downloads/lineages/mycoplasmatales_odb10/hmms/2571at2085.hmm
# Target file:     /disk3/default/V2/admin/core/data/myco_out/outBusco/M.leachii_990146/prodigal_output/predicted_genes/predicted.faa
# Option settings: hmmsearch --domtblout /disk3/default/V2/admin/core/data/myco_out/outBusco/M.leachii_990146/run_mycoplasmatales_odb10/hmmer_output/2571at2085.out --cpu 1 /root/busco_downloads/lineages/mycoplasmatales_odb10/hmms/2571at2085.hmm /disk3/default/V2/admin/core/data/myco_out/outBusco/M.leachii_990146/prodigal_output/predicted_genes/predicted.faa 
# Current dir:     /root
# Date:            Mon Aug  1 00:28:28 2022
# [ok]
