#                                                                            --- full sequence --- -------------- this domain -------------   hmm coord   ali coord   env coord
# target name        accession   tlen query name           accession   qlen   E-value  score  bias   #  of  c-Evalue  i-Evalue  score  bias  from    to  from    to  from    to  acc description of target
#------------------- ---------- ----- -------------------- ---------- ----- --------- ------ ----- --- --- --------- --------- ------ ----- ----- ----- ----- ----- ----- ----- ---- ---------------------
FR668087.1_450       -            144 4221at2085           -            111   2.2e-31  104.2   4.4   1   2   1.3e-20   5.9e-18   60.9   0.1     2    70     4    80     3    85 0.84 # 549356 # 549787 # 1 # ID=1_450;partial=00;start_type=ATG;rbs_motif=None;rbs_spacer=None;gc_cont=0.241
FR668087.1_450       -            144 4221at2085           -            111   2.2e-31  104.2   4.4   2   2   2.4e-15   1.1e-12   44.0   1.5    69   111    96   139    80   139 0.91 # 549356 # 549787 # 1 # ID=1_450;partial=00;start_type=ATG;rbs_motif=None;rbs_spacer=None;gc_cont=0.241
FR668087.1_213       -            351 4221at2085           -            111       9.9    2.2  20.4   1   5   0.00021     0.093    8.7   0.5    15    73    14    72     7    90 0.86 # 266325 # 267377 # -1 # ID=1_213;partial=00;start_type=ATG;rbs_motif=AGGAG;rbs_spacer=5-10bp;gc_cont=0.244
FR668087.1_213       -            351 4221at2085           -            111       9.9    2.2  20.4   2   5     0.018       8.2    2.5   2.0    59    97    86   126    58   129 0.72 # 266325 # 267377 # -1 # ID=1_213;partial=00;start_type=ATG;rbs_motif=AGGAG;rbs_spacer=5-10bp;gc_cont=0.244
FR668087.1_213       -            351 4221at2085           -            111       9.9    2.2  20.4   3   5     0.042        19    1.3   4.8    42    86   105   147    81   178 0.57 # 266325 # 267377 # -1 # ID=1_213;partial=00;start_type=ATG;rbs_motif=AGGAG;rbs_spacer=5-10bp;gc_cont=0.244
FR668087.1_213       -            351 4221at2085           -            111       9.9    2.2  20.4   4   5     0.077        35    0.5   0.0    46    70   230   254   218   266 0.86 # 266325 # 267377 # -1 # ID=1_213;partial=00;start_type=ATG;rbs_motif=AGGAG;rbs_spacer=5-10bp;gc_cont=0.244
FR668087.1_213       -            351 4221at2085           -            111       9.9    2.2  20.4   5   5      0.79   3.6e+02   -2.8   1.3    86   101   309   324   299   326 0.61 # 266325 # 267377 # -1 # ID=1_213;partial=00;start_type=ATG;rbs_motif=AGGAG;rbs_spacer=5-10bp;gc_cont=0.244
#
# Program:         hmmsearch
# Version:         3.1b2 (February 2015)
# Pipeline mode:   SEARCH
# Query file:      /root/busco_downloads/lineages/mycoplasmatales_odb10/hmms/4221at2085.hmm
# Target file:     /disk3/default/V2/admin/core/data/myco_out/outBusco/M.leachii_990146/prodigal_output/predicted_genes/predicted.faa
# Option settings: hmmsearch --domtblout /disk3/default/V2/admin/core/data/myco_out/outBusco/M.leachii_990146/run_mycoplasmatales_odb10/hmmer_output/4221at2085.out --cpu 1 /root/busco_downloads/lineages/mycoplasmatales_odb10/hmms/4221at2085.hmm /disk3/default/V2/admin/core/data/myco_out/outBusco/M.leachii_990146/prodigal_output/predicted_genes/predicted.faa 
# Current dir:     /root
# Date:            Mon Aug  1 00:28:30 2022
# [ok]
