#                                                                            --- full sequence --- -------------- this domain -------------   hmm coord   ali coord   env coord
# target name        accession   tlen query name           accession   qlen   E-value  score  bias   #  of  c-Evalue  i-Evalue  score  bias  from    to  from    to  from    to  acc description of target
#------------------- ---------- ----- -------------------- ---------- ----- --------- ------ ----- --- --- --------- --------- ------ ----- ----- ----- ----- ----- ----- ----- ---- ---------------------
FR668087.1_7         -            665 584at2085            -            308  1.9e-105  348.4  22.7   1   4  1.3e-107  1.9e-105  348.4  22.7     1   285     7   325     7   346 0.84 # 5859 # 7853 # 1 # ID=1_7;partial=00;start_type=ATG;rbs_motif=GGAGG;rbs_spacer=5-10bp;gc_cont=0.214
FR668087.1_7         -            665 584at2085            -            308  1.9e-105  348.4  22.7   2   4         6     9e+02   -8.4  11.4   182   297   362   468   336   482 0.39 # 5859 # 7853 # 1 # ID=1_7;partial=00;start_type=ATG;rbs_motif=GGAGG;rbs_spacer=5-10bp;gc_cont=0.214
FR668087.1_7         -            665 584at2085            -            308  1.9e-105  348.4  22.7   3   4         6     9e+02   -8.5  11.5   230   299   488   563   418   573 0.63 # 5859 # 7853 # 1 # ID=1_7;partial=00;start_type=ATG;rbs_motif=GGAGG;rbs_spacer=5-10bp;gc_cont=0.214
FR668087.1_7         -            665 584at2085            -            308  1.9e-105  348.4  22.7   4   4       3.5   5.2e+02   -4.5   7.8   232   299   490   563   458   614 0.53 # 5859 # 7853 # 1 # ID=1_7;partial=00;start_type=ATG;rbs_motif=GGAGG;rbs_spacer=5-10bp;gc_cont=0.214
FR668087.1_320       -            412 584at2085            -            308   5.1e-15   51.4  11.4   1   2   9.2e-10   1.4e-07   27.0   0.1     7    59    10    64     7    78 0.88 # 392042 # 393277 # -1 # ID=1_320;partial=00;start_type=ATG;rbs_motif=GGAG/GAGG;rbs_spacer=5-10bp;gc_cont=0.235
FR668087.1_320       -            412 584at2085            -            308   5.1e-15   51.4  11.4   2   2   2.6e-09     4e-07   25.5   8.3    96   224    82   218    64   254 0.76 # 392042 # 393277 # -1 # ID=1_320;partial=00;start_type=ATG;rbs_motif=GGAG/GAGG;rbs_spacer=5-10bp;gc_cont=0.235
FR668087.1_235       -            308 584at2085            -            308   9.9e-15   50.5   8.8   1   1   2.8e-16   4.2e-14   48.4   8.7     6   227     2   235     1   259 0.72 # 286285 # 287208 # -1 # ID=1_235;partial=00;start_type=ATG;rbs_motif=GGA/GAG/AGG;rbs_spacer=11-12bp;gc_cont=0.205
FR668087.1_10        -            248 584at2085            -            308   1.6e-12   43.2   8.3   1   2   1.1e-14   1.6e-12   43.2   8.3    64   171    57   163     3   182 0.82 # 9067 # 9810 # 1 # ID=1_10;partial=00;start_type=ATG;rbs_motif=None;rbs_spacer=None;gc_cont=0.188
FR668087.1_10        -            248 584at2085            -            308   1.6e-12   43.2   8.3   2   2      0.15        23    0.0   0.4   220   244   189   213   164   234 0.58 # 9067 # 9810 # 1 # ID=1_10;partial=00;start_type=ATG;rbs_motif=None;rbs_spacer=None;gc_cont=0.188
FR668087.1_179       -            714 584at2085            -            308   1.3e-07   27.1   1.3   1   3    0.0026      0.39    5.8   0.0     9    57    27    74    20   135 0.84 # 222206 # 224347 # 1 # ID=1_179;partial=00;start_type=GTG;rbs_motif=AGGAG;rbs_spacer=5-10bp;gc_cont=0.271
FR668087.1_179       -            714 584at2085            -            308   1.3e-07   27.1   1.3   2   3   9.5e-07   0.00014   17.1   0.0    14    58   422   474   416   550 0.68 # 222206 # 224347 # 1 # ID=1_179;partial=00;start_type=GTG;rbs_motif=AGGAG;rbs_spacer=5-10bp;gc_cont=0.271
FR668087.1_179       -            714 584at2085            -            308   1.3e-07   27.1   1.3   3   3      0.23        35   -0.6   0.6   225   282   601   659   558   694 0.65 # 222206 # 224347 # 1 # ID=1_179;partial=00;start_type=GTG;rbs_motif=AGGAG;rbs_spacer=5-10bp;gc_cont=0.271
FR668087.1_373       -            354 584at2085            -            308    0.0002   16.6   5.9   1   1   1.4e-05    0.0021   13.3   5.9    21    60    91   130    80   338 0.85 # 451985 # 453046 # 1 # ID=1_373;partial=00;start_type=ATG;rbs_motif=GGA/GAG/AGG;rbs_spacer=5-10bp;gc_cont=0.243
#
# Program:         hmmsearch
# Version:         3.1b2 (February 2015)
# Pipeline mode:   SEARCH
# Query file:      /root/busco_downloads/lineages/mycoplasmatales_odb10/hmms/584at2085.hmm
# Target file:     /disk3/default/V2/admin/core/data/myco_out/outBusco/M.leachii_990146/prodigal_output/predicted_genes/predicted.faa
# Option settings: hmmsearch --domtblout /disk3/default/V2/admin/core/data/myco_out/outBusco/M.leachii_990146/run_mycoplasmatales_odb10/hmmer_output/584at2085.out --cpu 1 /root/busco_downloads/lineages/mycoplasmatales_odb10/hmms/584at2085.hmm /disk3/default/V2/admin/core/data/myco_out/outBusco/M.leachii_990146/prodigal_output/predicted_genes/predicted.faa 
# Current dir:     /root
# Date:            Mon Aug  1 00:28:32 2022
# [ok]
