#                                                                            --- full sequence --- -------------- this domain -------------   hmm coord   ali coord   env coord
# target name        accession   tlen query name           accession   qlen   E-value  score  bias   #  of  c-Evalue  i-Evalue  score  bias  from    to  from    to  from    to  acc description of target
#------------------- ---------- ----- -------------------- ---------- ----- --------- ------ ----- --- --- --------- --------- ------ ----- ----- ----- ----- ----- ----- ----- ---- ---------------------
FR668087.1_300       -            989 78at2085             -            778  3.4e-257  851.2  82.1   1   4  3.7e-107  8.4e-105  347.3  30.8     1   324     2   336     2   339 0.86 # 357714 # 360680 # 1 # ID=1_300;partial=00;start_type=ATG;rbs_motif=AGGAG;rbs_spacer=5-10bp;gc_cont=0.246
FR668087.1_300       -            989 78at2085             -            778  3.4e-257  851.2  82.1   2   4   0.00058      0.13    6.0  13.1   243   324   279   361   268   373 0.70 # 357714 # 360680 # 1 # ID=1_300;partial=00;start_type=ATG;rbs_motif=AGGAG;rbs_spacer=5-10bp;gc_cont=0.246
FR668087.1_300       -            989 78at2085             -            778  3.4e-257  851.2  82.1   3   4   5.8e-51   1.3e-48  161.4  26.9   262   540   333   623   326   654 0.72 # 357714 # 360680 # 1 # ID=1_300;partial=00;start_type=ATG;rbs_motif=AGGAG;rbs_spacer=5-10bp;gc_cont=0.246
FR668087.1_300       -            989 78at2085             -            778  3.4e-257  851.2  82.1   4   4  2.3e-108  5.3e-106  351.2  11.4   488   774   697   987   667   988 0.83 # 357714 # 360680 # 1 # ID=1_300;partial=00;start_type=ATG;rbs_motif=AGGAG;rbs_spacer=5-10bp;gc_cont=0.246
FR668087.1_345       -            624 78at2085             -            778   1.2e-05   19.4   0.1   1   1   9.2e-08   2.1e-05   18.6   0.1   678   760   517   594   514   603 0.86 # 416967 # 418838 # -1 # ID=1_345;partial=00;start_type=ATG;rbs_motif=AGGAG;rbs_spacer=5-10bp;gc_cont=0.239
FR668087.1_344       -            618 78at2085             -            778   6.9e-05   16.9   1.1   1   2      0.65   1.5e+02   -4.1   0.1   306   334   244   272   226   289 0.52 # 415096 # 416949 # -1 # ID=1_344;partial=00;start_type=ATG;rbs_motif=AGGAGG;rbs_spacer=5-10bp;gc_cont=0.252
FR668087.1_344       -            618 78at2085             -            778   6.9e-05   16.9   1.1   2   2   3.5e-07   7.9e-05   16.6   0.1   678   753   513   584   510   600 0.87 # 415096 # 416949 # -1 # ID=1_344;partial=00;start_type=ATG;rbs_motif=AGGAGG;rbs_spacer=5-10bp;gc_cont=0.252
FR668087.1_401       -            567 78at2085             -            778     0.078    6.8  30.6   1   3    0.0017      0.39    4.5   0.1    22    42    33    53    26    63 0.84 # 488356 # 490056 # 1 # ID=1_401;partial=00;start_type=ATG;rbs_motif=AGGA;rbs_spacer=5-10bp;gc_cont=0.252
FR668087.1_401       -            567 78at2085             -            778     0.078    6.8  30.6   2   3     0.065        15   -0.8  24.5   144   321    76   254    59   308 0.66 # 488356 # 490056 # 1 # ID=1_401;partial=00;start_type=ATG;rbs_motif=AGGA;rbs_spacer=5-10bp;gc_cont=0.252
FR668087.1_401       -            567 78at2085             -            778     0.078    6.8  30.6   3   3   0.00086      0.19    5.4   0.0   679   747   375   441   362   459 0.79 # 488356 # 490056 # 1 # ID=1_401;partial=00;start_type=ATG;rbs_motif=AGGA;rbs_spacer=5-10bp;gc_cont=0.252
#
# Program:         hmmsearch
# Version:         3.1b2 (February 2015)
# Pipeline mode:   SEARCH
# Query file:      /root/busco_downloads/lineages/mycoplasmatales_odb10/hmms/78at2085.hmm
# Target file:     /disk3/default/V2/admin/core/data/myco_out/outBusco/M.leachii_990146/prodigal_output/predicted_genes/predicted.faa
# Option settings: hmmsearch --domtblout /disk3/default/V2/admin/core/data/myco_out/outBusco/M.leachii_990146/run_mycoplasmatales_odb10/hmmer_output/78at2085.out --cpu 1 /root/busco_downloads/lineages/mycoplasmatales_odb10/hmms/78at2085.hmm /disk3/default/V2/admin/core/data/myco_out/outBusco/M.leachii_990146/prodigal_output/predicted_genes/predicted.faa 
# Current dir:     /root
# Date:            Mon Aug  1 00:28:33 2022
# [ok]
