#                                                                            --- full sequence --- -------------- this domain -------------   hmm coord   ali coord   env coord
# target name        accession   tlen query name           accession   qlen   E-value  score  bias   #  of  c-Evalue  i-Evalue  score  bias  from    to  from    to  from    to  acc description of target
#------------------- ---------- ----- -------------------- ---------- ----- --------- ------ ----- --- --- --------- --------- ------ ----- ----- ----- ----- ----- ----- ----- ---- ---------------------
FR668087.1_1         -            451 812at2085            -            302     3e-80  265.4  36.5   1   2      0.27        49   -1.3   0.1     1    20    21    40    21    59 0.86 # 1 # 1353 # 1 # ID=1_1;partial=10;start_type=Edge;rbs_motif=None;rbs_spacer=None;gc_cont=0.226
FR668087.1_1         -            451 812at2085            -            302     3e-80  265.4  36.5   2   2   7.4e-81   1.3e-78  260.0  32.8    15   295   104   431    91   443 0.83 # 1 # 1353 # 1 # ID=1_1;partial=10;start_type=Edge;rbs_motif=None;rbs_spacer=None;gc_cont=0.226
FR668087.1_592       -            312 812at2085            -            302   2.9e-16   55.3  13.5   1   1   4.4e-18   7.9e-16   53.9  13.5    42   175   148   287   105   303 0.73 # 701756 # 702691 # -1 # ID=1_592;partial=00;start_type=ATG;rbs_motif=None;rbs_spacer=None;gc_cont=0.171
FR668087.1_227       -            208 812at2085            -            302   1.6e-06   23.3  10.5   1   1   2.1e-08   3.8e-06   22.1  10.5    42   229     4   198     2   203 0.72 # 277013 # 277636 # 1 # ID=1_227;partial=00;start_type=ATG;rbs_motif=AGGAG;rbs_spacer=3-4bp;gc_cont=0.239
FR668087.1_335       -            107 812at2085            -            302     5e-05   18.4   1.5   1   1   3.1e-07   5.5e-05   18.3   1.5    46   132     3    92     1   101 0.76 # 407712 # 408032 # -1 # ID=1_335;partial=00;start_type=ATG;rbs_motif=None;rbs_spacer=None;gc_cont=0.218
FR668087.1_725       -            216 812at2085            -            302   0.00066   14.7   1.4   1   2   5.4e-06   0.00098   14.2   0.1    46   123     3    81     1    94 0.77 # 837712 # 838359 # 1 # ID=1_725;partial=00;start_type=ATG;rbs_motif=GGAGG;rbs_spacer=3-4bp;gc_cont=0.264
FR668087.1_725       -            216 812at2085            -            302   0.00066   14.7   1.4   2   2       0.2        37   -0.8   0.2     3    28   108   132   106   146 0.85 # 837712 # 838359 # 1 # ID=1_725;partial=00;start_type=ATG;rbs_motif=GGAGG;rbs_spacer=3-4bp;gc_cont=0.264
#
# Program:         hmmsearch
# Version:         3.1b2 (February 2015)
# Pipeline mode:   SEARCH
# Query file:      /root/busco_downloads/lineages/mycoplasmatales_odb10/hmms/812at2085.hmm
# Target file:     /disk3/default/V2/admin/core/data/myco_out/outBusco/M.leachii_990146/prodigal_output/predicted_genes/predicted.faa
# Option settings: hmmsearch --domtblout /disk3/default/V2/admin/core/data/myco_out/outBusco/M.leachii_990146/run_mycoplasmatales_odb10/hmmer_output/812at2085.out --cpu 1 /root/busco_downloads/lineages/mycoplasmatales_odb10/hmms/812at2085.hmm /disk3/default/V2/admin/core/data/myco_out/outBusco/M.leachii_990146/prodigal_output/predicted_genes/predicted.faa 
# Current dir:     /root
# Date:            Mon Aug  1 00:28:33 2022
# [ok]
