#                                                                            --- full sequence --- -------------- this domain -------------   hmm coord   ali coord   env coord
# target name        accession   tlen query name           accession   qlen   E-value  score  bias   #  of  c-Evalue  i-Evalue  score  bias  from    to  from    to  from    to  acc description of target
#------------------- ---------- ----- -------------------- ---------- ----- --------- ------ ----- --- --- --------- --------- ------ ----- ----- ----- ----- ----- ----- ----- ---- ---------------------
FR668087.1_40        -            510 913at2085            -            397  1.4e-141  467.9  24.1   1   2    7e-130  1.3e-127  421.9  14.1     2   321     3   376     2   397 0.87 # 45904 # 47433 # 1 # ID=1_40;partial=00;start_type=ATG;rbs_motif=GGA/GAG/AGG;rbs_spacer=5-10bp;gc_cont=0.235
FR668087.1_40        -            510 913at2085            -            397  1.4e-141  467.9  24.1   2   2     4e-16   7.3e-14   47.3   2.7   310   393   396   486   385   490 0.87 # 45904 # 47433 # 1 # ID=1_40;partial=00;start_type=ATG;rbs_motif=GGA/GAG/AGG;rbs_spacer=5-10bp;gc_cont=0.235
FR668087.1_616       -            805 913at2085            -            397   4.5e-17   57.9   5.5   1   3   5.1e-14   9.2e-12   40.4   0.1     2   133    30   170    29   213 0.76 # 728476 # 730890 # -1 # ID=1_616;partial=00;start_type=ATG;rbs_motif=AGGAG;rbs_spacer=5-10bp;gc_cont=0.265
FR668087.1_616       -            805 913at2085            -            397   4.5e-17   57.9   5.5   2   3     2e-07   3.5e-05   18.7   0.6   226   361   548   687   530   721 0.67 # 728476 # 730890 # -1 # ID=1_616;partial=00;start_type=ATG;rbs_motif=AGGAG;rbs_spacer=5-10bp;gc_cont=0.265
FR668087.1_616       -            805 913at2085            -            397   4.5e-17   57.9   5.5   3   3      0.44        80   -2.2   0.1   295   342   714   762   674   783 0.71 # 728476 # 730890 # -1 # ID=1_616;partial=00;start_type=ATG;rbs_motif=AGGAG;rbs_spacer=5-10bp;gc_cont=0.265
FR668087.1_203       -            909 913at2085            -            397   2.7e-13   45.4   1.5   1   5   2.9e-13   5.2e-11   37.9   0.2    12   130    60   198    49   209 0.71 # 255023 # 257749 # 1 # ID=1_203;partial=00;start_type=ATG;rbs_motif=AGGA;rbs_spacer=5-10bp;gc_cont=0.247
FR668087.1_203       -            909 913at2085            -            397   2.7e-13   45.4   1.5   2   5      0.31        55   -1.7   0.1   267   320   242   293   236   311 0.75 # 255023 # 257749 # 1 # ID=1_203;partial=00;start_type=ATG;rbs_motif=AGGA;rbs_spacer=5-10bp;gc_cont=0.247
FR668087.1_203       -            909 913at2085            -            397   2.7e-13   45.4   1.5   3   5   1.7e-06    0.0003   15.7   0.1   239   290   580   636   571   667 0.73 # 255023 # 257749 # 1 # ID=1_203;partial=00;start_type=ATG;rbs_motif=AGGA;rbs_spacer=5-10bp;gc_cont=0.247
FR668087.1_203       -            909 913at2085            -            397   2.7e-13   45.4   1.5   4   5      0.03       5.4    1.7   5.2   264   383   642   771   628   783 0.58 # 255023 # 257749 # 1 # ID=1_203;partial=00;start_type=ATG;rbs_motif=AGGA;rbs_spacer=5-10bp;gc_cont=0.247
FR668087.1_203       -            909 913at2085            -            397   2.7e-13   45.4   1.5   5   5       1.7     3e+02   -4.1   1.0   234   322   812   899   808   906 0.53 # 255023 # 257749 # 1 # ID=1_203;partial=00;start_type=ATG;rbs_motif=AGGA;rbs_spacer=5-10bp;gc_cont=0.247
FR668087.1_496       -            873 913at2085            -            397   8.5e-13   43.8  14.0   1   5   5.1e-12   9.1e-10   33.8   8.8    13   148    48   205    36   227 0.71 # 603856 # 606474 # -1 # ID=1_496;partial=00;start_type=ATG;rbs_motif=AGGAG;rbs_spacer=5-10bp;gc_cont=0.229
FR668087.1_496       -            873 913at2085            -            397   8.5e-13   43.8  14.0   2   5      0.18        32   -0.9   0.1   109   160   322   377   285   404 0.59 # 603856 # 606474 # -1 # ID=1_496;partial=00;start_type=ATG;rbs_motif=AGGAG;rbs_spacer=5-10bp;gc_cont=0.229
FR668087.1_496       -            873 913at2085            -            397   8.5e-13   43.8  14.0   3   5   2.2e-08   3.9e-06   21.9   0.2   238   303   507   579   469   608 0.76 # 603856 # 606474 # -1 # ID=1_496;partial=00;start_type=ATG;rbs_motif=AGGAG;rbs_spacer=5-10bp;gc_cont=0.229
FR668087.1_496       -            873 913at2085            -            397   8.5e-13   43.8  14.0   4   5      0.12        21   -0.3   1.2   256   380   563   695   556   711 0.60 # 603856 # 606474 # -1 # ID=1_496;partial=00;start_type=ATG;rbs_motif=AGGAG;rbs_spacer=5-10bp;gc_cont=0.229
FR668087.1_496       -            873 913at2085            -            397   8.5e-13   43.8  14.0   5   5      0.15        26   -0.6   1.8   304   341   718   755   693   778 0.79 # 603856 # 606474 # -1 # ID=1_496;partial=00;start_type=ATG;rbs_motif=AGGAG;rbs_spacer=5-10bp;gc_cont=0.229
FR668087.1_118       -            442 913at2085            -            397   5.8e-08   27.9  17.8   1   2   1.9e-05    0.0035   12.2   0.0    16    76    31    90    18   103 0.83 # 137312 # 138637 # 1 # ID=1_118;partial=00;start_type=ATG;rbs_motif=AGGAG;rbs_spacer=5-10bp;gc_cont=0.200
FR668087.1_118       -            442 913at2085            -            397   5.8e-08   27.9  17.8   2   2   3.5e-07   6.2e-05   17.9  12.7   240   352   249   363   229   426 0.69 # 137312 # 138637 # 1 # ID=1_118;partial=00;start_type=ATG;rbs_motif=AGGAG;rbs_spacer=5-10bp;gc_cont=0.200
#
# Program:         hmmsearch
# Version:         3.1b2 (February 2015)
# Pipeline mode:   SEARCH
# Query file:      /root/busco_downloads/lineages/mycoplasmatales_odb10/hmms/913at2085.hmm
# Target file:     /disk3/default/V2/admin/core/data/myco_out/outBusco/M.leachii_990146/prodigal_output/predicted_genes/predicted.faa
# Option settings: hmmsearch --domtblout /disk3/default/V2/admin/core/data/myco_out/outBusco/M.leachii_990146/run_mycoplasmatales_odb10/hmmer_output/913at2085.out --cpu 1 /root/busco_downloads/lineages/mycoplasmatales_odb10/hmms/913at2085.hmm /disk3/default/V2/admin/core/data/myco_out/outBusco/M.leachii_990146/prodigal_output/predicted_genes/predicted.faa 
# Current dir:     /root
# Date:            Mon Aug  1 00:28:33 2022
# [ok]
