#                                                                            --- full sequence --- -------------- this domain -------------   hmm coord   ali coord   env coord
# target name        accession   tlen query name           accession   qlen   E-value  score  bias   #  of  c-Evalue  i-Evalue  score  bias  from    to  from    to  from    to  acc description of target
#------------------- ---------- ----- -------------------- ---------- ----- --------- ------ ----- --- --- --------- --------- ------ ----- ----- ----- ----- ----- ----- ----- ---- ---------------------
CP000123.1_572       -            436 1140at2085           -            348    7e-119  392.3  27.1   1   1  1.4e-120  1.7e-118  391.1  27.1     1   347     6   434     6   435 0.82 # 688308 # 689615 # -1 # ID=1_572;partial=00;start_type=ATG;rbs_motif=None;rbs_spacer=None;gc_cont=0.226
CP000123.1_793       -            453 1140at2085           -            348   3.5e-21   71.0  11.8   1   2      0.64        77   -2.5   0.3   104   129   140   165   121   174 0.74 # 946228 # 947586 # -1 # ID=1_793;partial=00;start_type=ATG;rbs_motif=GGA/GAG/AGG;rbs_spacer=5-10bp;gc_cont=0.236
CP000123.1_793       -            453 1140at2085           -            348   3.5e-21   71.0  11.8   2   2   2.9e-23   3.5e-21   71.0  11.8   129   283   217   379   199   421 0.71 # 946228 # 947586 # -1 # ID=1_793;partial=00;start_type=ATG;rbs_motif=GGA/GAG/AGG;rbs_spacer=5-10bp;gc_cont=0.236
CP000123.1_503       -            302 1140at2085           -            348   4.7e-16   54.1  13.6   1   2   8.4e-18     1e-15   53.1   1.5     1    77     9    94     9   114 0.81 # 605710 # 606615 # -1 # ID=1_503;partial=00;start_type=ATG;rbs_motif=None;rbs_spacer=None;gc_cont=0.220
CP000123.1_503       -            302 1140at2085           -            348   4.7e-16   54.1  13.6   2   2     2e-05    0.0024   12.3   6.0   164   278    51   173    50   203 0.75 # 605710 # 606615 # -1 # ID=1_503;partial=00;start_type=ATG;rbs_motif=None;rbs_spacer=None;gc_cont=0.220
CP000123.1_248       -            197 1140at2085           -            348   1.1e-13   46.4   5.1   1   1   1.7e-15     2e-13   45.5   5.1   131   275    24   191     7   196 0.79 # 301100 # 301690 # -1 # ID=1_248;partial=00;start_type=ATG;rbs_motif=AGGA;rbs_spacer=5-10bp;gc_cont=0.228
CP000123.1_538       -            317 1140at2085           -            348   1.4e-09   32.9   0.1   1   3      0.18        22   -0.7   0.9   215   234    48    68    15   116 0.64 # 652386 # 653336 # -1 # ID=1_538;partial=00;start_type=ATG;rbs_motif=AGxAG;rbs_spacer=5-10bp;gc_cont=0.239
CP000123.1_538       -            317 1140at2085           -            348   1.4e-09   32.9   0.1   2   3   1.2e-11   1.4e-09   32.9   0.1     2    67   127   195   126   203 0.79 # 652386 # 653336 # -1 # ID=1_538;partial=00;start_type=ATG;rbs_motif=AGxAG;rbs_spacer=5-10bp;gc_cont=0.239
CP000123.1_538       -            317 1140at2085           -            348   1.4e-09   32.9   0.1   3   3      0.15        18   -0.4   0.0   169   188   243   262   236   273 0.85 # 652386 # 653336 # -1 # ID=1_538;partial=00;start_type=ATG;rbs_motif=AGxAG;rbs_spacer=5-10bp;gc_cont=0.239
CP000123.1_528       -            434 1140at2085           -            348   3.9e-06   21.5   3.9   1   2   0.00011     0.014    9.9   0.0   132   164   162   193   152   248 0.79 # 640031 # 641332 # -1 # ID=1_528;partial=00;start_type=ATG;rbs_motif=AGxAGG/AGGxGG;rbs_spacer=5-10bp;gc_cont=0.264
CP000123.1_528       -            434 1140at2085           -            348   3.9e-06   21.5   3.9   2   2   0.00012     0.014    9.9   3.2   219   278   276   332   254   361 0.86 # 640031 # 641332 # -1 # ID=1_528;partial=00;start_type=ATG;rbs_motif=AGxAGG/AGGxGG;rbs_spacer=5-10bp;gc_cont=0.264
CP000123.1_778       -            365 1140at2085           -            348   8.8e-05   17.1   4.3   1   3   8.6e-07    0.0001   16.9   0.1     1    23     5    27     5    33 0.88 # 929506 # 930600 # -1 # ID=1_778;partial=00;start_type=ATG;rbs_motif=AGGA;rbs_spacer=5-10bp;gc_cont=0.274
CP000123.1_778       -            365 1140at2085           -            348   8.8e-05   17.1   4.3   2   3      0.58        70   -2.3   0.1    75   102    90   119    88   130 0.79 # 929506 # 930600 # -1 # ID=1_778;partial=00;start_type=ATG;rbs_motif=AGGA;rbs_spacer=5-10bp;gc_cont=0.274
CP000123.1_778       -            365 1140at2085           -            348   8.8e-05   17.1   4.3   3   3     0.053       6.4    1.1   0.1   215   277   195   256   176   273 0.75 # 929506 # 930600 # -1 # ID=1_778;partial=00;start_type=ATG;rbs_motif=AGGA;rbs_spacer=5-10bp;gc_cont=0.274
#
# Program:         hmmsearch
# Version:         3.1b2 (February 2015)
# Pipeline mode:   SEARCH
# Query file:      /root/busco_downloads/lineages/mycoplasmatales_odb10/hmms/1140at2085.hmm
# Target file:     /disk3/default/V2/admin/core/data/myco/outBusco/Mcc_ATCC27343/prodigal_output/predicted_genes/predicted.faa
# Option settings: hmmsearch --domtblout /disk3/default/V2/admin/core/data/myco/outBusco/Mcc_ATCC27343/run_mycoplasmatales_odb10/hmmer_output/1140at2085.out --cpu 1 /root/busco_downloads/lineages/mycoplasmatales_odb10/hmms/1140at2085.hmm /disk3/default/V2/admin/core/data/myco/outBusco/Mcc_ATCC27343/prodigal_output/predicted_genes/predicted.faa 
# Current dir:     /root
# Date:            Sun Jul 31 23:54:09 2022
# [ok]
