#                                                                            --- full sequence --- -------------- this domain -------------   hmm coord   ali coord   env coord
# target name        accession   tlen query name           accession   qlen   E-value  score  bias   #  of  c-Evalue  i-Evalue  score  bias  from    to  from    to  from    to  acc description of target
#------------------- ---------- ----- -------------------- ---------- ----- --------- ------ ----- --- --- --------- --------- ------ ----- ----- ----- ----- ----- ----- ----- ---- ---------------------
CP000123.1_322       -            475 1529at2085           -            392  3.8e-159  525.5  12.5   1   2  2.5e-159  5.2e-157  518.5   7.4     2   349     3   380     2   388 0.91 # 381165 # 382589 # 1 # ID=1_322;partial=00;start_type=ATG;rbs_motif=None;rbs_spacer=None;gc_cont=0.244
CP000123.1_322       -            475 1529at2085           -            392  3.8e-159  525.5  12.5   2   2   0.00016     0.033    8.8   0.5   334   385   384   446   367   451 0.75 # 381165 # 382589 # 1 # ID=1_322;partial=00;start_type=ATG;rbs_motif=None;rbs_spacer=None;gc_cont=0.244
CP000123.1_809       -            423 1529at2085           -            392     5e-10   34.6   0.0   1   1   4.5e-12   9.4e-10   33.6   0.0    98   273   222   412   167   415 0.76 # 969451 # 970719 # -1 # ID=1_809;partial=00;start_type=ATG;rbs_motif=AGGAG;rbs_spacer=5-10bp;gc_cont=0.261
CP000123.1_501       -            457 1529at2085           -            392   2.6e-08   28.9   2.7   1   2   1.5e-05    0.0032   12.1   0.5    76   161   137   224   108   247 0.83 # 603527 # 604897 # -1 # ID=1_501;partial=00;start_type=ATG;rbs_motif=AGGAG;rbs_spacer=5-10bp;gc_cont=0.244
CP000123.1_501       -            457 1529at2085           -            392   2.6e-08   28.9   2.7   2   2     6e-07   0.00013   16.8   0.1   268   338   358   440   312   456 0.74 # 603527 # 604897 # -1 # ID=1_501;partial=00;start_type=ATG;rbs_motif=AGGAG;rbs_spacer=5-10bp;gc_cont=0.244
CP000123.1_225       -            640 1529at2085           -            392   5.9e-08   27.7   0.3   1   3     0.093        19   -0.3   0.0   319   342   220   243   206   249 0.87 # 266899 # 268818 # 1 # ID=1_225;partial=00;start_type=ATG;rbs_motif=AGGAG;rbs_spacer=3-4bp;gc_cont=0.235
CP000123.1_225       -            640 1529at2085           -            392   5.9e-08   27.7   0.3   2   3   0.00086      0.18    6.4   0.0    38   140   260   364   250   372 0.83 # 266899 # 268818 # 1 # ID=1_225;partial=00;start_type=ATG;rbs_motif=AGGAG;rbs_spacer=3-4bp;gc_cont=0.235
CP000123.1_225       -            640 1529at2085           -            392   5.9e-08   27.7   0.3   3   3   8.2e-07   0.00017   16.3   0.1   267   329   535   611   481   622 0.72 # 266899 # 268818 # 1 # ID=1_225;partial=00;start_type=ATG;rbs_motif=AGGAG;rbs_spacer=3-4bp;gc_cont=0.235
#
# Program:         hmmsearch
# Version:         3.1b2 (February 2015)
# Pipeline mode:   SEARCH
# Query file:      /root/busco_downloads/lineages/mycoplasmatales_odb10/hmms/1529at2085.hmm
# Target file:     /disk3/default/V2/admin/core/data/myco/outBusco/Mcc_ATCC27343/prodigal_output/predicted_genes/predicted.faa
# Option settings: hmmsearch --domtblout /disk3/default/V2/admin/core/data/myco/outBusco/Mcc_ATCC27343/run_mycoplasmatales_odb10/hmmer_output/1529at2085.out --cpu 1 /root/busco_downloads/lineages/mycoplasmatales_odb10/hmms/1529at2085.hmm /disk3/default/V2/admin/core/data/myco/outBusco/Mcc_ATCC27343/prodigal_output/predicted_genes/predicted.faa 
# Current dir:     /root
# Date:            Sun Jul 31 23:54:10 2022
# [ok]
