#                                                                            --- full sequence --- -------------- this domain -------------   hmm coord   ali coord   env coord
# target name        accession   tlen query name           accession   qlen   E-value  score  bias   #  of  c-Evalue  i-Evalue  score  bias  from    to  from    to  from    to  acc description of target
#------------------- ---------- ----- -------------------- ---------- ----- --------- ------ ----- --- --- --------- --------- ------ ----- ----- ----- ----- ----- ----- ----- ---- ---------------------
CP000123.1_573       -            223 2571at2085           -            187   1.2e-59  196.8  11.7   1   2   1.3e-19   1.6e-17   59.5   0.3     2    48     3    49     2    72 0.82 # 689615 # 690283 # -1 # ID=1_573;partial=00;start_type=ATG;rbs_motif=AGGAG;rbs_spacer=5-10bp;gc_cont=0.223
CP000123.1_573       -            223 2571at2085           -            187   1.2e-59  196.8  11.7   2   2   1.6e-44   1.9e-42  140.8   6.5    51   184    77   215    60   218 0.89 # 689615 # 690283 # -1 # ID=1_573;partial=00;start_type=ATG;rbs_motif=AGGAG;rbs_spacer=5-10bp;gc_cont=0.223
CP000123.1_593       -            206 2571at2085           -            187   7.5e-07   24.7   0.9   1   2   1.3e-08   1.5e-06   23.7   0.2     3    32     1    30     1    75 0.77 # 713285 # 713902 # -1 # ID=1_593;partial=00;start_type=ATG;rbs_motif=AGGAG;rbs_spacer=5-10bp;gc_cont=0.233
CP000123.1_593       -            206 2571at2085           -            187   7.5e-07   24.7   0.9   2   2      0.51        61   -1.1   0.0   135   176    86   128    76   138 0.71 # 713285 # 713902 # -1 # ID=1_593;partial=00;start_type=ATG;rbs_motif=AGGAG;rbs_spacer=5-10bp;gc_cont=0.233
CP000123.1_666       -            214 2571at2085           -            187     8e-06   21.3   0.1   1   2   4.4e-06   0.00053   15.4   0.0     4    39     2    37     1    70 0.87 # 802486 # 803127 # -1 # ID=1_666;partial=00;start_type=ATG;rbs_motif=AGGA;rbs_spacer=5-10bp;gc_cont=0.232
CP000123.1_666       -            214 2571at2085           -            187     8e-06   21.3   0.1   2   2     0.019       2.3    3.5   0.0   154   181   181   208   152   212 0.83 # 802486 # 803127 # -1 # ID=1_666;partial=00;start_type=ATG;rbs_motif=AGGA;rbs_spacer=5-10bp;gc_cont=0.232
CP000123.1_418       -            208 2571at2085           -            187   0.00019   16.9   2.8   1   1   1.5e-05    0.0018   13.7   2.8     4   139     7   159     3   171 0.59 # 507977 # 508600 # 1 # ID=1_418;partial=00;start_type=ATG;rbs_motif=AGGAG;rbs_spacer=3-4bp;gc_cont=0.244
CP000123.1_425       -            191 2571at2085           -            187   0.00036   15.9   0.6   1   1   1.9e-05    0.0022   13.4   0.6     5   103    37   126    33   143 0.68 # 514753 # 515325 # -1 # ID=1_425;partial=00;start_type=ATG;rbs_motif=AGxAGG/AGGxGG;rbs_spacer=5-10bp;gc_cont=0.209
CP000123.1_163       -            567 2571at2085           -            187   0.00052   15.4   0.5   1   1   1.2e-05    0.0014   14.0   0.3     4    59    37    90    35   126 0.73 # 198146 # 199846 # 1 # ID=1_163;partial=00;start_type=ATG;rbs_motif=AGGA;rbs_spacer=5-10bp;gc_cont=0.255
CP000123.1_523       -            215 2571at2085           -            187   0.00099   14.5   0.0   1   2   2.7e-05    0.0033   12.8   0.0     4    36     2    36     1    62 0.79 # 636581 # 637225 # -1 # ID=1_523;partial=00;start_type=ATG;rbs_motif=None;rbs_spacer=None;gc_cont=0.229
CP000123.1_523       -            215 2571at2085           -            187   0.00099   14.5   0.0   2   2       1.5   1.8e+02   -2.6   0.0   110   129   135   153   132   162 0.68 # 636581 # 637225 # -1 # ID=1_523;partial=00;start_type=ATG;rbs_motif=None;rbs_spacer=None;gc_cont=0.229
#
# Program:         hmmsearch
# Version:         3.1b2 (February 2015)
# Pipeline mode:   SEARCH
# Query file:      /root/busco_downloads/lineages/mycoplasmatales_odb10/hmms/2571at2085.hmm
# Target file:     /disk3/default/V2/admin/core/data/myco/outBusco/Mcc_ATCC27343/prodigal_output/predicted_genes/predicted.faa
# Option settings: hmmsearch --domtblout /disk3/default/V2/admin/core/data/myco/outBusco/Mcc_ATCC27343/run_mycoplasmatales_odb10/hmmer_output/2571at2085.out --cpu 1 /root/busco_downloads/lineages/mycoplasmatales_odb10/hmms/2571at2085.hmm /disk3/default/V2/admin/core/data/myco/outBusco/Mcc_ATCC27343/prodigal_output/predicted_genes/predicted.faa 
# Current dir:     /root
# Date:            Sun Jul 31 23:54:12 2022
# [ok]
