#                                                                            --- full sequence --- -------------- this domain -------------   hmm coord   ali coord   env coord
# target name        accession   tlen query name           accession   qlen   E-value  score  bias   #  of  c-Evalue  i-Evalue  score  bias  from    to  from    to  from    to  acc description of target
#------------------- ---------- ----- -------------------- ---------- ----- --------- ------ ----- --- --- --------- --------- ------ ----- ----- ----- ----- ----- ----- ----- ---- ---------------------
CP000123.1_503       -            302 2656at2085           -            232   3.9e-71  234.6  26.3   1   2   2.6e-44   2.4e-42  140.4  10.5     1   149     9   164     9   174 0.87 # 605710 # 606615 # -1 # ID=1_503;partial=00;start_type=ATG;rbs_motif=None;rbs_spacer=None;gc_cont=0.220
CP000123.1_503       -            302 2656at2085           -            232   3.9e-71  234.6  26.3   2   2   3.9e-32   3.6e-30  100.6  11.7   103   232   149   296   144   296 0.81 # 605710 # 606615 # -1 # ID=1_503;partial=00;start_type=ATG;rbs_motif=None;rbs_spacer=None;gc_cont=0.220
CP000123.1_572       -            436 2656at2085           -            232   1.9e-43  144.1  24.8   1   3     1e-23   9.4e-22   73.0   3.9     1   114     6   124     6   136 0.85 # 688308 # 689615 # -1 # ID=1_572;partial=00;start_type=ATG;rbs_motif=None;rbs_spacer=None;gc_cont=0.226
CP000123.1_572       -            436 2656at2085           -            232   1.9e-43  144.1  24.8   2   3   4.6e-25   4.3e-23   77.4   5.4     1   127   177   311   177   321 0.81 # 688308 # 689615 # -1 # ID=1_572;partial=00;start_type=ATG;rbs_motif=None;rbs_spacer=None;gc_cont=0.226
CP000123.1_572       -            436 2656at2085           -            232   1.9e-43  144.1  24.8   3   3    0.0069      0.65    4.9   0.7   103   135   322   355   315   365 0.83 # 688308 # 689615 # -1 # ID=1_572;partial=00;start_type=ATG;rbs_motif=None;rbs_spacer=None;gc_cont=0.226
CP000123.1_793       -            453 2656at2085           -            232   6.3e-19   63.8  12.1   1   2   6.8e-21   6.3e-19   63.8  12.1     2   120   221   342   220   380 0.82 # 946228 # 947586 # -1 # ID=1_793;partial=00;start_type=ATG;rbs_motif=GGA/GAG/AGG;rbs_spacer=5-10bp;gc_cont=0.236
CP000123.1_793       -            453 2656at2085           -            232   6.3e-19   63.8  12.1   2   2      0.79        74   -1.9   0.4    83   114   366   400   339   412 0.39 # 946228 # 947586 # -1 # ID=1_793;partial=00;start_type=ATG;rbs_motif=GGA/GAG/AGG;rbs_spacer=5-10bp;gc_cont=0.236
CP000123.1_528       -            434 2656at2085           -            232   3.4e-14   48.3   2.2   1   2   8.3e-16   7.7e-14   47.1   0.7     1   128   162   303   162   332 0.73 # 640031 # 641332 # -1 # ID=1_528;partial=00;start_type=ATG;rbs_motif=AGxAGG/AGGxGG;rbs_spacer=5-10bp;gc_cont=0.264
CP000123.1_528       -            434 2656at2085           -            232   3.4e-14   48.3   2.2   2   2      0.47        44   -1.1   0.3    74   110   318   355   306   383 0.63 # 640031 # 641332 # -1 # ID=1_528;partial=00;start_type=ATG;rbs_motif=AGxAGG/AGGxGG;rbs_spacer=5-10bp;gc_cont=0.264
CP000123.1_248       -            197 2656at2085           -            232   5.3e-11   37.9   4.3   1   1   7.4e-13   6.9e-11   37.5   4.3     1   136    25   170    25   191 0.72 # 301100 # 301690 # -1 # ID=1_248;partial=00;start_type=ATG;rbs_motif=AGGA;rbs_spacer=5-10bp;gc_cont=0.228
CP000123.1_538       -            317 2656at2085           -            232   6.6e-10   34.3   1.2   1   4     0.012       1.1    4.0   0.3    67   119    17    70     9    75 0.83 # 652386 # 653336 # -1 # ID=1_538;partial=00;start_type=ATG;rbs_motif=AGxAG;rbs_spacer=5-10bp;gc_cont=0.239
CP000123.1_538       -            317 2656at2085           -            232   6.6e-10   34.3   1.2   2   4     0.035       3.3    2.6   2.1    87   134    67   115    64   124 0.67 # 652386 # 653336 # -1 # ID=1_538;partial=00;start_type=ATG;rbs_motif=AGxAG;rbs_spacer=5-10bp;gc_cont=0.239
CP000123.1_538       -            317 2656at2085           -            232   6.6e-10   34.3   1.2   3   4     7e-12   6.6e-10   34.3   1.2     3   126   128   245   126   265 0.77 # 652386 # 653336 # -1 # ID=1_538;partial=00;start_type=ATG;rbs_motif=AGxAG;rbs_spacer=5-10bp;gc_cont=0.239
CP000123.1_538       -            317 2656at2085           -            232   6.6e-10   34.3   1.2   4   4       2.6   2.4e+02   -3.6   0.1   115   139   286   311   280   313 0.65 # 652386 # 653336 # -1 # ID=1_538;partial=00;start_type=ATG;rbs_motif=AGxAG;rbs_spacer=5-10bp;gc_cont=0.239
CP000123.1_778       -            365 2656at2085           -            232   1.1e-06   23.7   4.6   1   2   1.7e-08   1.6e-06   23.2   0.7     1    25     5    29     5   159 0.64 # 929506 # 930600 # -1 # ID=1_778;partial=00;start_type=ATG;rbs_motif=AGGA;rbs_spacer=5-10bp;gc_cont=0.274
CP000123.1_778       -            365 2656at2085           -            232   1.1e-06   23.7   4.6   2   2      0.74        69   -1.8   0.2    89   104   214   229   168   264 0.61 # 929506 # 930600 # -1 # ID=1_778;partial=00;start_type=ATG;rbs_motif=AGGA;rbs_spacer=5-10bp;gc_cont=0.274
CP000123.1_336       -            621 2656at2085           -            232   1.6e-06   23.2   0.9   1   2   1.7e-08   1.6e-06   23.2   0.9     1   113   124   233   124   249 0.68 # 397049 # 398911 # -1 # ID=1_336;partial=00;start_type=ATG;rbs_motif=GGAG/GAGG;rbs_spacer=5-10bp;gc_cont=0.278
CP000123.1_336       -            621 2656at2085           -            232   1.6e-06   23.2   0.9   2   2       2.1     2e+02   -3.3   0.1   186   209   327   350   313   352 0.76 # 397049 # 398911 # -1 # ID=1_336;partial=00;start_type=ATG;rbs_motif=GGAG/GAGG;rbs_spacer=5-10bp;gc_cont=0.278
CP000123.1_680       -            234 2656at2085           -            232   0.00057   14.9   0.9   1   1   8.2e-06   0.00077   14.4   0.9   165   219    53   106    19   116 0.76 # 809865 # 810566 # -1 # ID=1_680;partial=00;start_type=ATG;rbs_motif=AGGA;rbs_spacer=5-10bp;gc_cont=0.286
#
# Program:         hmmsearch
# Version:         3.1b2 (February 2015)
# Pipeline mode:   SEARCH
# Query file:      /root/busco_downloads/lineages/mycoplasmatales_odb10/hmms/2656at2085.hmm
# Target file:     /disk3/default/V2/admin/core/data/myco/outBusco/Mcc_ATCC27343/prodigal_output/predicted_genes/predicted.faa
# Option settings: hmmsearch --domtblout /disk3/default/V2/admin/core/data/myco/outBusco/Mcc_ATCC27343/run_mycoplasmatales_odb10/hmmer_output/2656at2085.out --cpu 1 /root/busco_downloads/lineages/mycoplasmatales_odb10/hmms/2656at2085.hmm /disk3/default/V2/admin/core/data/myco/outBusco/Mcc_ATCC27343/prodigal_output/predicted_genes/predicted.faa 
# Current dir:     /root
# Date:            Sun Jul 31 23:54:12 2022
# [ok]
