#                                                                            --- full sequence --- -------------- this domain -------------   hmm coord   ali coord   env coord
# target name        accession   tlen query name           accession   qlen   E-value  score  bias   #  of  c-Evalue  i-Evalue  score  bias  from    to  from    to  from    to  acc description of target
#------------------- ---------- ----- -------------------- ---------- ----- --------- ------ ----- --- --- --------- --------- ------ ----- ----- ----- ----- ----- ----- ----- ---- ---------------------
CP000123.1_718       -            288 2666at2085           -            250   1.8e-26   88.4   7.5   1   1   6.7e-27   9.4e-25   82.8   7.5     5   245     4   277     2   282 0.74 # 853320 # 854183 # -1 # ID=1_718;partial=00;start_type=ATG;rbs_motif=GGA/GAG/AGG;rbs_spacer=5-10bp;gc_cont=0.242
CP000123.1_368       -            289 2666at2085           -            250     6e-26   86.7  19.0   1   2   7.6e-17   1.1e-14   49.9   8.1     6   178     7   176     2   185 0.83 # 450744 # 451610 # 1 # ID=1_368;partial=00;start_type=ATG;rbs_motif=AGGA/GGAG/GAGG;rbs_spacer=11-12bp;gc_cont=0.211
CP000123.1_368       -            289 2666at2085           -            250     6e-26   86.7  19.0   2   2   1.2e-14   1.7e-12   42.7   3.1   165   247   198   286   189   288 0.87 # 450744 # 451610 # 1 # ID=1_368;partial=00;start_type=ATG;rbs_motif=AGGA/GGAG/GAGG;rbs_spacer=11-12bp;gc_cont=0.211
CP000123.1_804       -            281 2666at2085           -            250   1.2e-23   79.2   5.2   1   2   1.2e-12   1.7e-10   36.1   0.2     2    85     4    91     3   116 0.81 # 965268 # 966110 # 1 # ID=1_804;partial=00;start_type=ATG;rbs_motif=AGGA;rbs_spacer=5-10bp;gc_cont=0.259
CP000123.1_804       -            281 2666at2085           -            250   1.2e-23   79.2   5.2   2   2     2e-15   2.8e-13   45.2   0.9   160   240   185   274   139   280 0.77 # 965268 # 966110 # 1 # ID=1_804;partial=00;start_type=ATG;rbs_motif=AGGA;rbs_spacer=5-10bp;gc_cont=0.259
CP000123.1_797       -            280 2666at2085           -            250   1.3e-22   75.8  11.5   1   2   8.3e-10   1.2e-07   26.8   0.6     4    97     6    99     3   111 0.66 # 950247 # 951086 # 1 # ID=1_797;partial=00;start_type=ATG;rbs_motif=AGGAG;rbs_spacer=5-10bp;gc_cont=0.249
CP000123.1_797       -            280 2666at2085           -            250   1.3e-22   75.8  11.5   2   2   6.8e-18   9.5e-16   53.3   4.3   152   242   180   277   151   279 0.76 # 950247 # 951086 # 1 # ID=1_797;partial=00;start_type=ATG;rbs_motif=AGGAG;rbs_spacer=5-10bp;gc_cont=0.249
CP000123.1_728       -            267 2666at2085           -            250   1.7e-19   65.6  12.6   1   1   1.2e-19   1.7e-17   59.0  12.6    10   241     1   262     1   266 0.68 # 865737 # 866537 # 1 # ID=1_728;partial=00;start_type=ATG;rbs_motif=None;rbs_spacer=None;gc_cont=0.235
CP000123.1_838       -            266 2666at2085           -            250   2.4e-12   42.1  12.4   1   1   2.6e-13   3.6e-11   38.3  12.4     3   212     3   235     1   260 0.68 # 1007173 # 1007970 # -1 # ID=1_838;partial=00;start_type=ATG;rbs_motif=GGA/GAG/AGG;rbs_spacer=5-10bp;gc_cont=0.198
#
# Program:         hmmsearch
# Version:         3.1b2 (February 2015)
# Pipeline mode:   SEARCH
# Query file:      /root/busco_downloads/lineages/mycoplasmatales_odb10/hmms/2666at2085.hmm
# Target file:     /disk3/default/V2/admin/core/data/myco/outBusco/Mcc_ATCC27343/prodigal_output/predicted_genes/predicted.faa
# Option settings: hmmsearch --domtblout /disk3/default/V2/admin/core/data/myco/outBusco/Mcc_ATCC27343/run_mycoplasmatales_odb10/hmmer_output/2666at2085.out --cpu 1 /root/busco_downloads/lineages/mycoplasmatales_odb10/hmms/2666at2085.hmm /disk3/default/V2/admin/core/data/myco/outBusco/Mcc_ATCC27343/prodigal_output/predicted_genes/predicted.faa 
# Current dir:     /root
# Date:            Sun Jul 31 23:54:12 2022
# [ok]
