#                                                                            --- full sequence --- -------------- this domain -------------   hmm coord   ali coord   env coord
# target name        accession   tlen query name           accession   qlen   E-value  score  bias   #  of  c-Evalue  i-Evalue  score  bias  from    to  from    to  from    to  acc description of target
#------------------- ---------- ----- -------------------- ---------- ----- --------- ------ ----- --- --- --------- --------- ------ ----- ----- ----- ----- ----- ----- ----- ---- ---------------------
CP000123.1_265       -            301 3843at2085           -            213   4.4e-62  204.9  19.4   1   2   3.1e-30   2.9e-28   94.4   1.5     5    93    24   121    18   127 0.85 # 317795 # 318697 # -1 # ID=1_265;partial=00;start_type=ATG;rbs_motif=GGA/GAG/AGG;rbs_spacer=5-10bp;gc_cont=0.214
CP000123.1_265       -            301 3843at2085           -            213   4.4e-62  204.9  19.4   2   2   1.6e-36   1.5e-34  115.0  11.3    80   212   124   291   122   292 0.83 # 317795 # 318697 # -1 # ID=1_265;partial=00;start_type=ATG;rbs_motif=GGA/GAG/AGG;rbs_spacer=5-10bp;gc_cont=0.214
CP000123.1_248       -            197 3843at2085           -            213   4.5e-07   25.2   6.3   1   2   1.7e-08   1.6e-06   23.4   0.1    98   174    10    92     2   107 0.62 # 301100 # 301690 # -1 # ID=1_248;partial=00;start_type=ATG;rbs_motif=AGGA;rbs_spacer=5-10bp;gc_cont=0.228
CP000123.1_248       -            197 3843at2085           -            213   4.5e-07   25.2   6.3   2   2     0.016       1.5    3.8   3.4    43   105   105   162    82   191 0.62 # 301100 # 301690 # -1 # ID=1_248;partial=00;start_type=ATG;rbs_motif=AGGA;rbs_spacer=5-10bp;gc_cont=0.228
CP000123.1_572       -            436 3843at2085           -            213   7.8e-05   17.9  17.6   1   4   8.9e-05    0.0083   11.2   0.2   106   164     1    63     1    83 0.69 # 688308 # 689615 # -1 # ID=1_572;partial=00;start_type=ATG;rbs_motif=None;rbs_spacer=None;gc_cont=0.226
CP000123.1_572       -            436 3843at2085           -            213   7.8e-05   17.9  17.6   2   4       0.9        84   -1.9   0.1    64    95   100   134    76   146 0.63 # 688308 # 689615 # -1 # ID=1_572;partial=00;start_type=ATG;rbs_motif=None;rbs_spacer=None;gc_cont=0.226
CP000123.1_572       -            436 3843at2085           -            213   7.8e-05   17.9  17.6   3   4   0.00069     0.064    8.3   0.2    97   139   163   205   153   248 0.80 # 688308 # 689615 # -1 # ID=1_572;partial=00;start_type=ATG;rbs_motif=None;rbs_spacer=None;gc_cont=0.226
CP000123.1_572       -            436 3843at2085           -            213   7.8e-05   17.9  17.6   4   4    0.0017      0.16    7.1   3.9    40   139   253   349   231   412 0.73 # 688308 # 689615 # -1 # ID=1_572;partial=00;start_type=ATG;rbs_motif=None;rbs_spacer=None;gc_cont=0.226
CP000123.1_657       -            303 3843at2085           -            213   0.00014   17.0   1.0   1   1   3.4e-06   0.00032   15.9   1.0    92   127    35    69     2    99 0.76 # 796925 # 797833 # -1 # ID=1_657;partial=00;start_type=ATG;rbs_motif=3Base/5BMM;rbs_spacer=13-15bp;gc_cont=0.261
CP000123.1_748       -            947 3843at2085           -            213   0.00015   16.9   0.5   1   2    0.0037      0.35    5.9   0.0   104   124    22    42    11    50 0.80 # 892149 # 894989 # 1 # ID=1_748;partial=00;start_type=ATG;rbs_motif=AGGAG;rbs_spacer=5-10bp;gc_cont=0.258
CP000123.1_748       -            947 3843at2085           -            213   0.00015   16.9   0.5   2   2   0.00063     0.059    8.5   0.2   105   131   634   660   615   679 0.73 # 892149 # 894989 # 1 # ID=1_748;partial=00;start_type=ATG;rbs_motif=AGGAG;rbs_spacer=5-10bp;gc_cont=0.258
CP000123.1_800       -            251 3843at2085           -            213   0.00027   16.1   4.4   1   2     6e-05    0.0056   11.8   0.7   104   136    24    55    10    74 0.83 # 954106 # 954858 # 1 # ID=1_800;partial=00;start_type=ATG;rbs_motif=None;rbs_spacer=None;gc_cont=0.266
CP000123.1_800       -            251 3843at2085           -            213   0.00027   16.1   4.4   2   2    0.0063      0.59    5.2   0.1    52   102   180   230   172   238 0.86 # 954106 # 954858 # 1 # ID=1_800;partial=00;start_type=ATG;rbs_motif=None;rbs_spacer=None;gc_cont=0.266
CP000123.1_369       -            714 3843at2085           -            213    0.0004   15.5   2.5   1   3    0.0028      0.26    6.3   0.0   108   131    51    74    36    78 0.75 # 451775 # 453916 # 1 # ID=1_369;partial=00;start_type=GTG;rbs_motif=AGGAG;rbs_spacer=5-10bp;gc_cont=0.268
CP000123.1_369       -            714 3843at2085           -            213    0.0004   15.5   2.5   2   3      0.12        11    1.0   0.0   112   128   454   470   449   476 0.85 # 451775 # 453916 # 1 # ID=1_369;partial=00;start_type=GTG;rbs_motif=AGGAG;rbs_spacer=5-10bp;gc_cont=0.268
CP000123.1_369       -            714 3843at2085           -            213    0.0004   15.5   2.5   3   3    0.0041      0.38    5.8   0.4     4    58   565   621   562   648 0.73 # 451775 # 453916 # 1 # ID=1_369;partial=00;start_type=GTG;rbs_motif=AGGAG;rbs_spacer=5-10bp;gc_cont=0.268
CP000123.1_121       -            513 3843at2085           -            213   0.00045   15.4   3.4   1   3   0.00069     0.064    8.3   0.1   103   132    24    53     4    55 0.76 # 147705 # 149243 # 1 # ID=1_121;partial=00;start_type=ATG;rbs_motif=AGGAGG;rbs_spacer=3-4bp;gc_cont=0.259
CP000123.1_121       -            513 3843at2085           -            213   0.00045   15.4   3.4   2   3       2.4   2.2e+02   -3.2   0.1    88   103   220   235   190   244 0.55 # 147705 # 149243 # 1 # ID=1_121;partial=00;start_type=ATG;rbs_motif=AGGAGG;rbs_spacer=3-4bp;gc_cont=0.259
CP000123.1_121       -            513 3843at2085           -            213   0.00045   15.4   3.4   3   3    0.0016      0.15    7.1   0.1   104   135   343   374   302   384 0.77 # 147705 # 149243 # 1 # ID=1_121;partial=00;start_type=ATG;rbs_motif=AGGAGG;rbs_spacer=3-4bp;gc_cont=0.259
CP000123.1_480       -            270 3843at2085           -            213   0.00057   15.0   0.2   1   1   1.1e-05   0.00099   14.3   0.2   104   131    44    71    18    83 0.81 # 575385 # 576194 # -1 # ID=1_480;partial=00;start_type=ATG;rbs_motif=GGA/GAG/AGG;rbs_spacer=5-10bp;gc_cont=0.264
#
# Program:         hmmsearch
# Version:         3.1b2 (February 2015)
# Pipeline mode:   SEARCH
# Query file:      /root/busco_downloads/lineages/mycoplasmatales_odb10/hmms/3843at2085.hmm
# Target file:     /disk3/default/V2/admin/core/data/myco/outBusco/Mcc_ATCC27343/prodigal_output/predicted_genes/predicted.faa
# Option settings: hmmsearch --domtblout /disk3/default/V2/admin/core/data/myco/outBusco/Mcc_ATCC27343/run_mycoplasmatales_odb10/hmmer_output/3843at2085.out --cpu 1 /root/busco_downloads/lineages/mycoplasmatales_odb10/hmms/3843at2085.hmm /disk3/default/V2/admin/core/data/myco/outBusco/Mcc_ATCC27343/prodigal_output/predicted_genes/predicted.faa 
# Current dir:     /root
# Date:            Sun Jul 31 23:54:14 2022
# [ok]
