#                                                                            --- full sequence --- -------------- this domain -------------   hmm coord   ali coord   env coord
# target name        accession   tlen query name           accession   qlen   E-value  score  bias   #  of  c-Evalue  i-Evalue  score  bias  from    to  from    to  from    to  acc description of target
#------------------- ---------- ----- -------------------- ---------- ----- --------- ------ ----- --- --- --------- --------- ------ ----- ----- ----- ----- ----- ----- ----- ---- ---------------------
CP000123.1_248       -            197 4324at2085           -            135   1.9e-37  123.9   5.3   1   1   4.4e-39   4.7e-37  122.6   5.3     4   124    17   159     7   183 0.86 # 301100 # 301690 # -1 # ID=1_248;partial=00;start_type=ATG;rbs_motif=AGGA;rbs_spacer=5-10bp;gc_cont=0.228
CP000123.1_572       -            436 4324at2085           -            135   2.9e-14   48.8  17.2   1   3   2.6e-08   2.7e-06   23.0   4.0    11   101     5   105     2   153 0.62 # 688308 # 689615 # -1 # ID=1_572;partial=00;start_type=ATG;rbs_motif=None;rbs_spacer=None;gc_cont=0.226
CP000123.1_572       -            436 4324at2085           -            135   2.9e-14   48.8  17.2   2   3      0.26        28    0.3   0.3    36    70   108   141    90   172 0.61 # 688308 # 689615 # -1 # ID=1_572;partial=00;start_type=ATG;rbs_motif=None;rbs_spacer=None;gc_cont=0.226
CP000123.1_572       -            436 4324at2085           -            135   2.9e-14   48.8  17.2   3   3     5e-10   5.3e-08   28.6   5.1     8   122   173   308   166   318 0.70 # 688308 # 689615 # -1 # ID=1_572;partial=00;start_type=ATG;rbs_motif=None;rbs_spacer=None;gc_cont=0.226
CP000123.1_793       -            453 4324at2085           -            135   7.9e-10   34.5   5.4   1   1     6e-11   6.3e-09   31.6   5.4     4   123   212   347   209   361 0.69 # 946228 # 947586 # -1 # ID=1_793;partial=00;start_type=ATG;rbs_motif=GGA/GAG/AGG;rbs_spacer=5-10bp;gc_cont=0.236
CP000123.1_503       -            302 4324at2085           -            135   1.9e-08   30.0   5.2   1   2   1.8e-10   1.9e-08   30.0   5.2    12   122     9   138     2   162 0.74 # 605710 # 606615 # -1 # ID=1_503;partial=00;start_type=ATG;rbs_motif=None;rbs_spacer=None;gc_cont=0.220
CP000123.1_503       -            302 4324at2085           -            135   1.9e-08   30.0   5.2   2   2      0.49        51   -0.5   0.1    65   109   159   203   152   231 0.69 # 605710 # 606615 # -1 # ID=1_503;partial=00;start_type=ATG;rbs_motif=None;rbs_spacer=None;gc_cont=0.220
CP000123.1_538       -            317 4324at2085           -            135   3.4e-08   29.2   0.3   1   2      0.25        27    0.4   0.6    70   113    70   117    46   128 0.63 # 652386 # 653336 # -1 # ID=1_538;partial=00;start_type=ATG;rbs_motif=AGxAG;rbs_spacer=5-10bp;gc_cont=0.239
CP000123.1_538       -            317 4324at2085           -            135   3.4e-08   29.2   0.3   2   2   3.2e-10   3.4e-08   29.2   0.3     5    72   119   190   115   231 0.84 # 652386 # 653336 # -1 # ID=1_538;partial=00;start_type=ATG;rbs_motif=AGxAG;rbs_spacer=5-10bp;gc_cont=0.239
CP000123.1_420       -            368 4324at2085           -            135   1.4e-06   24.0  11.4   1   2     0.013       1.4    4.6   3.1    67   121    61   115    40   134 0.77 # 509967 # 511070 # -1 # ID=1_420;partial=00;start_type=ATG;rbs_motif=AGGAG;rbs_spacer=5-10bp;gc_cont=0.192
CP000123.1_420       -            368 4324at2085           -            135   1.4e-06   24.0  11.4   2   2   1.4e-08   1.5e-06   23.9   1.2     3    31   150   178   148   241 0.88 # 509967 # 511070 # -1 # ID=1_420;partial=00;start_type=ATG;rbs_motif=AGGAG;rbs_spacer=5-10bp;gc_cont=0.192
CP000123.1_778       -            365 4324at2085           -            135    0.0003   16.4   0.0   1   1   7.8e-06   0.00082   15.0   0.0    12    36     5    29     3    64 0.83 # 929506 # 930600 # -1 # ID=1_778;partial=00;start_type=ATG;rbs_motif=AGGA;rbs_spacer=5-10bp;gc_cont=0.274
CP000123.1_528       -            434 4324at2085           -            135   0.00059   15.5   1.0   1   3   6.9e-05    0.0073   11.9   0.0    11   107   161   265   156   284 0.65 # 640031 # 641332 # -1 # ID=1_528;partial=00;start_type=ATG;rbs_motif=AGxAGG/AGGxGG;rbs_spacer=5-10bp;gc_cont=0.264
CP000123.1_528       -            434 4324at2085           -            135   0.00059   15.5   1.0   2   3      0.16        17    1.0   0.5    91   124   268   301   250   321 0.56 # 640031 # 641332 # -1 # ID=1_528;partial=00;start_type=ATG;rbs_motif=AGxAGG/AGGxGG;rbs_spacer=5-10bp;gc_cont=0.264
CP000123.1_528       -            434 4324at2085           -            135   0.00059   15.5   1.0   3   3      0.29        31    0.2   0.1    45    59   299   314   295   334 0.63 # 640031 # 641332 # -1 # ID=1_528;partial=00;start_type=ATG;rbs_motif=AGxAGG/AGGxGG;rbs_spacer=5-10bp;gc_cont=0.264
#
# Program:         hmmsearch
# Version:         3.1b2 (February 2015)
# Pipeline mode:   SEARCH
# Query file:      /root/busco_downloads/lineages/mycoplasmatales_odb10/hmms/4324at2085.hmm
# Target file:     /disk3/default/V2/admin/core/data/myco/outBusco/Mcc_ATCC27343/prodigal_output/predicted_genes/predicted.faa
# Option settings: hmmsearch --domtblout /disk3/default/V2/admin/core/data/myco/outBusco/Mcc_ATCC27343/run_mycoplasmatales_odb10/hmmer_output/4324at2085.out --cpu 1 /root/busco_downloads/lineages/mycoplasmatales_odb10/hmms/4324at2085.hmm /disk3/default/V2/admin/core/data/myco/outBusco/Mcc_ATCC27343/prodigal_output/predicted_genes/predicted.faa 
# Current dir:     /root
# Date:            Sun Jul 31 23:54:14 2022
# [ok]
