#                                                                                                                                                                                                                            --- full sequence --- -------------- this domain -------------   hmm coord   ali coord   env coord
# target name                                                                                                                                                        accession   tlen query name           accession   qlen   E-value  score  bias   #  of  c-Evalue  i-Evalue  score  bias  from    to  from    to  from    to  acc description of target
#                                                                                                                                                ------------------- ---------- ----- -------------------- ---------- ----- --------- ------ ----- --- --- --------- --------- ------ ----- ----- ----- ----- ----- ----- ----- ---- ---------------------
NG-25720_PPCC_MCI_lib436635_7080_3_1_(paired)_trimmed_(paired)_mapping_-_Extracted_nucleotide_sequences_[NG-25720_PPCC_MCI_lib436635_7080_3_1]_(single)_contig_24_10 -            453 1338at2085           -            333  1.5e-101  335.4  37.9   1   2   3.4e-94   4.1e-92  304.5  35.4     1   308     5   357     5   408 0.83 # 12838 # 14196 # 1 # ID=24_10;partial=00;start_type=ATG;rbs_motif=GGA/GAG/AGG;rbs_spacer=5-10bp;gc_cont=0.235
NG-25720_PPCC_MCI_lib436635_7080_3_1_(paired)_trimmed_(paired)_mapping_-_Extracted_nucleotide_sequences_[NG-25720_PPCC_MCI_lib436635_7080_3_1]_(single)_contig_24_10 -            453 1338at2085           -            333  1.5e-101  335.4  37.9   2   2   5.1e-09   6.3e-07   24.5   0.9   283   333   398   452   366   452 0.67 # 12838 # 14196 # 1 # ID=24_10;partial=00;start_type=ATG;rbs_motif=GGA/GAG/AGG;rbs_spacer=5-10bp;gc_cont=0.235
NG-25720_PPCC_MCI_lib436635_7080_3_1_(paired)_trimmed_(paired)_mapping_-_Extracted_nucleotide_sequences_[NG-25720_PPCC_MCI_lib436635_7080_3_1]_(single)_contig_8_33  -            436 1338at2085           -            333   1.4e-42  141.7  25.4   1   2   1.4e-21   1.7e-19   65.8   3.6   179   278     6   103     2   136 0.77 # 27691 # 28998 # -1 # ID=8_33;partial=00;start_type=ATG;rbs_motif=None;rbs_spacer=None;gc_cont=0.226
NG-25720_PPCC_MCI_lib436635_7080_3_1_(paired)_trimmed_(paired)_mapping_-_Extracted_nucleotide_sequences_[NG-25720_PPCC_MCI_lib436635_7080_3_1]_(single)_contig_8_33  -            436 1338at2085           -            333   1.4e-42  141.7  25.4   2   2   1.7e-25   2.1e-23   78.6  14.9   161   269   159   271   117   351 0.87 # 27691 # 28998 # -1 # ID=8_33;partial=00;start_type=ATG;rbs_motif=None;rbs_spacer=None;gc_cont=0.226
NG-25720_PPCC_MCI_lib436635_7080_3_1_(paired)_trimmed_(paired)_mapping_-_Extracted_nucleotide_sequences_[NG-25720_PPCC_MCI_lib436635_7080_3_1]_(single)_contig_13_17 -            302 1338at2085           -            333   5.8e-19   64.0   4.4   1   1   4.8e-21   5.8e-19   64.0   4.4   179   294     9   123     2   143 0.86 # 24497 # 25402 # 1 # ID=13_17;partial=00;start_type=ATG;rbs_motif=None;rbs_spacer=None;gc_cont=0.222
NG-25720_PPCC_MCI_lib436635_7080_3_1_(paired)_trimmed_(paired)_mapping_-_Extracted_nucleotide_sequences_[NG-25720_PPCC_MCI_lib436635_7080_3_1]_(single)_contig_17_34 -            197 1338at2085           -            333   2.3e-09   32.5   1.1   1   2   1.9e-11   2.3e-09   32.5   1.1   165   233    11    79     3   164 0.79 # 43930 # 44520 # -1 # ID=17_34;partial=00;start_type=ATG;rbs_motif=AGGA;rbs_spacer=5-10bp;gc_cont=0.227
NG-25720_PPCC_MCI_lib436635_7080_3_1_(paired)_trimmed_(paired)_mapping_-_Extracted_nucleotide_sequences_[NG-25720_PPCC_MCI_lib436635_7080_3_1]_(single)_contig_17_34 -            197 1338at2085           -            333   2.3e-09   32.5   1.1   2   2      0.12        15    0.2   0.5   154   196   151   192   116   196 0.61 # 43930 # 44520 # -1 # ID=17_34;partial=00;start_type=ATG;rbs_motif=AGGA;rbs_spacer=5-10bp;gc_cont=0.227
NG-25720_PPCC_MCI_lib436635_7080_3_1_(paired)_trimmed_(paired)_mapping_-_Extracted_nucleotide_sequences_[NG-25720_PPCC_MCI_lib436635_7080_3_1]_(single)_contig_8_18  -            317 1338at2085           -            333   2.2e-08   29.3   9.0   1   1   1.9e-10   2.3e-08   29.2   8.0   149   279    86   225    57   280 0.66 # 16149 # 17099 # -1 # ID=8_18;partial=00;start_type=ATG;rbs_motif=AGxAG;rbs_spacer=5-10bp;gc_cont=0.236
NG-25720_PPCC_MCI_lib436635_7080_3_1_(paired)_trimmed_(paired)_mapping_-_Extracted_nucleotide_sequences_[NG-25720_PPCC_MCI_lib436635_7080_3_1]_(single)_contig_24_25 -            365 1338at2085           -            333   4.6e-06   21.6   4.2   1   2   1.6e-06    0.0002   16.3   0.2   176   199     2    25     1    31 0.91 # 29655 # 30749 # 1 # ID=24_25;partial=00;start_type=ATG;rbs_motif=AGGA;rbs_spacer=5-10bp;gc_cont=0.276
NG-25720_PPCC_MCI_lib436635_7080_3_1_(paired)_trimmed_(paired)_mapping_-_Extracted_nucleotide_sequences_[NG-25720_PPCC_MCI_lib436635_7080_3_1]_(single)_contig_24_25 -            365 1338at2085           -            333   4.6e-06   21.6   4.2   2   2    0.0018      0.22    6.3   0.5   224   325    67   168    57   175 0.83 # 29655 # 30749 # 1 # ID=24_25;partial=00;start_type=ATG;rbs_motif=AGGA;rbs_spacer=5-10bp;gc_cont=0.276
NG-25720_PPCC_MCI_lib436635_7080_3_1_(paired)_trimmed_(paired)_mapping_-_Extracted_nucleotide_sequences_[NG-25720_PPCC_MCI_lib436635_7080_3_1]_(single)_contig_27_6  -            513 1338at2085           -            333   0.00032   15.6   2.5   1   2   2.8e-06   0.00034   15.4   0.1   164   199    17    52     7    59 0.87 # 4622 # 6160 # 1 # ID=27_6;partial=00;start_type=ATG;rbs_motif=AGGAGG;rbs_spacer=3-4bp;gc_cont=0.261
NG-25720_PPCC_MCI_lib436635_7080_3_1_(paired)_trimmed_(paired)_mapping_-_Extracted_nucleotide_sequences_[NG-25720_PPCC_MCI_lib436635_7080_3_1]_(single)_contig_27_6  -            513 1338at2085           -            333   0.00032   15.6   2.5   2   2      0.29        35   -1.0   0.4   245   285   212   252   162   300 0.49 # 4622 # 6160 # 1 # ID=27_6;partial=00;start_type=ATG;rbs_motif=AGGAGG;rbs_spacer=3-4bp;gc_cont=0.261
#
# Program:         hmmsearch
# Version:         3.1b2 (February 2015)
# Pipeline mode:   SEARCH
# Query file:      /root/busco_downloads/lineages/mycoplasmatales_odb10/hmms/1338at2085.hmm
# Target file:     /disk3/default/V2/admin/core/data/myco/outBusco/Mcc_PPCC_MCI/prodigal_output/predicted_genes/predicted.faa
# Option settings: hmmsearch --domtblout /disk3/default/V2/admin/core/data/myco/outBusco/Mcc_PPCC_MCI/run_mycoplasmatales_odb10/hmmer_output/1338at2085.out --cpu 1 /root/busco_downloads/lineages/mycoplasmatales_odb10/hmms/1338at2085.hmm /disk3/default/V2/admin/core/data/myco/outBusco/Mcc_PPCC_MCI/prodigal_output/predicted_genes/predicted.faa 
# Current dir:     /root
# Date:            Sun Jul 31 23:55:00 2022
# [ok]
