#                                                                                                                                                                                                                            --- full sequence --- -------------- this domain -------------   hmm coord   ali coord   env coord
# target name                                                                                                                                                        accession   tlen query name           accession   qlen   E-value  score  bias   #  of  c-Evalue  i-Evalue  score  bias  from    to  from    to  from    to  acc description of target
#                                                                                                                                                ------------------- ---------- ----- -------------------- ---------- ----- --------- ------ ----- --- --- --------- --------- ------ ----- ----- ----- ----- ----- ----- ----- ---- ---------------------
NG-25720_PPCC_MCI_lib436635_7080_3_1_(paired)_trimmed_(paired)_mapping_-_Extracted_nucleotide_sequences_[NG-25720_PPCC_MCI_lib436635_7080_3_1]_(single)_contig_8_7   -            434 1851at2085           -            347    2e-125  413.9  17.0   1   2  2.7e-114  5.8e-112  369.7  11.9     1   312     1   343     1   370 0.88 # 4129 # 5430 # -1 # ID=8_7;partial=00;start_type=ATG;rbs_motif=AGxAGG/AGGxGG;rbs_spacer=5-10bp;gc_cont=0.263
NG-25720_PPCC_MCI_lib436635_7080_3_1_(paired)_trimmed_(paired)_mapping_-_Extracted_nucleotide_sequences_[NG-25720_PPCC_MCI_lib436635_7080_3_1]_(single)_contig_8_7   -            434 1851at2085           -            347    2e-125  413.9  17.0   2   2   3.6e-16   7.6e-14   47.0   0.6   293   347   371   431   345   431 0.85 # 4129 # 5430 # -1 # ID=8_7;partial=00;start_type=ATG;rbs_motif=AGxAGG/AGGxGG;rbs_spacer=5-10bp;gc_cont=0.263
NG-25720_PPCC_MCI_lib436635_7080_3_1_(paired)_trimmed_(paired)_mapping_-_Extracted_nucleotide_sequences_[NG-25720_PPCC_MCI_lib436635_7080_3_1]_(single)_contig_24_25 -            365 1851at2085           -            347   9.5e-18   59.9   3.7   1   2   1.1e-18   2.2e-16   55.3   0.5   153   256     4   127     2   160 0.78 # 29655 # 30749 # 1 # ID=24_25;partial=00;start_type=ATG;rbs_motif=AGGA;rbs_spacer=5-10bp;gc_cont=0.276
NG-25720_PPCC_MCI_lib436635_7080_3_1_(paired)_trimmed_(paired)_mapping_-_Extracted_nucleotide_sequences_[NG-25720_PPCC_MCI_lib436635_7080_3_1]_(single)_contig_24_25 -            365 1851at2085           -            347   9.5e-18   59.9   3.7   2   2      0.25        53   -1.8   0.1   250   271   190   211   182   258 0.78 # 29655 # 30749 # 1 # ID=24_25;partial=00;start_type=ATG;rbs_motif=AGGA;rbs_spacer=5-10bp;gc_cont=0.276
NG-25720_PPCC_MCI_lib436635_7080_3_1_(paired)_trimmed_(paired)_mapping_-_Extracted_nucleotide_sequences_[NG-25720_PPCC_MCI_lib436635_7080_3_1]_(single)_contig_8_33  -            436 1851at2085           -            347     6e-10   34.2  13.2   1   2   2.4e-06   0.00051   14.7   1.8   153   278     5   130     2   146 0.79 # 27691 # 28998 # -1 # ID=8_33;partial=00;start_type=ATG;rbs_motif=None;rbs_spacer=None;gc_cont=0.226
NG-25720_PPCC_MCI_lib436635_7080_3_1_(paired)_trimmed_(paired)_mapping_-_Extracted_nucleotide_sequences_[NG-25720_PPCC_MCI_lib436635_7080_3_1]_(single)_contig_8_33  -            436 1851at2085           -            347     6e-10   34.2  13.2   2   2   2.7e-09   5.8e-07   24.4   3.9   151   278   174   304   164   382 0.82 # 27691 # 28998 # -1 # ID=8_33;partial=00;start_type=ATG;rbs_motif=None;rbs_spacer=None;gc_cont=0.226
NG-25720_PPCC_MCI_lib436635_7080_3_1_(paired)_trimmed_(paired)_mapping_-_Extracted_nucleotide_sequences_[NG-25720_PPCC_MCI_lib436635_7080_3_1]_(single)_contig_17_34 -            197 1851at2085           -            347   6.9e-05   17.6   3.4   1   1   9.6e-07   0.00021   16.0   3.4   150   288    21   164    11   192 0.79 # 43930 # 44520 # -1 # ID=17_34;partial=00;start_type=ATG;rbs_motif=AGGA;rbs_spacer=5-10bp;gc_cont=0.227
#
# Program:         hmmsearch
# Version:         3.1b2 (February 2015)
# Pipeline mode:   SEARCH
# Query file:      /root/busco_downloads/lineages/mycoplasmatales_odb10/hmms/1851at2085.hmm
# Target file:     /disk3/default/V2/admin/core/data/myco/outBusco/Mcc_PPCC_MCI/prodigal_output/predicted_genes/predicted.faa
# Option settings: hmmsearch --domtblout /disk3/default/V2/admin/core/data/myco/outBusco/Mcc_PPCC_MCI/run_mycoplasmatales_odb10/hmmer_output/1851at2085.out --cpu 1 /root/busco_downloads/lineages/mycoplasmatales_odb10/hmms/1851at2085.hmm /disk3/default/V2/admin/core/data/myco/outBusco/Mcc_PPCC_MCI/prodigal_output/predicted_genes/predicted.faa 
# Current dir:     /root
# Date:            Sun Jul 31 23:55:02 2022
# [ok]
