#                                                                                                                                                                                                                            --- full sequence --- -------------- this domain -------------   hmm coord   ali coord   env coord
# target name                                                                                                                                                        accession   tlen query name           accession   qlen   E-value  score  bias   #  of  c-Evalue  i-Evalue  score  bias  from    to  from    to  from    to  acc description of target
#                                                                                                                                                ------------------- ---------- ----- -------------------- ---------- ----- --------- ------ ----- --- --- --------- --------- ------ ----- ----- ----- ----- ----- ----- ----- ---- ---------------------
NG-25720_PPCC_MCI_lib436635_7080_3_1_(paired)_trimmed_(paired)_mapping_-_Extracted_nucleotide_sequences_[NG-25720_PPCC_MCI_lib436635_7080_3_1]_(single)_contig_16_10 -            311 3146at2085           -            235   1.1e-83  275.8   2.4   1   2   5.5e-27   6.7e-25   83.4   0.1     1    63     9    74     9    97 0.94 # 13431 # 14363 # 1 # ID=16_10;partial=00;start_type=ATG;rbs_motif=AGGA;rbs_spacer=5-10bp;gc_cont=0.308
NG-25720_PPCC_MCI_lib436635_7080_3_1_(paired)_trimmed_(paired)_mapping_-_Extracted_nucleotide_sequences_[NG-25720_PPCC_MCI_lib436635_7080_3_1]_(single)_contig_16_10 -            311 3146at2085           -            235   1.1e-83  275.8   2.4   2   2   2.6e-60   3.1e-58  192.5   0.3    62   234   107   301    87   302 0.86 # 13431 # 14363 # 1 # ID=16_10;partial=00;start_type=ATG;rbs_motif=AGGA;rbs_spacer=5-10bp;gc_cont=0.308
NG-25720_PPCC_MCI_lib436635_7080_3_1_(paired)_trimmed_(paired)_mapping_-_Extracted_nucleotide_sequences_[NG-25720_PPCC_MCI_lib436635_7080_3_1]_(single)_contig_34_13 -            454 3146at2085           -            235   2.7e-19   65.1   5.8   1   2     3e-08   3.7e-06   22.0   0.0     1    44     4    47     4    92 0.90 # 11931 # 13292 # 1 # ID=34_13;partial=00;start_type=ATG;rbs_motif=GGAG/GAGG;rbs_spacer=5-10bp;gc_cont=0.240
NG-25720_PPCC_MCI_lib436635_7080_3_1_(paired)_trimmed_(paired)_mapping_-_Extracted_nucleotide_sequences_[NG-25720_PPCC_MCI_lib436635_7080_3_1]_(single)_contig_34_13 -            454 3146at2085           -            235   2.7e-19   65.1   5.8   2   2   7.3e-15   8.9e-13   43.7   3.1    66   235   132   320    97   320 0.80 # 11931 # 13292 # 1 # ID=34_13;partial=00;start_type=ATG;rbs_motif=GGAG/GAGG;rbs_spacer=5-10bp;gc_cont=0.240
NG-25720_PPCC_MCI_lib436635_7080_3_1_(paired)_trimmed_(paired)_mapping_-_Extracted_nucleotide_sequences_[NG-25720_PPCC_MCI_lib436635_7080_3_1]_(single)_contig_17_16 -            630 3146at2085           -            235   2.4e-11   39.0   9.8   1   3   5.5e-07   6.7e-05   17.9   0.1     1    40   164   203   164   250 0.89 # 18212 # 20101 # 1 # ID=17_16;partial=00;start_type=ATG;rbs_motif=GGA/GAG/AGG;rbs_spacer=5-10bp;gc_cont=0.308
NG-25720_PPCC_MCI_lib436635_7080_3_1_(paired)_trimmed_(paired)_mapping_-_Extracted_nucleotide_sequences_[NG-25720_PPCC_MCI_lib436635_7080_3_1]_(single)_contig_17_16 -            630 3146at2085           -            235   2.4e-11   39.0   9.8   2   3   1.3e-08   1.5e-06   23.3   1.8   103   233   337   488   332   490 0.66 # 18212 # 20101 # 1 # ID=17_16;partial=00;start_type=ATG;rbs_motif=GGA/GAG/AGG;rbs_spacer=5-10bp;gc_cont=0.308
NG-25720_PPCC_MCI_lib436635_7080_3_1_(paired)_trimmed_(paired)_mapping_-_Extracted_nucleotide_sequences_[NG-25720_PPCC_MCI_lib436635_7080_3_1]_(single)_contig_17_16 -            630 3146at2085           -            235   2.4e-11   39.0   9.8   3   3     0.098        12    0.7   0.2   151   225   519   590   489   601 0.58 # 18212 # 20101 # 1 # ID=17_16;partial=00;start_type=ATG;rbs_motif=GGA/GAG/AGG;rbs_spacer=5-10bp;gc_cont=0.308
NG-25720_PPCC_MCI_lib436635_7080_3_1_(paired)_trimmed_(paired)_mapping_-_Extracted_nucleotide_sequences_[NG-25720_PPCC_MCI_lib436635_7080_3_1]_(single)_contig_17_11 -            455 3146at2085           -            235   6.9e-06   21.2   1.4   1   1   1.3e-07   1.6e-05   19.9   1.4    66   218   106   287    92   314 0.65 # 12332 # 13696 # 1 # ID=17_11;partial=00;start_type=ATG;rbs_motif=GGA/GAG/AGG;rbs_spacer=5-10bp;gc_cont=0.300
NG-25720_PPCC_MCI_lib436635_7080_3_1_(paired)_trimmed_(paired)_mapping_-_Extracted_nucleotide_sequences_[NG-25720_PPCC_MCI_lib436635_7080_3_1]_(single)_contig_1_26  -            448 3146at2085           -            235   1.5e-05   20.1   5.4   1   3       0.1        12    0.7   0.1     3    32     3    34     1    39 0.71 # 28406 # 29749 # -1 # ID=1_26;partial=00;start_type=ATG;rbs_motif=GGA/GAG/AGG;rbs_spacer=5-10bp;gc_cont=0.263
NG-25720_PPCC_MCI_lib436635_7080_3_1_(paired)_trimmed_(paired)_mapping_-_Extracted_nucleotide_sequences_[NG-25720_PPCC_MCI_lib436635_7080_3_1]_(single)_contig_1_26  -            448 3146at2085           -            235   1.5e-05   20.1   5.4   2   3   1.7e-07   2.1e-05   19.6   1.1   102   222   148   291   143   304 0.68 # 28406 # 29749 # -1 # ID=1_26;partial=00;start_type=ATG;rbs_motif=GGA/GAG/AGG;rbs_spacer=5-10bp;gc_cont=0.263
NG-25720_PPCC_MCI_lib436635_7080_3_1_(paired)_trimmed_(paired)_mapping_-_Extracted_nucleotide_sequences_[NG-25720_PPCC_MCI_lib436635_7080_3_1]_(single)_contig_1_26  -            448 3146at2085           -            235   1.5e-05   20.1   5.4   3   3      0.44        53   -1.4   0.0    67    88   336   357   324   359 0.83 # 28406 # 29749 # -1 # ID=1_26;partial=00;start_type=ATG;rbs_motif=GGA/GAG/AGG;rbs_spacer=5-10bp;gc_cont=0.263
NG-25720_PPCC_MCI_lib436635_7080_3_1_(paired)_trimmed_(paired)_mapping_-_Extracted_nucleotide_sequences_[NG-25720_PPCC_MCI_lib436635_7080_3_1]_(single)_contig_1_24  -            630 3146at2085           -            235   6.6e-05   17.9   0.2   1   2   2.7e-06   0.00033   15.6   0.1     1    30     5    34     5    40 0.94 # 24784 # 26673 # -1 # ID=1_24;partial=00;start_type=ATG;rbs_motif=GGA/GAG/AGG;rbs_spacer=5-10bp;gc_cont=0.286
NG-25720_PPCC_MCI_lib436635_7080_3_1_(paired)_trimmed_(paired)_mapping_-_Extracted_nucleotide_sequences_[NG-25720_PPCC_MCI_lib436635_7080_3_1]_(single)_contig_1_24  -            630 3146at2085           -            235   6.6e-05   17.9   0.2   2   2      0.46        57   -1.5   0.0    52    74   136   157   126   171 0.65 # 24784 # 26673 # -1 # ID=1_24;partial=00;start_type=ATG;rbs_motif=GGA/GAG/AGG;rbs_spacer=5-10bp;gc_cont=0.286
NG-25720_PPCC_MCI_lib436635_7080_3_1_(paired)_trimmed_(paired)_mapping_-_Extracted_nucleotide_sequences_[NG-25720_PPCC_MCI_lib436635_7080_3_1]_(single)_contig_13_47 -            439 3146at2085           -            235   0.00042   15.3   0.1   1   2   0.00013     0.015   10.2   0.0     3    33     5    35     3    55 0.84 # 60823 # 62139 # 1 # ID=13_47;partial=00;start_type=ATG;rbs_motif=GGA/GAG/AGG;rbs_spacer=5-10bp;gc_cont=0.254
NG-25720_PPCC_MCI_lib436635_7080_3_1_(paired)_trimmed_(paired)_mapping_-_Extracted_nucleotide_sequences_[NG-25720_PPCC_MCI_lib436635_7080_3_1]_(single)_contig_13_47 -            439 3146at2085           -            235   0.00042   15.3   0.1   2   2     0.043       5.3    1.9   0.0   139   169   103   133    88   141 0.81 # 60823 # 62139 # 1 # ID=13_47;partial=00;start_type=ATG;rbs_motif=GGA/GAG/AGG;rbs_spacer=5-10bp;gc_cont=0.254
#
# Program:         hmmsearch
# Version:         3.1b2 (February 2015)
# Pipeline mode:   SEARCH
# Query file:      /root/busco_downloads/lineages/mycoplasmatales_odb10/hmms/3146at2085.hmm
# Target file:     /disk3/default/V2/admin/core/data/myco/outBusco/Mcc_PPCC_MCI/prodigal_output/predicted_genes/predicted.faa
# Option settings: hmmsearch --domtblout /disk3/default/V2/admin/core/data/myco/outBusco/Mcc_PPCC_MCI/run_mycoplasmatales_odb10/hmmer_output/3146at2085.out --cpu 1 /root/busco_downloads/lineages/mycoplasmatales_odb10/hmms/3146at2085.hmm /disk3/default/V2/admin/core/data/myco/outBusco/Mcc_PPCC_MCI/prodigal_output/predicted_genes/predicted.faa 
# Current dir:     /root
# Date:            Sun Jul 31 23:55:04 2022
# [ok]
