#                                                                                                                                                                                                                           --- full sequence --- -------------- this domain -------------   hmm coord   ali coord   env coord
# target name                                                                                                                                                       accession   tlen query name           accession   qlen   E-value  score  bias   #  of  c-Evalue  i-Evalue  score  bias  from    to  from    to  from    to  acc description of target
#                                                                                                                                               ------------------- ---------- ----- -------------------- ---------- ----- --------- ------ ----- --- --- --------- --------- ------ ----- ----- ----- ----- ----- ----- ----- ---- ---------------------
NG-25720_PPCC_MCI_lib436635_7080_3_1_(paired)_trimmed_(paired)_mapping_-_Extracted_nucleotide_sequences_[NG-25720_PPCC_MCI_lib436635_7080_3_1]_(single)_contig_12_7 -            987 543at2085            -            552    3e-166  549.7  72.8   1   4   3.3e-17   1.4e-14   49.1   1.5     3    73     6    86     4    97 0.85 # 8244 # 11204 # -1 # ID=12_7;partial=00;start_type=ATG;rbs_motif=AGGAG;rbs_spacer=5-10bp;gc_cont=0.196
NG-25720_PPCC_MCI_lib436635_7080_3_1_(paired)_trimmed_(paired)_mapping_-_Extracted_nucleotide_sequences_[NG-25720_PPCC_MCI_lib436635_7080_3_1]_(single)_contig_12_7 -            987 543at2085            -            552    3e-166  549.7  72.8   2   4   1.6e-64   6.9e-62  205.3  10.4    13   225   168   382   156   394 0.77 # 8244 # 11204 # -1 # ID=12_7;partial=00;start_type=ATG;rbs_motif=AGGAG;rbs_spacer=5-10bp;gc_cont=0.196
NG-25720_PPCC_MCI_lib436635_7080_3_1_(paired)_trimmed_(paired)_mapping_-_Extracted_nucleotide_sequences_[NG-25720_PPCC_MCI_lib436635_7080_3_1]_(single)_contig_12_7 -            987 543at2085            -            552    3e-166  549.7  72.8   3   4   1.3e-96   5.5e-94  311.2  37.0   228   541   436   819   430   830 0.83 # 8244 # 11204 # -1 # ID=12_7;partial=00;start_type=ATG;rbs_motif=AGGAG;rbs_spacer=5-10bp;gc_cont=0.196
NG-25720_PPCC_MCI_lib436635_7080_3_1_(paired)_trimmed_(paired)_mapping_-_Extracted_nucleotide_sequences_[NG-25720_PPCC_MCI_lib436635_7080_3_1]_(single)_contig_12_7 -            987 543at2085            -            552    3e-166  549.7  72.8   4   4      0.44   1.9e+02   -4.1   1.3   524   542   918   936   864   983 0.54 # 8244 # 11204 # -1 # ID=12_7;partial=00;start_type=ATG;rbs_motif=AGGAG;rbs_spacer=5-10bp;gc_cont=0.196
NG-25720_PPCC_MCI_lib436635_7080_3_1_(paired)_trimmed_(paired)_mapping_-_Extracted_nucleotide_sequences_[NG-25720_PPCC_MCI_lib436635_7080_3_1]_(single)_contig_6_11 -           1480 543at2085            -            552   8.3e-16   53.1  38.5   1   6      0.16        69   -2.7   1.7    46   108   126   190    83   195 0.63 # 9457 # 13896 # -1 # ID=6_11;partial=00;start_type=ATG;rbs_motif=AGGAGG;rbs_spacer=3-4bp;gc_cont=0.240
NG-25720_PPCC_MCI_lib436635_7080_3_1_(paired)_trimmed_(paired)_mapping_-_Extracted_nucleotide_sequences_[NG-25720_PPCC_MCI_lib436635_7080_3_1]_(single)_contig_6_11 -           1480 543at2085            -            552   8.3e-16   53.1  38.5   2   6    0.0015      0.62    4.0   0.1     2    55   338   391   337   459 0.76 # 9457 # 13896 # -1 # ID=6_11;partial=00;start_type=ATG;rbs_motif=AGGAGG;rbs_spacer=3-4bp;gc_cont=0.240
NG-25720_PPCC_MCI_lib436635_7080_3_1_(paired)_trimmed_(paired)_mapping_-_Extracted_nucleotide_sequences_[NG-25720_PPCC_MCI_lib436635_7080_3_1]_(single)_contig_6_11 -           1480 543at2085            -            552   8.3e-16   53.1  38.5   3   6      0.23        99   -3.2   0.2    68    98   626   656   616   663 0.82 # 9457 # 13896 # -1 # ID=6_11;partial=00;start_type=ATG;rbs_motif=AGGAGG;rbs_spacer=3-4bp;gc_cont=0.240
NG-25720_PPCC_MCI_lib436635_7080_3_1_(paired)_trimmed_(paired)_mapping_-_Extracted_nucleotide_sequences_[NG-25720_PPCC_MCI_lib436635_7080_3_1]_(single)_contig_6_11 -           1480 543at2085            -            552   8.3e-16   53.1  38.5   4   6   3.9e-09   1.7e-06   22.4   0.1   105   170   872   936   794   947 0.75 # 9457 # 13896 # -1 # ID=6_11;partial=00;start_type=ATG;rbs_motif=AGGAGG;rbs_spacer=3-4bp;gc_cont=0.240
NG-25720_PPCC_MCI_lib436635_7080_3_1_(paired)_trimmed_(paired)_mapping_-_Extracted_nucleotide_sequences_[NG-25720_PPCC_MCI_lib436635_7080_3_1]_(single)_contig_6_11 -           1480 543at2085            -            552   8.3e-16   53.1  38.5   5   6   4.7e-13     2e-10   35.4   5.6   172   470   979  1331   977  1341 0.66 # 9457 # 13896 # -1 # ID=6_11;partial=00;start_type=ATG;rbs_motif=AGGAGG;rbs_spacer=3-4bp;gc_cont=0.240
NG-25720_PPCC_MCI_lib436635_7080_3_1_(paired)_trimmed_(paired)_mapping_-_Extracted_nucleotide_sequences_[NG-25720_PPCC_MCI_lib436635_7080_3_1]_(single)_contig_6_11 -           1480 543at2085            -            552   8.3e-16   53.1  38.5   6   6    0.0023      0.98    3.4   0.6   478   541  1396  1461  1374  1472 0.73 # 9457 # 13896 # -1 # ID=6_11;partial=00;start_type=ATG;rbs_motif=AGGAGG;rbs_spacer=3-4bp;gc_cont=0.240
#
# Program:         hmmsearch
# Version:         3.1b2 (February 2015)
# Pipeline mode:   SEARCH
# Query file:      /root/busco_downloads/lineages/mycoplasmatales_odb10/hmms/543at2085.hmm
# Target file:     /disk3/default/V2/admin/core/data/myco/outBusco/Mcc_PPCC_MCI/prodigal_output/predicted_genes/predicted.faa
# Option settings: hmmsearch --domtblout /disk3/default/V2/admin/core/data/myco/outBusco/Mcc_PPCC_MCI/run_mycoplasmatales_odb10/hmmer_output/543at2085.out --cpu 1 /root/busco_downloads/lineages/mycoplasmatales_odb10/hmms/543at2085.hmm /disk3/default/V2/admin/core/data/myco/outBusco/Mcc_PPCC_MCI/prodigal_output/predicted_genes/predicted.faa 
# Current dir:     /root
# Date:            Sun Jul 31 23:55:07 2022
# [ok]
