#                                                                            --- full sequence --- -------------- this domain -------------   hmm coord   ali coord   env coord
# target name        accession   tlen query name           accession   qlen   E-value  score  bias   #  of  c-Evalue  i-Evalue  score  bias  from    to  from    to  from    to  acc description of target
#------------------- ---------- ----- -------------------- ---------- ----- --------- ------ ----- --- --- --------- --------- ------ ----- ----- ----- ----- ----- ----- ----- ---- ---------------------
CP000123.1_425       -            191 1978at2085           -            276   7.6e-73  241.1   6.2   1   1   8.7e-75   9.2e-73  240.8   6.2     1   178     3   183     3   187 0.96 # 514753 # 515325 # -1 # ID=1_425;partial=00;start_type=ATG;rbs_motif=AGxAGG/AGGxGG;rbs_spacer=5-10bp;gc_cont=0.209
CP000123.1_511       -            413 1978at2085           -            276   6.4e-16   54.4   1.5   1   2   6.1e-18   6.4e-16   54.4   1.5     1   112    10   120    10   130 0.85 # 622111 # 623349 # -1 # ID=1_511;partial=00;start_type=ATG;rbs_motif=GGAG/GAGG;rbs_spacer=5-10bp;gc_cont=0.238
CP000123.1_511       -            413 1978at2085           -            276   6.4e-16   54.4   1.5   2   2       0.8        84   -1.8   0.1   217   263   197   243   150   250 0.60 # 622111 # 623349 # -1 # ID=1_511;partial=00;start_type=ATG;rbs_motif=GGAG/GAGG;rbs_spacer=5-10bp;gc_cont=0.238
CP000123.1_424       -             59 1978at2085           -            276   3.6e-14   48.6   0.6   1   1   3.8e-16   3.9e-14   48.5   0.6   225   276     6    57     2    57 0.96 # 514403 # 514579 # -1 # ID=1_424;partial=00;start_type=ATG;rbs_motif=None;rbs_spacer=None;gc_cont=0.198
CP000123.1_300       -            268 1978at2085           -            276   3.8e-09   32.1  10.7   1   1   1.1e-09   1.2e-07   27.2  10.7     5   213     4   239     1   251 0.71 # 352322 # 353125 # 1 # ID=1_300;partial=00;start_type=ATG;rbs_motif=GGA/GAG/AGG;rbs_spacer=5-10bp;gc_cont=0.185
CP000123.1_15        -            651 1978at2085           -            276   6.4e-08   28.1   0.3   1   2   3.6e-09   3.8e-07   25.6   0.0    26   103   200   285   180   360 0.79 # 13687 # 15639 # 1 # ID=1_15;partial=00;start_type=ATG;rbs_motif=GGAG/GAGG;rbs_spacer=5-10bp;gc_cont=0.299
CP000123.1_15        -            651 1978at2085           -            276   6.4e-08   28.1   0.3   2   2      0.36        38   -0.7   0.3   198   233   570   604   513   632 0.52 # 13687 # 15639 # 1 # ID=1_15;partial=00;start_type=ATG;rbs_motif=GGAG/GAGG;rbs_spacer=5-10bp;gc_cont=0.299
CP000123.1_121       -            513 1978at2085           -            276   9.8e-06   21.0   0.2   1   2   7.6e-06   0.00079   14.7   0.0    19    57    16    54     7    64 0.88 # 147705 # 149243 # 1 # ID=1_121;partial=00;start_type=ATG;rbs_motif=AGGAGG;rbs_spacer=3-4bp;gc_cont=0.259
CP000123.1_121       -            513 1978at2085           -            276   9.8e-06   21.0   0.2   2   2     0.024       2.5    3.2   0.0    35    57   350   372   345   374 0.89 # 147705 # 149243 # 1 # ID=1_121;partial=00;start_type=ATG;rbs_motif=AGGAGG;rbs_spacer=3-4bp;gc_cont=0.259
CP000123.1_512       -            780 1978at2085           -            276   1.3e-05   20.6   5.4   1   3         1   1.1e+02   -2.1   0.4    56   100   173   217   157   251 0.65 # 623462 # 625801 # -1 # ID=1_512;partial=00;start_type=ATG;rbs_motif=AGGAG;rbs_spacer=5-10bp;gc_cont=0.268
CP000123.1_512       -            780 1978at2085           -            276   1.3e-05   20.6   5.4   2   3   2.2e-07   2.3e-05   19.7   0.1     8    64   327   384   323   396 0.75 # 623462 # 625801 # -1 # ID=1_512;partial=00;start_type=ATG;rbs_motif=AGGAG;rbs_spacer=5-10bp;gc_cont=0.268
CP000123.1_512       -            780 1978at2085           -            276   1.3e-05   20.6   5.4   3   3     0.044       4.7    2.3   0.0   129   166   466   503   409   519 0.84 # 623462 # 625801 # -1 # ID=1_512;partial=00;start_type=ATG;rbs_motif=AGGAG;rbs_spacer=5-10bp;gc_cont=0.268
CP000123.1_627       -            312 1978at2085           -            276   4.6e-05   18.7   5.3   1   1   2.7e-06   0.00028   16.2   5.3    28    99   145   228   127   302 0.70 # 756269 # 757204 # -1 # ID=1_627;partial=00;start_type=ATG;rbs_motif=None;rbs_spacer=None;gc_cont=0.191
#
# Program:         hmmsearch
# Version:         3.1b2 (February 2015)
# Pipeline mode:   SEARCH
# Query file:      /root/busco_downloads/lineages/mycoplasmatales_odb10/hmms/1978at2085.hmm
# Target file:     /disk3/default/V2/admin/core/data/myco_out/outBusco/Mcc_ATCC27343/prodigal_output/predicted_genes/predicted.faa
# Option settings: hmmsearch --domtblout /disk3/default/V2/admin/core/data/myco_out/outBusco/Mcc_ATCC27343/run_mycoplasmatales_odb10/hmmer_output/1978at2085.out --cpu 1 /root/busco_downloads/lineages/mycoplasmatales_odb10/hmms/1978at2085.hmm /disk3/default/V2/admin/core/data/myco_out/outBusco/Mcc_ATCC27343/prodigal_output/predicted_genes/predicted.faa 
# Current dir:     /root
# Date:            Mon Aug  1 00:27:11 2022
# [ok]
