#                                                                            --- full sequence --- -------------- this domain -------------   hmm coord   ali coord   env coord
# target name        accession   tlen query name           accession   qlen   E-value  score  bias   #  of  c-Evalue  i-Evalue  score  bias  from    to  from    to  from    to  acc description of target
#------------------- ---------- ----- -------------------- ---------- ----- --------- ------ ----- --- --- --------- --------- ------ ----- ----- ----- ----- ----- ----- ----- ---- ---------------------
CP000123.1_631       -            987 543at2085            -            552    3e-166  549.7  73.0   1   4   4.7e-17     2e-14   48.6   1.5     3    73     6    86     4    97 0.85 # 762135 # 765095 # -1 # ID=1_631;partial=00;start_type=ATG;rbs_motif=AGGAG;rbs_spacer=5-10bp;gc_cont=0.196
CP000123.1_631       -            987 543at2085            -            552    3e-166  549.7  73.0   2   4   1.6e-64   6.8e-62  205.3  10.4    13   225   168   382   156   394 0.77 # 762135 # 765095 # -1 # ID=1_631;partial=00;start_type=ATG;rbs_motif=AGGAG;rbs_spacer=5-10bp;gc_cont=0.196
CP000123.1_631       -            987 543at2085            -            552    3e-166  549.7  73.0   3   4   6.6e-97   2.8e-94  312.1  36.8   227   541   435   819   417   830 0.83 # 762135 # 765095 # -1 # ID=1_631;partial=00;start_type=ATG;rbs_motif=AGGAG;rbs_spacer=5-10bp;gc_cont=0.196
CP000123.1_631       -            987 543at2085            -            552    3e-166  549.7  73.0   4   4      0.37   1.5e+02   -3.9   1.5    58    88   938   968   868   984 0.51 # 762135 # 765095 # -1 # ID=1_631;partial=00;start_type=ATG;rbs_motif=AGGAG;rbs_spacer=5-10bp;gc_cont=0.196
CP000123.1_342       -           1480 543at2085            -            552   4.4e-16   54.0  37.8   1   7      0.18        74   -2.8   0.2    82   114    52    85    39   113 0.53 # 402434 # 406873 # -1 # ID=1_342;partial=00;start_type=ATG;rbs_motif=AGGAGG;rbs_spacer=3-4bp;gc_cont=0.239
CP000123.1_342       -           1480 543at2085            -            552   4.4e-16   54.0  37.8   2   7      0.21        89   -3.1   1.5    46    99   126   181    78   194 0.60 # 402434 # 406873 # -1 # ID=1_342;partial=00;start_type=ATG;rbs_motif=AGGAGG;rbs_spacer=3-4bp;gc_cont=0.239
CP000123.1_342       -           1480 543at2085            -            552   4.4e-16   54.0  37.8   3   7    0.0015      0.61    4.0   0.1     2    55   338   391   337   459 0.76 # 402434 # 406873 # -1 # ID=1_342;partial=00;start_type=ATG;rbs_motif=AGGAGG;rbs_spacer=3-4bp;gc_cont=0.239
CP000123.1_342       -           1480 543at2085            -            552   4.4e-16   54.0  37.8   4   7      0.23        98   -3.2   0.2    68    98   626   656   616   663 0.82 # 402434 # 406873 # -1 # ID=1_342;partial=00;start_type=ATG;rbs_motif=AGGAGG;rbs_spacer=3-4bp;gc_cont=0.239
CP000123.1_342       -           1480 543at2085            -            552   4.4e-16   54.0  37.8   5   7   3.9e-09   1.7e-06   22.4   0.1   105   170   872   936   794   947 0.75 # 402434 # 406873 # -1 # ID=1_342;partial=00;start_type=ATG;rbs_motif=AGGAGG;rbs_spacer=3-4bp;gc_cont=0.239
CP000123.1_342       -           1480 543at2085            -            552   4.4e-16   54.0  37.8   6   7   4.7e-13     2e-10   35.4   5.6   172   470   979  1331   977  1341 0.66 # 402434 # 406873 # -1 # ID=1_342;partial=00;start_type=ATG;rbs_motif=AGGAGG;rbs_spacer=3-4bp;gc_cont=0.239
CP000123.1_342       -           1480 543at2085            -            552   4.4e-16   54.0  37.8   7   7    0.0014      0.59    4.1   0.7   478   541  1396  1461  1374  1472 0.73 # 402434 # 406873 # -1 # ID=1_342;partial=00;start_type=ATG;rbs_motif=AGGAGG;rbs_spacer=3-4bp;gc_cont=0.239
#
# Program:         hmmsearch
# Version:         3.1b2 (February 2015)
# Pipeline mode:   SEARCH
# Query file:      /root/busco_downloads/lineages/mycoplasmatales_odb10/hmms/543at2085.hmm
# Target file:     /disk3/default/V2/admin/core/data/myco_out/outBusco/Mcc_ATCC27343/prodigal_output/predicted_genes/predicted.faa
# Option settings: hmmsearch --domtblout /disk3/default/V2/admin/core/data/myco_out/outBusco/Mcc_ATCC27343/run_mycoplasmatales_odb10/hmmer_output/543at2085.out --cpu 1 /root/busco_downloads/lineages/mycoplasmatales_odb10/hmms/543at2085.hmm /disk3/default/V2/admin/core/data/myco_out/outBusco/Mcc_ATCC27343/prodigal_output/predicted_genes/predicted.faa 
# Current dir:     /root
# Date:            Mon Aug  1 00:27:15 2022
# [ok]
