#                                                                            --- full sequence --- -------------- this domain -------------   hmm coord   ali coord   env coord
# target name        accession   tlen query name           accession   qlen   E-value  score  bias   #  of  c-Evalue  i-Evalue  score  bias  from    to  from    to  from    to  acc description of target
#------------------- ---------- ----- -------------------- ---------- ----- --------- ------ ----- --- --- --------- --------- ------ ----- ----- ----- ----- ----- ----- ----- ---- ---------------------
CP000123.1_342       -           1480 56at2085             -           1080         0 1390.5  36.4   1   2      0.59   2.5e+02   -5.3   1.9    95   136    55    96    20   196 0.51 # 402434 # 406873 # -1 # ID=1_342;partial=00;start_type=ATG;rbs_motif=AGGAGG;rbs_spacer=3-4bp;gc_cont=0.239
CP000123.1_342       -           1480 56at2085             -           1080         0 1390.5  36.4   2   2         0         0 1390.5  36.4    39  1078   321  1476   289  1477 0.88 # 402434 # 406873 # -1 # ID=1_342;partial=00;start_type=ATG;rbs_motif=AGGAGG;rbs_spacer=3-4bp;gc_cont=0.239
CP000123.1_631       -            987 56at2085             -           1080   4.2e-19   63.5  42.4   1   5   1.6e-05    0.0067    9.9   0.1    56   121     7    73     5    80 0.89 # 762135 # 765095 # -1 # ID=1_631;partial=00;start_type=ATG;rbs_motif=AGGAG;rbs_spacer=5-10bp;gc_cont=0.196
CP000123.1_631       -            987 56at2085             -           1080   4.2e-19   63.5  42.4   2   5   1.4e-09   5.7e-07   23.3   4.9   404   566   162   327   106   331 0.77 # 762135 # 765095 # -1 # ID=1_631;partial=00;start_type=ATG;rbs_motif=AGGAG;rbs_spacer=5-10bp;gc_cont=0.196
CP000123.1_631       -            987 56at2085             -           1080   4.2e-19   63.5  42.4   3   5   3.1e-07   0.00013   15.5   0.0   606   676   330   400   327   410 0.87 # 762135 # 765095 # -1 # ID=1_631;partial=00;start_type=ATG;rbs_motif=AGGAG;rbs_spacer=5-10bp;gc_cont=0.196
CP000123.1_631       -            987 56at2085             -           1080   4.2e-19   63.5  42.4   4   5   3.6e-06    0.0015   12.0   1.0   675   779   436   543   422   556 0.77 # 762135 # 765095 # -1 # ID=1_631;partial=00;start_type=ATG;rbs_motif=AGGAG;rbs_spacer=5-10bp;gc_cont=0.196
CP000123.1_631       -            987 56at2085             -           1080   4.2e-19   63.5  42.4   5   5   1.3e-07   5.5e-05   16.8  13.7   906  1048   683   834   662   855 0.72 # 762135 # 765095 # -1 # ID=1_631;partial=00;start_type=ATG;rbs_motif=AGGAG;rbs_spacer=5-10bp;gc_cont=0.196
#
# Program:         hmmsearch
# Version:         3.1b2 (February 2015)
# Pipeline mode:   SEARCH
# Query file:      /root/busco_downloads/lineages/mycoplasmatales_odb10/hmms/56at2085.hmm
# Target file:     /disk3/default/V2/admin/core/data/myco_out/outBusco/Mcc_ATCC27343/prodigal_output/predicted_genes/predicted.faa
# Option settings: hmmsearch --domtblout /disk3/default/V2/admin/core/data/myco_out/outBusco/Mcc_ATCC27343/run_mycoplasmatales_odb10/hmmer_output/56at2085.out --cpu 1 /root/busco_downloads/lineages/mycoplasmatales_odb10/hmms/56at2085.hmm /disk3/default/V2/admin/core/data/myco_out/outBusco/Mcc_ATCC27343/prodigal_output/predicted_genes/predicted.faa 
# Current dir:     /root
# Date:            Mon Aug  1 00:27:16 2022
# [ok]
