#                                                                            --- full sequence --- -------------- this domain -------------   hmm coord   ali coord   env coord
# target name        accession   tlen query name           accession   qlen   E-value  score  bias   #  of  c-Evalue  i-Evalue  score  bias  from    to  from    to  from    to  acc description of target
#------------------- ---------- ----- -------------------- ---------- ----- --------- ------ ----- --- --- --------- --------- ------ ----- ----- ----- ----- ----- ----- ----- ---- ---------------------
CP000123.1_7         -            670 584at2085            -            308    1e-104  345.9  21.4   1   3  6.2e-107    1e-104  345.9  21.4     1   285     7   325     7   345 0.84 # 5851 # 7860 # 1 # ID=1_7;partial=00;start_type=ATG;rbs_motif=GGAG/GAGG;rbs_spacer=5-10bp;gc_cont=0.209
CP000123.1_7         -            670 584at2085            -            308    1e-104  345.9  21.4   2   3         5   8.4e+02   -6.8   8.2   170   216   357   405   340   488 0.49 # 5851 # 7860 # 1 # ID=1_7;partial=00;start_type=ATG;rbs_motif=GGAG/GAGG;rbs_spacer=5-10bp;gc_cont=0.209
CP000123.1_7         -            670 584at2085            -            308    1e-104  345.9  21.4   3   3         5   8.4e+02   -5.5   9.9   161   284   502   624   485   647 0.69 # 5851 # 7860 # 1 # ID=1_7;partial=00;start_type=ATG;rbs_motif=GGAG/GAGG;rbs_spacer=5-10bp;gc_cont=0.209
CP000123.1_511       -            413 584at2085            -            308   2.3e-16   55.8  10.4   1   2   9.6e-11   1.6e-08   30.0   0.2     7    59    10    64     7    85 0.80 # 622111 # 623349 # -1 # ID=1_511;partial=00;start_type=ATG;rbs_motif=GGAG/GAGG;rbs_spacer=5-10bp;gc_cont=0.238
CP000123.1_511       -            413 584at2085            -            308   2.3e-16   55.8  10.4   2   2   4.1e-10   6.9e-08   27.9   6.7    96   224    82   218    68   255 0.75 # 622111 # 623349 # -1 # ID=1_511;partial=00;start_type=ATG;rbs_motif=GGAG/GAGG;rbs_spacer=5-10bp;gc_cont=0.238
CP000123.1_425       -            191 584at2085            -            308   4.5e-13   44.9   4.4   1   1   1.4e-14   2.4e-12   42.6   4.4     6   162     2   159     1   187 0.73 # 514753 # 515325 # -1 # ID=1_425;partial=00;start_type=ATG;rbs_motif=AGxAGG/AGGxGG;rbs_spacer=5-10bp;gc_cont=0.209
CP000123.1_10        -            248 584at2085            -            308   4.1e-12   41.8   9.2   1   2   2.5e-14   4.1e-12   41.8   9.2    66   163    59   158     2   182 0.79 # 9074 # 9817 # 1 # ID=1_10;partial=00;start_type=ATG;rbs_motif=None;rbs_spacer=None;gc_cont=0.180
CP000123.1_10        -            248 584at2085            -            308   4.1e-12   41.8   9.2   2   2      0.19        32   -0.6   0.4   266   288   188   210   159   228 0.44 # 9074 # 9817 # 1 # ID=1_10;partial=00;start_type=ATG;rbs_motif=None;rbs_spacer=None;gc_cont=0.180
CP000123.1_369       -            714 584at2085            -            308   2.3e-06   22.9   5.7   1   5    0.0028      0.46    5.5   0.0     9    56    27    73    20    81 0.81 # 451775 # 453916 # 1 # ID=1_369;partial=00;start_type=GTG;rbs_motif=AGGAG;rbs_spacer=5-10bp;gc_cont=0.268
CP000123.1_369       -            714 584at2085            -            308   2.3e-06   22.9   5.7   2   5      0.82   1.4e+02   -2.6   0.4   209   243   312   344   279   408 0.57 # 451775 # 453916 # 1 # ID=1_369;partial=00;start_type=GTG;rbs_motif=AGGAG;rbs_spacer=5-10bp;gc_cont=0.268
CP000123.1_369       -            714 584at2085            -            308   2.3e-06   22.9   5.7   3   5   8.1e-07   0.00014   17.1   0.0    14    58   422   474   418   551 0.67 # 451775 # 453916 # 1 # ID=1_369;partial=00;start_type=GTG;rbs_motif=AGGAG;rbs_spacer=5-10bp;gc_cont=0.268
CP000123.1_369       -            714 584at2085            -            308   2.3e-06   22.9   5.7   4   5      0.21        36   -0.7   1.0   224   269   580   625   521   658 0.57 # 451775 # 453916 # 1 # ID=1_369;partial=00;start_type=GTG;rbs_motif=AGGAG;rbs_spacer=5-10bp;gc_cont=0.268
CP000123.1_369       -            714 584at2085            -            308   2.3e-06   22.9   5.7   5   5      0.15        25   -0.2   0.4   225   279   601   656   558   686 0.58 # 451775 # 453916 # 1 # ID=1_369;partial=00;start_type=GTG;rbs_motif=AGGAG;rbs_spacer=5-10bp;gc_cont=0.268
#
# Program:         hmmsearch
# Version:         3.1b2 (February 2015)
# Pipeline mode:   SEARCH
# Query file:      /root/busco_downloads/lineages/mycoplasmatales_odb10/hmms/584at2085.hmm
# Target file:     /disk3/default/V2/admin/core/data/myco_out/outBusco/Mcc_ATCC27343/prodigal_output/predicted_genes/predicted.faa
# Option settings: hmmsearch --domtblout /disk3/default/V2/admin/core/data/myco_out/outBusco/Mcc_ATCC27343/run_mycoplasmatales_odb10/hmmer_output/584at2085.out --cpu 1 /root/busco_downloads/lineages/mycoplasmatales_odb10/hmms/584at2085.hmm /disk3/default/V2/admin/core/data/myco_out/outBusco/Mcc_ATCC27343/prodigal_output/predicted_genes/predicted.faa 
# Current dir:     /root
# Date:            Mon Aug  1 00:27:16 2022
# [ok]
