#                                                                            --- full sequence --- -------------- this domain -------------   hmm coord   ali coord   env coord
# target name        accession   tlen query name           accession   qlen   E-value  score  bias   #  of  c-Evalue  i-Evalue  score  bias  from    to  from    to  from    to  acc description of target
#------------------- ---------- ----- -------------------- ---------- ----- --------- ------ ----- --- --- --------- --------- ------ ----- ----- ----- ----- ----- ----- ----- ---- ---------------------
JFDO01000017.1_60    -            434 1851at2085           -            347  1.1e-125  414.9  17.1   1   2  1.4e-114  3.1e-112  370.6  12.0     1   312     1   343     1   370 0.88 # 73861 # 75162 # -1 # ID=17_60;partial=00;start_type=ATG;rbs_motif=AGxAGG/AGGxGG;rbs_spacer=5-10bp;gc_cont=0.262
JFDO01000017.1_60    -            434 1851at2085           -            347  1.1e-125  414.9  17.1   2   2   3.6e-16   7.9e-14   47.0   0.6   293   347   371   431   345   431 0.85 # 73861 # 75162 # -1 # ID=17_60;partial=00;start_type=ATG;rbs_motif=AGxAGG/AGGxGG;rbs_spacer=5-10bp;gc_cont=0.262
JFDO01000035.1_12    -            365 1851at2085           -            347   8.7e-18   60.0   3.5   1   2   1.1e-18   2.3e-16   55.3   0.5   153   256     4   127     2   160 0.78 # 13111 # 14205 # -1 # ID=35_12;partial=00;start_type=ATG;rbs_motif=AGGA;rbs_spacer=5-10bp;gc_cont=0.273
JFDO01000035.1_12    -            365 1851at2085           -            347   8.7e-18   60.0   3.5   2   2      0.23        51   -1.7   0.1   251   271   191   211   182   260 0.75 # 13111 # 14205 # -1 # ID=35_12;partial=00;start_type=ATG;rbs_motif=AGGA;rbs_spacer=5-10bp;gc_cont=0.273
JFDO01000017.1_84    -            436 1851at2085           -            347   5.5e-09   31.1  13.6   1   2   1.7e-05    0.0038   11.9   2.3   153   278     5   130     2   146 0.79 # 96087 # 97394 # -1 # ID=17_84;partial=00;start_type=ATG;rbs_motif=None;rbs_spacer=None;gc_cont=0.226
JFDO01000017.1_84    -            436 1851at2085           -            347   5.5e-09   31.1  13.6   2   2     3e-09   6.7e-07   24.2   3.8   151   278   174   304   164   382 0.82 # 96087 # 97394 # -1 # ID=17_84;partial=00;start_type=ATG;rbs_motif=None;rbs_spacer=None;gc_cont=0.226
JFDO01000004.1_24    -            197 1851at2085           -            347   4.5e-05   18.2   3.3   1   1   6.8e-07   0.00015   16.5   3.3   150   288    21   164    11   195 0.77 # 22344 # 22934 # 1 # ID=4_24;partial=00;start_type=ATG;rbs_motif=AGGA;rbs_spacer=5-10bp;gc_cont=0.223
#
# Program:         hmmsearch
# Version:         3.1b2 (February 2015)
# Pipeline mode:   SEARCH
# Query file:      /root/busco_downloads/lineages/mycoplasmatales_odb10/hmms/1851at2085.hmm
# Target file:     /disk3/default/V2/admin/core/data/myco/outBusco/Mcc_14232/prodigal_output/predicted_genes/predicted.faa
# Option settings: hmmsearch --domtblout /disk3/default/V2/admin/core/data/myco/outBusco/Mcc_14232/run_mycoplasmatales_odb10/hmmer_output/1851at2085.out --cpu 1 /root/busco_downloads/lineages/mycoplasmatales_odb10/hmms/1851at2085.hmm /disk3/default/V2/admin/core/data/myco/outBusco/Mcc_14232/prodigal_output/predicted_genes/predicted.faa 
# Current dir:     /root
# Date:            Sun Jul 31 23:53:20 2022
# [ok]
