#                                                                            --- full sequence --- -------------- this domain -------------   hmm coord   ali coord   env coord
# target name        accession   tlen query name           accession   qlen   E-value  score  bias   #  of  c-Evalue  i-Evalue  score  bias  from    to  from    to  from    to  acc description of target
#------------------- ---------- ----- -------------------- ---------- ----- --------- ------ ----- --- --- --------- --------- ------ ----- ----- ----- ----- ----- ----- ----- ---- ---------------------
JFDO01000017.1_85    -            223 2571at2085           -            187   7.2e-60  197.6  12.1   1   2   1.3e-19   1.6e-17   59.5   0.2     2    48     3    49     2    72 0.82 # 97394 # 98062 # -1 # ID=17_85;partial=00;start_type=ATG;rbs_motif=AGGAG;rbs_spacer=5-10bp;gc_cont=0.223
JFDO01000017.1_85    -            223 2571at2085           -            187   7.2e-60  197.6  12.1   2   2   1.1e-44   1.4e-42  141.3   7.1    51   184    77   215    60   218 0.89 # 97394 # 98062 # -1 # ID=17_85;partial=00;start_type=ATG;rbs_motif=AGGAG;rbs_spacer=5-10bp;gc_cont=0.223
JFDO01000024.1_3     -            206 2571at2085           -            187   6.9e-07   24.9   0.7   1   2   1.3e-08   1.6e-06   23.7   0.2     3    32     1    30     1    75 0.77 # 1463 # 2080 # -1 # ID=24_3;partial=00;start_type=ATG;rbs_motif=AGGAG;rbs_spacer=5-10bp;gc_cont=0.230
JFDO01000024.1_3     -            206 2571at2085           -            187   6.9e-07   24.9   0.7   2   2      0.48        60   -1.0   0.0   135   177    86   129    75   139 0.71 # 1463 # 2080 # -1 # ID=24_3;partial=00;start_type=ATG;rbs_motif=AGGAG;rbs_spacer=5-10bp;gc_cont=0.230
JFDO01000026.1_20    -            214 2571at2085           -            187   8.4e-06   21.3   0.1   1   2   4.4e-06   0.00056   15.4   0.0     4    39     2    37     1    70 0.87 # 20786 # 21427 # -1 # ID=26_20;partial=00;start_type=ATG;rbs_motif=AGGA;rbs_spacer=5-10bp;gc_cont=0.232
JFDO01000026.1_20    -            214 2571at2085           -            187   8.4e-06   21.3   0.1   2   2     0.019       2.4    3.5   0.0   154   181   181   208   152   212 0.83 # 20786 # 21427 # -1 # ID=26_20;partial=00;start_type=ATG;rbs_motif=AGGA;rbs_spacer=5-10bp;gc_cont=0.232
JFDO01000016.1_38    -            208 2571at2085           -            187   0.00023   16.6   3.4   1   1   1.4e-05    0.0017   13.8   3.4     4   139     7   159     3   171 0.64 # 38685 # 39308 # 1 # ID=16_38;partial=00;start_type=ATG;rbs_motif=AGGAG;rbs_spacer=3-4bp;gc_cont=0.244
JFDO01000004.1_100   -            567 2571at2085           -            187   0.00059   15.3   0.5   1   1   1.2e-05    0.0015   14.0   0.3     4    59    37    90    35   126 0.73 # 121780 # 123480 # -1 # ID=4_100;partial=00;start_type=ATG;rbs_motif=AGGA;rbs_spacer=5-10bp;gc_cont=0.255
JFDO01000016.1_44    -            308 2571at2085           -            187   0.00067   15.1   0.5   1   1   3.9e-05    0.0048   12.3   0.5     5   104    37   127    33   144 0.70 # 45110 # 46033 # -1 # ID=16_44;partial=00;start_type=ATG;rbs_motif=AGxAGG/AGGxGG;rbs_spacer=5-10bp;gc_cont=0.208
JFDO01000017.1_55    -            215 2571at2085           -            187    0.0011   14.5   0.1   1   3   2.7e-05    0.0034   12.8   0.0     4    36     2    36     1    62 0.79 # 70411 # 71055 # -1 # ID=17_55;partial=00;start_type=ATG;rbs_motif=None;rbs_spacer=None;gc_cont=0.228
JFDO01000017.1_55    -            215 2571at2085           -            187    0.0011   14.5   0.1   2   3       1.8   2.3e+02   -2.9   0.0   110   129   135   153   133   162 0.66 # 70411 # 71055 # -1 # ID=17_55;partial=00;start_type=ATG;rbs_motif=None;rbs_spacer=None;gc_cont=0.228
JFDO01000017.1_55    -            215 2571at2085           -            187    0.0011   14.5   0.1   3   3       2.5   3.2e+02   -3.4   0.0    16    26   196   206   185   213 0.56 # 70411 # 71055 # -1 # ID=17_55;partial=00;start_type=ATG;rbs_motif=None;rbs_spacer=None;gc_cont=0.228
#
# Program:         hmmsearch
# Version:         3.1b2 (February 2015)
# Pipeline mode:   SEARCH
# Query file:      /root/busco_downloads/lineages/mycoplasmatales_odb10/hmms/2571at2085.hmm
# Target file:     /disk3/default/V2/admin/core/data/myco/outBusco/Mcc_14232/prodigal_output/predicted_genes/predicted.faa
# Option settings: hmmsearch --domtblout /disk3/default/V2/admin/core/data/myco/outBusco/Mcc_14232/run_mycoplasmatales_odb10/hmmer_output/2571at2085.out --cpu 1 /root/busco_downloads/lineages/mycoplasmatales_odb10/hmms/2571at2085.hmm /disk3/default/V2/admin/core/data/myco/outBusco/Mcc_14232/prodigal_output/predicted_genes/predicted.faa 
# Current dir:     /root
# Date:            Sun Jul 31 23:53:21 2022
# [ok]
