#                                                                            --- full sequence --- -------------- this domain -------------   hmm coord   ali coord   env coord
# target name        accession   tlen query name           accession   qlen   E-value  score  bias   #  of  c-Evalue  i-Evalue  score  bias  from    to  from    to  from    to  acc description of target
#------------------- ---------- ----- -------------------- ---------- ----- --------- ------ ----- --- --- --------- --------- ------ ----- ----- ----- ----- ----- ----- ----- ---- ---------------------
JFDO01000003.1_38    -           1480 56at2085             -           1080         0 1391.2  36.7   1   2      0.59   2.6e+02   -5.3   1.9   115   136    75    96    21   198 0.51 # 57419 # 61858 # 1 # ID=3_38;partial=00;start_type=ATG;rbs_motif=AGGAGG;rbs_spacer=3-4bp;gc_cont=0.241
JFDO01000003.1_38    -           1480 56at2085             -           1080         0 1391.2  36.7   2   2         0         0 1391.2  36.7    39  1078   321  1476   288  1477 0.88 # 57419 # 61858 # 1 # ID=3_38;partial=00;start_type=ATG;rbs_motif=AGGAGG;rbs_spacer=3-4bp;gc_cont=0.241
JFDO01000025.1_8     -            987 56at2085             -           1080   3.4e-19   63.9  40.0   1   5   1.6e-05     0.007    9.9   0.1    56   121     7    73     5    80 0.89 # 8524 # 11484 # -1 # ID=25_8;partial=00;start_type=ATG;rbs_motif=AGGAG;rbs_spacer=5-10bp;gc_cont=0.196
JFDO01000025.1_8     -            987 56at2085             -           1080   3.4e-19   63.9  40.0   2   5   2.3e-09     1e-06   22.6   4.5   411   566   171   327   129   331 0.74 # 8524 # 11484 # -1 # ID=25_8;partial=00;start_type=ATG;rbs_motif=AGGAG;rbs_spacer=5-10bp;gc_cont=0.196
JFDO01000025.1_8     -            987 56at2085             -           1080   3.4e-19   63.9  40.0   3   5   3.3e-07   0.00014   15.4   0.0   606   676   330   400   328   410 0.87 # 8524 # 11484 # -1 # ID=25_8;partial=00;start_type=ATG;rbs_motif=AGGAG;rbs_spacer=5-10bp;gc_cont=0.196
JFDO01000025.1_8     -            987 56at2085             -           1080   3.4e-19   63.9  40.0   4   5   5.5e-06    0.0024   11.4   0.5   675   762   436   518   422   555 0.76 # 8524 # 11484 # -1 # ID=25_8;partial=00;start_type=ATG;rbs_motif=AGGAG;rbs_spacer=5-10bp;gc_cont=0.196
JFDO01000025.1_8     -            987 56at2085             -           1080   3.4e-19   63.9  40.0   5   5   1.3e-07   5.8e-05   16.8  14.5   906  1048   683   834   612   856 0.74 # 8524 # 11484 # -1 # ID=25_8;partial=00;start_type=ATG;rbs_motif=AGGAG;rbs_spacer=5-10bp;gc_cont=0.196
#
# Program:         hmmsearch
# Version:         3.1b2 (February 2015)
# Pipeline mode:   SEARCH
# Query file:      /root/busco_downloads/lineages/mycoplasmatales_odb10/hmms/56at2085.hmm
# Target file:     /disk3/default/V2/admin/core/data/myco/outBusco/Mcc_14232/prodigal_output/predicted_genes/predicted.faa
# Option settings: hmmsearch --domtblout /disk3/default/V2/admin/core/data/myco/outBusco/Mcc_14232/run_mycoplasmatales_odb10/hmmer_output/56at2085.out --cpu 1 /root/busco_downloads/lineages/mycoplasmatales_odb10/hmms/56at2085.hmm /disk3/default/V2/admin/core/data/myco/outBusco/Mcc_14232/prodigal_output/predicted_genes/predicted.faa 
# Current dir:     /root
# Date:            Sun Jul 31 23:53:25 2022
# [ok]
