A	C	G	T	N	IUPAC	Other	GC	GC_stdev
0.3829	0.1178	0.1199	0.3794	0.0000	0.0000	0.0000	0.2377	0.0000

Main genome scaffold total:         	1
Main genome contig total:           	1
Main genome scaffold sequence total:	1010023
Main genome contig sequence total:  	1010023  	0.000% gap
Main genome scaffold N/L50:         	1/1010023
Main genome contig N/L50:           	1/1010023
Main genome scaffold N/L90:         	1/1010023
Main genome contig N/L90:           	1/1010023
Max scaffold length:                	1010023
Max contig length:                  	1010023
Number of scaffolds > 50 KB:        	1
% main genome in scaffolds > 50 KB: 	100.00%


Minimum 	Number        	Number        	Total         	Total         	Scaffold
Scaffold	of            	of            	Scaffold      	Contig        	Contig  
Length  	Scaffolds     	Contigs       	Length        	Length        	Coverage
--------	--------------	--------------	--------------	--------------	--------
    All 	             1	             1	       1010023	       1010023	 100.00%
  25000 	             1	             1	       1010023	       1010023	 100.00%
  50000 	             1	             1	       1010023	       1010023	 100.00%
 100000 	             1	             1	       1010023	       1010023	 100.00%
 250000 	             1	             1	       1010023	       1010023	 100.00%
 500000 	             1	             1	       1010023	       1010023	 100.00%
1000000 	             1	             1	       1010023	       1010023	 100.00%

