#                                                                                                                                                                                                                            --- full sequence --- -------------- this domain -------------   hmm coord   ali coord   env coord
# target name                                                                                                                                                        accession   tlen query name           accession   qlen   E-value  score  bias   #  of  c-Evalue  i-Evalue  score  bias  from    to  from    to  from    to  acc description of target
#                                                                                                                                                ------------------- ---------- ----- -------------------- ---------- ----- --------- ------ ----- --- --- --------- --------- ------ ----- ----- ----- ----- ----- ----- ----- ---- ---------------------
NG-25720_PPCC_MCI_lib436635_7080_3_1_(paired)_trimmed_(paired)_mapping_-_Extracted_nucleotide_sequences_[NG-25720_PPCC_MCI_lib436635_7080_3_1]_(single)_contig_14_21 -            298 4276at2085           -            173   9.4e-61  200.2   0.3   1   1   7.4e-63   1.6e-60  199.5   0.3     1   170     2   183     2   186 0.92 # 21308 # 22201 # 1 # ID=14_21;partial=00;start_type=ATG;rbs_motif=GGA/GAG/AGG;rbs_spacer=5-10bp;gc_cont=0.248
NG-25720_PPCC_MCI_lib436635_7080_3_1_(paired)_trimmed_(paired)_mapping_-_Extracted_nucleotide_sequences_[NG-25720_PPCC_MCI_lib436635_7080_3_1]_(single)_contig_17_34 -            197 4276at2085           -            173   0.00044   15.7   1.1   1   1   2.6e-06   0.00055   15.4   1.1     6   114    25   134    21   194 0.77 # 43930 # 44520 # -1 # ID=17_34;partial=00;start_type=ATG;rbs_motif=AGGA;rbs_spacer=5-10bp;gc_cont=0.227
NG-25720_PPCC_MCI_lib436635_7080_3_1_(paired)_trimmed_(paired)_mapping_-_Extracted_nucleotide_sequences_[NG-25720_PPCC_MCI_lib436635_7080_3_1]_(single)_contig_53_1  -            313 4276at2085           -            173   0.00082   14.8   1.1   1   3   0.00033      0.07    8.6   0.0     3    23    30    50    28    58 0.83 # 1 # 939 # -1 # ID=53_1;partial=10;start_type=ATG;rbs_motif=AGGA;rbs_spacer=5-10bp;gc_cont=0.282
NG-25720_PPCC_MCI_lib436635_7080_3_1_(paired)_trimmed_(paired)_mapping_-_Extracted_nucleotide_sequences_[NG-25720_PPCC_MCI_lib436635_7080_3_1]_(single)_contig_53_1  -            313 4276at2085           -            173   0.00082   14.8   1.1   2   3      0.55   1.2e+02   -1.9   0.0   126   147   101   122    90   131 0.71 # 1 # 939 # -1 # ID=53_1;partial=10;start_type=ATG;rbs_motif=AGGA;rbs_spacer=5-10bp;gc_cont=0.282
NG-25720_PPCC_MCI_lib436635_7080_3_1_(paired)_trimmed_(paired)_mapping_-_Extracted_nucleotide_sequences_[NG-25720_PPCC_MCI_lib436635_7080_3_1]_(single)_contig_53_1  -            313 4276at2085           -            173   0.00082   14.8   1.1   3   3    0.0091       1.9    3.9   0.1   109   148   230   271   223   302 0.78 # 1 # 939 # -1 # ID=53_1;partial=10;start_type=ATG;rbs_motif=AGGA;rbs_spacer=5-10bp;gc_cont=0.282
NG-25720_PPCC_MCI_lib436635_7080_3_1_(paired)_trimmed_(paired)_mapping_-_Extracted_nucleotide_sequences_[NG-25720_PPCC_MCI_lib436635_7080_3_1]_(single)_contig_34_18 -            208 4276at2085           -            173    0.0018   13.7   0.8   1   2   0.00054      0.11    7.9   0.0     2    25     4    27     3    46 0.84 # 17627 # 18250 # -1 # ID=34_18;partial=00;start_type=ATG;rbs_motif=AGGAG;rbs_spacer=3-4bp;gc_cont=0.244
NG-25720_PPCC_MCI_lib436635_7080_3_1_(paired)_trimmed_(paired)_mapping_-_Extracted_nucleotide_sequences_[NG-25720_PPCC_MCI_lib436635_7080_3_1]_(single)_contig_34_18 -            208 4276at2085           -            173    0.0018   13.7   0.8   2   2     0.006       1.3    4.5   0.1   101   142   119   161    72   181 0.75 # 17627 # 18250 # -1 # ID=34_18;partial=00;start_type=ATG;rbs_motif=AGGAG;rbs_spacer=3-4bp;gc_cont=0.244
#
# Program:         hmmsearch
# Version:         3.1b2 (February 2015)
# Pipeline mode:   SEARCH
# Query file:      /root/busco_downloads/lineages/mycoplasmatales_odb10/hmms/4276at2085.hmm
# Target file:     /disk3/default/V2/admin/core/data/myco/outBusco/Mcc_PPCC_MCI/prodigal_output/predicted_genes/predicted.faa
# Option settings: hmmsearch --domtblout /disk3/default/V2/admin/core/data/myco/outBusco/Mcc_PPCC_MCI/run_mycoplasmatales_odb10/hmmer_output/4276at2085.out --cpu 1 /root/busco_downloads/lineages/mycoplasmatales_odb10/hmms/4276at2085.hmm /disk3/default/V2/admin/core/data/myco/outBusco/Mcc_PPCC_MCI/prodigal_output/predicted_genes/predicted.faa 
# Current dir:     /root
# Date:            Sun Jul 31 23:55:05 2022
# [ok]
