#                                                                                                                                                                                                                            --- full sequence --- -------------- this domain -------------   hmm coord   ali coord   env coord
# target name                                                                                                                                                        accession   tlen query name           accession   qlen   E-value  score  bias   #  of  c-Evalue  i-Evalue  score  bias  from    to  from    to  from    to  acc description of target
#                                                                                                                                                ------------------- ---------- ----- -------------------- ---------- ----- --------- ------ ----- --- --- --------- --------- ------ ----- ----- ----- ----- ----- ----- ----- ---- ---------------------
NG-25720_PPCC_MCI_lib436635_7080_3_1_(paired)_trimmed_(paired)_mapping_-_Extracted_nucleotide_sequences_[NG-25720_PPCC_MCI_lib436635_7080_3_1]_(single)_contig_1_24  -            630 533at2085            -            515  5.9e-226  746.8  13.2   1   2    1e-199  2.9e-197  652.1   4.0     1   427     5   481     5   510 0.88 # 24784 # 26673 # -1 # ID=1_24;partial=00;start_type=ATG;rbs_motif=GGA/GAG/AGG;rbs_spacer=5-10bp;gc_cont=0.286
NG-25720_PPCC_MCI_lib436635_7080_3_1_(paired)_trimmed_(paired)_mapping_-_Extracted_nucleotide_sequences_[NG-25720_PPCC_MCI_lib436635_7080_3_1]_(single)_contig_1_24  -            630 533at2085            -            515  5.9e-226  746.8  13.2   2   2   4.5e-30   1.3e-27   92.4   1.9   419   515   518   618   491   618 0.82 # 24784 # 26673 # -1 # ID=1_24;partial=00;start_type=ATG;rbs_motif=GGA/GAG/AGG;rbs_spacer=5-10bp;gc_cont=0.286
NG-25720_PPCC_MCI_lib436635_7080_3_1_(paired)_trimmed_(paired)_mapping_-_Extracted_nucleotide_sequences_[NG-25720_PPCC_MCI_lib436635_7080_3_1]_(single)_contig_10_26 -            424 533at2085            -            515   7.3e-19   63.5   5.7   1   3     0.011       3.3    2.0   0.0     4    28     5    30     2    41 0.72 # 34688 # 35959 # 1 # ID=10_26;partial=00;start_type=ATG;rbs_motif=None;rbs_spacer=None;gc_cont=0.200
NG-25720_PPCC_MCI_lib436635_7080_3_1_(paired)_trimmed_(paired)_mapping_-_Extracted_nucleotide_sequences_[NG-25720_PPCC_MCI_lib436635_7080_3_1]_(single)_contig_10_26 -            424 533at2085            -            515   7.3e-19   63.5   5.7   2   3    0.0033      0.93    3.7   0.1   186   247    99   158    79   184 0.82 # 34688 # 35959 # 1 # ID=10_26;partial=00;start_type=ATG;rbs_motif=None;rbs_spacer=None;gc_cont=0.200
NG-25720_PPCC_MCI_lib436635_7080_3_1_(paired)_trimmed_(paired)_mapping_-_Extracted_nucleotide_sequences_[NG-25720_PPCC_MCI_lib436635_7080_3_1]_(single)_contig_10_26 -            424 533at2085            -            515   7.3e-19   63.5   5.7   3   3   8.7e-20   2.5e-17   58.4   0.5   257   368   265   376   256   386 0.88 # 34688 # 35959 # 1 # ID=10_26;partial=00;start_type=ATG;rbs_motif=None;rbs_spacer=None;gc_cont=0.200
NG-25720_PPCC_MCI_lib436635_7080_3_1_(paired)_trimmed_(paired)_mapping_-_Extracted_nucleotide_sequences_[NG-25720_PPCC_MCI_lib436635_7080_3_1]_(single)_contig_13_47 -            439 533at2085            -            515   5.3e-18   60.7   4.4   1   2   9.1e-05     0.026    8.9   1.0     3    31     5    34     3   213 0.68 # 60823 # 62139 # 1 # ID=13_47;partial=00;start_type=ATG;rbs_motif=GGA/GAG/AGG;rbs_spacer=5-10bp;gc_cont=0.254
NG-25720_PPCC_MCI_lib436635_7080_3_1_(paired)_trimmed_(paired)_mapping_-_Extracted_nucleotide_sequences_[NG-25720_PPCC_MCI_lib436635_7080_3_1]_(single)_contig_13_47 -            439 533at2085            -            515   5.3e-18   60.7   4.4   2   2   1.6e-17   4.6e-15   50.9   0.1   256   363   274   381   262   394 0.82 # 60823 # 62139 # 1 # ID=13_47;partial=00;start_type=ATG;rbs_motif=GGA/GAG/AGG;rbs_spacer=5-10bp;gc_cont=0.254
#
# Program:         hmmsearch
# Version:         3.1b2 (February 2015)
# Pipeline mode:   SEARCH
# Query file:      /root/busco_downloads/lineages/mycoplasmatales_odb10/hmms/533at2085.hmm
# Target file:     /disk3/default/V2/admin/core/data/myco/outBusco/Mcc_PPCC_MCI/prodigal_output/predicted_genes/predicted.faa
# Option settings: hmmsearch --domtblout /disk3/default/V2/admin/core/data/myco/outBusco/Mcc_PPCC_MCI/run_mycoplasmatales_odb10/hmmer_output/533at2085.out --cpu 1 /root/busco_downloads/lineages/mycoplasmatales_odb10/hmms/533at2085.hmm /disk3/default/V2/admin/core/data/myco/outBusco/Mcc_PPCC_MCI/prodigal_output/predicted_genes/predicted.faa 
# Current dir:     /root
# Date:            Sun Jul 31 23:55:06 2022
# [ok]
