#                                                                            --- full sequence --- -------------- this domain -------------   hmm coord   ali coord   env coord
# target name        accession   tlen query name           accession   qlen   E-value  score  bias   #  of  c-Evalue  i-Evalue  score  bias  from    to  from    to  from    to  acc description of target
#------------------- ---------- ----- -------------------- ---------- ----- --------- ------ ----- --- --- --------- --------- ------ ----- ----- ----- ----- ----- ----- ----- ---- ---------------------
JFDO01000004.1_70    -            352 1064at2085           -            350  6.8e-118  389.3  17.9   1   2     4e-49   1.7e-47  157.8   0.4     1   107     5   111     5   115 0.98 # 77766 # 78821 # 1 # ID=4_70;partial=00;start_type=ATG;rbs_motif=AGGAG;rbs_spacer=3-4bp;gc_cont=0.267
JFDO01000004.1_70    -            352 1064at2085           -            350  6.8e-118  389.3  17.9   2   2   4.7e-71     2e-69  229.9  12.3   152   349   109   349   108   350 0.79 # 77766 # 78821 # 1 # ID=4_70;partial=00;start_type=ATG;rbs_motif=AGGAG;rbs_spacer=3-4bp;gc_cont=0.267
JFDO01000004.1_83    -            362 1064at2085           -            350   2.2e-77  256.1   2.4   1   2   5.8e-37   2.4e-35  117.8   0.1     2   108     3   111     2   118 0.94 # 96045 # 97130 # -1 # ID=4_83;partial=00;start_type=ATG;rbs_motif=AGGAG/GGAGG;rbs_spacer=11-12bp;gc_cont=0.260
JFDO01000004.1_83    -            362 1064at2085           -            350   2.2e-77  256.1   2.4   2   2   6.5e-44   2.7e-42  140.7   0.5   152   310   108   269   107   306 0.89 # 96045 # 97130 # -1 # ID=4_83;partial=00;start_type=ATG;rbs_motif=AGGAG/GGAGG;rbs_spacer=11-12bp;gc_cont=0.260
JFDO01000016.1_67    -            404 1064at2085           -            350   5.6e-51  169.2  19.5   1   1   1.1e-51   4.4e-50  166.3  19.5     2   283    10   315     9   395 0.73 # 68613 # 69824 # -1 # ID=16_67;partial=00;start_type=ATG;rbs_motif=None;rbs_spacer=None;gc_cont=0.197
JFDO01000009.1_6     -            346 1064at2085           -            350   1.2e-42  141.9  10.9   1   3       3.3   1.4e+02   -3.1   0.4    81   111    57    87    18   103 0.52 # 2586 # 3623 # -1 # ID=9_6;partial=00;start_type=ATG;rbs_motif=GGAG/GAGG;rbs_spacer=5-10bp;gc_cont=0.273
JFDO01000009.1_6     -            346 1064at2085           -            350   1.2e-42  141.9  10.9   2   3   4.8e-23     2e-21   72.0   0.8     1   102   112   223   112   229 0.82 # 2586 # 3623 # -1 # ID=9_6;partial=00;start_type=ATG;rbs_motif=GGAG/GAGG;rbs_spacer=5-10bp;gc_cont=0.273
JFDO01000009.1_6     -            346 1064at2085           -            350   1.2e-42  141.9  10.9   3   3   6.5e-25   2.7e-23   78.2   0.2   152   262   223   332   219   341 0.92 # 2586 # 3623 # -1 # ID=9_6;partial=00;start_type=ATG;rbs_motif=GGAG/GAGG;rbs_spacer=5-10bp;gc_cont=0.273
JFDO01000007.1_3     -            536 1064at2085           -            350   1.9e-37  124.7  23.6   1   4     1e-14   4.4e-13   44.6   2.0     2   102    11   116    10   120 0.88 # 3578 # 5185 # -1 # ID=7_3;partial=00;start_type=ATG;rbs_motif=AGGAG;rbs_spacer=5-10bp;gc_cont=0.281
JFDO01000007.1_3     -            536 1064at2085           -            350   1.9e-37  124.7  23.6   2   4   2.6e-12   1.1e-10   36.7   4.3   150   256   121   226   112   237 0.91 # 3578 # 5185 # -1 # ID=7_3;partial=00;start_type=ATG;rbs_motif=AGGAG;rbs_spacer=5-10bp;gc_cont=0.281
JFDO01000007.1_3     -            536 1064at2085           -            350   1.9e-37  124.7  23.6   3   4   2.2e-07   9.3e-06   20.5   0.1     7    73   274   341   266   354 0.87 # 3578 # 5185 # -1 # ID=7_3;partial=00;start_type=ATG;rbs_motif=AGGAG;rbs_spacer=5-10bp;gc_cont=0.281
JFDO01000007.1_3     -            536 1064at2085           -            350   1.9e-37  124.7  23.6   4   4   8.8e-12   3.7e-10   35.0   0.4   150   257   384   492   355   502 0.86 # 3578 # 5185 # -1 # ID=7_3;partial=00;start_type=ATG;rbs_motif=AGGAG;rbs_spacer=5-10bp;gc_cont=0.281
JFDO01000004.1_99    -            628 1064at2085           -            350   2.3e-36  121.2  17.2   1   3   1.9e-08     8e-07   24.0   6.4    13   189    25   208     9   242 0.63 # 119895 # 121778 # -1 # ID=4_99;partial=00;start_type=ATG;rbs_motif=GGA/GAG/AGG;rbs_spacer=11-12bp;gc_cont=0.250
JFDO01000004.1_99    -            628 1064at2085           -            350   2.3e-36  121.2  17.2   2   3      0.84        35   -1.1   0.2    99   167   265   334   260   344 0.67 # 119895 # 121778 # -1 # ID=4_99;partial=00;start_type=ATG;rbs_motif=GGA/GAG/AGG;rbs_spacer=11-12bp;gc_cont=0.250
JFDO01000004.1_99    -            628 1064at2085           -            350   2.3e-36  121.2  17.2   3   3     9e-32   3.8e-30  100.7   0.3   120   270   390   545   336   550 0.80 # 119895 # 121778 # -1 # ID=4_99;partial=00;start_type=ATG;rbs_motif=GGA/GAG/AGG;rbs_spacer=11-12bp;gc_cont=0.250
JFDO01000004.1_146   -            443 1064at2085           -            350   5.4e-36  120.0   6.7   1   2   7.9e-10   3.3e-08   28.6   0.7    12    65    51   104    36   161 0.87 # 178347 # 179675 # -1 # ID=4_146;partial=00;start_type=ATG;rbs_motif=GGA/GAG/AGG;rbs_spacer=5-10bp;gc_cont=0.253
JFDO01000004.1_146   -            443 1064at2085           -            350   5.4e-36  120.0   6.7   2   2   6.7e-30   2.8e-28   94.6   0.6   110   268   209   370   196   376 0.87 # 178347 # 179675 # -1 # ID=4_146;partial=00;start_type=ATG;rbs_motif=GGA/GAG/AGG;rbs_spacer=5-10bp;gc_cont=0.253
JFDO01000026.1_12    -            409 1064at2085           -            350   5.8e-35  116.5   6.1   1   3       5.2   2.2e+02   -3.7   4.3    85   140    31    84     6   121 0.53 # 16121 # 17347 # -1 # ID=26_12;partial=00;start_type=ATG;rbs_motif=None;rbs_spacer=None;gc_cont=0.250
JFDO01000026.1_12    -            409 1064at2085           -            350   5.8e-35  116.5   6.1   2   3   4.5e-18   1.9e-16   55.7   0.5     2   107   140   250   139   254 0.85 # 16121 # 17347 # -1 # ID=26_12;partial=00;start_type=ATG;rbs_motif=None;rbs_spacer=None;gc_cont=0.250
JFDO01000026.1_12    -            409 1064at2085           -            350   5.8e-35  116.5   6.1   3   3   6.7e-23   2.8e-21   71.6   0.8   153   268   249   363   244   368 0.93 # 16121 # 17347 # -1 # ID=26_12;partial=00;start_type=ATG;rbs_motif=None;rbs_spacer=None;gc_cont=0.250
JFDO01000017.1_11    -            270 1064at2085           -            350   1.3e-34  115.4   3.4   1   2   3.9e-16   1.6e-14   49.3   1.0     2   108    21   137    20   161 0.77 # 9227 # 10036 # -1 # ID=17_11;partial=00;start_type=ATG;rbs_motif=GGA/GAG/AGG;rbs_spacer=5-10bp;gc_cont=0.259
JFDO01000017.1_11    -            270 1064at2085           -            350   1.3e-34  115.4   3.4   2   2   1.9e-21   7.9e-20   66.8   0.1   178   271   165   256   153   265 0.93 # 9227 # 10036 # -1 # ID=17_11;partial=00;start_type=ATG;rbs_motif=GGA/GAG/AGG;rbs_spacer=5-10bp;gc_cont=0.259
JFDO01000026.1_11    -            303 1064at2085           -            350   3.1e-33  110.9   3.9   1   2   4.4e-11   1.8e-09   32.7   1.3    13    97    36   128    20   134 0.79 # 15225 # 16133 # -1 # ID=26_11;partial=00;start_type=ATG;rbs_motif=3Base/5BMM;rbs_spacer=13-15bp;gc_cont=0.263
JFDO01000026.1_11    -            303 1064at2085           -            350   3.1e-33  110.9   3.9   2   2   4.3e-25   1.8e-23   78.8   0.1   151   268   135   253   130   258 0.96 # 15225 # 16133 # -1 # ID=26_11;partial=00;start_type=ATG;rbs_motif=3Base/5BMM;rbs_spacer=13-15bp;gc_cont=0.263
JFDO01000004.1_100   -            567 1064at2085           -            350   2.3e-32  108.0  20.8   1   3   9.3e-09   3.9e-07   25.0   9.9     3   174     7   185     5   198 0.83 # 121780 # 123480 # -1 # ID=4_100;partial=00;start_type=ATG;rbs_motif=AGGA;rbs_spacer=5-10bp;gc_cont=0.255
JFDO01000004.1_100   -            567 1064at2085           -            350   2.3e-32  108.0  20.8   2   3      0.34        14    0.2   2.1   103   157   180   235   172   259 0.77 # 121780 # 123480 # -1 # ID=4_100;partial=00;start_type=ATG;rbs_motif=AGGA;rbs_spacer=5-10bp;gc_cont=0.255
JFDO01000004.1_100   -            567 1064at2085           -            350   2.3e-32  108.0  20.8   3   3   3.5e-28   1.5e-26   88.9   0.0   147   267   340   463   327   474 0.90 # 121780 # 123480 # -1 # ID=4_100;partial=00;start_type=ATG;rbs_motif=AGGA;rbs_spacer=5-10bp;gc_cont=0.255
JFDO01000036.1_14    -            251 1064at2085           -            350   4.4e-32  107.1   7.6   1   2   1.1e-14   4.7e-13   44.5   3.0     2    67     2    68     1   108 0.82 # 12108 # 12860 # 1 # ID=36_14;partial=00;start_type=ATG;rbs_motif=None;rbs_spacer=None;gc_cont=0.260
JFDO01000036.1_14    -            251 1064at2085           -            350   4.4e-32  107.1   7.6   2   2   7.6e-21   3.2e-19   64.8   1.0   161   266   134   239    67   247 0.81 # 12108 # 12860 # 1 # ID=36_14;partial=00;start_type=ATG;rbs_motif=None;rbs_spacer=None;gc_cont=0.260
JFDO01000004.1_143   -            513 1064at2085           -            350   1.1e-31  105.8   7.8   1   4   4.6e-13   1.9e-11   39.2   0.0     1    62     3    64     3    81 0.91 # 175461 # 176999 # -1 # ID=4_143;partial=00;start_type=ATG;rbs_motif=AGGAGG;rbs_spacer=3-4bp;gc_cont=0.261
JFDO01000004.1_143   -            513 1064at2085           -            350   1.1e-31  105.8   7.8   2   4   3.4e-13   1.4e-11   39.6   0.4   119   261    99   238    78   249 0.81 # 175461 # 176999 # -1 # ID=4_143;partial=00;start_type=ATG;rbs_motif=AGGAGG;rbs_spacer=3-4bp;gc_cont=0.261
JFDO01000004.1_143   -            513 1064at2085           -            350   1.1e-31  105.8   7.8   3   4     0.043       1.8    3.1   0.1    20    58   340   378   326   388 0.83 # 175461 # 176999 # -1 # ID=4_143;partial=00;start_type=ATG;rbs_motif=AGGAGG;rbs_spacer=3-4bp;gc_cont=0.261
JFDO01000004.1_143   -            513 1064at2085           -            350   1.1e-31  105.8   7.8   4   4     6e-09   2.5e-07   25.7   0.0   152   249   410   504   383   509 0.73 # 175461 # 176999 # -1 # ID=4_143;partial=00;start_type=ATG;rbs_motif=AGGAGG;rbs_spacer=3-4bp;gc_cont=0.261
JFDO01000004.1_147   -            481 1064at2085           -            350   1.4e-29   98.9   1.7   1   2     1e-09   4.3e-08   28.2   0.1    12   118   106   228    95   238 0.73 # 179676 # 181118 # -1 # ID=4_147;partial=00;start_type=ATG;rbs_motif=GGA/GAG/AGG;rbs_spacer=5-10bp;gc_cont=0.266
JFDO01000004.1_147   -            481 1064at2085           -            350   1.4e-29   98.9   1.7   2   2   2.2e-22   9.1e-21   69.9   0.3   172   271   238   337   226   343 0.94 # 179676 # 181118 # -1 # ID=4_147;partial=00;start_type=ATG;rbs_motif=GGA/GAG/AGG;rbs_spacer=5-10bp;gc_cont=0.266
JFDO01000039.1_1     -            296 1064at2085           -            350   7.6e-29   96.4   2.6   1   2   8.9e-14   3.7e-12   41.5   0.1     1    65     5    69     5    81 0.94 # 186 # 1073 # 1 # ID=39_1;partial=00;start_type=ATG;rbs_motif=AGGA;rbs_spacer=5-10bp;gc_cont=0.221
JFDO01000039.1_1     -            296 1064at2085           -            350   7.6e-29   96.4   2.6   2   2     6e-18   2.5e-16   55.3   0.3   149   289   104   241    86   251 0.83 # 186 # 1073 # 1 # ID=39_1;partial=00;start_type=ATG;rbs_motif=AGGA;rbs_spacer=5-10bp;gc_cont=0.221
JFDO01000035.1_4     -            235 1064at2085           -            350   8.4e-29   96.3   5.8   1   2   2.4e-13     1e-11   40.1   1.3     1    70     4    74     4    99 0.88 # 3251 # 3955 # -1 # ID=35_4;partial=00;start_type=ATG;rbs_motif=AGGA/GGAG/GAGG;rbs_spacer=11-12bp;gc_cont=0.221
JFDO01000035.1_4     -            235 1064at2085           -            350   8.4e-29   96.3   5.8   2   2   4.6e-19   1.9e-17   58.9   0.2   149   259   105   215    92   231 0.94 # 3251 # 3955 # -1 # ID=35_4;partial=00;start_type=ATG;rbs_motif=AGGA/GGAG/GAGG;rbs_spacer=11-12bp;gc_cont=0.221
JFDO01000027.1_40    -            250 1064at2085           -            350   1.7e-26   88.7  12.6   1   2   4.4e-17   1.8e-15   52.4   1.6     1    74     4    79     4   105 0.87 # 42615 # 43364 # -1 # ID=27_40;partial=00;start_type=ATG;rbs_motif=None;rbs_spacer=None;gc_cont=0.225
JFDO01000027.1_40    -            250 1064at2085           -            350   1.7e-26   88.7  12.6   2   2   1.2e-13   5.1e-12   41.1   4.0   157   266   128   236   102   243 0.82 # 42615 # 43364 # -1 # ID=27_40;partial=00;start_type=ATG;rbs_motif=None;rbs_spacer=None;gc_cont=0.225
JFDO01000033.1_17    -            947 1064at2085           -            350   2.5e-23   78.3   7.6   1   4    0.0039      0.16    6.6   0.1    15    42    14    41     5    47 0.90 # 17749 # 20589 # 1 # ID=33_17;partial=00;start_type=ATG;rbs_motif=AGGAG;rbs_spacer=5-10bp;gc_cont=0.259
JFDO01000033.1_17    -            947 1064at2085           -            350   2.5e-23   78.3   7.6   2   4   2.2e-09   9.2e-08   27.1   0.2   154   250   468   564   405   572 0.80 # 17749 # 20589 # 1 # ID=33_17;partial=00;start_type=ATG;rbs_motif=AGGAG;rbs_spacer=5-10bp;gc_cont=0.259
JFDO01000033.1_17    -            947 1064at2085           -            350   2.5e-23   78.3   7.6   3   4   1.6e-06   6.7e-05   17.7   0.2    15    45   625   655   616   676 0.90 # 17749 # 20589 # 1 # ID=33_17;partial=00;start_type=ATG;rbs_motif=AGGAG;rbs_spacer=5-10bp;gc_cont=0.259
JFDO01000033.1_17    -            947 1064at2085           -            350   2.5e-23   78.3   7.6   4   4   1.2e-09   5.2e-08   27.9   0.0   156   280   810   941   798   946 0.81 # 17749 # 20589 # 1 # ID=33_17;partial=00;start_type=ATG;rbs_motif=AGGAG;rbs_spacer=5-10bp;gc_cont=0.259
JFDO01000017.1_65    -            624 1064at2085           -            350   4.9e-23   77.3   0.7   1   2     2e-09   8.3e-08   27.2   0.0     4    68   380   448   377   499 0.82 # 79989 # 81860 # -1 # ID=17_65;partial=00;start_type=ATG;rbs_motif=AGGAG;rbs_spacer=5-10bp;gc_cont=0.240
JFDO01000017.1_65    -            624 1064at2085           -            350   4.9e-23   77.3   0.7   2   2     8e-16   3.3e-14   48.3   0.2   179   272   518   609   512   614 0.87 # 79989 # 81860 # -1 # ID=17_65;partial=00;start_type=ATG;rbs_motif=AGGAG;rbs_spacer=5-10bp;gc_cont=0.240
JFDO01000019.1_3     -            608 1064at2085           -            350   3.5e-21   71.2   3.1   1   4   3.8e-08   1.6e-06   23.0   0.6     4    67    22    84    19    98 0.86 # 2024 # 3847 # -1 # ID=19_3;partial=00;start_type=ATG;rbs_motif=GGA/GAG/AGG;rbs_spacer=5-10bp;gc_cont=0.213
JFDO01000019.1_3     -            608 1064at2085           -            350   3.5e-21   71.2   3.1   2   4   1.8e-18   7.5e-17   57.0   0.1   110   266    82   238    77   265 0.90 # 2024 # 3847 # -1 # ID=19_3;partial=00;start_type=ATG;rbs_motif=GGA/GAG/AGG;rbs_spacer=5-10bp;gc_cont=0.213
JFDO01000019.1_3     -            608 1064at2085           -            350   3.5e-21   71.2   3.1   3   4       2.5   1.1e+02   -2.7   0.9   136   136   386   386   300   452 0.59 # 2024 # 3847 # -1 # ID=19_3;partial=00;start_type=ATG;rbs_motif=GGA/GAG/AGG;rbs_spacer=5-10bp;gc_cont=0.213
JFDO01000019.1_3     -            608 1064at2085           -            350   3.5e-21   71.2   3.1   4   4       4.4   1.8e+02   -3.5   4.0   133   156   543   566   463   602 0.57 # 2024 # 3847 # -1 # ID=19_3;partial=00;start_type=ATG;rbs_motif=GGA/GAG/AGG;rbs_spacer=5-10bp;gc_cont=0.213
JFDO01000017.1_64    -            618 1064at2085           -            350   2.3e-18   62.0   1.4   1   2   7.1e-08     3e-06   22.1   0.1    14    63   389   438   375   494 0.81 # 78118 # 79971 # -1 # ID=17_64;partial=00;start_type=ATG;rbs_motif=AGGAGG;rbs_spacer=5-10bp;gc_cont=0.255
JFDO01000017.1_64    -            618 1064at2085           -            350   2.3e-18   62.0   1.4   2   2   7.5e-13   3.1e-11   38.5   0.2   179   260   514   600   508   612 0.71 # 78118 # 79971 # -1 # ID=17_64;partial=00;start_type=ATG;rbs_motif=AGGAGG;rbs_spacer=5-10bp;gc_cont=0.255
#
# Program:         hmmsearch
# Version:         3.1b2 (February 2015)
# Pipeline mode:   SEARCH
# Query file:      /root/busco_downloads/lineages/mycoplasmatales_odb10/hmms/1064at2085.hmm
# Target file:     /disk3/default/V2/admin/core/data/myco/outBusco/Mcc_14232/prodigal_output/predicted_genes/predicted.faa
# Option settings: hmmsearch --domtblout /disk3/default/V2/admin/core/data/myco/outBusco/Mcc_14232/run_mycoplasmatales_odb10/hmmer_output/1064at2085.out --cpu 1 /root/busco_downloads/lineages/mycoplasmatales_odb10/hmms/1064at2085.hmm /disk3/default/V2/admin/core/data/myco/outBusco/Mcc_14232/prodigal_output/predicted_genes/predicted.faa 
# Current dir:     /root
# Date:            Sun Jul 31 23:53:18 2022
# [ok]
