#                                                                            --- full sequence --- -------------- this domain -------------   hmm coord   ali coord   env coord
# target name        accession   tlen query name           accession   qlen   E-value  score  bias   #  of  c-Evalue  i-Evalue  score  bias  from    to  from    to  from    to  acc description of target
#------------------- ---------- ----- -------------------- ---------- ----- --------- ------ ----- --- --- --------- --------- ------ ----- ----- ----- ----- ----- ----- ----- ---- ---------------------
JFDO01000033.1_17    -            947 111at2085            -            770         0 1161.7  30.8   1   4   2.8e-90   1.9e-88  293.1   2.4     1   196     6   226     6   236 0.89 # 17749 # 20589 # 1 # ID=33_17;partial=00;start_type=ATG;rbs_motif=AGGAG;rbs_spacer=5-10bp;gc_cont=0.259
JFDO01000033.1_17    -            947 111at2085            -            770         0 1161.7  30.8   2   4     7e-29   4.8e-27   90.0   0.0   187   279   256   360   249   366 0.87 # 17749 # 20589 # 1 # ID=33_17;partial=00;start_type=ATG;rbs_motif=AGGAG;rbs_spacer=5-10bp;gc_cont=0.259
JFDO01000033.1_17    -            947 111at2085            -            770         0 1161.7  30.8   3   4   4.4e-11     3e-09   31.2   1.3   258   344   360   454   359   458 0.85 # 17749 # 20589 # 1 # ID=33_17;partial=00;start_type=ATG;rbs_motif=AGGAG;rbs_spacer=5-10bp;gc_cont=0.259
JFDO01000033.1_17    -            947 111at2085            -            770         0 1161.7  30.8   4   4  7.1e-229  4.8e-227  751.4  13.5   314   769   451   942   450   943 0.94 # 17749 # 20589 # 1 # ID=33_17;partial=00;start_type=ATG;rbs_motif=AGGAG;rbs_spacer=5-10bp;gc_cont=0.259
JFDO01000009.1_6     -            346 111at2085            -            770   1.6e-12   42.0   1.5   1   2   3.2e-05    0.0022   11.8   0.1   475   512   123   160    80   167 0.74 # 2586 # 3623 # -1 # ID=9_6;partial=00;start_type=ATG;rbs_motif=GGAG/GAGG;rbs_spacer=5-10bp;gc_cont=0.273
JFDO01000009.1_6     -            346 111at2085            -            770   1.6e-12   42.0   1.5   2   2   1.5e-10     1e-08   29.4   0.1   657   738   243   322   191   328 0.89 # 2586 # 3623 # -1 # ID=9_6;partial=00;start_type=ATG;rbs_motif=GGAG/GAGG;rbs_spacer=5-10bp;gc_cont=0.273
JFDO01000004.1_143   -            513 111at2085            -            770   2.1e-12   41.6   3.5   1   3    0.0047      0.32    4.6   0.0   484   515    19    50     5    68 0.81 # 175461 # 176999 # -1 # ID=4_143;partial=00;start_type=ATG;rbs_motif=AGGAGG;rbs_spacer=3-4bp;gc_cont=0.261
JFDO01000004.1_143   -            513 111at2085            -            770   2.1e-12   41.6   3.5   2   3   3.3e-09   2.2e-07   25.0   0.8   612   736   106   226    84   231 0.85 # 175461 # 176999 # -1 # ID=4_143;partial=00;start_type=ATG;rbs_motif=AGGAGG;rbs_spacer=3-4bp;gc_cont=0.261
JFDO01000004.1_143   -            513 111at2085            -            770   2.1e-12   41.6   3.5   3   3     6e-05    0.0041   10.9   0.0   662   736   436   505   418   509 0.74 # 175461 # 176999 # -1 # ID=4_143;partial=00;start_type=ATG;rbs_motif=AGGAGG;rbs_spacer=3-4bp;gc_cont=0.261
JFDO01000026.1_11    -            303 111at2085            -            770   6.3e-12   40.0   0.9   1   2    0.0001     0.007   10.1   0.2   483   512    39    68    31    85 0.82 # 15225 # 16133 # -1 # ID=26_11;partial=00;start_type=ATG;rbs_motif=3Base/5BMM;rbs_spacer=13-15bp;gc_cont=0.263
JFDO01000026.1_11    -            303 111at2085            -            770   6.3e-12   40.0   0.9   2   2   2.6e-10   1.7e-08   28.6   0.0   644   738   146   237   130   256 0.81 # 15225 # 16133 # -1 # ID=26_11;partial=00;start_type=ATG;rbs_motif=3Base/5BMM;rbs_spacer=13-15bp;gc_cont=0.263
JFDO01000027.1_40    -            250 111at2085            -            770   1.2e-11   39.1   9.7   1   2   1.5e-05     0.001   12.8   0.9   483   534    21    73     8   115 0.73 # 42615 # 43364 # -1 # ID=27_40;partial=00;start_type=ATG;rbs_motif=None;rbs_spacer=None;gc_cont=0.225
JFDO01000027.1_40    -            250 111at2085            -            770   1.2e-11   39.1   9.7   2   2   6.6e-11   4.5e-09   30.6   3.0   633   737   114   221    87   226 0.73 # 42615 # 43364 # -1 # ID=27_40;partial=00;start_type=ATG;rbs_motif=None;rbs_spacer=None;gc_cont=0.225
JFDO01000036.1_14    -            251 111at2085            -            770   2.5e-11   38.0   6.9   1   2   7.8e-07   5.3e-05   17.1   1.0   482   514    16    48     5    67 0.77 # 12108 # 12860 # 1 # ID=36_14;partial=00;start_type=ATG;rbs_motif=None;rbs_spacer=None;gc_cont=0.260
JFDO01000036.1_14    -            251 111at2085            -            770   2.5e-11   38.0   6.9   2   2     5e-09   3.4e-07   24.4   0.5   630   758   116   239    92   247 0.78 # 12108 # 12860 # 1 # ID=36_14;partial=00;start_type=ATG;rbs_motif=None;rbs_spacer=None;gc_cont=0.260
JFDO01000007.1_3     -            536 111at2085            -            770   4.5e-10   33.9   2.4   1   4     0.096       6.5    0.3   0.1   485   512    29    56    12    76 0.81 # 3578 # 5185 # -1 # ID=7_3;partial=00;start_type=ATG;rbs_motif=AGGAG;rbs_spacer=5-10bp;gc_cont=0.281
JFDO01000007.1_3     -            536 111at2085            -            770   4.5e-10   33.9   2.4   2   4   6.6e-12   4.5e-10   33.9   2.4   646   734   132   217    95   230 0.82 # 3578 # 5185 # -1 # ID=7_3;partial=00;start_type=ATG;rbs_motif=AGGAG;rbs_spacer=5-10bp;gc_cont=0.281
JFDO01000007.1_3     -            536 111at2085            -            770   4.5e-10   33.9   2.4   3   4    0.0051      0.34    4.5   0.4   483   530   284   337   271   343 0.74 # 3578 # 5185 # -1 # ID=7_3;partial=00;start_type=ATG;rbs_motif=AGGAG;rbs_spacer=5-10bp;gc_cont=0.281
JFDO01000007.1_3     -            536 111at2085            -            770   4.5e-10   33.9   2.4   4   4    0.0027      0.18    5.4   0.8   661   748   412   495   401   534 0.64 # 3578 # 5185 # -1 # ID=7_3;partial=00;start_type=ATG;rbs_motif=AGGAG;rbs_spacer=5-10bp;gc_cont=0.281
JFDO01000004.1_70    -            352 111at2085            -            770   4.7e-09   30.5   3.2   1   2     0.022       1.5    2.4   0.1   484   512    21    49    10    53 0.86 # 77766 # 78821 # 1 # ID=4_70;partial=00;start_type=ATG;rbs_motif=AGGAG;rbs_spacer=3-4bp;gc_cont=0.267
JFDO01000004.1_70    -            352 111at2085            -            770   4.7e-09   30.5   3.2   2   2   2.8e-10   1.9e-08   28.5   0.4   330   430   109   210    92   225 0.81 # 77766 # 78821 # 1 # ID=4_70;partial=00;start_type=ATG;rbs_motif=AGGAG;rbs_spacer=3-4bp;gc_cont=0.267
JFDO01000017.1_64    -            618 111at2085            -            770   5.8e-09   30.2   0.2   1   1   1.5e-10     1e-08   29.4   0.2   655   762   505   604   469   611 0.83 # 78118 # 79971 # -1 # ID=17_64;partial=00;start_type=ATG;rbs_motif=AGGAGG;rbs_spacer=5-10bp;gc_cont=0.255
JFDO01000004.1_146   -            443 111at2085            -            770   1.7e-07   25.4   0.9   1   2    0.0037      0.25    5.0   0.0   483   511    55    83    43   107 0.76 # 178347 # 179675 # -1 # ID=4_146;partial=00;start_type=ATG;rbs_motif=GGA/GAG/AGG;rbs_spacer=5-10bp;gc_cont=0.253
JFDO01000004.1_146   -            443 111at2085            -            770   1.7e-07   25.4   0.9   2   2   2.4e-07   1.6e-05   18.9   0.1   644   731   261   346   238   367 0.82 # 178347 # 179675 # -1 # ID=4_146;partial=00;start_type=ATG;rbs_motif=GGA/GAG/AGG;rbs_spacer=5-10bp;gc_cont=0.253
JFDO01000004.1_83    -            362 111at2085            -            770   1.9e-07   25.2   0.5   1   2   0.00029      0.02    8.6   0.0    10   511    19    47     7    58 0.62 # 96045 # 97130 # -1 # ID=4_83;partial=00;start_type=ATG;rbs_motif=AGGAG/GGAGG;rbs_spacer=11-12bp;gc_cont=0.260
JFDO01000004.1_83    -            362 111at2085            -            770   1.9e-07   25.2   0.5   2   2   3.1e-06   0.00021   15.1   0.1   350   433   129   212   103   306 0.87 # 96045 # 97130 # -1 # ID=4_83;partial=00;start_type=ATG;rbs_motif=AGGAG/GGAGG;rbs_spacer=11-12bp;gc_cont=0.260
JFDO01000017.1_11    -            270 111at2085            -            770   1.3e-05   19.2   0.3   1   2    0.0016      0.11    6.2   0.1   478   521    32    76    20    95 0.79 # 9227 # 10036 # -1 # ID=17_11;partial=00;start_type=ATG;rbs_motif=GGA/GAG/AGG;rbs_spacer=5-10bp;gc_cont=0.259
JFDO01000017.1_11    -            270 111at2085            -            770   1.3e-05   19.2   0.3   2   2   5.1e-05    0.0035   11.1   0.0   657   734   159   233   146   237 0.77 # 9227 # 10036 # -1 # ID=17_11;partial=00;start_type=ATG;rbs_motif=GGA/GAG/AGG;rbs_spacer=5-10bp;gc_cont=0.259
JFDO01000004.1_100   -            567 111at2085            -            770   1.5e-05   19.0   9.9   1   4    0.0015       0.1    6.3   0.1   483   512    24    53    13    87 0.83 # 121780 # 123480 # -1 # ID=4_100;partial=00;start_type=ATG;rbs_motif=AGGA;rbs_spacer=5-10bp;gc_cont=0.255
JFDO01000004.1_100   -            567 111at2085            -            770   1.5e-05   19.0   9.9   2   4      0.15        10   -0.4   0.4   289   341    97   150    69   168 0.80 # 121780 # 123480 # -1 # ID=4_100;partial=00;start_type=ATG;rbs_motif=AGGA;rbs_spacer=5-10bp;gc_cont=0.255
JFDO01000004.1_100   -            567 111at2085            -            770   1.5e-05   19.0   9.9   3   4      0.39        27   -1.7   0.2   243   274   177   208   164   302 0.58 # 121780 # 123480 # -1 # ID=4_100;partial=00;start_type=ATG;rbs_motif=AGGA;rbs_spacer=5-10bp;gc_cont=0.255
JFDO01000004.1_100   -            567 111at2085            -            770   1.5e-05   19.0   9.9   4   4   7.3e-07   4.9e-05   17.2   0.0   661   758   372   462   330   472 0.78 # 121780 # 123480 # -1 # ID=4_100;partial=00;start_type=ATG;rbs_motif=AGGA;rbs_spacer=5-10bp;gc_cont=0.255
#
# Program:         hmmsearch
# Version:         3.1b2 (February 2015)
# Pipeline mode:   SEARCH
# Query file:      /root/busco_downloads/lineages/mycoplasmatales_odb10/hmms/111at2085.hmm
# Target file:     /disk3/default/V2/admin/core/data/myco/outBusco/Mcc_14232/prodigal_output/predicted_genes/predicted.faa
# Option settings: hmmsearch --domtblout /disk3/default/V2/admin/core/data/myco/outBusco/Mcc_14232/run_mycoplasmatales_odb10/hmmer_output/111at2085.out --cpu 1 /root/busco_downloads/lineages/mycoplasmatales_odb10/hmms/111at2085.hmm /disk3/default/V2/admin/core/data/myco/outBusco/Mcc_14232/prodigal_output/predicted_genes/predicted.faa 
# Current dir:     /root
# Date:            Sun Jul 31 23:53:18 2022
# [ok]
