#                                                                            --- full sequence --- -------------- this domain -------------   hmm coord   ali coord   env coord
# target name        accession   tlen query name           accession   qlen   E-value  score  bias   #  of  c-Evalue  i-Evalue  score  bias  from    to  from    to  from    to  acc description of target
#------------------- ---------- ----- -------------------- ---------- ----- --------- ------ ----- --- --- --------- --------- ------ ----- ----- ----- ----- ----- ----- ----- ---- ---------------------
JFDO01000003.1_58    -            475 1529at2085           -            392  1.2e-158  523.9  12.4   1   2  3.8e-159  8.3e-157  517.9   7.5     2   345     3   376     2   387 0.91 # 81708 # 83132 # -1 # ID=3_58;partial=00;start_type=ATG;rbs_motif=None;rbs_spacer=None;gc_cont=0.246
JFDO01000003.1_58    -            475 1529at2085           -            392  1.2e-158  523.9  12.4   2   2   0.00033     0.072    7.8   0.5   333   385   383   446   366   451 0.72 # 81708 # 83132 # -1 # ID=3_58;partial=00;start_type=ATG;rbs_motif=None;rbs_spacer=None;gc_cont=0.246
JFDO01000015.1_6     -            423 1529at2085           -            392   5.5e-10   34.5   0.0   1   1   4.5e-12   9.9e-10   33.6   0.0    98   273   222   412   167   415 0.76 # 4526 # 5794 # 1 # ID=15_6;partial=00;start_type=ATG;rbs_motif=AGGAG;rbs_spacer=5-10bp;gc_cont=0.261
JFDO01000017.1_32    -            457 1529at2085           -            392   2.7e-08   28.9   2.6   1   2   1.5e-05    0.0033   12.2   0.5    75   161   136   224   108   247 0.83 # 37359 # 38729 # -1 # ID=17_32;partial=00;start_type=ATG;rbs_motif=AGGAG;rbs_spacer=5-10bp;gc_cont=0.243
JFDO01000017.1_32    -            457 1529at2085           -            392   2.7e-08   28.9   2.6   2   2   6.2e-07   0.00014   16.7   0.1   268   338   358   440   312   456 0.74 # 37359 # 38729 # -1 # ID=17_32;partial=00;start_type=ATG;rbs_motif=AGGAG;rbs_spacer=5-10bp;gc_cont=0.243
JFDO01000004.1_47    -            640 1529at2085           -            392   9.7e-08   27.1   2.2   1   3     0.032       7.1    1.2   0.1   318   344   219   245   205   255 0.88 # 55204 # 57123 # -1 # ID=4_47;partial=00;start_type=ATG;rbs_motif=AGGAG;rbs_spacer=3-4bp;gc_cont=0.233
JFDO01000004.1_47    -            640 1529at2085           -            392   9.7e-08   27.1   2.2   2   3   0.00089       0.2    6.3   0.0    39   139   261   363   252   370 0.82 # 55204 # 57123 # -1 # ID=4_47;partial=00;start_type=ATG;rbs_motif=AGGAG;rbs_spacer=3-4bp;gc_cont=0.233
JFDO01000004.1_47    -            640 1529at2085           -            392   9.7e-08   27.1   2.2   3   3   7.9e-07   0.00017   16.4   0.2   267   330   535   612   487   637 0.73 # 55204 # 57123 # -1 # ID=4_47;partial=00;start_type=ATG;rbs_motif=AGGAG;rbs_spacer=3-4bp;gc_cont=0.233
#
# Program:         hmmsearch
# Version:         3.1b2 (February 2015)
# Pipeline mode:   SEARCH
# Query file:      /root/busco_downloads/lineages/mycoplasmatales_odb10/hmms/1529at2085.hmm
# Target file:     /disk3/default/V2/admin/core/data/myco/outBusco/Mcc_14232/prodigal_output/predicted_genes/predicted.faa
# Option settings: hmmsearch --domtblout /disk3/default/V2/admin/core/data/myco/outBusco/Mcc_14232/run_mycoplasmatales_odb10/hmmer_output/1529at2085.out --cpu 1 /root/busco_downloads/lineages/mycoplasmatales_odb10/hmms/1529at2085.hmm /disk3/default/V2/admin/core/data/myco/outBusco/Mcc_14232/prodigal_output/predicted_genes/predicted.faa 
# Current dir:     /root
# Date:            Sun Jul 31 23:53:19 2022
# [ok]
