#                                                                            --- full sequence --- -------------- this domain -------------   hmm coord   ali coord   env coord
# target name        accession   tlen query name           accession   qlen   E-value  score  bias   #  of  c-Evalue  i-Evalue  score  bias  from    to  from    to  from    to  acc description of target
#------------------- ---------- ----- -------------------- ---------- ----- --------- ------ ----- --- --- --------- --------- ------ ----- ----- ----- ----- ----- ----- ----- ---- ---------------------
JFDO01000004.1_162   -            345 1693at2085           -            262   3.3e-98  324.0   1.7   1   2   1.6e-61   2.3e-59  196.6   0.1     2   135     6   149     5   161 0.91 # 200974 # 202008 # -1 # ID=4_162;partial=00;start_type=ATG;rbs_motif=GGAG/GAGG;rbs_spacer=5-10bp;gc_cont=0.290
JFDO01000004.1_162   -            345 1693at2085           -            262   3.3e-98  324.0   1.7   2   2   2.9e-40   4.3e-38  126.9   0.1   134   257   169   313   153   318 0.90 # 200974 # 202008 # -1 # ID=4_162;partial=00;start_type=ATG;rbs_motif=GGAG/GAGG;rbs_spacer=5-10bp;gc_cont=0.290
JFDO01000033.1_8     -            236 1693at2085           -            262   1.1e-78  260.0   1.2   1   2   3.5e-56   5.1e-54  179.1   0.1    21   135    13   128     5   137 0.94 # 7524 # 8231 # -1 # ID=33_8;partial=00;start_type=ATG;rbs_motif=None;rbs_spacer=None;gc_cont=0.301
JFDO01000033.1_8     -            236 1693at2085           -            262   1.1e-78  260.0   1.2   2   2   6.5e-26   9.5e-24   79.9   0.1   134   207   148   230   140   232 0.92 # 7524 # 8231 # -1 # ID=33_8;partial=00;start_type=ATG;rbs_motif=None;rbs_spacer=None;gc_cont=0.301
JFDO01000004.1_53    -            191 1693at2085           -            262   1.1e-06   24.0   0.4   1   1   1.6e-08   2.4e-06   22.9   0.4   172   213    93   134    69   137 0.92 # 63778 # 64350 # -1 # ID=4_53;partial=00;start_type=ATG;rbs_motif=4Base/6BMM;rbs_spacer=13-15bp;gc_cont=0.258
JFDO01000004.1_188   -            208 1693at2085           -            262   2.2e-05   19.7   0.0   1   1   2.1e-07   3.1e-05   19.2   0.0   174   212   118   156   103   176 0.89 # 231004 # 231627 # -1 # ID=4_188;partial=00;start_type=ATG;rbs_motif=AGGAG;rbs_spacer=5-10bp;gc_cont=0.301
JFDO01000033.1_3     -            184 1693at2085           -            262   0.00012   17.3   0.5   1   1   1.2e-06   0.00017   16.8   0.5   175   213    94   132    87   145 0.92 # 1256 # 1807 # -1 # ID=33_3;partial=00;start_type=ATG;rbs_motif=AGGAG;rbs_spacer=5-10bp;gc_cont=0.237
JFDO01000017.1_24    -            171 1693at2085           -            262   0.00081   14.5   0.1   1   1   8.1e-06    0.0012   14.0   0.1   178   209   111   142   101   168 0.85 # 24794 # 25306 # -1 # ID=17_24;partial=00;start_type=ATG;rbs_motif=GGA/GAG/AGG;rbs_spacer=5-10bp;gc_cont=0.253
#
# Program:         hmmsearch
# Version:         3.1b2 (February 2015)
# Pipeline mode:   SEARCH
# Query file:      /root/busco_downloads/lineages/mycoplasmatales_odb10/hmms/1693at2085.hmm
# Target file:     /disk3/default/V2/admin/core/data/myco/outBusco/Mcc_14232/prodigal_output/predicted_genes/predicted.faa
# Option settings: hmmsearch --domtblout /disk3/default/V2/admin/core/data/myco/outBusco/Mcc_14232/run_mycoplasmatales_odb10/hmmer_output/1693at2085.out --cpu 1 /root/busco_downloads/lineages/mycoplasmatales_odb10/hmms/1693at2085.hmm /disk3/default/V2/admin/core/data/myco/outBusco/Mcc_14232/prodigal_output/predicted_genes/predicted.faa 
# Current dir:     /root
# Date:            Sun Jul 31 23:53:19 2022
# [ok]
