#                                                                            --- full sequence --- -------------- this domain -------------   hmm coord   ali coord   env coord
# target name        accession   tlen query name           accession   qlen   E-value  score  bias   #  of  c-Evalue  i-Evalue  score  bias  from    to  from    to  from    to  acc description of target
#------------------- ---------- ----- -------------------- ---------- ----- --------- ------ ----- --- --- --------- --------- ------ ----- ----- ----- ----- ----- ----- ----- ---- ---------------------
JFDO01000004.1_10    -            873 534at2085            -            678  3.8e-261  863.8  62.7   1   2  2.6e-252  4.6e-250  827.2  47.2    14   661    33   778    19   795 0.85 # 7615 # 10233 # 1 # ID=4_10;partial=00;start_type=ATG;rbs_motif=AGGAG;rbs_spacer=5-10bp;gc_cont=0.230
JFDO01000004.1_10    -            873 534at2085            -            678  3.8e-261  863.8  62.7   2   2   2.2e-10   3.9e-08   27.7  12.1   573   677   758   862   753   863 0.76 # 7615 # 10233 # 1 # ID=4_10;partial=00;start_type=ATG;rbs_motif=AGGAG;rbs_spacer=5-10bp;gc_cont=0.230
JFDO01000016.1_13    -            909 534at2085            -            678   1.5e-70  233.9  21.4   1   4   5.9e-33     1e-30  102.3   0.3    12   208    44   247    34   259 0.87 # 15331 # 18057 # 1 # ID=16_13;partial=00;start_type=ATG;rbs_motif=AGGA;rbs_spacer=5-10bp;gc_cont=0.253
JFDO01000016.1_13    -            909 534at2085            -            678   1.5e-70  233.9  21.4   2   4   1.7e-18   2.9e-16   54.5   0.6   213   406   291   502   276   517 0.76 # 15331 # 18057 # 1 # ID=16_13;partial=00;start_type=ATG;rbs_motif=AGGA;rbs_spacer=5-10bp;gc_cont=0.253
JFDO01000016.1_13    -            909 534at2085            -            678   1.5e-70  233.9  21.4   3   4   7.2e-28   1.3e-25   85.4   0.2   391   532   515   656   508   686 0.91 # 15331 # 18057 # 1 # ID=16_13;partial=00;start_type=ATG;rbs_motif=AGGA;rbs_spacer=5-10bp;gc_cont=0.253
JFDO01000016.1_13    -            909 534at2085            -            678   1.5e-70  233.9  21.4   4   4    0.0084       1.5    2.6   3.9   536   620   687   775   664   821 0.67 # 15331 # 18057 # 1 # ID=16_13;partial=00;start_type=ATG;rbs_motif=AGGA;rbs_spacer=5-10bp;gc_cont=0.253
JFDO01000026.1_4     -            805 534at2085            -            678   1.3e-41  138.3  14.3   1   6   8.6e-17   1.5e-14   48.9   0.2    15   170    28   173    12   176 0.82 # 2520 # 4934 # -1 # ID=26_4;partial=00;start_type=ATG;rbs_motif=AGGAG;rbs_spacer=5-10bp;gc_cont=0.263
JFDO01000026.1_4     -            805 534at2085            -            678   1.3e-41  138.3  14.3   2   6    0.0008      0.14    6.0   0.1   307   358   176   226   172   234 0.84 # 2520 # 4934 # -1 # ID=26_4;partial=00;start_type=ATG;rbs_motif=AGGAG;rbs_spacer=5-10bp;gc_cont=0.263
JFDO01000026.1_4     -            805 534at2085            -            678   1.3e-41  138.3  14.3   3   6     0.027       4.8    0.9   0.1   183   211   237   265   232   290 0.81 # 2520 # 4934 # -1 # ID=26_4;partial=00;start_type=ATG;rbs_motif=AGGAG;rbs_spacer=5-10bp;gc_cont=0.263
JFDO01000026.1_4     -            805 534at2085            -            678   1.3e-41  138.3  14.3   4   6   4.9e-11   8.6e-09   29.8   0.0   214   283   304   375   292   402 0.81 # 2520 # 4934 # -1 # ID=26_4;partial=00;start_type=ATG;rbs_motif=AGGAG;rbs_spacer=5-10bp;gc_cont=0.263
JFDO01000026.1_4     -            805 534at2085            -            678   1.3e-41  138.3  14.3   5   6    0.0015      0.26    5.1   0.0   359   384   411   436   397   444 0.87 # 2520 # 4934 # -1 # ID=26_4;partial=00;start_type=ATG;rbs_motif=AGGAG;rbs_spacer=5-10bp;gc_cont=0.263
JFDO01000026.1_4     -            805 534at2085            -            678   1.3e-41  138.3  14.3   6   6     1e-17   1.8e-15   51.9   1.0   437   631   547   752   522   790 0.74 # 2520 # 4934 # -1 # ID=26_4;partial=00;start_type=ATG;rbs_motif=AGGAG;rbs_spacer=5-10bp;gc_cont=0.263
JFDO01000007.1_5     -            510 534at2085            -            678   2.8e-26   87.6  18.6   1   2   2.4e-15   4.3e-13   44.0   2.5    19   150     4   123     1   142 0.83 # 7038 # 8567 # -1 # ID=7_5;partial=00;start_type=ATG;rbs_motif=GGA/GAG/AGG;rbs_spacer=5-10bp;gc_cont=0.233
JFDO01000007.1_5     -            510 534at2085            -            678   2.8e-26   87.6  18.6   2   2   4.4e-16   7.8e-14   46.5   8.0   307   565   143   405   127   428 0.68 # 7038 # 8567 # -1 # ID=7_5;partial=00;start_type=ATG;rbs_motif=GGA/GAG/AGG;rbs_spacer=5-10bp;gc_cont=0.233
JFDO01000004.1_156   -            442 534at2085            -            678     7e-08   26.8  22.0   1   3    0.0012      0.22    5.4   0.1     5    61     4    61     1    68 0.86 # 194453 # 195778 # -1 # ID=4_156;partial=00;start_type=ATG;rbs_motif=AGGAG;rbs_spacer=5-10bp;gc_cont=0.206
JFDO01000004.1_156   -            442 534at2085            -            678     7e-08   26.8  22.0   2   3      0.16        28   -1.6   0.1   468   527    67   127    62   161 0.66 # 194453 # 195778 # -1 # ID=4_156;partial=00;start_type=ATG;rbs_motif=AGGAG;rbs_spacer=5-10bp;gc_cont=0.206
JFDO01000004.1_156   -            442 534at2085            -            678     7e-08   26.8  22.0   3   3   6.8e-10   1.2e-07   26.0  14.4   429   617   221   401   204   437 0.64 # 194453 # 195778 # -1 # ID=4_156;partial=00;start_type=ATG;rbs_motif=AGGAG;rbs_spacer=5-10bp;gc_cont=0.206
#
# Program:         hmmsearch
# Version:         3.1b2 (February 2015)
# Pipeline mode:   SEARCH
# Query file:      /root/busco_downloads/lineages/mycoplasmatales_odb10/hmms/534at2085.hmm
# Target file:     /disk3/default/V2/admin/core/data/myco/outBusco/Mcc_14232/prodigal_output/predicted_genes/predicted.faa
# Option settings: hmmsearch --domtblout /disk3/default/V2/admin/core/data/myco/outBusco/Mcc_14232/run_mycoplasmatales_odb10/hmmer_output/534at2085.out --cpu 1 /root/busco_downloads/lineages/mycoplasmatales_odb10/hmms/534at2085.hmm /disk3/default/V2/admin/core/data/myco/outBusco/Mcc_14232/prodigal_output/predicted_genes/predicted.faa 
# Current dir:     /root
# Date:            Sun Jul 31 23:53:25 2022
# [ok]
