#                                                                            --- full sequence --- -------------- this domain -------------   hmm coord   ali coord   env coord
# target name        accession   tlen query name           accession   qlen   E-value  score  bias   #  of  c-Evalue  i-Evalue  score  bias  from    to  from    to  from    to  acc description of target
#------------------- ---------- ----- -------------------- ---------- ----- --------- ------ ----- --- --- --------- --------- ------ ----- ----- ----- ----- ----- ----- ----- ---- ---------------------
JFDO01000004.1_110   -            396 705at2085            -            342  5.9e-179  590.0   4.4   1   1  3.9e-181  6.8e-179  589.8   4.4     1   342     1   388     1   388 0.93 # 136423 # 137610 # -1 # ID=4_110;partial=00;start_type=ATG;rbs_motif=AGGAG;rbs_spacer=5-10bp;gc_cont=0.360
JFDO01000003.1_55    -            601 705at2085            -            342     5e-22   74.0   1.4   1   1   3.9e-24   6.8e-22   73.6   1.4    14   223     8   232     1   279 0.77 # 78358 # 80160 # -1 # ID=3_55;partial=00;start_type=ATG;rbs_motif=GGA/GAG/AGG;rbs_spacer=5-10bp;gc_cont=0.270
JFDO01000003.1_44    -            621 705at2085            -            342   6.7e-21   70.3   2.6   1   1   7.1e-23   1.3e-20   69.4   2.6    15   257   124   370   112   404 0.72 # 65381 # 67243 # 1 # ID=3_44;partial=00;start_type=ATG;rbs_motif=GGAG/GAGG;rbs_spacer=5-10bp;gc_cont=0.278
JFDO01000004.1_59    -            610 705at2085            -            342   2.4e-18   61.9   0.8   1   1   2.8e-20   4.9e-18   60.9   0.8    10   141     4   147     1   265 0.75 # 69048 # 70877 # 1 # ID=4_59;partial=00;start_type=ATG;rbs_motif=GGAG/GAGG;rbs_spacer=5-10bp;gc_cont=0.269
JFDO01000004.1_111   -            690 705at2085            -            342   2.7e-14   48.6   0.7   1   3   7.8e-16   1.4e-13   46.3   0.4    13   134    11   142     4   183 0.77 # 137742 # 139811 # -1 # ID=4_111;partial=00;start_type=ATG;rbs_motif=AGGA;rbs_spacer=5-10bp;gc_cont=0.317
JFDO01000004.1_111   -            690 705at2085            -            342   2.7e-14   48.6   0.7   2   3      0.25        45   -1.5   0.0    29    64   173   208   167   226 0.76 # 137742 # 139811 # -1 # ID=4_111;partial=00;start_type=ATG;rbs_motif=AGGA;rbs_spacer=5-10bp;gc_cont=0.317
JFDO01000004.1_111   -            690 705at2085            -            342   2.7e-14   48.6   0.7   3   3      0.31        54   -1.7   0.0   149   175   250   275   225   283 0.78 # 137742 # 139811 # -1 # ID=4_111;partial=00;start_type=ATG;rbs_motif=AGGA;rbs_spacer=5-10bp;gc_cont=0.317
#
# Program:         hmmsearch
# Version:         3.1b2 (February 2015)
# Pipeline mode:   SEARCH
# Query file:      /root/busco_downloads/lineages/mycoplasmatales_odb10/hmms/705at2085.hmm
# Target file:     /disk3/default/V2/admin/core/data/myco/outBusco/Mcc_14232/prodigal_output/predicted_genes/predicted.faa
# Option settings: hmmsearch --domtblout /disk3/default/V2/admin/core/data/myco/outBusco/Mcc_14232/run_mycoplasmatales_odb10/hmmer_output/705at2085.out --cpu 1 /root/busco_downloads/lineages/mycoplasmatales_odb10/hmms/705at2085.hmm /disk3/default/V2/admin/core/data/myco/outBusco/Mcc_14232/prodigal_output/predicted_genes/predicted.faa 
# Current dir:     /root
# Date:            Sun Jul 31 23:53:25 2022
# [ok]
