#                                                                            --- full sequence --- -------------- this domain -------------   hmm coord   ali coord   env coord
# target name        accession   tlen query name           accession   qlen   E-value  score  bias   #  of  c-Evalue  i-Evalue  score  bias  from    to  from    to  from    to  acc description of target
#------------------- ---------- ----- -------------------- ---------- ----- --------- ------ ----- --- --- --------- --------- ------ ----- ----- ----- ----- ----- ----- ----- ---- ---------------------
JFDO01000003.1_44    -            621 801at2085            -            486  1.1e-173  574.0  25.7   1   2  1.3e-144  2.3e-142  470.8  11.3     2   331    21   388    20   412 0.91 # 65381 # 67243 # 1 # ID=3_44;partial=00;start_type=ATG;rbs_motif=GGAG/GAGG;rbs_spacer=5-10bp;gc_cont=0.278
JFDO01000003.1_44    -            621 801at2085            -            486  1.1e-173  574.0  25.7   2   2   9.5e-35   1.7e-32  108.4   7.3   328   484   415   615   395   617 0.79 # 65381 # 67243 # 1 # ID=3_44;partial=00;start_type=ATG;rbs_motif=GGAG/GAGG;rbs_spacer=5-10bp;gc_cont=0.278
JFDO01000004.1_110   -            396 801at2085            -            486   1.7e-20   68.8   3.8   1   1   1.4e-21   2.5e-19   65.0   3.8    85   280    15   241     3   257 0.75 # 136423 # 137610 # -1 # ID=4_110;partial=00;start_type=ATG;rbs_motif=AGGAG;rbs_spacer=5-10bp;gc_cont=0.360
JFDO01000003.1_55    -            601 801at2085            -            486   1.6e-19   65.6   3.9   1   2   0.00013     0.023    9.0   0.0    86   109    10    34     3    41 0.78 # 78358 # 80160 # -1 # ID=3_55;partial=00;start_type=ATG;rbs_motif=GGA/GAG/AGG;rbs_spacer=5-10bp;gc_cont=0.270
JFDO01000003.1_55    -            601 801at2085            -            486   1.6e-19   65.6   3.9   2   2   4.8e-19   8.4e-17   56.6   1.4   124   287    74   231    68   276 0.87 # 78358 # 80160 # -1 # ID=3_55;partial=00;start_type=ATG;rbs_motif=GGA/GAG/AGG;rbs_spacer=5-10bp;gc_cont=0.270
JFDO01000004.1_59    -            610 801at2085            -            486   9.8e-17   56.4   1.3   1   1   3.2e-17   5.6e-15   50.6   1.3    85   225     9   173     2   195 0.71 # 69048 # 70877 # 1 # ID=4_59;partial=00;start_type=ATG;rbs_motif=GGAG/GAGG;rbs_spacer=5-10bp;gc_cont=0.269
JFDO01000004.1_111   -            690 801at2085            -            486     2e-14   48.8   3.2   1   2   1.1e-14   1.9e-12   42.3   2.7   110   192    56   144     6   150 0.67 # 137742 # 139811 # -1 # ID=4_111;partial=00;start_type=ATG;rbs_motif=AGGA;rbs_spacer=5-10bp;gc_cont=0.317
JFDO01000004.1_111   -            690 801at2085            -            486     2e-14   48.8   3.2   2   2     0.035       6.2    1.0   0.0   214   234   255   275   226   283 0.83 # 137742 # 139811 # -1 # ID=4_111;partial=00;start_type=ATG;rbs_motif=AGGA;rbs_spacer=5-10bp;gc_cont=0.317
#
# Program:         hmmsearch
# Version:         3.1b2 (February 2015)
# Pipeline mode:   SEARCH
# Query file:      /root/busco_downloads/lineages/mycoplasmatales_odb10/hmms/801at2085.hmm
# Target file:     /disk3/default/V2/admin/core/data/myco/outBusco/Mcc_14232/prodigal_output/predicted_genes/predicted.faa
# Option settings: hmmsearch --domtblout /disk3/default/V2/admin/core/data/myco/outBusco/Mcc_14232/run_mycoplasmatales_odb10/hmmer_output/801at2085.out --cpu 1 /root/busco_downloads/lineages/mycoplasmatales_odb10/hmms/801at2085.hmm /disk3/default/V2/admin/core/data/myco/outBusco/Mcc_14232/prodigal_output/predicted_genes/predicted.faa 
# Current dir:     /root
# Date:            Sun Jul 31 23:53:26 2022
# [ok]
