#                                                                                                                                                                                                                            --- full sequence --- -------------- this domain -------------   hmm coord   ali coord   env coord
# target name                                                                                                                                                        accession   tlen query name           accession   qlen   E-value  score  bias   #  of  c-Evalue  i-Evalue  score  bias  from    to  from    to  from    to  acc description of target
#                                                                                                                                                ------------------- ---------- ----- -------------------- ---------- ----- --------- ------ ----- --- --- --------- --------- ------ ----- ----- ----- ----- ----- ----- ----- ---- ---------------------
NG-25720_PPCC_MCI_lib436635_7080_3_1_(paired)_trimmed_(paired)_mapping_-_Extracted_nucleotide_sequences_[NG-25720_PPCC_MCI_lib436635_7080_3_1]_(single)_contig_7_7   -            909 157at2085            -            637  1.7e-222  735.8  36.7   1   4   1.1e-89   1.8e-87  289.7   2.5     1   237    18   291    18   305 0.81 # 4744 # 7470 # -1 # ID=7_7;partial=00;start_type=ATG;rbs_motif=AGGA;rbs_spacer=5-10bp;gc_cont=0.250
NG-25720_PPCC_MCI_lib436635_7080_3_1_(paired)_trimmed_(paired)_mapping_-_Extracted_nucleotide_sequences_[NG-25720_PPCC_MCI_lib436635_7080_3_1]_(single)_contig_7_7   -            909 157at2085            -            637  1.7e-222  735.8  36.7   2   4  1.6e-127  2.7e-125  414.7   5.8   225   539   307   678   290   687 0.87 # 4744 # 7470 # -1 # ID=7_7;partial=00;start_type=ATG;rbs_motif=AGGA;rbs_spacer=5-10bp;gc_cont=0.250
NG-25720_PPCC_MCI_lib436635_7080_3_1_(paired)_trimmed_(paired)_mapping_-_Extracted_nucleotide_sequences_[NG-25720_PPCC_MCI_lib436635_7080_3_1]_(single)_contig_7_7   -            909 157at2085            -            637  1.7e-222  735.8  36.7   3   4   3.3e-16   5.7e-14   46.9   6.6   522   600   692   782   678   819 0.80 # 4744 # 7470 # -1 # ID=7_7;partial=00;start_type=ATG;rbs_motif=AGGA;rbs_spacer=5-10bp;gc_cont=0.250
NG-25720_PPCC_MCI_lib436635_7080_3_1_(paired)_trimmed_(paired)_mapping_-_Extracted_nucleotide_sequences_[NG-25720_PPCC_MCI_lib436635_7080_3_1]_(single)_contig_7_7   -            909 157at2085            -            637  1.7e-222  735.8  36.7   4   4     0.038       6.4    0.4   0.6   602   637   854   889   808   889 0.68 # 4744 # 7470 # -1 # ID=7_7;partial=00;start_type=ATG;rbs_motif=AGGA;rbs_spacer=5-10bp;gc_cont=0.250
NG-25720_PPCC_MCI_lib436635_7080_3_1_(paired)_trimmed_(paired)_mapping_-_Extracted_nucleotide_sequences_[NG-25720_PPCC_MCI_lib436635_7080_3_1]_(single)_contig_17_48 -            873 157at2085            -            637   1.9e-55  183.9  51.3   1   3     1e-54   1.8e-52  174.1  25.2    12   538    25   608    17   617 0.71 # 56629 # 59247 # -1 # ID=17_48;partial=00;start_type=ATG;rbs_motif=AGGAG;rbs_spacer=5-10bp;gc_cont=0.229
NG-25720_PPCC_MCI_lib436635_7080_3_1_(paired)_trimmed_(paired)_mapping_-_Extracted_nucleotide_sequences_[NG-25720_PPCC_MCI_lib436635_7080_3_1]_(single)_contig_17_48 -            873 157at2085            -            637   1.9e-55  183.9  51.3   2   3   2.6e-07   4.4e-05   17.5   8.8   520   603   621   709   600   745 0.78 # 56629 # 59247 # -1 # ID=17_48;partial=00;start_type=ATG;rbs_motif=AGGAG;rbs_spacer=5-10bp;gc_cont=0.229
NG-25720_PPCC_MCI_lib436635_7080_3_1_(paired)_trimmed_(paired)_mapping_-_Extracted_nucleotide_sequences_[NG-25720_PPCC_MCI_lib436635_7080_3_1]_(single)_contig_17_48 -            873 157at2085            -            637   1.9e-55  183.9  51.3   3   3      0.43        74   -3.1   5.6   479   578   721   826   713   857 0.64 # 56629 # 59247 # -1 # ID=17_48;partial=00;start_type=ATG;rbs_motif=AGGAG;rbs_spacer=5-10bp;gc_cont=0.229
NG-25720_PPCC_MCI_lib436635_7080_3_1_(paired)_trimmed_(paired)_mapping_-_Extracted_nucleotide_sequences_[NG-25720_PPCC_MCI_lib436635_7080_3_1]_(single)_contig_23_19 -            805 157at2085            -            637   3.4e-39  130.2   9.9   1   4   3.3e-17   5.7e-15   50.2   0.8    10   162    17   173     9   178 0.84 # 18533 # 20947 # -1 # ID=23_19;partial=00;start_type=ATG;rbs_motif=AGGAG;rbs_spacer=5-10bp;gc_cont=0.266
NG-25720_PPCC_MCI_lib436635_7080_3_1_(paired)_trimmed_(paired)_mapping_-_Extracted_nucleotide_sequences_[NG-25720_PPCC_MCI_lib436635_7080_3_1]_(single)_contig_23_19 -            805 157at2085            -            637   3.4e-39  130.2   9.9   2   4     0.002      0.34    4.6   0.0   218   264   311   357   255   373 0.82 # 18533 # 20947 # -1 # ID=23_19;partial=00;start_type=ATG;rbs_motif=AGGAG;rbs_spacer=5-10bp;gc_cont=0.266
NG-25720_PPCC_MCI_lib436635_7080_3_1_(paired)_trimmed_(paired)_mapping_-_Extracted_nucleotide_sequences_[NG-25720_PPCC_MCI_lib436635_7080_3_1]_(single)_contig_23_19 -            805 157at2085            -            637   3.4e-39  130.2   9.9   3   4   3.1e-07   5.2e-05   17.3   0.0   332   363   410   441   386   449 0.75 # 18533 # 20947 # -1 # ID=23_19;partial=00;start_type=ATG;rbs_motif=AGGAG;rbs_spacer=5-10bp;gc_cont=0.266
NG-25720_PPCC_MCI_lib436635_7080_3_1_(paired)_trimmed_(paired)_mapping_-_Extracted_nucleotide_sequences_[NG-25720_PPCC_MCI_lib436635_7080_3_1]_(single)_contig_23_19 -            805 157at2085            -            637   3.4e-39  130.2   9.9   4   4   1.7e-20   2.9e-18   61.0   0.6   438   610   560   741   495   762 0.75 # 18533 # 20947 # -1 # ID=23_19;partial=00;start_type=ATG;rbs_motif=AGGAG;rbs_spacer=5-10bp;gc_cont=0.266
NG-25720_PPCC_MCI_lib436635_7080_3_1_(paired)_trimmed_(paired)_mapping_-_Extracted_nucleotide_sequences_[NG-25720_PPCC_MCI_lib436635_7080_3_1]_(single)_contig_4_13  -            510 157at2085            -            637   4.7e-25   83.5   6.8   1   2   1.5e-15   2.6e-13   44.7   0.2    32   155    12   136     2   146 0.79 # 19862 # 21391 # -1 # ID=4_13;partial=00;start_type=ATG;rbs_motif=GGA/GAG/AGG;rbs_spacer=5-10bp;gc_cont=0.233
NG-25720_PPCC_MCI_lib436635_7080_3_1_(paired)_trimmed_(paired)_mapping_-_Extracted_nucleotide_sequences_[NG-25720_PPCC_MCI_lib436635_7080_3_1]_(single)_contig_4_13  -            510 157at2085            -            637   4.7e-25   83.5   6.8   2   2   2.1e-14   3.5e-12   40.9   1.9   444   570   287   413   279   463 0.78 # 19862 # 21391 # -1 # ID=4_13;partial=00;start_type=ATG;rbs_motif=GGA/GAG/AGG;rbs_spacer=5-10bp;gc_cont=0.233
NG-25720_PPCC_MCI_lib436635_7080_3_1_(paired)_trimmed_(paired)_mapping_-_Extracted_nucleotide_sequences_[NG-25720_PPCC_MCI_lib436635_7080_3_1]_(single)_contig_5_55  -            442 157at2085            -            637   9.4e-08   26.3  18.8   1   2   0.00022     0.038    7.8   0.5    16    86    10    81     4   144 0.72 # 61650 # 62975 # 1 # ID=5_55;partial=00;start_type=ATG;rbs_motif=AGGAG;rbs_spacer=5-10bp;gc_cont=0.201
NG-25720_PPCC_MCI_lib436635_7080_3_1_(paired)_trimmed_(paired)_mapping_-_Extracted_nucleotide_sequences_[NG-25720_PPCC_MCI_lib436635_7080_3_1]_(single)_contig_5_55  -            442 157at2085            -            637   9.4e-08   26.3  18.8   2   2   7.1e-09   1.2e-06   22.7  12.2   448   603   252   418   208   436 0.71 # 61650 # 62975 # 1 # ID=5_55;partial=00;start_type=ATG;rbs_motif=AGGAG;rbs_spacer=5-10bp;gc_cont=0.201
#
# Program:         hmmsearch
# Version:         3.1b2 (February 2015)
# Pipeline mode:   SEARCH
# Query file:      /root/busco_downloads/lineages/mycoplasmatales_odb10/hmms/157at2085.hmm
# Target file:     /disk3/default/V2/admin/core/data/myco_out/outBusco/Mcc_PPCC_MCI/prodigal_output/predicted_genes/predicted.faa
# Option settings: hmmsearch --domtblout /disk3/default/V2/admin/core/data/myco_out/outBusco/Mcc_PPCC_MCI/run_mycoplasmatales_odb10/hmmer_output/157at2085.out --cpu 1 /root/busco_downloads/lineages/mycoplasmatales_odb10/hmms/157at2085.hmm /disk3/default/V2/admin/core/data/myco_out/outBusco/Mcc_PPCC_MCI/prodigal_output/predicted_genes/predicted.faa 
# Current dir:     /root
# Date:            Mon Aug  1 00:28:01 2022
# [ok]
