#                                                                                                                                                                                                                            --- full sequence --- -------------- this domain -------------   hmm coord   ali coord   env coord
# target name                                                                                                                                                        accession   tlen query name           accession   qlen   E-value  score  bias   #  of  c-Evalue  i-Evalue  score  bias  from    to  from    to  from    to  acc description of target
#                                                                                                                                                ------------------- ---------- ----- -------------------- ---------- ----- --------- ------ ----- --- --- --------- --------- ------ ----- ----- ----- ----- ----- ----- ----- ---- ---------------------
NG-25720_PPCC_MCI_lib436635_7080_3_1_(paired)_trimmed_(paired)_mapping_-_Extracted_nucleotide_sequences_[NG-25720_PPCC_MCI_lib436635_7080_3_1]_(single)_contig_8_34  -            223 2571at2085           -            187   1.3e-59  196.7  11.9   1   2   1.3e-19   1.6e-17   59.5   0.2     2    48     3    49     2    71 0.82 # 28998 # 29666 # -1 # ID=8_34;partial=00;start_type=ATG;rbs_motif=AGGAG;rbs_spacer=5-10bp;gc_cont=0.224
NG-25720_PPCC_MCI_lib436635_7080_3_1_(paired)_trimmed_(paired)_mapping_-_Extracted_nucleotide_sequences_[NG-25720_PPCC_MCI_lib436635_7080_3_1]_(single)_contig_8_34  -            223 2571at2085           -            187   1.3e-59  196.7  11.9   2   2     2e-44   2.5e-42  140.4   6.9    51   184    77   215    60   218 0.89 # 28998 # 29666 # -1 # ID=8_34;partial=00;start_type=ATG;rbs_motif=AGGAG;rbs_spacer=5-10bp;gc_cont=0.224
NG-25720_PPCC_MCI_lib436635_7080_3_1_(paired)_trimmed_(paired)_mapping_-_Extracted_nucleotide_sequences_[NG-25720_PPCC_MCI_lib436635_7080_3_1]_(single)_contig_10_40 -            206 2571at2085           -            187   6.7e-07   24.9   0.7   1   2   1.3e-08   1.5e-06   23.7   0.2     3    32     1    30     1    75 0.77 # 49766 # 50383 # 1 # ID=10_40;partial=00;start_type=ATG;rbs_motif=AGGAG;rbs_spacer=5-10bp;gc_cont=0.231
NG-25720_PPCC_MCI_lib436635_7080_3_1_(paired)_trimmed_(paired)_mapping_-_Extracted_nucleotide_sequences_[NG-25720_PPCC_MCI_lib436635_7080_3_1]_(single)_contig_10_40 -            206 2571at2085           -            187   6.7e-07   24.9   0.7   2   2      0.48        58   -1.0   0.0   135   177    86   129    75   139 0.71 # 49766 # 50383 # 1 # ID=10_40;partial=00;start_type=ATG;rbs_motif=AGGAG;rbs_spacer=5-10bp;gc_cont=0.231
NG-25720_PPCC_MCI_lib436635_7080_3_1_(paired)_trimmed_(paired)_mapping_-_Extracted_nucleotide_sequences_[NG-25720_PPCC_MCI_lib436635_7080_3_1]_(single)_contig_15_41 -            214 2571at2085           -            187   9.1e-06   21.2   0.1   1   2   4.4e-06   0.00054   15.4   0.0     4    39     2    37     1    70 0.87 # 33415 # 34056 # 1 # ID=15_41;partial=00;start_type=ATG;rbs_motif=AGGA;rbs_spacer=5-10bp;gc_cont=0.234
NG-25720_PPCC_MCI_lib436635_7080_3_1_(paired)_trimmed_(paired)_mapping_-_Extracted_nucleotide_sequences_[NG-25720_PPCC_MCI_lib436635_7080_3_1]_(single)_contig_15_41 -            214 2571at2085           -            187   9.1e-06   21.2   0.1   2   2     0.022       2.7    3.3   0.0   154   181   181   208   152   212 0.83 # 33415 # 34056 # 1 # ID=15_41;partial=00;start_type=ATG;rbs_motif=AGGA;rbs_spacer=5-10bp;gc_cont=0.234
NG-25720_PPCC_MCI_lib436635_7080_3_1_(paired)_trimmed_(paired)_mapping_-_Extracted_nucleotide_sequences_[NG-25720_PPCC_MCI_lib436635_7080_3_1]_(single)_contig_34_18 -            208 2571at2085           -            187   0.00018   16.9   3.2   1   1   1.3e-05    0.0016   13.8   3.2     4   139     7   159     3   171 0.61 # 17627 # 18250 # -1 # ID=34_18;partial=00;start_type=ATG;rbs_motif=AGGAG;rbs_spacer=3-4bp;gc_cont=0.244
NG-25720_PPCC_MCI_lib436635_7080_3_1_(paired)_trimmed_(paired)_mapping_-_Extracted_nucleotide_sequences_[NG-25720_PPCC_MCI_lib436635_7080_3_1]_(single)_contig_20_30 -            567 2571at2085           -            187   0.00055   15.4   0.5   1   1   1.2e-05    0.0014   14.0   0.3     4    59    37    90    35   126 0.73 # 35237 # 36937 # 1 # ID=20_30;partial=00;start_type=ATG;rbs_motif=AGGA;rbs_spacer=5-10bp;gc_cont=0.253
NG-25720_PPCC_MCI_lib436635_7080_3_1_(paired)_trimmed_(paired)_mapping_-_Extracted_nucleotide_sequences_[NG-25720_PPCC_MCI_lib436635_7080_3_1]_(single)_contig_34_12 -            308 2571at2085           -            187   0.00062   15.2   0.5   1   1   3.9e-05    0.0047   12.3   0.5     5   104    37   127    33   144 0.70 # 10902 # 11825 # 1 # ID=34_12;partial=00;start_type=ATG;rbs_motif=AGxAGG/AGGxGG;rbs_spacer=5-10bp;gc_cont=0.207
NG-25720_PPCC_MCI_lib436635_7080_3_1_(paired)_trimmed_(paired)_mapping_-_Extracted_nucleotide_sequences_[NG-25720_PPCC_MCI_lib436635_7080_3_1]_(single)_contig_8_2   -            215 2571at2085           -            187    0.0012   14.2   0.0   1   2   2.9e-05    0.0036   12.7   0.0     4    36     2    36     1    62 0.80 # 679 # 1323 # -1 # ID=8_2;partial=00;start_type=ATG;rbs_motif=None;rbs_spacer=None;gc_cont=0.229
NG-25720_PPCC_MCI_lib436635_7080_3_1_(paired)_trimmed_(paired)_mapping_-_Extracted_nucleotide_sequences_[NG-25720_PPCC_MCI_lib436635_7080_3_1]_(single)_contig_8_2   -            215 2571at2085           -            187    0.0012   14.2   0.0   2   2       2.4   2.9e+02   -3.3   0.0   111   128   136   152   133   161 0.65 # 679 # 1323 # -1 # ID=8_2;partial=00;start_type=ATG;rbs_motif=None;rbs_spacer=None;gc_cont=0.229
#
# Program:         hmmsearch
# Version:         3.1b2 (February 2015)
# Pipeline mode:   SEARCH
# Query file:      /root/busco_downloads/lineages/mycoplasmatales_odb10/hmms/2571at2085.hmm
# Target file:     /disk3/default/V2/admin/core/data/myco_out/outBusco/Mcc_PPCC_MCI/prodigal_output/predicted_genes/predicted.faa
# Option settings: hmmsearch --domtblout /disk3/default/V2/admin/core/data/myco_out/outBusco/Mcc_PPCC_MCI/run_mycoplasmatales_odb10/hmmer_output/2571at2085.out --cpu 1 /root/busco_downloads/lineages/mycoplasmatales_odb10/hmms/2571at2085.hmm /disk3/default/V2/admin/core/data/myco_out/outBusco/Mcc_PPCC_MCI/prodigal_output/predicted_genes/predicted.faa 
# Current dir:     /root
# Date:            Mon Aug  1 00:28:03 2022
# [ok]
