#                                                                                                                                                                                                                            --- full sequence --- -------------- this domain -------------   hmm coord   ali coord   env coord
# target name                                                                                                                                                        accession   tlen query name           accession   qlen   E-value  score  bias   #  of  c-Evalue  i-Evalue  score  bias  from    to  from    to  from    to  acc description of target
#                                                                                                                                                ------------------- ---------- ----- -------------------- ---------- ----- --------- ------ ----- --- --- --------- --------- ------ ----- ----- ----- ----- ----- ----- ----- ---- ---------------------
NG-25720_PPCC_MCI_lib436635_7080_3_1_(paired)_trimmed_(paired)_mapping_-_Extracted_nucleotide_sequences_[NG-25720_PPCC_MCI_lib436635_7080_3_1]_(single)_contig_23_19 -            805 462at2085            -            610  1.2e-231  766.1  32.7   1   4  1.5e-128  2.5e-126  418.2   6.4     1   274     3   286     3   308 0.91 # 18533 # 20947 # -1 # ID=23_19;partial=00;start_type=ATG;rbs_motif=AGGAG;rbs_spacer=5-10bp;gc_cont=0.266
NG-25720_PPCC_MCI_lib436635_7080_3_1_(paired)_trimmed_(paired)_mapping_-_Extracted_nucleotide_sequences_[NG-25720_PPCC_MCI_lib436635_7080_3_1]_(single)_contig_23_19 -            805 462at2085            -            610  1.2e-231  766.1  32.7   2   4    0.0046      0.79    3.7   0.0   264   295   314   351   300   368 0.77 # 18533 # 20947 # -1 # ID=23_19;partial=00;start_type=ATG;rbs_motif=AGGAG;rbs_spacer=5-10bp;gc_cont=0.266
NG-25720_PPCC_MCI_lib436635_7080_3_1_(paired)_trimmed_(paired)_mapping_-_Extracted_nucleotide_sequences_[NG-25720_PPCC_MCI_lib436635_7080_3_1]_(single)_contig_23_19 -            805 462at2085            -            610  1.2e-231  766.1  32.7   3   4   4.9e-98   8.4e-96  317.4   0.5   266   520   364   640   353   654 0.84 # 18533 # 20947 # -1 # ID=23_19;partial=00;start_type=ATG;rbs_motif=AGGAG;rbs_spacer=5-10bp;gc_cont=0.266
NG-25720_PPCC_MCI_lib436635_7080_3_1_(paired)_trimmed_(paired)_mapping_-_Extracted_nucleotide_sequences_[NG-25720_PPCC_MCI_lib436635_7080_3_1]_(single)_contig_23_19 -            805 462at2085            -            610  1.2e-231  766.1  32.7   4   4   5.5e-11   9.4e-09   29.9  12.1   507   609   659   803   644   804 0.73 # 18533 # 20947 # -1 # ID=23_19;partial=00;start_type=ATG;rbs_motif=AGGAG;rbs_spacer=5-10bp;gc_cont=0.266
NG-25720_PPCC_MCI_lib436635_7080_3_1_(paired)_trimmed_(paired)_mapping_-_Extracted_nucleotide_sequences_[NG-25720_PPCC_MCI_lib436635_7080_3_1]_(single)_contig_7_7   -            909 462at2085            -            610   2.2e-41  137.7  16.2   1   2   8.7e-27   1.5e-24   82.1   1.0     4   169    27   204    24   218 0.88 # 4744 # 7470 # -1 # ID=7_7;partial=00;start_type=ATG;rbs_motif=AGGA;rbs_spacer=5-10bp;gc_cont=0.250
NG-25720_PPCC_MCI_lib436635_7080_3_1_(paired)_trimmed_(paired)_mapping_-_Extracted_nucleotide_sequences_[NG-25720_PPCC_MCI_lib436635_7080_3_1]_(single)_contig_7_7   -            909 462at2085            -            610   2.2e-41  137.7  16.2   2   2   3.3e-21   5.6e-19   63.7   2.9   307   509   449   643   370   660 0.74 # 4744 # 7470 # -1 # ID=7_7;partial=00;start_type=ATG;rbs_motif=AGGA;rbs_spacer=5-10bp;gc_cont=0.250
NG-25720_PPCC_MCI_lib436635_7080_3_1_(paired)_trimmed_(paired)_mapping_-_Extracted_nucleotide_sequences_[NG-25720_PPCC_MCI_lib436635_7080_3_1]_(single)_contig_17_48 -            873 462at2085            -            610   2.1e-37  124.6  40.8   1   4   2.5e-21   4.2e-19   64.1   7.5     1   174     9   200     9   214 0.81 # 56629 # 59247 # -1 # ID=17_48;partial=00;start_type=ATG;rbs_motif=AGGAG;rbs_spacer=5-10bp;gc_cont=0.229
NG-25720_PPCC_MCI_lib436635_7080_3_1_(paired)_trimmed_(paired)_mapping_-_Extracted_nucleotide_sequences_[NG-25720_PPCC_MCI_lib436635_7080_3_1]_(single)_contig_17_48 -            873 462at2085            -            610   2.1e-37  124.6  40.8   2   4      0.17        30   -1.4   0.0   226   278   210   265   198   291 0.73 # 56629 # 59247 # -1 # ID=17_48;partial=00;start_type=ATG;rbs_motif=AGGAG;rbs_spacer=5-10bp;gc_cont=0.229
NG-25720_PPCC_MCI_lib436635_7080_3_1_(paired)_trimmed_(paired)_mapping_-_Extracted_nucleotide_sequences_[NG-25720_PPCC_MCI_lib436635_7080_3_1]_(single)_contig_17_48 -            873 462at2085            -            610   2.1e-37  124.6  40.8   3   4     1e-23   1.7e-21   72.0   6.9   272   517   361   580   311   588 0.82 # 56629 # 59247 # -1 # ID=17_48;partial=00;start_type=ATG;rbs_motif=AGGAG;rbs_spacer=5-10bp;gc_cont=0.229
NG-25720_PPCC_MCI_lib436635_7080_3_1_(paired)_trimmed_(paired)_mapping_-_Extracted_nucleotide_sequences_[NG-25720_PPCC_MCI_lib436635_7080_3_1]_(single)_contig_17_48 -            873 462at2085            -            610   2.1e-37  124.6  40.8   4   4    0.0015      0.25    5.4   2.8   514   572   657   716   628   754 0.72 # 56629 # 59247 # -1 # ID=17_48;partial=00;start_type=ATG;rbs_motif=AGGAG;rbs_spacer=5-10bp;gc_cont=0.229
NG-25720_PPCC_MCI_lib436635_7080_3_1_(paired)_trimmed_(paired)_mapping_-_Extracted_nucleotide_sequences_[NG-25720_PPCC_MCI_lib436635_7080_3_1]_(single)_contig_4_13  -            510 462at2085            -            610   1.5e-35  118.5  12.8   1   3   8.1e-28   1.4e-25   85.5   3.0    25   199     2   176     1   203 0.90 # 19862 # 21391 # -1 # ID=4_13;partial=00;start_type=ATG;rbs_motif=GGA/GAG/AGG;rbs_spacer=5-10bp;gc_cont=0.233
NG-25720_PPCC_MCI_lib436635_7080_3_1_(paired)_trimmed_(paired)_mapping_-_Extracted_nucleotide_sequences_[NG-25720_PPCC_MCI_lib436635_7080_3_1]_(single)_contig_4_13  -            510 462at2085            -            610   1.5e-35  118.5  12.8   2   3   3.2e-13   5.5e-11   37.3   0.1   428   500   273   340   229   372 0.76 # 19862 # 21391 # -1 # ID=4_13;partial=00;start_type=ATG;rbs_motif=GGA/GAG/AGG;rbs_spacer=5-10bp;gc_cont=0.233
NG-25720_PPCC_MCI_lib436635_7080_3_1_(paired)_trimmed_(paired)_mapping_-_Extracted_nucleotide_sequences_[NG-25720_PPCC_MCI_lib436635_7080_3_1]_(single)_contig_4_13  -            510 462at2085            -            610   1.5e-35  118.5  12.8   3   3      0.03       5.2    1.1   0.6   494   543   381   430   347   456 0.74 # 19862 # 21391 # -1 # ID=4_13;partial=00;start_type=ATG;rbs_motif=GGA/GAG/AGG;rbs_spacer=5-10bp;gc_cont=0.233
NG-25720_PPCC_MCI_lib436635_7080_3_1_(paired)_trimmed_(paired)_mapping_-_Extracted_nucleotide_sequences_[NG-25720_PPCC_MCI_lib436635_7080_3_1]_(single)_contig_5_55  -            442 462at2085            -            610   3.6e-07   24.7   2.2   1   3     0.042       7.1    0.6   0.0    41    65    31    55     6    60 0.84 # 61650 # 62975 # 1 # ID=5_55;partial=00;start_type=ATG;rbs_motif=AGGAG;rbs_spacer=5-10bp;gc_cont=0.201
NG-25720_PPCC_MCI_lib436635_7080_3_1_(paired)_trimmed_(paired)_mapping_-_Extracted_nucleotide_sequences_[NG-25720_PPCC_MCI_lib436635_7080_3_1]_(single)_contig_5_55  -            442 462at2085            -            610   3.6e-07   24.7   2.2   2   3      0.17        29   -1.4   0.1   185   213    82   113    50   154 0.66 # 61650 # 62975 # 1 # ID=5_55;partial=00;start_type=ATG;rbs_motif=AGGAG;rbs_spacer=5-10bp;gc_cont=0.201
NG-25720_PPCC_MCI_lib436635_7080_3_1_(paired)_trimmed_(paired)_mapping_-_Extracted_nucleotide_sequences_[NG-25720_PPCC_MCI_lib436635_7080_3_1]_(single)_contig_5_55  -            442 462at2085            -            610   3.6e-07   24.7   2.2   3   3   2.1e-09   3.6e-07   24.7   2.2   453   522   256   323   216   380 0.81 # 61650 # 62975 # 1 # ID=5_55;partial=00;start_type=ATG;rbs_motif=AGGAG;rbs_spacer=5-10bp;gc_cont=0.201
#
# Program:         hmmsearch
# Version:         3.1b2 (February 2015)
# Pipeline mode:   SEARCH
# Query file:      /root/busco_downloads/lineages/mycoplasmatales_odb10/hmms/462at2085.hmm
# Target file:     /disk3/default/V2/admin/core/data/myco_out/outBusco/Mcc_PPCC_MCI/prodigal_output/predicted_genes/predicted.faa
# Option settings: hmmsearch --domtblout /disk3/default/V2/admin/core/data/myco_out/outBusco/Mcc_PPCC_MCI/run_mycoplasmatales_odb10/hmmer_output/462at2085.out --cpu 1 /root/busco_downloads/lineages/mycoplasmatales_odb10/hmms/462at2085.hmm /disk3/default/V2/admin/core/data/myco_out/outBusco/Mcc_PPCC_MCI/prodigal_output/predicted_genes/predicted.faa 
# Current dir:     /root
# Date:            Mon Aug  1 00:28:05 2022
# [ok]
