#                                                                                                                                                                                                                            --- full sequence --- -------------- this domain -------------   hmm coord   ali coord   env coord
# target name                                                                                                                                                        accession   tlen query name           accession   qlen   E-value  score  bias   #  of  c-Evalue  i-Evalue  score  bias  from    to  from    to  from    to  acc description of target
#                                                                                                                                                ------------------- ---------- ----- -------------------- ---------- ----- --------- ------ ----- --- --- --------- --------- ------ ----- ----- ----- ----- ----- ----- ----- ---- ---------------------
NG-25720_PPCC_MCI_lib436635_7080_3_1_(paired)_trimmed_(paired)_mapping_-_Extracted_nucleotide_sequences_[NG-25720_PPCC_MCI_lib436635_7080_3_1]_(single)_contig_1_44  -            670 584at2085            -            308    1e-104  345.9  21.0   1   3    6e-107    1e-104  345.9  21.0     1   285     7   325     7   345 0.84 # 50828 # 52837 # 1 # ID=1_44;partial=00;start_type=ATG;rbs_motif=GGAG/GAGG;rbs_spacer=5-10bp;gc_cont=0.210
NG-25720_PPCC_MCI_lib436635_7080_3_1_(paired)_trimmed_(paired)_mapping_-_Extracted_nucleotide_sequences_[NG-25720_PPCC_MCI_lib436635_7080_3_1]_(single)_contig_1_44  -            670 584at2085            -            308    1e-104  345.9  21.0   2   3         5   8.5e+02   -6.3   8.6   166   231   353   420   333   487 0.51 # 50828 # 52837 # 1 # ID=1_44;partial=00;start_type=ATG;rbs_motif=GGAG/GAGG;rbs_spacer=5-10bp;gc_cont=0.210
NG-25720_PPCC_MCI_lib436635_7080_3_1_(paired)_trimmed_(paired)_mapping_-_Extracted_nucleotide_sequences_[NG-25720_PPCC_MCI_lib436635_7080_3_1]_(single)_contig_1_44  -            670 584at2085            -            308    1e-104  345.9  21.0   3   3       2.7   4.7e+02   -4.4   9.4   161   284   502   624   490   647 0.73 # 50828 # 52837 # 1 # ID=1_44;partial=00;start_type=ATG;rbs_motif=GGAG/GAGG;rbs_spacer=5-10bp;gc_cont=0.210
NG-25720_PPCC_MCI_lib436635_7080_3_1_(paired)_trimmed_(paired)_mapping_-_Extracted_nucleotide_sequences_[NG-25720_PPCC_MCI_lib436635_7080_3_1]_(single)_contig_13_10 -            413 584at2085            -            308   6.6e-16   54.3  10.8   1   2   9.6e-11   1.6e-08   30.0   0.2     7    59    10    64     7    85 0.80 # 10054 # 11292 # 1 # ID=13_10;partial=00;start_type=ATG;rbs_motif=GGAG/GAGG;rbs_spacer=5-10bp;gc_cont=0.244
NG-25720_PPCC_MCI_lib436635_7080_3_1_(paired)_trimmed_(paired)_mapping_-_Extracted_nucleotide_sequences_[NG-25720_PPCC_MCI_lib436635_7080_3_1]_(single)_contig_13_10 -            413 584at2085            -            308   6.6e-16   54.3  10.8   2   2   1.6e-09   2.8e-07   25.9   7.6    96   224    82   218    67   255 0.75 # 10054 # 11292 # 1 # ID=13_10;partial=00;start_type=ATG;rbs_motif=GGAG/GAGG;rbs_spacer=5-10bp;gc_cont=0.244
NG-25720_PPCC_MCI_lib436635_7080_3_1_(paired)_trimmed_(paired)_mapping_-_Extracted_nucleotide_sequences_[NG-25720_PPCC_MCI_lib436635_7080_3_1]_(single)_contig_34_12 -            308 584at2085            -            308   7.1e-14   47.6   8.4   1   1   2.5e-15   4.3e-13   45.0   8.3     6   228     2   236     1   260 0.73 # 10902 # 11825 # 1 # ID=34_12;partial=00;start_type=ATG;rbs_motif=AGxAGG/AGGxGG;rbs_spacer=5-10bp;gc_cont=0.207
NG-25720_PPCC_MCI_lib436635_7080_3_1_(paired)_trimmed_(paired)_mapping_-_Extracted_nucleotide_sequences_[NG-25720_PPCC_MCI_lib436635_7080_3_1]_(single)_contig_1_47  -            248 584at2085            -            308   1.2e-11   40.3  14.7   1   1   3.5e-13     6e-11   38.0  14.7    66   172    59   164     2   245 0.74 # 54051 # 54794 # 1 # ID=1_47;partial=00;start_type=ATG;rbs_motif=None;rbs_spacer=None;gc_cont=0.180
NG-25720_PPCC_MCI_lib436635_7080_3_1_(paired)_trimmed_(paired)_mapping_-_Extracted_nucleotide_sequences_[NG-25720_PPCC_MCI_lib436635_7080_3_1]_(single)_contig_11_11 -            714 584at2085            -            308   2.3e-06   22.9   5.7   1   5    0.0028      0.47    5.5   0.0     9    56    27    73    20    81 0.81 # 10584 # 12725 # -1 # ID=11_11;partial=00;start_type=GTG;rbs_motif=AGGAG;rbs_spacer=5-10bp;gc_cont=0.271
NG-25720_PPCC_MCI_lib436635_7080_3_1_(paired)_trimmed_(paired)_mapping_-_Extracted_nucleotide_sequences_[NG-25720_PPCC_MCI_lib436635_7080_3_1]_(single)_contig_11_11 -            714 584at2085            -            308   2.3e-06   22.9   5.7   2   5      0.82   1.4e+02   -2.6   0.4   209   243   312   344   279   408 0.57 # 10584 # 12725 # -1 # ID=11_11;partial=00;start_type=GTG;rbs_motif=AGGAG;rbs_spacer=5-10bp;gc_cont=0.271
NG-25720_PPCC_MCI_lib436635_7080_3_1_(paired)_trimmed_(paired)_mapping_-_Extracted_nucleotide_sequences_[NG-25720_PPCC_MCI_lib436635_7080_3_1]_(single)_contig_11_11 -            714 584at2085            -            308   2.3e-06   22.9   5.7   3   5   8.1e-07   0.00014   17.1   0.0    14    58   422   474   418   551 0.67 # 10584 # 12725 # -1 # ID=11_11;partial=00;start_type=GTG;rbs_motif=AGGAG;rbs_spacer=5-10bp;gc_cont=0.271
NG-25720_PPCC_MCI_lib436635_7080_3_1_(paired)_trimmed_(paired)_mapping_-_Extracted_nucleotide_sequences_[NG-25720_PPCC_MCI_lib436635_7080_3_1]_(single)_contig_11_11 -            714 584at2085            -            308   2.3e-06   22.9   5.7   4   5      0.21        36   -0.7   1.0   224   269   580   625   521   658 0.57 # 10584 # 12725 # -1 # ID=11_11;partial=00;start_type=GTG;rbs_motif=AGGAG;rbs_spacer=5-10bp;gc_cont=0.271
NG-25720_PPCC_MCI_lib436635_7080_3_1_(paired)_trimmed_(paired)_mapping_-_Extracted_nucleotide_sequences_[NG-25720_PPCC_MCI_lib436635_7080_3_1]_(single)_contig_11_11 -            714 584at2085            -            308   2.3e-06   22.9   5.7   5   5      0.15        26   -0.2   0.4   225   279   601   656   558   686 0.58 # 10584 # 12725 # -1 # ID=11_11;partial=00;start_type=GTG;rbs_motif=AGGAG;rbs_spacer=5-10bp;gc_cont=0.271
#
# Program:         hmmsearch
# Version:         3.1b2 (February 2015)
# Pipeline mode:   SEARCH
# Query file:      /root/busco_downloads/lineages/mycoplasmatales_odb10/hmms/584at2085.hmm
# Target file:     /disk3/default/V2/admin/core/data/myco_out/outBusco/Mcc_PPCC_MCI/prodigal_output/predicted_genes/predicted.faa
# Option settings: hmmsearch --domtblout /disk3/default/V2/admin/core/data/myco_out/outBusco/Mcc_PPCC_MCI/run_mycoplasmatales_odb10/hmmer_output/584at2085.out --cpu 1 /root/busco_downloads/lineages/mycoplasmatales_odb10/hmms/584at2085.hmm /disk3/default/V2/admin/core/data/myco_out/outBusco/Mcc_PPCC_MCI/prodigal_output/predicted_genes/predicted.faa 
# Current dir:     /root
# Date:            Mon Aug  1 00:28:07 2022
# [ok]
