#                                                                                                                                                                                                                            --- full sequence --- -------------- this domain -------------   hmm coord   ali coord   env coord
# target name                                                                                                                                                        accession   tlen query name           accession   qlen   E-value  score  bias   #  of  c-Evalue  i-Evalue  score  bias  from    to  from    to  from    to  acc description of target
#                                                                                                                                                ------------------- ---------- ----- -------------------- ---------- ----- --------- ------ ----- --- --- --------- --------- ------ ----- ----- ----- ----- ----- ----- ----- ---- ---------------------
NG-25720_PPCC_MCI_lib436635_7080_3_1_(paired)_trimmed_(paired)_mapping_-_Extracted_nucleotide_sequences_[NG-25720_PPCC_MCI_lib436635_7080_3_1]_(single)_contig_4_13  -            510 913at2085            -            397  3.3e-142  469.9  24.0   1   2  1.4e-130    3e-128  423.9  14.1     2   318     3   373     2   389 0.88 # 19862 # 21391 # -1 # ID=4_13;partial=00;start_type=ATG;rbs_motif=GGA/GAG/AGG;rbs_spacer=5-10bp;gc_cont=0.233
NG-25720_PPCC_MCI_lib436635_7080_3_1_(paired)_trimmed_(paired)_mapping_-_Extracted_nucleotide_sequences_[NG-25720_PPCC_MCI_lib436635_7080_3_1]_(single)_contig_4_13  -            510 913at2085            -            397  3.3e-142  469.9  24.0   2   2     4e-16   8.6e-14   47.0   2.7   310   386   396   479   378   493 0.83 # 19862 # 21391 # -1 # ID=4_13;partial=00;start_type=ATG;rbs_motif=GGA/GAG/AGG;rbs_spacer=5-10bp;gc_cont=0.233
NG-25720_PPCC_MCI_lib436635_7080_3_1_(paired)_trimmed_(paired)_mapping_-_Extracted_nucleotide_sequences_[NG-25720_PPCC_MCI_lib436635_7080_3_1]_(single)_contig_23_19 -            805 913at2085            -            397   1.4e-17   59.5   3.6   1   2   2.6e-14   5.5e-12   41.1   0.1     2   160    30   199    29   224 0.77 # 18533 # 20947 # -1 # ID=23_19;partial=00;start_type=ATG;rbs_motif=AGGAG;rbs_spacer=5-10bp;gc_cont=0.266
NG-25720_PPCC_MCI_lib436635_7080_3_1_(paired)_trimmed_(paired)_mapping_-_Extracted_nucleotide_sequences_[NG-25720_PPCC_MCI_lib436635_7080_3_1]_(single)_contig_23_19 -            805 913at2085            -            397   1.4e-17   59.5   3.6   2   2   1.6e-07   3.4e-05   18.7   0.3   226   361   548   687   530   721 0.67 # 18533 # 20947 # -1 # ID=23_19;partial=00;start_type=ATG;rbs_motif=AGGAG;rbs_spacer=5-10bp;gc_cont=0.266
NG-25720_PPCC_MCI_lib436635_7080_3_1_(paired)_trimmed_(paired)_mapping_-_Extracted_nucleotide_sequences_[NG-25720_PPCC_MCI_lib436635_7080_3_1]_(single)_contig_7_7   -            909 913at2085            -            397   3.9e-16   54.8  14.3   1   4   1.9e-13   4.1e-11   38.2   0.2    12   129    60   197    49   208 0.71 # 4744 # 7470 # -1 # ID=7_7;partial=00;start_type=ATG;rbs_motif=AGGA;rbs_spacer=5-10bp;gc_cont=0.250
NG-25720_PPCC_MCI_lib436635_7080_3_1_(paired)_trimmed_(paired)_mapping_-_Extracted_nucleotide_sequences_[NG-25720_PPCC_MCI_lib436635_7080_3_1]_(single)_contig_7_7   -            909 913at2085            -            397   3.9e-16   54.8  14.3   2   4     0.024       5.2    1.6   0.1   267   320   242   293   235   311 0.77 # 4744 # 7470 # -1 # ID=7_7;partial=00;start_type=ATG;rbs_motif=AGGA;rbs_spacer=5-10bp;gc_cont=0.250
NG-25720_PPCC_MCI_lib436635_7080_3_1_(paired)_trimmed_(paired)_mapping_-_Extracted_nucleotide_sequences_[NG-25720_PPCC_MCI_lib436635_7080_3_1]_(single)_contig_7_7   -            909 913at2085            -            397   3.9e-16   54.8  14.3   3   4   1.9e-06    0.0004   15.2   0.0   239   290   580   636   573   667 0.74 # 4744 # 7470 # -1 # ID=7_7;partial=00;start_type=ATG;rbs_motif=AGGA;rbs_spacer=5-10bp;gc_cont=0.250
NG-25720_PPCC_MCI_lib436635_7080_3_1_(paired)_trimmed_(paired)_mapping_-_Extracted_nucleotide_sequences_[NG-25720_PPCC_MCI_lib436635_7080_3_1]_(single)_contig_7_7   -            909 913at2085            -            397   3.9e-16   54.8  14.3   4   4     0.027       5.9    1.5   4.3   338   383   726   771   635   783 0.59 # 4744 # 7470 # -1 # ID=7_7;partial=00;start_type=ATG;rbs_motif=AGGA;rbs_spacer=5-10bp;gc_cont=0.250
NG-25720_PPCC_MCI_lib436635_7080_3_1_(paired)_trimmed_(paired)_mapping_-_Extracted_nucleotide_sequences_[NG-25720_PPCC_MCI_lib436635_7080_3_1]_(single)_contig_17_48 -            873 913at2085            -            397   8.5e-13   43.7  13.8   1   6   4.1e-12   8.7e-10   33.8   8.8    13   148    48   205    36   227 0.71 # 56629 # 59247 # -1 # ID=17_48;partial=00;start_type=ATG;rbs_motif=AGGAG;rbs_spacer=5-10bp;gc_cont=0.229
NG-25720_PPCC_MCI_lib436635_7080_3_1_(paired)_trimmed_(paired)_mapping_-_Extracted_nucleotide_sequences_[NG-25720_PPCC_MCI_lib436635_7080_3_1]_(single)_contig_17_48 -            873 913at2085            -            397   8.5e-13   43.7  13.8   2   6      0.13        28   -0.8   0.2   130   163   347   380   285   404 0.58 # 56629 # 59247 # -1 # ID=17_48;partial=00;start_type=ATG;rbs_motif=AGGAG;rbs_spacer=5-10bp;gc_cont=0.229
NG-25720_PPCC_MCI_lib436635_7080_3_1_(paired)_trimmed_(paired)_mapping_-_Extracted_nucleotide_sequences_[NG-25720_PPCC_MCI_lib436635_7080_3_1]_(single)_contig_17_48 -            873 913at2085            -            397   8.5e-13   43.7  13.8   3   6     2e-08   4.3e-06   21.7   0.2   238   303   507   579   469   594 0.75 # 56629 # 59247 # -1 # ID=17_48;partial=00;start_type=ATG;rbs_motif=AGGAG;rbs_spacer=5-10bp;gc_cont=0.229
NG-25720_PPCC_MCI_lib436635_7080_3_1_(paired)_trimmed_(paired)_mapping_-_Extracted_nucleotide_sequences_[NG-25720_PPCC_MCI_lib436635_7080_3_1]_(single)_contig_17_48 -            873 913at2085            -            397   8.5e-13   43.7  13.8   4   6     0.055        12    0.5   3.6   254   380   561   695   554   709 0.67 # 56629 # 59247 # -1 # ID=17_48;partial=00;start_type=ATG;rbs_motif=AGGAG;rbs_spacer=5-10bp;gc_cont=0.229
NG-25720_PPCC_MCI_lib436635_7080_3_1_(paired)_trimmed_(paired)_mapping_-_Extracted_nucleotide_sequences_[NG-25720_PPCC_MCI_lib436635_7080_3_1]_(single)_contig_17_48 -            873 913at2085            -            397   8.5e-13   43.7  13.8   5   6      0.13        28   -0.8   3.3   300   341   713   755   686   777 0.73 # 56629 # 59247 # -1 # ID=17_48;partial=00;start_type=ATG;rbs_motif=AGGAG;rbs_spacer=5-10bp;gc_cont=0.229
NG-25720_PPCC_MCI_lib436635_7080_3_1_(paired)_trimmed_(paired)_mapping_-_Extracted_nucleotide_sequences_[NG-25720_PPCC_MCI_lib436635_7080_3_1]_(single)_contig_17_48 -            873 913at2085            -            397   8.5e-13   43.7  13.8   6   6      0.27        58   -1.8   0.2   273   341   791   860   771   870 0.58 # 56629 # 59247 # -1 # ID=17_48;partial=00;start_type=ATG;rbs_motif=AGGAG;rbs_spacer=5-10bp;gc_cont=0.229
#
# Program:         hmmsearch
# Version:         3.1b2 (February 2015)
# Pipeline mode:   SEARCH
# Query file:      /root/busco_downloads/lineages/mycoplasmatales_odb10/hmms/913at2085.hmm
# Target file:     /disk3/default/V2/admin/core/data/myco_out/outBusco/Mcc_PPCC_MCI/prodigal_output/predicted_genes/predicted.faa
# Option settings: hmmsearch --domtblout /disk3/default/V2/admin/core/data/myco_out/outBusco/Mcc_PPCC_MCI/run_mycoplasmatales_odb10/hmmer_output/913at2085.out --cpu 1 /root/busco_downloads/lineages/mycoplasmatales_odb10/hmms/913at2085.hmm /disk3/default/V2/admin/core/data/myco_out/outBusco/Mcc_PPCC_MCI/prodigal_output/predicted_genes/predicted.faa 
# Current dir:     /root
# Date:            Mon Aug  1 00:28:08 2022
# [ok]
